[2018-03-30 15:35:33] Rookie-Framework.INFO: 访问控制器:\app\Controller\indexController [] []
[2018-03-30 15:35:33] Rookie-Framework.INFO: 访问方法:adminLoginPage [] []
[2018-03-30 15:35:33] Rookie-Framework.INFO: 解析模板文件--/wwwroot/daohang/app/viewadmin.login [] []
[2018-03-30 15:35:34] Rookie-Framework.INFO: 访问控制器:\app\Controller\favicon.icoController [] []
[2018-03-30 15:35:34] Rookie-Framework.INFO: 访问方法:index [] []
[2018-03-30 15:35:34] Rookie-Framework.DEBUG: 找不到控制器favicon.ico;文件地址：/wwwroot/daohang/app/Controller/favicon.icoController.php文件是否存在:0 [] []
[2018-03-30 15:35:39] Rookie-Framework.INFO: 访问控制器:\app\Controller\indexController [] []
[2018-03-30 15:35:39] Rookie-Framework.INFO: 访问方法:pushLogin [] []
[2018-03-30 15:35:39] Rookie-Framework.INFO: 访问控制器:\app\Controller\submerController [] []
[2018-03-30 15:35:39] Rookie-Framework.INFO: 访问方法:index [] []
[2018-03-30 15:35:39] Rookie-Framework.INFO: 解析模板文件--/wwwroot/daohang/app/viewadmin.index [] []
[2018-03-30 15:35:40] Rookie-Framework.INFO: 访问控制器:\app\Controller\submerController [] []
[2018-03-30 15:35:40] Rookie-Framework.INFO: 访问方法:welcome [] []
[2018-03-30 15:35:40] Rookie-Framework.INFO: 解析模板文件--/wwwroot/daohang/app/viewadmin.welcome [] []
[2018-03-30 15:35:40] Rookie-Framework.INFO: 访问控制器:\app\Controller\favicon.icoController [] []
[2018-03-30 15:35:40] Rookie-Framework.INFO: 访问方法:index [] []
[2018-03-30 15:35:40] Rookie-Framework.DEBUG: 找不到控制器favicon.ico;文件地址：/wwwroot/daohang/app/Controller/favicon.icoController.php文件是否存在:0 [] []
[2018-03-30 15:47:17] Rookie-Framework.INFO: 访问控制器:\app\Controller\submerController [] []
[2018-03-30 15:47:17] Rookie-Framework.INFO: 访问方法:welcome [] []
[2018-03-30 15:47:17] Rookie-Framework.INFO: 解析模板文件--/wwwroot/daohang/app/viewadmin.welcome [] []
[2018-03-30 15:47:18] Rookie-Framework.INFO: 访问控制器:\app\Controller\favicon.icoController [] []
[2018-03-30 15:47:18] Rookie-Framework.INFO: 访问方法:index [] []
[2018-03-30 15:47:18] Rookie-Framework.DEBUG: 找不到控制器favicon.ico;文件地址：/wwwroot/daohang/app/Controller/favicon.icoController.php文件是否存在:0 [] []
[2018-03-30 16:04:35] Rookie-Framework.INFO: 访问控制器:\app\Controller\submerController [] []
[2018-03-30 16:04:35] Rookie-Framework.INFO: 访问方法:welcome [] []
[2018-03-30 16:04:35] Rookie-Framework.INFO: 解析模板文件--/wwwroot/daohang/app/viewadmin.welcome [] []
[2018-03-30 16:04:35] Rookie-Framework.INFO: 访问控制器:\app\Controller\favicon.icoController [] []
[2018-03-30 16:04:35] Rookie-Framework.INFO: 访问方法:index [] []
[2018-03-30 16:04:35] Rookie-Framework.DEBUG: 找不到控制器favicon.ico;文件地址：/wwwroot/daohang/app/Controller/favicon.icoController.php文件是否存在:0 [] []
[2018-03-30 16:11:12] Rookie-Framework.INFO: 访问控制器:\app\Controller\submerController [] []
[2018-03-30 16:11:12] Rookie-Framework.INFO: 访问方法:welcome [] []
[2018-03-30 16:11:12] Rookie-Framework.INFO: 解析模板文件--/wwwroot/daohang/app/viewadmin.welcome [] []
[2018-03-30 16:11:13] Rookie-Framework.INFO: 访问控制器:\app\Controller\favicon.icoController [] []
[2018-03-30 16:11:13] Rookie-Framework.INFO: 访问方法:index [] []
[2018-03-30 16:11:13] Rookie-Framework.DEBUG: 找不到控制器favicon.ico;文件地址：/wwwroot/daohang/app/Controller/favicon.icoController.php文件是否存在:0 [] []
[2018-03-30 16:11:46] Rookie-Framework.INFO: 访问控制器:\app\Controller\submerController [] []
[2018-03-30 16:11:46] Rookie-Framework.INFO: 访问方法:welcome [] []
[2018-03-30 16:11:46] Rookie-Framework.INFO: 解析模板文件--/wwwroot/daohang/app/viewadmin.welcome [] []
[2018-03-30 16:11:46] Rookie-Framework.INFO: 访问控制器:\app\Controller\favicon.icoController [] []
[2018-03-30 16:11:46] Rookie-Framework.INFO: 访问方法:index [] []
[2018-03-30 16:11:46] Rookie-Framework.DEBUG: 找不到控制器favicon.ico;文件地址：/wwwroot/daohang/app/Controller/favicon.icoController.php文件是否存在:0 [] []
[2018-03-30 16:12:01] Rookie-Framework.INFO: 访问控制器:\app\Controller\submerController [] []
[2018-03-30 16:12:01] Rookie-Framework.INFO: 访问方法:index [] []
[2018-03-30 16:12:01] Rookie-Framework.INFO: 解析模板文件--/wwwroot/daohang/app/viewadmin.index [] []
[2018-03-30 16:12:02] Rookie-Framework.INFO: 访问控制器:\app\Controller\submerController [] []
[2018-03-30 16:12:02] Rookie-Framework.INFO: 访问方法:index [] []
[2018-03-30 16:12:02] Rookie-Framework.INFO: 解析模板文件--/wwwroot/daohang/app/viewadmin.index [] []
[2018-03-30 16:12:02] Rookie-Framework.INFO: 访问控制器:\app\Controller\submerController [] []
[2018-03-30 16:12:02] Rookie-Framework.INFO: 访问方法:welcome [] []
[2018-03-30 16:12:02] Rookie-Framework.INFO: 解析模板文件--/wwwroot/daohang/app/viewadmin.welcome [] []
[2018-03-30 16:12:03] Rookie-Framework.INFO: 访问控制器:\app\Controller\favicon.icoController [] []
[2018-03-30 16:12:03] Rookie-Framework.INFO: 访问方法:index [] []
[2018-03-30 16:12:03] Rookie-Framework.DEBUG: 找不到控制器favicon.ico;文件地址：/wwwroot/daohang/app/Controller/favicon.icoController.php文件是否存在:0 [] []
[2018-03-30 16:12:11] Rookie-Framework.INFO: 访问控制器:\app\Controller\submerController [] []
[2018-03-30 16:12:11] Rookie-Framework.INFO: 访问方法:system [] []
[2018-03-30 16:12:11] Rookie-Framework.INFO: 解析模板文件--/wwwroot/daohang/app/viewadmin.system [] []
[2018-03-30 16:13:14] Rookie-Framework.INFO: 访问控制器:\app\Controller\submerController [] []
[2018-03-30 16:13:14] Rookie-Framework.INFO: 访问方法:links_sort [] []
[2018-03-30 16:13:14] Rookie-Framework.INFO: 解析模板文件--/wwwroot/daohang/app/viewadmin.linksort [] []
[2018-03-30 16:13:17] Rookie-Framework.INFO: 访问控制器:\app\Controller\submerController [] []
[2018-03-30 16:13:17] Rookie-Framework.INFO: 访问方法:link_sort_add [] []
[2018-03-30 16:13:17] Rookie-Framework.INFO: 解析模板文件--/wwwroot/daohang/app/viewadmin.linksortadd [] []
[2018-03-30 16:13:25] Rookie-Framework.INFO: 访问控制器:\app\Controller\submerApiController [] []
[2018-03-30 16:13:25] Rookie-Framework.INFO: 访问方法:addSort [] []
[2018-03-30 16:13:27] Rookie-Framework.INFO: 访问控制器:\app\Controller\submerController [] []
[2018-03-30 16:13:27] Rookie-Framework.INFO: 访问方法:index [] []
[2018-03-30 16:13:27] Rookie-Framework.INFO: 解析模板文件--/wwwroot/daohang/app/viewadmin.index [] []
[2018-03-30 16:13:28] Rookie-Framework.INFO: 访问控制器:\app\Controller\submerController [] []
[2018-03-30 16:13:28] Rookie-Framework.INFO: 访问方法:welcome [] []
[2018-03-30 16:13:28] Rookie-Framework.INFO: 解析模板文件--/wwwroot/daohang/app/viewadmin.welcome [] []
[2018-03-30 16:13:28] Rookie-Framework.INFO: 访问控制器:\app\Controller\favicon.icoController [] []
[2018-03-30 16:13:28] Rookie-Framework.INFO: 访问方法:index [] []
[2018-03-30 16:13:28] Rookie-Framework.DEBUG: 找不到控制器favicon.ico;文件地址：/wwwroot/daohang/app/Controller/favicon.icoController.php文件是否存在:0 [] []
[2018-03-30 16:13:31] Rookie-Framework.INFO: 访问控制器:\app\Controller\submerController [] []
[2018-03-30 16:13:31] Rookie-Framework.INFO: 访问方法:links [] []
[2018-03-30 16:13:31] Rookie-Framework.INFO: 解析模板文件--/wwwroot/daohang/app/viewadmin.link [] []
[2018-03-30 16:15:38] Rookie-Framework.INFO: 访问控制器:\app\Controller\indexController [] []
[2018-03-30 16:15:38] Rookie-Framework.INFO: 访问方法:createindex [] []
[2018-03-30 16:15:38] Rookie-Framework.INFO: 解析模板文件--/wwwroot/daohang/app/viewindex.index [] []
[2018-03-30 16:15:39] Rookie-Framework.INFO: 访问控制器:\app\Controller\favicon.icoController [] []
[2018-03-30 16:15:39] Rookie-Framework.INFO: 访问方法:index [] []
[2018-03-30 16:15:39] Rookie-Framework.DEBUG: 找不到控制器favicon.ico;文件地址：/wwwroot/daohang/app/Controller/favicon.icoController.php文件是否存在:0 [] []
[2018-03-30 16:21:35] Rookie-Framework.INFO: 访问控制器:\app\Controller\indexController [] []
[2018-03-30 16:21:35] Rookie-Framework.INFO: 访问方法:createindex [] []
[2018-03-30 16:21:35] Rookie-Framework.INFO: 解析模板文件--/wwwroot/daohang/app/viewindex.index [] []
[2018-03-30 16:21:35] Rookie-Framework.INFO: 访问控制器:\app\Controller\favicon.icoController [] []
[2018-03-30 16:21:35] Rookie-Framework.INFO: 访问方法:index [] []
[2018-03-30 16:21:35] Rookie-Framework.DEBUG: 找不到控制器favicon.ico;文件地址：/wwwroot/daohang/app/Controller/favicon.icoController.php文件是否存在:0 [] []
[2018-03-30 16:21:50] Rookie-Framework.INFO: 访问控制器:\app\Controller\indexController [] []
[2018-03-30 16:21:50] Rookie-Framework.INFO: 访问方法:createindex [] []
[2018-03-30 16:21:50] Rookie-Framework.INFO: 解析模板文件--/wwwroot/daohang/app/viewindex.index [] []
[2018-03-30 16:21:51] Rookie-Framework.INFO: 访问控制器:\app\Controller\favicon.icoController [] []
[2018-03-30 16:21:51] Rookie-Framework.INFO: 访问方法:index [] []
[2018-03-30 16:21:51] Rookie-Framework.DEBUG: 找不到控制器favicon.ico;文件地址：/wwwroot/daohang/app/Controller/favicon.icoController.php文件是否存在:0 [] []
[2018-03-30 16:22:04] Rookie-Framework.INFO: 访问控制器:\app\Controller\indexController [] []
[2018-03-30 16:22:04] Rookie-Framework.INFO: 访问方法:createindex [] []
[2018-03-30 16:22:04] Rookie-Framework.INFO: 解析模板文件--/wwwroot/daohang/app/viewindex.index [] []
[2018-03-30 16:22:05] Rookie-Framework.INFO: 访问控制器:\app\Controller\favicon.icoController [] []
[2018-03-30 16:22:05] Rookie-Framework.INFO: 访问方法:index [] []
[2018-03-30 16:22:05] Rookie-Framework.DEBUG: 找不到控制器favicon.ico;文件地址：/wwwroot/daohang/app/Controller/favicon.icoController.php文件是否存在:0 [] []
[2018-03-30 16:22:05] Rookie-Framework.INFO: 访问控制器:\app\Controller\indexController [] []
[2018-03-30 16:22:05] Rookie-Framework.INFO: 访问方法:createindex [] []
[2018-03-30 16:22:05] Rookie-Framework.INFO: 解析模板文件--/wwwroot/daohang/app/viewindex.index [] []
[2018-03-30 16:22:06] Rookie-Framework.INFO: 访问控制器:\app\Controller\favicon.icoController [] []
[2018-03-30 16:22:06] Rookie-Framework.INFO: 访问方法:index [] []
[2018-03-30 16:22:06] Rookie-Framework.DEBUG: 找不到控制器favicon.ico;文件地址：/wwwroot/daohang/app/Controller/favicon.icoController.php文件是否存在:0 [] []
[2018-03-30 16:22:35] Rookie-Framework.INFO: 访问控制器:\app\Controller\indexController [] []
[2018-03-30 16:22:35] Rookie-Framework.INFO: 访问方法:createindex [] []
[2018-03-30 16:22:35] Rookie-Framework.INFO: 解析模板文件--/wwwroot/daohang/app/viewindex.index [] []
[2018-03-30 16:22:36] Rookie-Framework.INFO: 访问控制器:\app\Controller\favicon.icoController [] []
[2018-03-30 16:22:36] Rookie-Framework.INFO: 访问方法:index [] []
[2018-03-30 16:22:36] Rookie-Framework.DEBUG: 找不到控制器favicon.ico;文件地址：/wwwroot/daohang/app/Controller/favicon.icoController.php文件是否存在:0 [] []
[2018-03-30 16:22:44] Rookie-Framework.INFO: 访问控制器:\app\Controller\indexController [] []
[2018-03-30 16:22:44] Rookie-Framework.INFO: 访问方法:createindex [] []
[2018-03-30 16:22:44] Rookie-Framework.INFO: 解析模板文件--/wwwroot/daohang/app/viewindex.index [] []
[2018-03-30 16:22:45] Rookie-Framework.INFO: 访问控制器:\app\Controller\favicon.icoController [] []
[2018-03-30 16:22:45] Rookie-Framework.INFO: 访问方法:index [] []
[2018-03-30 16:22:45] Rookie-Framework.DEBUG: 找不到控制器favicon.ico;文件地址：/wwwroot/daohang/app/Controller/favicon.icoController.php文件是否存在:0 [] []
[2018-03-30 16:26:11] Rookie-Framework.INFO: 访问控制器:\app\Controller\submerController [] []
[2018-03-30 16:26:11] Rookie-Framework.INFO: 访问方法:links [] []
[2018-03-30 16:26:11] Rookie-Framework.INFO: 解析模板文件--/wwwroot/daohang/app/viewadmin.link [] []
[2018-03-30 16:26:13] Rookie-Framework.INFO: 访问控制器:\app\Controller\submerController [] []
[2018-03-30 16:26:13] Rookie-Framework.INFO: 访问方法:links_add [] []
[2018-03-30 16:26:13] Rookie-Framework.INFO: 解析模板文件--/wwwroot/daohang/app/viewadmin.linksadd [] []
[2018-03-30 16:27:04] Rookie-Framework.INFO: 访问控制器:\app\Controller\submerController [] []
[2018-03-30 16:27:04] Rookie-Framework.INFO: 访问方法:links_sort [] []
[2018-03-30 16:27:04] Rookie-Framework.INFO: 解析模板文件--/wwwroot/daohang/app/viewadmin.linksort [] []
[2018-03-30 16:27:12] Rookie-Framework.INFO: 访问控制器:\app\Controller\submerController [] []
[2018-03-30 16:27:12] Rookie-Framework.INFO: 访问方法:links_add [] []
[2018-03-30 16:27:12] Rookie-Framework.INFO: 解析模板文件--/wwwroot/daohang/app/viewadmin.linksadd [] []
[2018-03-30 16:27:13] Rookie-Framework.INFO: 访问控制器:\app\Controller\favicon.icoController [] []
[2018-03-30 16:27:13] Rookie-Framework.INFO: 访问方法:index [] []
[2018-03-30 16:27:13] Rookie-Framework.DEBUG: 找不到控制器favicon.ico;文件地址：/wwwroot/daohang/app/Controller/favicon.icoController.php文件是否存在:0 [] []
[2018-03-30 16:28:25] Rookie-Framework.INFO: 访问控制器:\app\Controller\submerController [] []
[2018-03-30 16:28:25] Rookie-Framework.INFO: 访问方法:links_add [] []
[2018-03-30 16:28:25] Rookie-Framework.INFO: 解析模板文件--/wwwroot/daohang/app/viewadmin.linksadd [] []
[2018-03-30 16:28:26] Rookie-Framework.INFO: 访问控制器:\app\Controller\favicon.icoController [] []
[2018-03-30 16:28:26] Rookie-Framework.INFO: 访问方法:index [] []
[2018-03-30 16:28:26] Rookie-Framework.DEBUG: 找不到控制器favicon.ico;文件地址：/wwwroot/daohang/app/Controller/favicon.icoController.php文件是否存在:0 [] []
[2018-03-30 16:29:32] Rookie-Framework.INFO: 访问控制器:\app\Controller\submerController [] []
[2018-03-30 16:29:32] Rookie-Framework.INFO: 访问方法:links_add [] []
[2018-03-30 16:29:33] Rookie-Framework.INFO: 解析模板文件--/wwwroot/daohang/app/viewadmin.linksadd [] []
[2018-03-30 16:29:33] Rookie-Framework.INFO: 访问控制器:\app\Controller\favicon.icoController [] []
[2018-03-30 16:29:33] Rookie-Framework.INFO: 访问方法:index [] []
[2018-03-30 16:29:33] Rookie-Framework.DEBUG: 找不到控制器favicon.ico;文件地址：/wwwroot/daohang/app/Controller/favicon.icoController.php文件是否存在:0 [] []
[2018-03-30 16:33:31] Rookie-Framework.INFO: 访问控制器:\app\Controller\indexController [] []
[2018-03-30 16:33:31] Rookie-Framework.INFO: 访问方法:createindex [] []
[2018-03-30 16:33:31] Rookie-Framework.INFO: 解析模板文件--/wwwroot/daohang/app/viewindex.index [] []
[2018-03-30 16:33:32] Rookie-Framework.INFO: 访问控制器:\app\Controller\favicon.icoController [] []
[2018-03-30 16:33:32] Rookie-Framework.INFO: 访问方法:index [] []
[2018-03-30 16:33:32] Rookie-Framework.DEBUG: 找不到控制器favicon.ico;文件地址：/wwwroot/daohang/app/Controller/favicon.icoController.php文件是否存在:0 [] []
[2018-03-30 16:33:33] Rookie-Framework.INFO: 访问控制器:\app\Controller\indexController [] []
[2018-03-30 16:33:33] Rookie-Framework.INFO: 访问方法:createindex [] []
[2018-03-30 16:33:33] Rookie-Framework.INFO: 解析模板文件--/wwwroot/daohang/app/viewindex.index [] []
[2018-03-30 16:33:34] Rookie-Framework.INFO: 访问控制器:\app\Controller\favicon.icoController [] []
[2018-03-30 16:33:34] Rookie-Framework.INFO: 访问方法:index [] []
[2018-03-30 16:33:34] Rookie-Framework.DEBUG: 找不到控制器favicon.ico;文件地址：/wwwroot/daohang/app/Controller/favicon.icoController.php文件是否存在:0 [] []
[2018-03-30 16:34:01] Rookie-Framework.INFO: 访问控制器:\app\Controller\indexController [] []
[2018-03-30 16:34:01] Rookie-Framework.INFO: 访问方法:createindex [] []
[2018-03-30 16:34:01] Rookie-Framework.INFO: 解析模板文件--/wwwroot/daohang/app/viewindex.index [] []
[2018-03-30 16:34:02] Rookie-Framework.INFO: 访问控制器:\app\Controller\favicon.icoController [] []
[2018-03-30 16:34:02] Rookie-Framework.INFO: 访问方法:index [] []
[2018-03-30 16:34:02] Rookie-Framework.DEBUG: 找不到控制器favicon.ico;文件地址：/wwwroot/daohang/app/Controller/favicon.icoController.php文件是否存在:0 [] []
[2018-03-30 16:34:03] Rookie-Framework.INFO: 访问控制器:\app\Controller\indexController [] []
[2018-03-30 16:34:03] Rookie-Framework.INFO: 访问方法:createindex [] []
[2018-03-30 16:34:03] Rookie-Framework.INFO: 解析模板文件--/wwwroot/daohang/app/viewindex.index [] []
[2018-03-30 16:34:04] Rookie-Framework.INFO: 访问控制器:\app\Controller\favicon.icoController [] []
[2018-03-30 16:34:04] Rookie-Framework.INFO: 访问方法:index [] []
[2018-03-30 16:34:04] Rookie-Framework.DEBUG: 找不到控制器favicon.ico;文件地址：/wwwroot/daohang/app/Controller/favicon.icoController.php文件是否存在:0 [] []
[2018-03-30 16:34:16] Rookie-Framework.INFO: 访问控制器:\app\Controller\indexController [] []
[2018-03-30 16:34:16] Rookie-Framework.INFO: 访问方法:createindex [] []
[2018-03-30 16:34:16] Rookie-Framework.INFO: 解析模板文件--/wwwroot/daohang/app/viewindex.index [] []
[2018-03-30 16:34:17] Rookie-Framework.INFO: 访问控制器:\app\Controller\favicon.icoController [] []
[2018-03-30 16:34:17] Rookie-Framework.INFO: 访问方法:index [] []
[2018-03-30 16:34:17] Rookie-Framework.DEBUG: 找不到控制器favicon.ico;文件地址：/wwwroot/daohang/app/Controller/favicon.icoController.php文件是否存在:0 [] []
[2018-03-30 16:34:18] Rookie-Framework.INFO: 访问控制器:\app\Controller\indexController [] []
[2018-03-30 16:34:18] Rookie-Framework.INFO: 访问方法:createindex [] []
[2018-03-30 16:34:18] Rookie-Framework.INFO: 解析模板文件--/wwwroot/daohang/app/viewindex.index [] []
[2018-03-30 16:34:19] Rookie-Framework.INFO: 访问控制器:\app\Controller\favicon.icoController [] []
[2018-03-30 16:34:19] Rookie-Framework.INFO: 访问方法:index [] []
[2018-03-30 16:34:19] Rookie-Framework.DEBUG: 找不到控制器favicon.ico;文件地址：/wwwroot/daohang/app/Controller/favicon.icoController.php文件是否存在:0 [] []
[2018-03-30 16:34:19] Rookie-Framework.INFO: 访问控制器:\app\Controller\indexController [] []
[2018-03-30 16:34:19] Rookie-Framework.INFO: 访问方法:createindex [] []
[2018-03-30 16:34:19] Rookie-Framework.INFO: 解析模板文件--/wwwroot/daohang/app/viewindex.index [] []
[2018-03-30 16:34:20] Rookie-Framework.INFO: 访问控制器:\app\Controller\favicon.icoController [] []
[2018-03-30 16:34:20] Rookie-Framework.INFO: 访问方法:index [] []
[2018-03-30 16:34:20] Rookie-Framework.DEBUG: 找不到控制器favicon.ico;文件地址：/wwwroot/daohang/app/Controller/favicon.icoController.php文件是否存在:0 [] []
[2018-03-30 16:34:34] Rookie-Framework.INFO: 访问控制器:\app\Controller\indexController [] []
[2018-03-30 16:34:34] Rookie-Framework.INFO: 访问方法:createindex [] []
[2018-03-30 16:34:34] Rookie-Framework.INFO: 解析模板文件--/wwwroot/daohang/app/viewindex.index [] []
[2018-03-30 16:34:34] Rookie-Framework.INFO: 访问控制器:\app\Controller\favicon.icoController [] []
[2018-03-30 16:34:34] Rookie-Framework.INFO: 访问方法:index [] []
[2018-03-30 16:34:34] Rookie-Framework.DEBUG: 找不到控制器favicon.ico;文件地址：/wwwroot/daohang/app/Controller/favicon.icoController.php文件是否存在:0 [] []
[2018-03-30 16:34:57] Rookie-Framework.INFO: 访问控制器:\app\Controller\indexController [] []
[2018-03-30 16:34:57] Rookie-Framework.INFO: 访问方法:createindex [] []
[2018-03-30 16:34:57] Rookie-Framework.INFO: 解析模板文件--/wwwroot/daohang/app/viewindex.index [] []
[2018-03-30 16:34:58] Rookie-Framework.INFO: 访问控制器:\app\Controller\favicon.icoController [] []
[2018-03-30 16:34:58] Rookie-Framework.INFO: 访问方法:index [] []
[2018-03-30 16:34:58] Rookie-Framework.DEBUG: 找不到控制器favicon.ico;文件地址：/wwwroot/daohang/app/Controller/favicon.icoController.php文件是否存在:0 [] []
[2018-03-30 16:35:05] Rookie-Framework.INFO: 访问控制器:\app\Controller\indexController [] []
[2018-03-30 16:35:05] Rookie-Framework.INFO: 访问方法:createindex [] []
[2018-03-30 16:35:05] Rookie-Framework.INFO: 解析模板文件--/wwwroot/daohang/app/viewindex.index [] []
[2018-03-30 16:35:05] Rookie-Framework.INFO: 访问控制器:\app\Controller\favicon.icoController [] []
[2018-03-30 16:35:05] Rookie-Framework.INFO: 访问方法:index [] []
[2018-03-30 16:35:05] Rookie-Framework.DEBUG: 找不到控制器favicon.ico;文件地址：/wwwroot/daohang/app/Controller/favicon.icoController.php文件是否存在:0 [] []
[2018-03-30 16:36:08] Rookie-Framework.INFO: 访问控制器:\app\Controller\submerController [] []
[2018-03-30 16:36:08] Rookie-Framework.INFO: 访问方法:links_add [] []
[2018-03-30 16:36:08] Rookie-Framework.INFO: 解析模板文件--/wwwroot/daohang/app/viewadmin.linksadd [] []
[2018-03-30 16:36:09] Rookie-Framework.INFO: 访问控制器:\app\Controller\favicon.icoController [] []
[2018-03-30 16:36:09] Rookie-Framework.INFO: 访问方法:index [] []
[2018-03-30 16:36:09] Rookie-Framework.DEBUG: 找不到控制器favicon.ico;文件地址：/wwwroot/daohang/app/Controller/favicon.icoController.php文件是否存在:0 [] []
[2018-03-30 16:41:59] Rookie-Framework.INFO: 访问控制器:\app\Controller\submerController [] []
[2018-03-30 16:41:59] Rookie-Framework.INFO: 访问方法:links_add [] []
[2018-03-30 16:41:59] Rookie-Framework.INFO: 解析模板文件--/wwwroot/daohang/app/viewadmin.linksadd [] []
[2018-03-30 16:42:00] Rookie-Framework.INFO: 访问控制器:\app\Controller\favicon.icoController [] []
[2018-03-30 16:42:00] Rookie-Framework.INFO: 访问方法:index [] []
[2018-03-30 16:42:00] Rookie-Framework.DEBUG: 找不到控制器favicon.ico;文件地址：/wwwroot/daohang/app/Controller/favicon.icoController.php文件是否存在:0 [] []
[2018-03-30 16:42:32] Rookie-Framework.INFO: 访问控制器:\app\Controller\submerApiController [] []
[2018-03-30 16:42:32] Rookie-Framework.INFO: 访问方法:linksAdd [] []
[2018-03-30 16:43:26] Rookie-Framework.INFO: 访问控制器:\app\Controller\indexController [] []
[2018-03-30 16:43:26] Rookie-Framework.INFO: 访问方法:createindex [] []
[2018-03-30 16:43:27] Rookie-Framework.INFO: 访问控制器:\app\Controller\favicon.icoController [] []
[2018-03-30 16:43:27] Rookie-Framework.INFO: 访问方法:index [] []
[2018-03-30 16:43:27] Rookie-Framework.DEBUG: 找不到控制器favicon.ico;文件地址：/wwwroot/daohang/app/Controller/favicon.icoController.php文件是否存在:0 [] []
[2018-03-30 16:43:55] Rookie-Framework.INFO: 访问控制器:\app\Controller\indexController [] []
[2018-03-30 16:43:55] Rookie-Framework.INFO: 访问方法:createindex [] []
[2018-03-30 16:43:55] Rookie-Framework.INFO: 解析模板文件--/wwwroot/daohang/app/viewindex.index [] []
[2018-03-30 16:43:56] Rookie-Framework.INFO: 访问控制器:\app\Controller\favicon.icoController [] []
[2018-03-30 16:43:56] Rookie-Framework.INFO: 访问方法:index [] []
[2018-03-30 16:43:56] Rookie-Framework.DEBUG: 找不到控制器favicon.ico;文件地址：/wwwroot/daohang/app/Controller/favicon.icoController.php文件是否存在:0 [] []
[2018-03-30 16:46:10] Rookie-Framework.INFO: 访问控制器:\app\Controller\indexController [] []
[2018-03-30 16:46:10] Rookie-Framework.INFO: 访问方法:createindex [] []
[2018-03-30 16:46:10] Rookie-Framework.INFO: 解析模板文件--/wwwroot/daohang/app/viewindex.index [] []
[2018-03-30 16:46:11] Rookie-Framework.INFO: 访问控制器:\app\Controller\favicon.icoController [] []
[2018-03-30 16:46:11] Rookie-Framework.INFO: 访问方法:index [] []
[2018-03-30 16:46:11] Rookie-Framework.DEBUG: 找不到控制器favicon.ico;文件地址：/wwwroot/daohang/app/Controller/favicon.icoController.php文件是否存在:0 [] []
[2018-03-30 16:46:39] Rookie-Framework.INFO: 访问控制器:\app\Controller\indexController [] []
[2018-03-30 16:46:39] Rookie-Framework.INFO: 访问方法:createindex [] []
[2018-03-30 16:46:39] Rookie-Framework.INFO: 解析模板文件--/wwwroot/daohang/app/viewindex.index [] []
[2018-03-30 16:46:41] Rookie-Framework.INFO: 访问控制器:\app\Controller\favicon.icoController [] []
[2018-03-30 16:46:41] Rookie-Framework.INFO: 访问方法:index [] []
[2018-03-30 16:46:41] Rookie-Framework.DEBUG: 找不到控制器favicon.ico;文件地址：/wwwroot/daohang/app/Controller/favicon.icoController.php文件是否存在:0 [] []
[2018-03-30 16:47:45] Rookie-Framework.INFO: 访问控制器:\app\Controller\indexController [] []
[2018-03-30 16:47:45] Rookie-Framework.INFO: 访问方法:createindex [] []
[2018-03-30 16:47:45] Rookie-Framework.INFO: 解析模板文件--/wwwroot/daohang/app/viewindex.index [] []
[2018-03-30 16:47:46] Rookie-Framework.INFO: 访问控制器:\app\Controller\favicon.icoController [] []
[2018-03-30 16:47:46] Rookie-Framework.INFO: 访问方法:index [] []
[2018-03-30 16:47:46] Rookie-Framework.DEBUG: 找不到控制器favicon.ico;文件地址：/wwwroot/daohang/app/Controller/favicon.icoController.php文件是否存在:0 [] []
[2018-03-30 16:48:33] Rookie-Framework.INFO: 访问控制器:\app\Controller\indexController [] []
[2018-03-30 16:48:33] Rookie-Framework.INFO: 访问方法:createindex [] []
[2018-03-30 16:48:33] Rookie-Framework.INFO: 解析模板文件--/wwwroot/daohang/app/viewindex.index [] []
[2018-03-30 16:48:34] Rookie-Framework.INFO: 访问控制器:\app\Controller\favicon.icoController [] []
[2018-03-30 16:48:34] Rookie-Framework.INFO: 访问方法:index [] []
[2018-03-30 16:48:34] Rookie-Framework.DEBUG: 找不到控制器favicon.ico;文件地址：/wwwroot/daohang/app/Controller/favicon.icoController.php文件是否存在:0 [] []
[2018-03-30 16:48:40] Rookie-Framework.INFO: 访问控制器:\app\Controller\indexController [] []
[2018-03-30 16:48:40] Rookie-Framework.INFO: 访问方法:createindex [] []
[2018-03-30 16:48:40] Rookie-Framework.INFO: 解析模板文件--/wwwroot/daohang/app/viewindex.index [] []
[2018-03-30 16:48:41] Rookie-Framework.INFO: 访问控制器:\app\Controller\favicon.icoController [] []
[2018-03-30 16:48:41] Rookie-Framework.INFO: 访问方法:index [] []
[2018-03-30 16:48:41] Rookie-Framework.DEBUG: 找不到控制器favicon.ico;文件地址：/wwwroot/daohang/app/Controller/favicon.icoController.php文件是否存在:0 [] []
[2018-03-30 16:49:08] Rookie-Framework.INFO: 访问控制器:\app\Controller\indexController [] []
[2018-03-30 16:49:08] Rookie-Framework.INFO: 访问方法:createindex [] []
[2018-03-30 16:49:08] Rookie-Framework.INFO: 解析模板文件--/wwwroot/daohang/app/viewindex.index [] []
[2018-03-30 16:49:09] Rookie-Framework.INFO: 访问控制器:\app\Controller\favicon.icoController [] []
[2018-03-30 16:49:09] Rookie-Framework.INFO: 访问方法:index [] []
[2018-03-30 16:49:09] Rookie-Framework.DEBUG: 找不到控制器favicon.ico;文件地址：/wwwroot/daohang/app/Controller/favicon.icoController.php文件是否存在:0 [] []
[2018-03-30 16:49:33] Rookie-Framework.INFO: 访问控制器:\app\Controller\indexController [] []
[2018-03-30 16:49:33] Rookie-Framework.INFO: 访问方法:createindex [] []
[2018-03-30 16:49:33] Rookie-Framework.INFO: 解析模板文件--/wwwroot/daohang/app/viewindex.index [] []
[2018-03-30 16:49:34] Rookie-Framework.INFO: 访问控制器:\app\Controller\favicon.icoController [] []
[2018-03-30 16:49:34] Rookie-Framework.INFO: 访问方法:index [] []
[2018-03-30 16:49:34] Rookie-Framework.DEBUG: 找不到控制器favicon.ico;文件地址：/wwwroot/daohang/app/Controller/favicon.icoController.php文件是否存在:0 [] []
[2018-03-30 16:49:49] Rookie-Framework.INFO: 访问控制器:\app\Controller\indexController [] []
[2018-03-30 16:49:49] Rookie-Framework.INFO: 访问方法:createindex [] []
[2018-03-30 16:49:50] Rookie-Framework.INFO: 解析模板文件--/wwwroot/daohang/app/viewindex.index [] []
[2018-03-30 16:49:50] Rookie-Framework.INFO: 访问控制器:\app\Controller\favicon.icoController [] []
[2018-03-30 16:49:50] Rookie-Framework.INFO: 访问方法:index [] []
[2018-03-30 16:49:50] Rookie-Framework.DEBUG: 找不到控制器favicon.ico;文件地址：/wwwroot/daohang/app/Controller/favicon.icoController.php文件是否存在:0 [] []
[2018-03-30 16:50:09] Rookie-Framework.INFO: 访问控制器:\app\Controller\indexController [] []
[2018-03-30 16:50:09] Rookie-Framework.INFO: 访问方法:createindex [] []
[2018-03-30 16:50:09] Rookie-Framework.INFO: 解析模板文件--/wwwroot/daohang/app/viewindex.index [] []
[2018-03-30 16:50:10] Rookie-Framework.INFO: 访问控制器:\app\Controller\favicon.icoController [] []
[2018-03-30 16:50:10] Rookie-Framework.INFO: 访问方法:index [] []
[2018-03-30 16:50:10] Rookie-Framework.DEBUG: 找不到控制器favicon.ico;文件地址：/wwwroot/daohang/app/Controller/favicon.icoController.php文件是否存在:0 [] []
[2018-03-30 16:50:13] Rookie-Framework.INFO: 访问控制器:\app\Controller\indexController [] []
[2018-03-30 16:50:13] Rookie-Framework.INFO: 访问方法:createindex [] []
[2018-03-30 16:50:14] Rookie-Framework.INFO: 解析模板文件--/wwwroot/daohang/app/viewindex.index [] []
[2018-03-30 16:50:15] Rookie-Framework.INFO: 访问控制器:\app\Controller\favicon.icoController [] []
[2018-03-30 16:50:15] Rookie-Framework.INFO: 访问方法:index [] []
[2018-03-30 16:50:15] Rookie-Framework.DEBUG: 找不到控制器favicon.ico;文件地址：/wwwroot/daohang/app/Controller/favicon.icoController.php文件是否存在:0 [] []
[2018-03-30 16:50:19] Rookie-Framework.INFO: 访问控制器:\app\Controller\indexController [] []
[2018-03-30 16:50:19] Rookie-Framework.INFO: 访问方法:createindex [] []
[2018-03-30 16:50:19] Rookie-Framework.INFO: 解析模板文件--/wwwroot/daohang/app/viewindex.index [] []
[2018-03-30 16:50:20] Rookie-Framework.INFO: 访问控制器:\app\Controller\favicon.icoController [] []
[2018-03-30 16:50:20] Rookie-Framework.INFO: 访问方法:index [] []
[2018-03-30 16:50:20] Rookie-Framework.DEBUG: 找不到控制器favicon.ico;文件地址：/wwwroot/daohang/app/Controller/favicon.icoController.php文件是否存在:0 [] []
[2018-03-30 16:50:32] Rookie-Framework.INFO: 访问控制器:\app\Controller\indexController [] []
[2018-03-30 16:50:32] Rookie-Framework.INFO: 访问方法:createindex [] []
[2018-03-30 16:50:32] Rookie-Framework.INFO: 解析模板文件--/wwwroot/daohang/app/viewindex.index [] []
[2018-03-30 16:50:33] Rookie-Framework.INFO: 访问控制器:\app\Controller\favicon.icoController [] []
[2018-03-30 16:50:33] Rookie-Framework.INFO: 访问方法:index [] []
[2018-03-30 16:50:33] Rookie-Framework.DEBUG: 找不到控制器favicon.ico;文件地址：/wwwroot/daohang/app/Controller/favicon.icoController.php文件是否存在:0 [] []
[2018-03-30 16:50:38] Rookie-Framework.INFO: 访问控制器:\app\Controller\indexController [] []
[2018-03-30 16:50:38] Rookie-Framework.INFO: 访问方法:createindex [] []
[2018-03-30 16:50:38] Rookie-Framework.INFO: 解析模板文件--/wwwroot/daohang/app/viewindex.index [] []
[2018-03-30 16:50:39] Rookie-Framework.INFO: 访问控制器:\app\Controller\favicon.icoController [] []
[2018-03-30 16:50:39] Rookie-Framework.INFO: 访问方法:index [] []
[2018-03-30 16:50:39] Rookie-Framework.DEBUG: 找不到控制器favicon.ico;文件地址：/wwwroot/daohang/app/Controller/favicon.icoController.php文件是否存在:0 [] []
[2018-03-30 16:51:02] Rookie-Framework.INFO: 访问控制器:\app\Controller\indexController [] []
[2018-03-30 16:51:02] Rookie-Framework.INFO: 访问方法:createindex [] []
[2018-03-30 16:51:02] Rookie-Framework.INFO: 解析模板文件--/wwwroot/daohang/app/viewindex.index [] []
[2018-03-30 16:51:03] Rookie-Framework.INFO: 访问控制器:\app\Controller\favicon.icoController [] []
[2018-03-30 16:51:03] Rookie-Framework.INFO: 访问方法:index [] []
[2018-03-30 16:51:03] Rookie-Framework.DEBUG: 找不到控制器favicon.ico;文件地址：/wwwroot/daohang/app/Controller/favicon.icoController.php文件是否存在:0 [] []
[2018-03-30 16:51:04] Rookie-Framework.INFO: 访问控制器:\app\Controller\indexController [] []
[2018-03-30 16:51:04] Rookie-Framework.INFO: 访问方法:createindex [] []
[2018-03-30 16:51:04] Rookie-Framework.INFO: 解析模板文件--/wwwroot/daohang/app/viewindex.index [] []
[2018-03-30 16:51:05] Rookie-Framework.INFO: 访问控制器:\app\Controller\indexController [] []
[2018-03-30 16:51:05] Rookie-Framework.INFO: 访问方法:createindex [] []
[2018-03-30 16:51:05] Rookie-Framework.INFO: 解析模板文件--/wwwroot/daohang/app/viewindex.index [] []
[2018-03-30 16:51:05] Rookie-Framework.INFO: 访问控制器:\app\Controller\favicon.icoController [] []
[2018-03-30 16:51:05] Rookie-Framework.INFO: 访问方法:index [] []
[2018-03-30 16:51:05] Rookie-Framework.DEBUG: 找不到控制器favicon.ico;文件地址：/wwwroot/daohang/app/Controller/favicon.icoController.php文件是否存在:0 [] []
[2018-03-30 16:53:31] Rookie-Framework.INFO: 访问控制器:\app\Controller\indexController [] []
[2018-03-30 16:53:31] Rookie-Framework.INFO: 访问方法:createindex [] []
[2018-03-30 16:53:31] Rookie-Framework.INFO: 解析模板文件--/wwwroot/daohang/app/viewindex.index [] []
[2018-03-30 16:53:32] Rookie-Framework.INFO: 访问控制器:\app\Controller\favicon.icoController [] []
[2018-03-30 16:53:32] Rookie-Framework.INFO: 访问方法:index [] []
[2018-03-30 16:53:32] Rookie-Framework.DEBUG: 找不到控制器favicon.ico;文件地址：/wwwroot/daohang/app/Controller/favicon.icoController.php文件是否存在:0 [] []
[2018-03-30 16:53:44] Rookie-Framework.INFO: 访问控制器:\app\Controller\indexController [] []
[2018-03-30 16:53:44] Rookie-Framework.INFO: 访问方法:createindex [] []
[2018-03-30 16:53:44] Rookie-Framework.INFO: 解析模板文件--/wwwroot/daohang/app/viewindex.index [] []
[2018-03-30 16:53:44] Rookie-Framework.INFO: 访问控制器:\app\Controller\favicon.icoController [] []
[2018-03-30 16:53:44] Rookie-Framework.INFO: 访问方法:index [] []
[2018-03-30 16:53:44] Rookie-Framework.DEBUG: 找不到控制器favicon.ico;文件地址：/wwwroot/daohang/app/Controller/favicon.icoController.php文件是否存在:0 [] []
[2018-03-30 16:54:15] Rookie-Framework.INFO: 访问控制器:\app\Controller\indexController [] []
[2018-03-30 16:54:15] Rookie-Framework.INFO: 访问方法:createindex [] []
[2018-03-30 16:54:15] Rookie-Framework.INFO: 解析模板文件--/wwwroot/daohang/app/viewindex.index [] []
[2018-03-30 16:54:16] Rookie-Framework.INFO: 访问控制器:\app\Controller\favicon.icoController [] []
[2018-03-30 16:54:16] Rookie-Framework.INFO: 访问方法:index [] []
[2018-03-30 16:54:16] Rookie-Framework.DEBUG: 找不到控制器favicon.ico;文件地址：/wwwroot/daohang/app/Controller/favicon.icoController.php文件是否存在:0 [] []
[2018-03-30 16:54:23] Rookie-Framework.INFO: 访问控制器:\app\Controller\indexController [] []
[2018-03-30 16:54:23] Rookie-Framework.INFO: 访问方法:createindex [] []
[2018-03-30 16:54:24] Rookie-Framework.INFO: 解析模板文件--/wwwroot/daohang/app/viewindex.index [] []
[2018-03-30 16:54:25] Rookie-Framework.INFO: 访问控制器:\app\Controller\favicon.icoController [] []
[2018-03-30 16:54:25] Rookie-Framework.INFO: 访问方法:index [] []
[2018-03-30 16:54:25] Rookie-Framework.DEBUG: 找不到控制器favicon.ico;文件地址：/wwwroot/daohang/app/Controller/favicon.icoController.php文件是否存在:0 [] []
[2018-03-30 16:54:31] Rookie-Framework.INFO: 访问控制器:\app\Controller\indexController [] []
[2018-03-30 16:54:31] Rookie-Framework.INFO: 访问方法:createindex [] []
[2018-03-30 16:54:31] Rookie-Framework.INFO: 解析模板文件--/wwwroot/daohang/app/viewindex.index [] []
[2018-03-30 16:54:32] Rookie-Framework.INFO: 访问控制器:\app\Controller\favicon.icoController [] []
[2018-03-30 16:54:32] Rookie-Framework.INFO: 访问方法:index [] []
[2018-03-30 16:54:32] Rookie-Framework.DEBUG: 找不到控制器favicon.ico;文件地址：/wwwroot/daohang/app/Controller/favicon.icoController.php文件是否存在:0 [] []
[2018-03-30 16:54:42] Rookie-Framework.INFO: 访问控制器:\app\Controller\indexController [] []
[2018-03-30 16:54:42] Rookie-Framework.INFO: 访问方法:createindex [] []
[2018-03-30 16:54:42] Rookie-Framework.INFO: 解析模板文件--/wwwroot/daohang/app/viewindex.index [] []
[2018-03-30 16:54:43] Rookie-Framework.INFO: 访问控制器:\app\Controller\favicon.icoController [] []
[2018-03-30 16:54:43] Rookie-Framework.INFO: 访问方法:index [] []
[2018-03-30 16:54:43] Rookie-Framework.DEBUG: 找不到控制器favicon.ico;文件地址：/wwwroot/daohang/app/Controller/favicon.icoController.php文件是否存在:0 [] []
[2018-03-30 16:54:56] Rookie-Framework.INFO: 访问控制器:\app\Controller\indexController [] []
[2018-03-30 16:54:56] Rookie-Framework.INFO: 访问方法:createindex [] []
[2018-03-30 16:54:56] Rookie-Framework.INFO: 解析模板文件--/wwwroot/daohang/app/viewindex.index [] []
[2018-03-30 16:54:57] Rookie-Framework.INFO: 访问控制器:\app\Controller\favicon.icoController [] []
[2018-03-30 16:54:57] Rookie-Framework.INFO: 访问方法:index [] []
[2018-03-30 16:54:57] Rookie-Framework.DEBUG: 找不到控制器favicon.ico;文件地址：/wwwroot/daohang/app/Controller/favicon.icoController.php文件是否存在:0 [] []
[2018-03-30 16:54:59] Rookie-Framework.INFO: 访问控制器:\app\Controller\indexController [] []
[2018-03-30 16:54:59] Rookie-Framework.INFO: 访问方法:createindex [] []
[2018-03-30 16:54:59] Rookie-Framework.INFO: 解析模板文件--/wwwroot/daohang/app/viewindex.index [] []
[2018-03-30 16:55:00] Rookie-Framework.INFO: 访问控制器:\app\Controller\favicon.icoController [] []
[2018-03-30 16:55:00] Rookie-Framework.INFO: 访问方法:index [] []
[2018-03-30 16:55:00] Rookie-Framework.DEBUG: 找不到控制器favicon.ico;文件地址：/wwwroot/daohang/app/Controller/favicon.icoController.php文件是否存在:0 [] []
[2018-03-30 16:55:01] Rookie-Framework.INFO: 访问控制器:\app\Controller\indexController [] []
[2018-03-30 16:55:01] Rookie-Framework.INFO: 访问方法:createindex [] []
[2018-03-30 16:55:01] Rookie-Framework.INFO: 解析模板文件--/wwwroot/daohang/app/viewindex.index [] []
[2018-03-30 16:55:02] Rookie-Framework.INFO: 访问控制器:\app\Controller\favicon.icoController [] []
[2018-03-30 16:55:02] Rookie-Framework.INFO: 访问方法:index [] []
[2018-03-30 16:55:02] Rookie-Framework.DEBUG: 找不到控制器favicon.ico;文件地址：/wwwroot/daohang/app/Controller/favicon.icoController.php文件是否存在:0 [] []
[2018-03-30 16:55:02] Rookie-Framework.INFO: 访问控制器:\app\Controller\indexController [] []
[2018-03-30 16:55:02] Rookie-Framework.INFO: 访问方法:createindex [] []
[2018-03-30 16:55:03] Rookie-Framework.INFO: 解析模板文件--/wwwroot/daohang/app/viewindex.index [] []
[2018-03-30 16:55:04] Rookie-Framework.INFO: 访问控制器:\app\Controller\favicon.icoController [] []
[2018-03-30 16:55:04] Rookie-Framework.INFO: 访问方法:index [] []
[2018-03-30 16:55:04] Rookie-Framework.DEBUG: 找不到控制器favicon.ico;文件地址：/wwwroot/daohang/app/Controller/favicon.icoController.php文件是否存在:0 [] []
[2018-03-30 16:55:12] Rookie-Framework.INFO: 访问控制器:\app\Controller\indexController [] []
[2018-03-30 16:55:12] Rookie-Framework.INFO: 访问方法:createindex [] []
[2018-03-30 16:55:12] Rookie-Framework.INFO: 解析模板文件--/wwwroot/daohang/app/viewindex.index [] []
[2018-03-30 16:55:14] Rookie-Framework.INFO: 访问控制器:\app\Controller\favicon.icoController [] []
[2018-03-30 16:55:14] Rookie-Framework.INFO: 访问方法:index [] []
[2018-03-30 16:55:14] Rookie-Framework.DEBUG: 找不到控制器favicon.ico;文件地址：/wwwroot/daohang/app/Controller/favicon.icoController.php文件是否存在:0 [] []
[2018-03-30 16:55:45] Rookie-Framework.INFO: 访问控制器:\app\Controller\indexController [] []
[2018-03-30 16:55:45] Rookie-Framework.INFO: 访问方法:createindex [] []
[2018-03-30 16:55:45] Rookie-Framework.INFO: 解析模板文件--/wwwroot/daohang/app/viewindex.index [] []
[2018-03-30 16:55:46] Rookie-Framework.INFO: 访问控制器:\app\Controller\favicon.icoController [] []
[2018-03-30 16:55:46] Rookie-Framework.INFO: 访问方法:index [] []
[2018-03-30 16:55:46] Rookie-Framework.DEBUG: 找不到控制器favicon.ico;文件地址：/wwwroot/daohang/app/Controller/favicon.icoController.php文件是否存在:0 [] []
[2018-03-30 16:56:08] Rookie-Framework.INFO: 访问控制器:\app\Controller\indexController [] []
[2018-03-30 16:56:08] Rookie-Framework.INFO: 访问方法:createindex [] []
[2018-03-30 16:56:08] Rookie-Framework.INFO: 解析模板文件--/wwwroot/daohang/app/viewindex.index [] []
[2018-03-30 16:56:09] Rookie-Framework.INFO: 访问控制器:\app\Controller\favicon.icoController [] []
[2018-03-30 16:56:09] Rookie-Framework.INFO: 访问方法:index [] []
[2018-03-30 16:56:09] Rookie-Framework.DEBUG: 找不到控制器favicon.ico;文件地址：/wwwroot/daohang/app/Controller/favicon.icoController.php文件是否存在:0 [] []
[2018-03-30 16:56:27] Rookie-Framework.INFO: 访问控制器:\app\Controller\indexController [] []
[2018-03-30 16:56:27] Rookie-Framework.INFO: 访问方法:createindex [] []
[2018-03-30 16:56:27] Rookie-Framework.INFO: 解析模板文件--/wwwroot/daohang/app/viewindex.index [] []
[2018-03-30 16:56:28] Rookie-Framework.INFO: 访问控制器:\app\Controller\favicon.icoController [] []
[2018-03-30 16:56:28] Rookie-Framework.INFO: 访问方法:index [] []
[2018-03-30 16:56:28] Rookie-Framework.DEBUG: 找不到控制器favicon.ico;文件地址：/wwwroot/daohang/app/Controller/favicon.icoController.php文件是否存在:0 [] []
[2018-03-30 16:56:41] Rookie-Framework.INFO: 访问控制器:\app\Controller\indexController [] []
[2018-03-30 16:56:41] Rookie-Framework.INFO: 访问方法:createindex [] []
[2018-03-30 16:56:41] Rookie-Framework.INFO: 解析模板文件--/wwwroot/daohang/app/viewindex.index [] []
[2018-03-30 16:56:42] Rookie-Framework.INFO: 访问控制器:\app\Controller\favicon.icoController [] []
[2018-03-30 16:56:42] Rookie-Framework.INFO: 访问方法:index [] []
[2018-03-30 16:56:42] Rookie-Framework.DEBUG: 找不到控制器favicon.ico;文件地址：/wwwroot/daohang/app/Controller/favicon.icoController.php文件是否存在:0 [] []
[2018-03-30 16:56:48] Rookie-Framework.INFO: 访问控制器:\app\Controller\submerController [] []
[2018-03-30 16:56:48] Rookie-Framework.INFO: 访问方法:index [] []
[2018-03-30 16:56:48] Rookie-Framework.INFO: 解析模板文件--/wwwroot/daohang/app/viewadmin.index [] []
[2018-03-30 16:56:49] Rookie-Framework.INFO: 访问控制器:\app\Controller\submerController [] []
[2018-03-30 16:56:49] Rookie-Framework.INFO: 访问方法:index [] []
[2018-03-30 16:56:49] Rookie-Framework.INFO: 解析模板文件--/wwwroot/daohang/app/viewadmin.index [] []
[2018-03-30 16:56:49] Rookie-Framework.INFO: 访问控制器:\app\Controller\submerController [] []
[2018-03-30 16:56:49] Rookie-Framework.INFO: 访问方法:welcome [] []
[2018-03-30 16:56:50] Rookie-Framework.INFO: 解析模板文件--/wwwroot/daohang/app/viewadmin.welcome [] []
[2018-03-30 16:56:50] Rookie-Framework.INFO: 访问控制器:\app\Controller\favicon.icoController [] []
[2018-03-30 16:56:50] Rookie-Framework.INFO: 访问方法:index [] []
[2018-03-30 16:56:50] Rookie-Framework.DEBUG: 找不到控制器favicon.ico;文件地址：/wwwroot/daohang/app/Controller/favicon.icoController.php文件是否存在:0 [] []
[2018-03-30 16:56:54] Rookie-Framework.INFO: 访问控制器:\app\Controller\submerController [] []
[2018-03-30 16:56:54] Rookie-Framework.INFO: 访问方法:links [] []
[2018-03-30 16:56:54] Rookie-Framework.INFO: 解析模板文件--/wwwroot/daohang/app/viewadmin.link [] []
[2018-03-30 16:57:12] Rookie-Framework.INFO: 访问控制器:\app\Controller\submerController [] []
[2018-03-30 16:57:12] Rookie-Framework.INFO: 访问方法:links_add [] []
[2018-03-30 16:57:12] Rookie-Framework.INFO: 解析模板文件--/wwwroot/daohang/app/viewadmin.linksadd [] []
[2018-03-30 16:57:17] Rookie-Framework.INFO: 访问控制器:\app\Controller\submerApiController [] []
[2018-03-30 16:57:17] Rookie-Framework.INFO: 访问方法:linksAdd [] []
[2018-03-30 16:57:21] Rookie-Framework.INFO: 访问控制器:\app\Controller\indexController [] []
[2018-03-30 16:57:21] Rookie-Framework.INFO: 访问方法:createindex [] []
[2018-03-30 16:57:21] Rookie-Framework.INFO: 解析模板文件--/wwwroot/daohang/app/viewindex.index [] []
[2018-03-30 16:57:21] Rookie-Framework.INFO: 访问控制器:\app\Controller\favicon.icoController [] []
[2018-03-30 16:57:21] Rookie-Framework.INFO: 访问方法:index [] []
[2018-03-30 16:57:21] Rookie-Framework.DEBUG: 找不到控制器favicon.ico;文件地址：/wwwroot/daohang/app/Controller/favicon.icoController.php文件是否存在:0 [] []
[2018-03-30 16:58:21] Rookie-Framework.INFO: 访问控制器:\app\Controller\indexController [] []
[2018-03-30 16:58:21] Rookie-Framework.INFO: 访问方法:createindex [] []
[2018-03-30 16:58:21] Rookie-Framework.INFO: 解析模板文件--/wwwroot/daohang/app/viewindex.index [] []
[2018-03-30 16:58:22] Rookie-Framework.INFO: 访问控制器:\app\Controller\favicon.icoController [] []
[2018-03-30 16:58:22] Rookie-Framework.INFO: 访问方法:index [] []
[2018-03-30 16:58:22] Rookie-Framework.DEBUG: 找不到控制器favicon.ico;文件地址：/wwwroot/daohang/app/Controller/favicon.icoController.php文件是否存在:0 [] []
[2018-03-30 16:58:46] Rookie-Framework.INFO: 访问控制器:\app\Controller\indexController [] []
[2018-03-30 16:58:46] Rookie-Framework.INFO: 访问方法:createindex [] []
[2018-03-30 16:58:46] Rookie-Framework.INFO: 解析模板文件--/wwwroot/daohang/app/viewindex.index [] []
[2018-03-30 16:58:47] Rookie-Framework.INFO: 访问控制器:\app\Controller\favicon.icoController [] []
[2018-03-30 16:58:47] Rookie-Framework.INFO: 访问方法:index [] []
[2018-03-30 16:58:47] Rookie-Framework.DEBUG: 找不到控制器favicon.ico;文件地址：/wwwroot/daohang/app/Controller/favicon.icoController.php文件是否存在:0 [] []
[2018-03-30 16:58:58] Rookie-Framework.INFO: 访问控制器:\app\Controller\submerController [] []
[2018-03-30 16:58:58] Rookie-Framework.INFO: 访问方法:links [] []
[2018-03-30 16:58:58] Rookie-Framework.INFO: 解析模板文件--/wwwroot/daohang/app/viewadmin.link [] []
[2018-03-30 16:59:01] Rookie-Framework.INFO: 访问控制器:\app\Controller\submerController [] []
[2018-03-30 16:59:01] Rookie-Framework.INFO: 访问方法:links_add [] []
[2018-03-30 16:59:01] Rookie-Framework.INFO: 解析模板文件--/wwwroot/daohang/app/viewadmin.linksadd [] []
[2018-03-30 16:59:19] Rookie-Framework.INFO: 访问控制器:\app\Controller\submerApiController [] []
[2018-03-30 16:59:19] Rookie-Framework.INFO: 访问方法:linksAdd [] []
[2018-03-30 16:59:22] Rookie-Framework.INFO: 访问控制器:\app\Controller\indexController [] []
[2018-03-30 16:59:22] Rookie-Framework.INFO: 访问方法:createindex [] []
[2018-03-30 16:59:22] Rookie-Framework.INFO: 解析模板文件--/wwwroot/daohang/app/viewindex.index [] []
[2018-03-30 16:59:23] Rookie-Framework.INFO: 访问控制器:\app\Controller\favicon.icoController [] []
[2018-03-30 16:59:23] Rookie-Framework.INFO: 访问方法:index [] []
[2018-03-30 16:59:23] Rookie-Framework.DEBUG: 找不到控制器favicon.ico;文件地址：/wwwroot/daohang/app/Controller/favicon.icoController.php文件是否存在:0 [] []
[2018-03-30 16:59:31] Rookie-Framework.INFO: 访问控制器:\app\Controller\submerController [] []
[2018-03-30 16:59:31] Rookie-Framework.INFO: 访问方法:links_add [] []
[2018-03-30 16:59:31] Rookie-Framework.INFO: 解析模板文件--/wwwroot/daohang/app/viewadmin.linksadd [] []
[2018-03-30 16:59:34] Rookie-Framework.INFO: 访问控制器:\app\Controller\submerApiController [] []
[2018-03-30 16:59:34] Rookie-Framework.INFO: 访问方法:linksAdd [] []
[2018-03-30 16:59:38] Rookie-Framework.INFO: 访问控制器:\app\Controller\indexController [] []
[2018-03-30 16:59:38] Rookie-Framework.INFO: 访问方法:createindex [] []
[2018-03-30 16:59:38] Rookie-Framework.INFO: 解析模板文件--/wwwroot/daohang/app/viewindex.index [] []
[2018-03-30 16:59:39] Rookie-Framework.INFO: 访问控制器:\app\Controller\favicon.icoController [] []
[2018-03-30 16:59:39] Rookie-Framework.INFO: 访问方法:index [] []
[2018-03-30 16:59:39] Rookie-Framework.DEBUG: 找不到控制器favicon.ico;文件地址：/wwwroot/daohang/app/Controller/favicon.icoController.php文件是否存在:0 [] []
[2018-03-30 17:00:16] Rookie-Framework.INFO: 访问控制器:\app\Controller\indexController [] []
[2018-03-30 17:00:16] Rookie-Framework.INFO: 访问方法:createindex [] []
[2018-03-30 17:00:16] Rookie-Framework.INFO: 解析模板文件--/wwwroot/daohang/app/viewindex.index [] []
[2018-03-30 17:00:17] Rookie-Framework.INFO: 访问控制器:\app\Controller\favicon.icoController [] []
[2018-03-30 17:00:17] Rookie-Framework.INFO: 访问方法:index [] []
[2018-03-30 17:00:17] Rookie-Framework.DEBUG: 找不到控制器favicon.ico;文件地址：/wwwroot/daohang/app/Controller/favicon.icoController.php文件是否存在:0 [] []
[2018-03-30 17:01:07] Rookie-Framework.INFO: 访问控制器:\app\Controller\indexController [] []
[2018-03-30 17:01:07] Rookie-Framework.INFO: 访问方法:createindex [] []
[2018-03-30 17:01:07] Rookie-Framework.INFO: 解析模板文件--/wwwroot/daohang/app/viewindex.index [] []
[2018-03-30 17:01:08] Rookie-Framework.INFO: 访问控制器:\app\Controller\favicon.icoController [] []
[2018-03-30 17:01:08] Rookie-Framework.INFO: 访问方法:index [] []
[2018-03-30 17:01:08] Rookie-Framework.DEBUG: 找不到控制器favicon.ico;文件地址：/wwwroot/daohang/app/Controller/favicon.icoController.php文件是否存在:0 [] []
[2018-03-30 17:01:46] Rookie-Framework.INFO: 访问控制器:\app\Controller\indexController [] []
[2018-03-30 17:01:46] Rookie-Framework.INFO: 访问方法:createindex [] []
[2018-03-30 17:01:46] Rookie-Framework.INFO: 解析模板文件--/wwwroot/daohang/app/viewindex.index [] []
[2018-03-30 17:01:48] Rookie-Framework.INFO: 访问控制器:\app\Controller\favicon.icoController [] []
[2018-03-30 17:01:48] Rookie-Framework.INFO: 访问方法:index [] []
[2018-03-30 17:01:48] Rookie-Framework.DEBUG: 找不到控制器favicon.ico;文件地址：/wwwroot/daohang/app/Controller/favicon.icoController.php文件是否存在:0 [] []
[2018-03-30 17:02:39] Rookie-Framework.INFO: 访问控制器:\app\Controller\indexController [] []
[2018-03-30 17:02:39] Rookie-Framework.INFO: 访问方法:createindex [] []
[2018-03-30 17:02:39] Rookie-Framework.INFO: 解析模板文件--/wwwroot/daohang/app/viewindex.index [] []
[2018-03-30 17:02:40] Rookie-Framework.INFO: 访问控制器:\app\Controller\favicon.icoController [] []
[2018-03-30 17:02:40] Rookie-Framework.INFO: 访问方法:index [] []
[2018-03-30 17:02:40] Rookie-Framework.DEBUG: 找不到控制器favicon.ico;文件地址：/wwwroot/daohang/app/Controller/favicon.icoController.php文件是否存在:0 [] []
[2018-03-30 17:03:07] Rookie-Framework.INFO: 访问控制器:\app\Controller\indexController [] []
[2018-03-30 17:03:07] Rookie-Framework.INFO: 访问方法:createindex [] []
[2018-03-30 17:03:07] Rookie-Framework.INFO: 解析模板文件--/wwwroot/daohang/app/viewindex.index [] []
[2018-03-30 17:03:08] Rookie-Framework.INFO: 访问控制器:\app\Controller\favicon.icoController [] []
[2018-03-30 17:03:08] Rookie-Framework.INFO: 访问方法:index [] []
[2018-03-30 17:03:08] Rookie-Framework.DEBUG: 找不到控制器favicon.ico;文件地址：/wwwroot/daohang/app/Controller/favicon.icoController.php文件是否存在:0 [] []
[2018-03-30 17:04:15] Rookie-Framework.INFO: 访问控制器:\app\Controller\indexController [] []
[2018-03-30 17:04:15] Rookie-Framework.INFO: 访问方法:createindex [] []
[2018-03-30 17:04:15] Rookie-Framework.INFO: 解析模板文件--/wwwroot/daohang/app/viewindex.index [] []
[2018-03-30 17:04:16] Rookie-Framework.INFO: 访问控制器:\app\Controller\favicon.icoController [] []
[2018-03-30 17:04:16] Rookie-Framework.INFO: 访问方法:index [] []
[2018-03-30 17:04:16] Rookie-Framework.DEBUG: 找不到控制器favicon.ico;文件地址：/wwwroot/daohang/app/Controller/favicon.icoController.php文件是否存在:0 [] []
[2018-03-30 17:04:24] Rookie-Framework.INFO: 访问控制器:\app\Controller\submerController [] []
[2018-03-30 17:04:24] Rookie-Framework.INFO: 访问方法:links [] []
[2018-03-30 17:04:24] Rookie-Framework.INFO: 解析模板文件--/wwwroot/daohang/app/viewadmin.link [] []
[2018-03-30 17:04:37] Rookie-Framework.INFO: 访问控制器:\app\Controller\submerController [] []
[2018-03-30 17:04:37] Rookie-Framework.INFO: 访问方法:links_add [] []
[2018-03-30 17:04:37] Rookie-Framework.INFO: 解析模板文件--/wwwroot/daohang/app/viewadmin.linksadd [] []
[2018-03-30 17:04:41] Rookie-Framework.INFO: 访问控制器:\app\Controller\submerApiController [] []
[2018-03-30 17:04:41] Rookie-Framework.INFO: 访问方法:linksAdd [] []
[2018-03-30 17:04:44] Rookie-Framework.INFO: 访问控制器:\app\Controller\indexController [] []
[2018-03-30 17:04:44] Rookie-Framework.INFO: 访问方法:createindex [] []
[2018-03-30 17:04:44] Rookie-Framework.INFO: 解析模板文件--/wwwroot/daohang/app/viewindex.index [] []
[2018-03-30 17:04:45] Rookie-Framework.INFO: 访问控制器:\app\Controller\favicon.icoController [] []
[2018-03-30 17:04:45] Rookie-Framework.INFO: 访问方法:index [] []
[2018-03-30 17:04:45] Rookie-Framework.DEBUG: 找不到控制器favicon.ico;文件地址：/wwwroot/daohang/app/Controller/favicon.icoController.php文件是否存在:0 [] []
[2018-03-30 17:04:47] Rookie-Framework.INFO: 访问控制器:\app\Controller\indexController [] []
[2018-03-30 17:04:47] Rookie-Framework.INFO: 访问方法:createindex [] []
[2018-03-30 17:04:47] Rookie-Framework.INFO: 解析模板文件--/wwwroot/daohang/app/viewindex.index [] []
[2018-03-30 17:04:48] Rookie-Framework.INFO: 访问控制器:\app\Controller\favicon.icoController [] []
[2018-03-30 17:04:48] Rookie-Framework.INFO: 访问方法:index [] []
[2018-03-30 17:04:48] Rookie-Framework.DEBUG: 找不到控制器favicon.ico;文件地址：/wwwroot/daohang/app/Controller/favicon.icoController.php文件是否存在:0 [] []
[2018-03-30 17:04:50] Rookie-Framework.INFO: 访问控制器:\app\Controller\indexController [] []
[2018-03-30 17:04:50] Rookie-Framework.INFO: 访问方法:createindex [] []
[2018-03-30 17:04:50] Rookie-Framework.INFO: 解析模板文件--/wwwroot/daohang/app/viewindex.index [] []
[2018-03-30 17:04:51] Rookie-Framework.INFO: 访问控制器:\app\Controller\favicon.icoController [] []
[2018-03-30 17:04:51] Rookie-Framework.INFO: 访问方法:index [] []
[2018-03-30 17:04:51] Rookie-Framework.DEBUG: 找不到控制器favicon.ico;文件地址：/wwwroot/daohang/app/Controller/favicon.icoController.php文件是否存在:0 [] []
[2018-03-30 17:04:57] Rookie-Framework.INFO: 访问控制器:\app\Controller\indexController [] []
[2018-03-30 17:04:57] Rookie-Framework.INFO: 访问方法:createindex [] []
[2018-03-30 17:04:57] Rookie-Framework.INFO: 解析模板文件--/wwwroot/daohang/app/viewindex.index [] []
[2018-03-30 17:04:57] Rookie-Framework.INFO: 访问控制器:\app\Controller\favicon.icoController [] []
[2018-03-30 17:04:57] Rookie-Framework.INFO: 访问方法:index [] []
[2018-03-30 17:04:57] Rookie-Framework.DEBUG: 找不到控制器favicon.ico;文件地址：/wwwroot/daohang/app/Controller/favicon.icoController.php文件是否存在:0 [] []
[2018-03-30 17:05:29] Rookie-Framework.INFO: 访问控制器:\app\Controller\indexController [] []
[2018-03-30 17:05:29] Rookie-Framework.INFO: 访问方法:createindex [] []
[2018-03-30 17:05:29] Rookie-Framework.INFO: 解析模板文件--/wwwroot/daohang/app/viewindex.index [] []
[2018-03-30 17:05:30] Rookie-Framework.INFO: 访问控制器:\app\Controller\favicon.icoController [] []
[2018-03-30 17:05:30] Rookie-Framework.INFO: 访问方法:index [] []
[2018-03-30 17:05:30] Rookie-Framework.DEBUG: 找不到控制器favicon.ico;文件地址：/wwwroot/daohang/app/Controller/favicon.icoController.php文件是否存在:0 [] []
[2018-03-30 17:05:33] Rookie-Framework.INFO: 访问控制器:\app\Controller\indexController [] []
[2018-03-30 17:05:33] Rookie-Framework.INFO: 访问方法:createindex [] []
[2018-03-30 17:05:33] Rookie-Framework.INFO: 解析模板文件--/wwwroot/daohang/app/viewindex.index [] []
[2018-03-30 17:05:34] Rookie-Framework.INFO: 访问控制器:\app\Controller\favicon.icoController [] []
[2018-03-30 17:05:34] Rookie-Framework.INFO: 访问方法:index [] []
[2018-03-30 17:05:34] Rookie-Framework.DEBUG: 找不到控制器favicon.ico;文件地址：/wwwroot/daohang/app/Controller/favicon.icoController.php文件是否存在:0 [] []
[2018-03-30 17:06:05] Rookie-Framework.INFO: 访问控制器:\app\Controller\indexController [] []
[2018-03-30 17:06:05] Rookie-Framework.INFO: 访问方法:createindex [] []
[2018-03-30 17:06:05] Rookie-Framework.INFO: 解析模板文件--/wwwroot/daohang/app/viewindex.index [] []
[2018-03-30 17:06:06] Rookie-Framework.INFO: 访问控制器:\app\Controller\favicon.icoController [] []
[2018-03-30 17:06:06] Rookie-Framework.INFO: 访问方法:index [] []
[2018-03-30 17:06:06] Rookie-Framework.DEBUG: 找不到控制器favicon.ico;文件地址：/wwwroot/daohang/app/Controller/favicon.icoController.php文件是否存在:0 [] []
[2018-03-30 17:06:18] Rookie-Framework.INFO: 访问控制器:\app\Controller\indexController [] []
[2018-03-30 17:06:18] Rookie-Framework.INFO: 访问方法:createindex [] []
[2018-03-30 17:06:18] Rookie-Framework.INFO: 解析模板文件--/wwwroot/daohang/app/viewindex.index [] []
[2018-03-30 17:06:19] Rookie-Framework.INFO: 访问控制器:\app\Controller\favicon.icoController [] []
[2018-03-30 17:06:19] Rookie-Framework.INFO: 访问方法:index [] []
[2018-03-30 17:06:19] Rookie-Framework.DEBUG: 找不到控制器favicon.ico;文件地址：/wwwroot/daohang/app/Controller/favicon.icoController.php文件是否存在:0 [] []
[2018-03-30 17:06:22] Rookie-Framework.INFO: 访问控制器:\app\Controller\indexController [] []
[2018-03-30 17:06:22] Rookie-Framework.INFO: 访问方法:createindex [] []
[2018-03-30 17:06:22] Rookie-Framework.INFO: 解析模板文件--/wwwroot/daohang/app/viewindex.index [] []
[2018-03-30 17:06:23] Rookie-Framework.INFO: 访问控制器:\app\Controller\favicon.icoController [] []
[2018-03-30 17:06:23] Rookie-Framework.INFO: 访问方法:index [] []
[2018-03-30 17:06:23] Rookie-Framework.DEBUG: 找不到控制器favicon.ico;文件地址：/wwwroot/daohang/app/Controller/favicon.icoController.php文件是否存在:0 [] []
[2018-03-30 17:06:35] Rookie-Framework.INFO: 访问控制器:\app\Controller\indexController [] []
[2018-03-30 17:06:35] Rookie-Framework.INFO: 访问方法:createindex [] []
[2018-03-30 17:06:35] Rookie-Framework.INFO: 解析模板文件--/wwwroot/daohang/app/viewindex.index [] []
[2018-03-30 17:06:36] Rookie-Framework.INFO: 访问控制器:\app\Controller\favicon.icoController [] []
[2018-03-30 17:06:36] Rookie-Framework.INFO: 访问方法:index [] []
[2018-03-30 17:06:36] Rookie-Framework.DEBUG: 找不到控制器favicon.ico;文件地址：/wwwroot/daohang/app/Controller/favicon.icoController.php文件是否存在:0 [] []
[2018-03-30 17:06:50] Rookie-Framework.INFO: 访问控制器:\app\Controller\indexController [] []
[2018-03-30 17:06:50] Rookie-Framework.INFO: 访问方法:createindex [] []
[2018-03-30 17:06:50] Rookie-Framework.INFO: 解析模板文件--/wwwroot/daohang/app/viewindex.index [] []
[2018-03-30 17:06:51] Rookie-Framework.INFO: 访问控制器:\app\Controller\favicon.icoController [] []
[2018-03-30 17:06:51] Rookie-Framework.INFO: 访问方法:index [] []
[2018-03-30 17:06:51] Rookie-Framework.DEBUG: 找不到控制器favicon.ico;文件地址：/wwwroot/daohang/app/Controller/favicon.icoController.php文件是否存在:0 [] []
[2018-03-30 17:06:53] Rookie-Framework.INFO: 访问控制器:\app\Controller\indexController [] []
[2018-03-30 17:06:53] Rookie-Framework.INFO: 访问方法:createindex [] []
[2018-03-30 17:06:53] Rookie-Framework.INFO: 解析模板文件--/wwwroot/daohang/app/viewindex.index [] []
[2018-03-30 17:06:54] Rookie-Framework.INFO: 访问控制器:\app\Controller\favicon.icoController [] []
[2018-03-30 17:06:54] Rookie-Framework.INFO: 访问方法:index [] []
[2018-03-30 17:06:54] Rookie-Framework.DEBUG: 找不到控制器favicon.ico;文件地址：/wwwroot/daohang/app/Controller/favicon.icoController.php文件是否存在:0 [] []
[2018-03-30 17:07:00] Rookie-Framework.INFO: 访问控制器:\app\Controller\indexController [] []
[2018-03-30 17:07:00] Rookie-Framework.INFO: 访问方法:createindex [] []
[2018-03-30 17:07:00] Rookie-Framework.INFO: 解析模板文件--/wwwroot/daohang/app/viewindex.index [] []
[2018-03-30 17:07:01] Rookie-Framework.INFO: 访问控制器:\app\Controller\favicon.icoController [] []
[2018-03-30 17:07:01] Rookie-Framework.INFO: 访问方法:index [] []
[2018-03-30 17:07:01] Rookie-Framework.DEBUG: 找不到控制器favicon.ico;文件地址：/wwwroot/daohang/app/Controller/favicon.icoController.php文件是否存在:0 [] []
[2018-03-30 17:07:02] Rookie-Framework.INFO: 访问控制器:\app\Controller\indexController [] []
[2018-03-30 17:07:02] Rookie-Framework.INFO: 访问方法:createindex [] []
[2018-03-30 17:07:02] Rookie-Framework.INFO: 解析模板文件--/wwwroot/daohang/app/viewindex.index [] []
[2018-03-30 17:07:04] Rookie-Framework.INFO: 访问控制器:\app\Controller\favicon.icoController [] []
[2018-03-30 17:07:04] Rookie-Framework.INFO: 访问方法:index [] []
[2018-03-30 17:07:04] Rookie-Framework.DEBUG: 找不到控制器favicon.ico;文件地址：/wwwroot/daohang/app/Controller/favicon.icoController.php文件是否存在:0 [] []
[2018-03-30 17:07:35] Rookie-Framework.INFO: 访问控制器:\app\Controller\indexController [] []
[2018-03-30 17:07:35] Rookie-Framework.INFO: 访问方法:createindex [] []
[2018-03-30 17:07:35] Rookie-Framework.INFO: 解析模板文件--/wwwroot/daohang/app/viewindex.index [] []
[2018-03-30 17:07:36] Rookie-Framework.INFO: 访问控制器:\app\Controller\favicon.icoController [] []
[2018-03-30 17:07:36] Rookie-Framework.INFO: 访问方法:index [] []
[2018-03-30 17:07:36] Rookie-Framework.DEBUG: 找不到控制器favicon.ico;文件地址：/wwwroot/daohang/app/Controller/favicon.icoController.php文件是否存在:0 [] []
[2018-03-30 17:07:51] Rookie-Framework.INFO: 访问控制器:\app\Controller\indexController [] []
[2018-03-30 17:07:51] Rookie-Framework.INFO: 访问方法:createindex [] []
[2018-03-30 17:07:51] Rookie-Framework.INFO: 解析模板文件--/wwwroot/daohang/app/viewindex.index [] []
[2018-03-30 17:07:52] Rookie-Framework.INFO: 访问控制器:\app\Controller\favicon.icoController [] []
[2018-03-30 17:07:52] Rookie-Framework.INFO: 访问方法:index [] []
[2018-03-30 17:07:52] Rookie-Framework.DEBUG: 找不到控制器favicon.ico;文件地址：/wwwroot/daohang/app/Controller/favicon.icoController.php文件是否存在:0 [] []
[2018-03-30 17:07:53] Rookie-Framework.INFO: 访问控制器:\app\Controller\indexController [] []
[2018-03-30 17:07:53] Rookie-Framework.INFO: 访问方法:createindex [] []
[2018-03-30 17:07:53] Rookie-Framework.INFO: 解析模板文件--/wwwroot/daohang/app/viewindex.index [] []
[2018-03-30 17:07:54] Rookie-Framework.INFO: 访问控制器:\app\Controller\favicon.icoController [] []
[2018-03-30 17:07:54] Rookie-Framework.INFO: 访问方法:index [] []
[2018-03-30 17:07:54] Rookie-Framework.DEBUG: 找不到控制器favicon.ico;文件地址：/wwwroot/daohang/app/Controller/favicon.icoController.php文件是否存在:0 [] []
[2018-03-30 17:07:54] Rookie-Framework.INFO: 访问控制器:\app\Controller\indexController [] []
[2018-03-30 17:07:54] Rookie-Framework.INFO: 访问方法:createindex [] []
[2018-03-30 17:07:54] Rookie-Framework.INFO: 解析模板文件--/wwwroot/daohang/app/viewindex.index [] []
[2018-03-30 17:07:55] Rookie-Framework.INFO: 访问控制器:\app\Controller\favicon.icoController [] []
[2018-03-30 17:07:55] Rookie-Framework.INFO: 访问方法:index [] []
[2018-03-30 17:07:55] Rookie-Framework.DEBUG: 找不到控制器favicon.ico;文件地址：/wwwroot/daohang/app/Controller/favicon.icoController.php文件是否存在:0 [] []
[2018-03-30 17:07:55] Rookie-Framework.INFO: 访问控制器:\app\Controller\indexController [] []
[2018-03-30 17:07:55] Rookie-Framework.INFO: 访问方法:createindex [] []
[2018-03-30 17:07:55] Rookie-Framework.INFO: 解析模板文件--/wwwroot/daohang/app/viewindex.index [] []
[2018-03-30 17:07:56] Rookie-Framework.INFO: 访问控制器:\app\Controller\favicon.icoController [] []
[2018-03-30 17:07:56] Rookie-Framework.INFO: 访问方法:index [] []
[2018-03-30 17:07:56] Rookie-Framework.DEBUG: 找不到控制器favicon.ico;文件地址：/wwwroot/daohang/app/Controller/favicon.icoController.php文件是否存在:0 [] []
[2018-03-30 17:07:58] Rookie-Framework.INFO: 访问控制器:\app\Controller\indexController [] []
[2018-03-30 17:07:58] Rookie-Framework.INFO: 访问方法:createindex [] []
[2018-03-30 17:07:58] Rookie-Framework.INFO: 解析模板文件--/wwwroot/daohang/app/viewindex.index [] []
[2018-03-30 17:07:59] Rookie-Framework.INFO: 访问控制器:\app\Controller\favicon.icoController [] []
[2018-03-30 17:07:59] Rookie-Framework.INFO: 访问方法:index [] []
[2018-03-30 17:07:59] Rookie-Framework.DEBUG: 找不到控制器favicon.ico;文件地址：/wwwroot/daohang/app/Controller/favicon.icoController.php文件是否存在:0 [] []
[2018-03-30 17:10:53] Rookie-Framework.INFO: 访问控制器:\app\Controller\indexController [] []
[2018-03-30 17:10:53] Rookie-Framework.INFO: 访问方法:createindex [] []
[2018-03-30 17:10:53] Rookie-Framework.INFO: 解析模板文件--/wwwroot/daohang/app/viewindex.index [] []
[2018-03-30 17:10:54] Rookie-Framework.INFO: 访问控制器:\app\Controller\favicon.icoController [] []
[2018-03-30 17:10:54] Rookie-Framework.INFO: 访问方法:index [] []
[2018-03-30 17:10:54] Rookie-Framework.DEBUG: 找不到控制器favicon.ico;文件地址：/wwwroot/daohang/app/Controller/favicon.icoController.php文件是否存在:0 [] []
[2018-03-30 17:11:49] Rookie-Framework.INFO: 访问控制器:\app\Controller\indexController [] []
[2018-03-30 17:11:49] Rookie-Framework.INFO: 访问方法:createindex [] []
[2018-03-30 17:11:49] Rookie-Framework.INFO: 解析模板文件--/wwwroot/daohang/app/viewindex.index [] []
[2018-03-30 17:11:50] Rookie-Framework.INFO: 访问控制器:\app\Controller\favicon.icoController [] []
[2018-03-30 17:11:50] Rookie-Framework.INFO: 访问方法:index [] []
[2018-03-30 17:11:50] Rookie-Framework.DEBUG: 找不到控制器favicon.ico;文件地址：/wwwroot/daohang/app/Controller/favicon.icoController.php文件是否存在:0 [] []
[2018-03-30 17:11:52] Rookie-Framework.INFO: 访问控制器:\app\Controller\indexController [] []
[2018-03-30 17:11:52] Rookie-Framework.INFO: 访问方法:createindex [] []
[2018-03-30 17:11:52] Rookie-Framework.INFO: 解析模板文件--/wwwroot/daohang/app/viewindex.index [] []
[2018-03-30 17:11:52] Rookie-Framework.INFO: 访问控制器:\app\Controller\favicon.icoController [] []
[2018-03-30 17:11:52] Rookie-Framework.INFO: 访问方法:index [] []
[2018-03-30 17:11:52] Rookie-Framework.DEBUG: 找不到控制器favicon.ico;文件地址：/wwwroot/daohang/app/Controller/favicon.icoController.php文件是否存在:0 [] []
[2018-03-30 17:11:53] Rookie-Framework.INFO: 访问控制器:\app\Controller\indexController [] []
[2018-03-30 17:11:53] Rookie-Framework.INFO: 访问方法:createindex [] []
[2018-03-30 17:11:53] Rookie-Framework.INFO: 解析模板文件--/wwwroot/daohang/app/viewindex.index [] []
[2018-03-30 17:11:54] Rookie-Framework.INFO: 访问控制器:\app\Controller\favicon.icoController [] []
[2018-03-30 17:11:54] Rookie-Framework.INFO: 访问方法:index [] []
[2018-03-30 17:11:54] Rookie-Framework.DEBUG: 找不到控制器favicon.ico;文件地址：/wwwroot/daohang/app/Controller/favicon.icoController.php文件是否存在:0 [] []
[2018-03-30 17:12:22] Rookie-Framework.INFO: 访问控制器:\app\Controller\indexController [] []
[2018-03-30 17:12:22] Rookie-Framework.INFO: 访问方法:createindex [] []
[2018-03-30 17:12:22] Rookie-Framework.INFO: 解析模板文件--/wwwroot/daohang/app/viewindex.index [] []
[2018-03-30 17:12:23] Rookie-Framework.INFO: 访问控制器:\app\Controller\favicon.icoController [] []
[2018-03-30 17:12:23] Rookie-Framework.INFO: 访问方法:index [] []
[2018-03-30 17:12:23] Rookie-Framework.DEBUG: 找不到控制器favicon.ico;文件地址：/wwwroot/daohang/app/Controller/favicon.icoController.php文件是否存在:0 [] []
[2018-03-30 17:12:26] Rookie-Framework.INFO: 访问控制器:\app\Controller\indexController [] []
[2018-03-30 17:12:26] Rookie-Framework.INFO: 访问方法:createindex [] []
[2018-03-30 17:12:26] Rookie-Framework.INFO: 解析模板文件--/wwwroot/daohang/app/viewindex.index [] []
[2018-03-30 17:12:26] Rookie-Framework.INFO: 访问控制器:\app\Controller\favicon.icoController [] []
[2018-03-30 17:12:26] Rookie-Framework.INFO: 访问方法:index [] []
[2018-03-30 17:12:26] Rookie-Framework.DEBUG: 找不到控制器favicon.ico;文件地址：/wwwroot/daohang/app/Controller/favicon.icoController.php文件是否存在:0 [] []
[2018-03-30 17:12:32] Rookie-Framework.INFO: 访问控制器:\app\Controller\indexController [] []
[2018-03-30 17:12:32] Rookie-Framework.INFO: 访问方法:createindex [] []
[2018-03-30 17:12:32] Rookie-Framework.INFO: 解析模板文件--/wwwroot/daohang/app/viewindex.index [] []
[2018-03-30 17:12:33] Rookie-Framework.INFO: 访问控制器:\app\Controller\favicon.icoController [] []
[2018-03-30 17:12:33] Rookie-Framework.INFO: 访问方法:index [] []
[2018-03-30 17:12:33] Rookie-Framework.DEBUG: 找不到控制器favicon.ico;文件地址：/wwwroot/daohang/app/Controller/favicon.icoController.php文件是否存在:0 [] []
[2018-03-30 17:13:04] Rookie-Framework.INFO: 访问控制器:\app\Controller\indexController [] []
[2018-03-30 17:13:04] Rookie-Framework.INFO: 访问方法:createindex [] []
[2018-03-30 17:13:04] Rookie-Framework.INFO: 解析模板文件--/wwwroot/daohang/app/viewindex.index [] []
[2018-03-30 17:13:05] Rookie-Framework.INFO: 访问控制器:\app\Controller\favicon.icoController [] []
[2018-03-30 17:13:05] Rookie-Framework.INFO: 访问方法:index [] []
[2018-03-30 17:13:05] Rookie-Framework.DEBUG: 找不到控制器favicon.ico;文件地址：/wwwroot/daohang/app/Controller/favicon.icoController.php文件是否存在:0 [] []
[2018-03-30 17:13:18] Rookie-Framework.INFO: 访问控制器:\app\Controller\submerController [] []
[2018-03-30 17:13:18] Rookie-Framework.INFO: 访问方法:links_add [] []
[2018-03-30 17:13:18] Rookie-Framework.INFO: 解析模板文件--/wwwroot/daohang/app/viewadmin.linksadd [] []
[2018-03-30 17:13:20] Rookie-Framework.INFO: 访问控制器:\app\Controller\submerApiController [] []
[2018-03-30 17:13:20] Rookie-Framework.INFO: 访问方法:linksAdd [] []
[2018-03-30 17:13:24] Rookie-Framework.INFO: 访问控制器:\app\Controller\indexController [] []
[2018-03-30 17:13:24] Rookie-Framework.INFO: 访问方法:createindex [] []
[2018-03-30 17:13:24] Rookie-Framework.INFO: 解析模板文件--/wwwroot/daohang/app/viewindex.index [] []
[2018-03-30 17:13:24] Rookie-Framework.INFO: 访问控制器:\app\Controller\favicon.icoController [] []
[2018-03-30 17:13:24] Rookie-Framework.INFO: 访问方法:index [] []
[2018-03-30 17:13:24] Rookie-Framework.DEBUG: 找不到控制器favicon.ico;文件地址：/wwwroot/daohang/app/Controller/favicon.icoController.php文件是否存在:0 [] []
[2018-03-30 17:21:06] Rookie-Framework.INFO: 访问控制器:\app\Controller\submerController [] []
[2018-03-30 17:21:06] Rookie-Framework.INFO: 访问方法:index [] []
[2018-03-30 17:21:06] Rookie-Framework.INFO: 访问控制器:\app\Controller\favicon.icoController [] []
[2018-03-30 17:21:06] Rookie-Framework.INFO: 访问方法:index [] []
[2018-03-30 17:21:06] Rookie-Framework.DEBUG: 找不到控制器favicon.ico;文件地址：/wwwroot/daohang/app/Controller/favicon.icoController.php文件是否存在:0 [] []
[2018-03-30 17:21:16] Rookie-Framework.INFO: 访问控制器:\app\Controller\submerController [] []
[2018-03-30 17:21:16] Rookie-Framework.INFO: 访问方法:index [] []
[2018-03-30 17:21:16] Rookie-Framework.INFO: 解析模板文件--/wwwroot/daohang/app/viewadmin.index [] []
[2018-03-30 17:21:16] Rookie-Framework.INFO: 访问控制器:\app\Controller\submerController [] []
[2018-03-30 17:21:16] Rookie-Framework.INFO: 访问方法:welcome [] []
[2018-03-30 17:21:16] Rookie-Framework.INFO: 解析模板文件--/wwwroot/daohang/app/viewadmin.welcome [] []
[2018-03-30 17:21:17] Rookie-Framework.INFO: 访问控制器:\app\Controller\favicon.icoController [] []
[2018-03-30 17:21:17] Rookie-Framework.INFO: 访问方法:index [] []
[2018-03-30 17:21:17] Rookie-Framework.DEBUG: 找不到控制器favicon.ico;文件地址：/wwwroot/daohang/app/Controller/favicon.icoController.php文件是否存在:0 [] []
[2018-03-30 17:21:18] Rookie-Framework.INFO: 访问控制器:\app\Controller\submerController [] []
[2018-03-30 17:21:18] Rookie-Framework.INFO: 访问方法:links_sort [] []
[2018-03-30 17:21:19] Rookie-Framework.INFO: 解析模板文件--/wwwroot/daohang/app/viewadmin.linksort [] []
[2018-03-30 17:21:20] Rookie-Framework.INFO: 访问控制器:\app\Controller\submerController [] []
[2018-03-30 17:21:20] Rookie-Framework.INFO: 访问方法:link_sort_add [] []
[2018-03-30 17:21:20] Rookie-Framework.INFO: 解析模板文件--/wwwroot/daohang/app/viewadmin.linksortadd [] []
[2018-03-30 17:21:24] Rookie-Framework.INFO: 访问控制器:\app\Controller\submerApiController [] []
[2018-03-30 17:21:24] Rookie-Framework.INFO: 访问方法:addSort [] []
[2018-03-30 17:21:32] Rookie-Framework.INFO: 访问控制器:\app\Controller\submerController [] []
[2018-03-30 17:21:32] Rookie-Framework.INFO: 访问方法:index [] []
[2018-03-30 17:21:32] Rookie-Framework.INFO: 访问控制器:\app\Controller\favicon.icoController [] []
[2018-03-30 17:21:32] Rookie-Framework.INFO: 访问方法:index [] []
[2018-03-30 17:21:32] Rookie-Framework.DEBUG: 找不到控制器favicon.ico;文件地址：/wwwroot/daohang/app/Controller/favicon.icoController.php文件是否存在:0 [] []
[2018-03-30 17:22:35] Rookie-Framework.INFO: 访问控制器:\app\Controller\submerController [] []
[2018-03-30 17:22:35] Rookie-Framework.INFO: 访问方法:index [] []
[2018-03-30 17:22:36] Rookie-Framework.INFO: 访问控制器:\app\Controller\favicon.icoController [] []
[2018-03-30 17:22:36] Rookie-Framework.INFO: 访问方法:index [] []
[2018-03-30 17:22:36] Rookie-Framework.DEBUG: 找不到控制器favicon.ico;文件地址：/wwwroot/daohang/app/Controller/favicon.icoController.php文件是否存在:0 [] []
[2018-03-30 17:22:57] Rookie-Framework.INFO: 访问控制器:\app\Controller\submerController [] []
[2018-03-30 17:22:57] Rookie-Framework.INFO: 访问方法:index [] []
[2018-03-30 17:22:57] Rookie-Framework.INFO: 访问控制器:\app\Controller\favicon.icoController [] []
[2018-03-30 17:22:57] Rookie-Framework.INFO: 访问方法:index [] []
[2018-03-30 17:22:57] Rookie-Framework.DEBUG: 找不到控制器favicon.ico;文件地址：/wwwroot/daohang/app/Controller/favicon.icoController.php文件是否存在:0 [] []
[2018-03-30 17:23:11] Rookie-Framework.INFO: 访问控制器:\app\Controller\submerController [] []
[2018-03-30 17:23:11] Rookie-Framework.INFO: 访问方法:index [] []
[2018-03-30 17:23:12] Rookie-Framework.INFO: 访问控制器:\app\Controller\favicon.icoController [] []
[2018-03-30 17:23:12] Rookie-Framework.INFO: 访问方法:index [] []
[2018-03-30 17:23:12] Rookie-Framework.DEBUG: 找不到控制器favicon.ico;文件地址：/wwwroot/daohang/app/Controller/favicon.icoController.php文件是否存在:0 [] []
[2018-03-30 17:23:37] Rookie-Framework.INFO: 访问控制器:\app\Controller\submerController [] []
[2018-03-30 17:23:37] Rookie-Framework.INFO: 访问方法:index [] []
[2018-03-30 17:23:37] Rookie-Framework.INFO: 解析模板文件--/wwwroot/daohang/app/viewadmin.index [] []
[2018-03-30 17:23:38] Rookie-Framework.INFO: 访问控制器:\app\Controller\submerController [] []
[2018-03-30 17:23:38] Rookie-Framework.INFO: 访问方法:welcome [] []
[2018-03-30 17:23:38] Rookie-Framework.INFO: 解析模板文件--/wwwroot/daohang/app/viewadmin.welcome [] []
[2018-03-30 17:23:38] Rookie-Framework.INFO: 访问控制器:\app\Controller\favicon.icoController [] []
[2018-03-30 17:23:38] Rookie-Framework.INFO: 访问方法:index [] []
[2018-03-30 17:23:38] Rookie-Framework.DEBUG: 找不到控制器favicon.ico;文件地址：/wwwroot/daohang/app/Controller/favicon.icoController.php文件是否存在:0 [] []
[2018-03-30 17:23:41] Rookie-Framework.INFO: 访问控制器:\app\Controller\submerController [] []
[2018-03-30 17:23:41] Rookie-Framework.INFO: 访问方法:links_sort [] []
[2018-03-30 17:23:41] Rookie-Framework.INFO: 解析模板文件--/wwwroot/daohang/app/viewadmin.linksort [] []
[2018-03-30 17:23:46] Rookie-Framework.INFO: 访问控制器:\app\Controller\submerApiController [] []
[2018-03-30 17:23:46] Rookie-Framework.INFO: 访问方法:delSort [] []
[2018-03-30 17:23:52] Rookie-Framework.INFO: 访问控制器:\app\Controller\submerController [] []
[2018-03-30 17:23:52] Rookie-Framework.INFO: 访问方法:index [] []
[2018-03-30 17:23:52] Rookie-Framework.INFO: 访问控制器:\app\Controller\favicon.icoController [] []
[2018-03-30 17:23:52] Rookie-Framework.INFO: 访问方法:index [] []
[2018-03-30 17:23:52] Rookie-Framework.DEBUG: 找不到控制器favicon.ico;文件地址：/wwwroot/daohang/app/Controller/favicon.icoController.php文件是否存在:0 [] []
[2018-03-30 17:24:31] Rookie-Framework.INFO: 访问控制器:\app\Controller\submerController [] []
[2018-03-30 17:24:31] Rookie-Framework.INFO: 访问方法:index [] []
[2018-03-30 17:24:31] Rookie-Framework.INFO: 解析模板文件--/wwwroot/daohang/app/viewadmin.index [] []
[2018-03-30 17:24:32] Rookie-Framework.INFO: 访问控制器:\app\Controller\submerController [] []
[2018-03-30 17:24:32] Rookie-Framework.INFO: 访问方法:welcome [] []
[2018-03-30 17:24:32] Rookie-Framework.INFO: 解析模板文件--/wwwroot/daohang/app/viewadmin.welcome [] []
[2018-03-30 17:24:32] Rookie-Framework.INFO: 访问控制器:\app\Controller\favicon.icoController [] []
[2018-03-30 17:24:32] Rookie-Framework.INFO: 访问方法:index [] []
[2018-03-30 17:24:32] Rookie-Framework.DEBUG: 找不到控制器favicon.ico;文件地址：/wwwroot/daohang/app/Controller/favicon.icoController.php文件是否存在:0 [] []
[2018-03-30 17:24:35] Rookie-Framework.INFO: 访问控制器:\app\Controller\submerController [] []
[2018-03-30 17:24:35] Rookie-Framework.INFO: 访问方法:links_sort [] []
[2018-03-30 17:24:35] Rookie-Framework.INFO: 解析模板文件--/wwwroot/daohang/app/viewadmin.linksort [] []
[2018-03-30 17:24:36] Rookie-Framework.INFO: 访问控制器:\app\Controller\submerController [] []
[2018-03-30 17:24:36] Rookie-Framework.INFO: 访问方法:link_sort_add [] []
[2018-03-30 17:24:36] Rookie-Framework.INFO: 解析模板文件--/wwwroot/daohang/app/viewadmin.linksortadd [] []
[2018-03-30 17:24:39] Rookie-Framework.INFO: 访问控制器:\app\Controller\submerApiController [] []
[2018-03-30 17:24:39] Rookie-Framework.INFO: 访问方法:addSort [] []
[2018-03-30 17:24:41] Rookie-Framework.INFO: 访问控制器:\app\Controller\submerController [] []
[2018-03-30 17:24:41] Rookie-Framework.INFO: 访问方法:index [] []
[2018-03-30 17:24:42] Rookie-Framework.INFO: 访问控制器:\app\Controller\favicon.icoController [] []
[2018-03-30 17:24:42] Rookie-Framework.INFO: 访问方法:index [] []
[2018-03-30 17:24:42] Rookie-Framework.DEBUG: 找不到控制器favicon.ico;文件地址：/wwwroot/daohang/app/Controller/favicon.icoController.php文件是否存在:0 [] []
[2018-03-30 17:27:30] Rookie-Framework.INFO: 访问控制器:\app\Controller\submerController [] []
[2018-03-30 17:27:30] Rookie-Framework.INFO: 访问方法:index [] []
[2018-03-30 17:27:30] Rookie-Framework.INFO: 解析模板文件--/wwwroot/daohang/app/viewadmin.index [] []
[2018-03-30 17:27:31] Rookie-Framework.INFO: 访问控制器:\app\Controller\submerController [] []
[2018-03-30 17:27:31] Rookie-Framework.INFO: 访问方法:welcome [] []
[2018-03-30 17:27:31] Rookie-Framework.INFO: 解析模板文件--/wwwroot/daohang/app/viewadmin.welcome [] []
[2018-03-30 17:27:31] Rookie-Framework.INFO: 访问控制器:\app\Controller\favicon.icoController [] []
[2018-03-30 17:27:31] Rookie-Framework.INFO: 访问方法:index [] []
[2018-03-30 17:27:31] Rookie-Framework.DEBUG: 找不到控制器favicon.ico;文件地址：/wwwroot/daohang/app/Controller/favicon.icoController.php文件是否存在:0 [] []
[2018-03-30 17:27:36] Rookie-Framework.INFO: 访问控制器:\app\Controller\submerController [] []
[2018-03-30 17:27:36] Rookie-Framework.INFO: 访问方法:links [] []
[2018-03-30 17:27:36] Rookie-Framework.INFO: 解析模板文件--/wwwroot/daohang/app/viewadmin.link [] []
[2018-03-30 17:28:46] Rookie-Framework.INFO: 访问控制器:\app\Controller\submerController [] []
[2018-03-30 17:28:46] Rookie-Framework.INFO: 访问方法:links [] []
[2018-03-30 17:28:46] Rookie-Framework.INFO: 解析模板文件--/wwwroot/daohang/app/viewadmin.link [] []
[2018-03-30 17:28:47] Rookie-Framework.INFO: 访问控制器:\app\Controller\submerController [] []
[2018-03-30 17:28:47] Rookie-Framework.INFO: 访问方法:links_add [] []
[2018-03-30 17:28:47] Rookie-Framework.INFO: 解析模板文件--/wwwroot/daohang/app/viewadmin.linksadd [] []
[2018-03-30 17:29:10] Rookie-Framework.INFO: 访问控制器:\app\Controller\submerApiController [] []
[2018-03-30 17:29:10] Rookie-Framework.INFO: 访问方法:linksAdd [] []
[2018-03-30 17:29:21] Rookie-Framework.INFO: 访问控制器:\app\Controller\submerApiController [] []
[2018-03-30 17:29:21] Rookie-Framework.INFO: 访问方法:linksAdd [] []
[2018-03-30 17:30:10] Rookie-Framework.INFO: 访问控制器:\app\Controller\submerApiController [] []
[2018-03-30 17:30:10] Rookie-Framework.INFO: 访问方法:linksAdd [] []
[2018-03-30 17:31:10] Rookie-Framework.INFO: 访问控制器:\app\Controller\submerApiController [] []
[2018-03-30 17:31:10] Rookie-Framework.INFO: 访问方法:linksAdd [] []
[2018-03-30 17:31:30] Rookie-Framework.INFO: 访问控制器:\app\Controller\submerApiController [] []
[2018-03-30 17:31:30] Rookie-Framework.INFO: 访问方法:linksAdd [] []
[2018-03-30 17:33:17] Rookie-Framework.INFO: 访问控制器:\app\Controller\submerApiController [] []
[2018-03-30 17:33:17] Rookie-Framework.INFO: 访问方法:linksAdd [] []
[2018-03-30 17:34:27] Rookie-Framework.INFO: 访问控制器:\app\Controller\submerApiController [] []
[2018-03-30 17:34:27] Rookie-Framework.INFO: 访问方法:linksAdd [] []
[2018-03-30 17:34:59] Rookie-Framework.INFO: 访问控制器:\app\Controller\submerController [] []
[2018-03-30 17:34:59] Rookie-Framework.INFO: 访问方法:links [] []
[2018-03-30 17:34:59] Rookie-Framework.INFO: 解析模板文件--/wwwroot/daohang/app/viewadmin.link [] []
[2018-03-30 17:35:01] Rookie-Framework.INFO: 访问控制器:\app\Controller\submerController [] []
[2018-03-30 17:35:01] Rookie-Framework.INFO: 访问方法:links_add [] []
[2018-03-30 17:35:01] Rookie-Framework.INFO: 解析模板文件--/wwwroot/daohang/app/viewadmin.linksadd [] []
[2018-03-30 17:35:12] Rookie-Framework.INFO: 访问控制器:\app\Controller\submerApiController [] []
[2018-03-30 17:35:12] Rookie-Framework.INFO: 访问方法:linksAdd [] []
[2018-03-30 17:35:18] Rookie-Framework.INFO: 访问控制器:\app\Controller\submerController [] []
[2018-03-30 17:35:18] Rookie-Framework.INFO: 访问方法:links [] []
[2018-03-30 17:35:18] Rookie-Framework.INFO: 解析模板文件--/wwwroot/daohang/app/viewadmin.link [] []
[2018-03-30 17:35:19] Rookie-Framework.INFO: 访问控制器:\app\Controller\submerController [] []
[2018-03-30 17:35:19] Rookie-Framework.INFO: 访问方法:links_add [] []
[2018-03-30 17:35:19] Rookie-Framework.INFO: 解析模板文件--/wwwroot/daohang/app/viewadmin.linksadd [] []
[2018-03-30 17:35:27] Rookie-Framework.INFO: 访问控制器:\app\Controller\submerController [] []
[2018-03-30 17:35:27] Rookie-Framework.INFO: 访问方法:links [] []
[2018-03-30 17:35:27] Rookie-Framework.INFO: 解析模板文件--/wwwroot/daohang/app/viewadmin.link [] []
[2018-03-30 17:35:32] Rookie-Framework.INFO: 访问控制器:\app\Controller\submerController [] []
[2018-03-30 17:35:32] Rookie-Framework.INFO: 访问方法:links_add [] []
[2018-03-30 17:35:32] Rookie-Framework.INFO: 解析模板文件--/wwwroot/daohang/app/viewadmin.linksadd [] []
[2018-03-30 17:35:40] Rookie-Framework.INFO: 访问控制器:\app\Controller\submerApiController [] []
[2018-03-30 17:35:40] Rookie-Framework.INFO: 访问方法:linksAdd [] []
[2018-03-30 17:38:57] Rookie-Framework.INFO: 访问控制器:\app\Controller\submerController [] []
[2018-03-30 17:38:57] Rookie-Framework.INFO: 访问方法:links_sort [] []
[2018-03-30 17:38:57] Rookie-Framework.INFO: 解析模板文件--/wwwroot/daohang/app/viewadmin.linksort [] []
[2018-03-30 17:39:20] Rookie-Framework.INFO: 访问控制器:\app\Controller\submerController [] []
[2018-03-30 17:39:20] Rookie-Framework.INFO: 访问方法:links [] []
[2018-03-30 17:39:20] Rookie-Framework.INFO: 解析模板文件--/wwwroot/daohang/app/viewadmin.link [] []
[2018-03-30 17:39:26] Rookie-Framework.INFO: 访问控制器:\app\Controller\submerApiController [] []
[2018-03-30 17:39:26] Rookie-Framework.INFO: 访问方法:delLinks [] []
[2018-03-30 17:39:28] Rookie-Framework.INFO: 访问控制器:\app\Controller\submerController [] []
[2018-03-30 17:39:28] Rookie-Framework.INFO: 访问方法:links_add [] []
[2018-03-30 17:39:28] Rookie-Framework.INFO: 解析模板文件--/wwwroot/daohang/app/viewadmin.linksadd [] []
[2018-03-30 17:39:45] Rookie-Framework.INFO: 访问控制器:\app\Controller\submerApiController [] []
[2018-03-30 17:39:45] Rookie-Framework.INFO: 访问方法:linksAdd [] []
[2018-03-30 17:40:03] Rookie-Framework.INFO: 访问控制器:\app\Controller\submerApiController [] []
[2018-03-30 17:40:03] Rookie-Framework.INFO: 访问方法:linksAdd [] []
[2018-03-30 17:40:16] Rookie-Framework.INFO: 访问控制器:\app\Controller\submerApiController [] []
[2018-03-30 17:40:16] Rookie-Framework.INFO: 访问方法:linksAdd [] []
[2018-03-30 17:41:02] Rookie-Framework.INFO: 访问控制器:\app\Controller\submerApiController [] []
[2018-03-30 17:41:02] Rookie-Framework.INFO: 访问方法:linksAdd [] []
[2018-03-30 17:41:06] Rookie-Framework.INFO: 访问控制器:\app\Controller\submerController [] []
[2018-03-30 17:41:06] Rookie-Framework.INFO: 访问方法:links [] []
[2018-03-30 17:41:06] Rookie-Framework.INFO: 解析模板文件--/wwwroot/daohang/app/viewadmin.link [] []
[2018-03-30 17:41:10] Rookie-Framework.INFO: 访问控制器:\app\Controller\submerController [] []
[2018-03-30 17:41:10] Rookie-Framework.INFO: 访问方法:links [] []
[2018-03-30 17:41:10] Rookie-Framework.INFO: 解析模板文件--/wwwroot/daohang/app/viewadmin.link [] []
[2018-03-30 17:41:12] Rookie-Framework.INFO: 访问控制器:\app\Controller\submerController [] []
[2018-03-30 17:41:12] Rookie-Framework.INFO: 访问方法:links_add [] []
[2018-03-30 17:41:12] Rookie-Framework.INFO: 解析模板文件--/wwwroot/daohang/app/viewadmin.linksadd [] []
[2018-03-30 17:41:22] Rookie-Framework.INFO: 访问控制器:\app\Controller\submerApiController [] []
[2018-03-30 17:41:22] Rookie-Framework.INFO: 访问方法:linksAdd [] []
[2018-03-30 17:41:53] Rookie-Framework.INFO: 访问控制器:\app\Controller\indexController [] []
[2018-03-30 17:41:53] Rookie-Framework.INFO: 访问方法:createindex [] []
[2018-03-30 17:41:53] Rookie-Framework.INFO: 解析模板文件--/wwwroot/daohang/app/viewindex.index [] []
[2018-03-30 17:41:53] Rookie-Framework.INFO: 访问控制器:\app\Controller\favicon.icoController [] []
[2018-03-30 17:41:53] Rookie-Framework.INFO: 访问方法:index [] []
[2018-03-30 17:41:53] Rookie-Framework.DEBUG: 找不到控制器favicon.ico;文件地址：/wwwroot/daohang/app/Controller/favicon.icoController.php文件是否存在:0 [] []
[2018-03-30 17:44:25] Rookie-Framework.INFO: 访问控制器:\app\Controller\indexController [] []
[2018-03-30 17:44:25] Rookie-Framework.INFO: 访问方法:createindex [] []
[2018-03-30 17:44:25] Rookie-Framework.INFO: 解析模板文件--/wwwroot/daohang/app/viewindex.index [] []
[2018-03-30 17:44:26] Rookie-Framework.INFO: 访问控制器:\app\Controller\favicon.icoController [] []
[2018-03-30 17:44:26] Rookie-Framework.INFO: 访问方法:index [] []
[2018-03-30 17:44:26] Rookie-Framework.DEBUG: 找不到控制器favicon.ico;文件地址：/wwwroot/daohang/app/Controller/favicon.icoController.php文件是否存在:0 [] []
[2018-03-30 17:44:33] Rookie-Framework.INFO: 访问控制器:\app\Controller\indexController [] []
[2018-03-30 17:44:33] Rookie-Framework.INFO: 访问方法:createindex [] []
[2018-03-30 17:44:33] Rookie-Framework.INFO: 解析模板文件--/wwwroot/daohang/app/viewindex.index [] []
[2018-03-30 17:44:35] Rookie-Framework.INFO: 访问控制器:\app\Controller\favicon.icoController [] []
[2018-03-30 17:44:35] Rookie-Framework.INFO: 访问方法:index [] []
[2018-03-30 17:44:35] Rookie-Framework.DEBUG: 找不到控制器favicon.ico;文件地址：/wwwroot/daohang/app/Controller/favicon.icoController.php文件是否存在:0 [] []
[2018-03-30 17:44:42] Rookie-Framework.INFO: 访问控制器:\app\Controller\indexController [] []
[2018-03-30 17:44:42] Rookie-Framework.INFO: 访问方法:createindex [] []
[2018-03-30 17:44:42] Rookie-Framework.INFO: 解析模板文件--/wwwroot/daohang/app/viewindex.index [] []
[2018-03-30 17:44:43] Rookie-Framework.INFO: 访问控制器:\app\Controller\favicon.icoController [] []
[2018-03-30 17:44:43] Rookie-Framework.INFO: 访问方法:index [] []
[2018-03-30 17:44:43] Rookie-Framework.DEBUG: 找不到控制器favicon.ico;文件地址：/wwwroot/daohang/app/Controller/favicon.icoController.php文件是否存在:0 [] []
[2018-03-30 17:44:49] Rookie-Framework.INFO: 访问控制器:\app\Controller\indexController [] []
[2018-03-30 17:44:49] Rookie-Framework.INFO: 访问方法:createindex [] []
[2018-03-30 17:44:49] Rookie-Framework.INFO: 解析模板文件--/wwwroot/daohang/app/viewindex.index [] []
[2018-03-30 17:44:50] Rookie-Framework.INFO: 访问控制器:\app\Controller\favicon.icoController [] []
[2018-03-30 17:44:50] Rookie-Framework.INFO: 访问方法:index [] []
[2018-03-30 17:44:50] Rookie-Framework.DEBUG: 找不到控制器favicon.ico;文件地址：/wwwroot/daohang/app/Controller/favicon.icoController.php文件是否存在:0 [] []
[2018-03-30 17:44:51] Rookie-Framework.INFO: 访问控制器:\app\Controller\indexController [] []
[2018-03-30 17:44:51] Rookie-Framework.INFO: 访问方法:createindex [] []
[2018-03-30 17:44:51] Rookie-Framework.INFO: 解析模板文件--/wwwroot/daohang/app/viewindex.index [] []
[2018-03-30 17:44:52] Rookie-Framework.INFO: 访问控制器:\app\Controller\favicon.icoController [] []
[2018-03-30 17:44:52] Rookie-Framework.INFO: 访问方法:index [] []
[2018-03-30 17:44:52] Rookie-Framework.DEBUG: 找不到控制器favicon.ico;文件地址：/wwwroot/daohang/app/Controller/favicon.icoController.php文件是否存在:0 [] []
[2018-03-30 17:44:52] Rookie-Framework.INFO: 访问控制器:\app\Controller\indexController [] []
[2018-03-30 17:44:52] Rookie-Framework.INFO: 访问方法:createindex [] []
[2018-03-30 17:44:52] Rookie-Framework.INFO: 解析模板文件--/wwwroot/daohang/app/viewindex.index [] []
[2018-03-30 17:44:53] Rookie-Framework.INFO: 访问控制器:\app\Controller\favicon.icoController [] []
[2018-03-30 17:44:53] Rookie-Framework.INFO: 访问方法:index [] []
[2018-03-30 17:44:53] Rookie-Framework.DEBUG: 找不到控制器favicon.ico;文件地址：/wwwroot/daohang/app/Controller/favicon.icoController.php文件是否存在:0 [] []
[2018-03-30 17:44:54] Rookie-Framework.INFO: 访问控制器:\app\Controller\indexController [] []
[2018-03-30 17:44:54] Rookie-Framework.INFO: 访问方法:createindex [] []
[2018-03-30 17:44:54] Rookie-Framework.INFO: 解析模板文件--/wwwroot/daohang/app/viewindex.index [] []
[2018-03-30 17:44:55] Rookie-Framework.INFO: 访问控制器:\app\Controller\favicon.icoController [] []
[2018-03-30 17:44:55] Rookie-Framework.INFO: 访问方法:index [] []
[2018-03-30 17:44:55] Rookie-Framework.DEBUG: 找不到控制器favicon.ico;文件地址：/wwwroot/daohang/app/Controller/favicon.icoController.php文件是否存在:0 [] []
[2018-03-30 17:45:09] Rookie-Framework.INFO: 访问控制器:\app\Controller\indexController [] []
[2018-03-30 17:45:09] Rookie-Framework.INFO: 访问方法:createindex [] []
[2018-03-30 17:45:09] Rookie-Framework.INFO: 解析模板文件--/wwwroot/daohang/app/viewindex.index [] []
[2018-03-30 17:45:10] Rookie-Framework.INFO: 访问控制器:\app\Controller\favicon.icoController [] []
[2018-03-30 17:45:10] Rookie-Framework.INFO: 访问方法:index [] []
[2018-03-30 17:45:10] Rookie-Framework.DEBUG: 找不到控制器favicon.ico;文件地址：/wwwroot/daohang/app/Controller/favicon.icoController.php文件是否存在:0 [] []
[2018-03-30 17:48:29] Rookie-Framework.INFO: 访问控制器:\app\Controller\submerController [] []
[2018-03-30 17:48:29] Rookie-Framework.INFO: 访问方法:system [] []
[2018-03-30 17:48:29] Rookie-Framework.INFO: 解析模板文件--/wwwroot/daohang/app/viewadmin.system [] []
[2018-03-30 17:51:44] Rookie-Framework.INFO: 访问控制器:\app\Controller\submerController [] []
[2018-03-30 17:51:44] Rookie-Framework.INFO: 访问方法:system [] []
[2018-03-30 17:51:45] Rookie-Framework.INFO: 解析模板文件--/wwwroot/daohang/app/viewadmin.system [] []
[2018-03-30 17:55:57] Rookie-Framework.INFO: 访问控制器:\app\Controller\submerController [] []
[2018-03-30 17:55:57] Rookie-Framework.INFO: 访问方法:system [] []
[2018-03-30 17:55:57] Rookie-Framework.INFO: 解析模板文件--/wwwroot/daohang/app/viewadmin.system [] []
[2018-03-30 17:56:17] Rookie-Framework.INFO: 访问控制器:\app\Controller\submerApiController [] []
[2018-03-30 17:56:17] Rookie-Framework.INFO: 访问方法:saveSystem [] []
[2018-03-30 17:56:20] Rookie-Framework.INFO: 访问控制器:\app\Controller\submerController [] []
[2018-03-30 17:56:20] Rookie-Framework.INFO: 访问方法:system [] []
[2018-03-30 17:56:20] Rookie-Framework.INFO: 解析模板文件--/wwwroot/daohang/app/viewadmin.system [] []
[2018-03-30 17:57:38] Rookie-Framework.INFO: 访问控制器:\app\Controller\indexController [] []
[2018-03-30 17:57:38] Rookie-Framework.INFO: 访问方法:createindex [] []
[2018-03-30 17:57:38] Rookie-Framework.INFO: 解析模板文件--/wwwroot/daohang/app/viewindex.index [] []
[2018-03-30 17:57:39] Rookie-Framework.INFO: 访问控制器:\app\Controller\favicon.icoController [] []
[2018-03-30 17:57:39] Rookie-Framework.INFO: 访问方法:index [] []
[2018-03-30 17:57:39] Rookie-Framework.DEBUG: 找不到控制器favicon.ico;文件地址：/wwwroot/daohang/app/Controller/favicon.icoController.php文件是否存在:0 [] []
[2018-03-30 17:57:40] Rookie-Framework.INFO: 访问控制器:\app\Controller\indexController [] []
[2018-03-30 17:57:40] Rookie-Framework.INFO: 访问方法:createindex [] []
[2018-03-30 17:57:40] Rookie-Framework.INFO: 解析模板文件--/wwwroot/daohang/app/viewindex.index [] []
[2018-03-30 17:57:41] Rookie-Framework.INFO: 访问控制器:\app\Controller\favicon.icoController [] []
[2018-03-30 17:57:41] Rookie-Framework.INFO: 访问方法:index [] []
[2018-03-30 17:57:41] Rookie-Framework.DEBUG: 找不到控制器favicon.ico;文件地址：/wwwroot/daohang/app/Controller/favicon.icoController.php文件是否存在:0 [] []
[2018-03-30 17:57:42] Rookie-Framework.INFO: 访问控制器:\app\Controller\indexController [] []
[2018-03-30 17:57:42] Rookie-Framework.INFO: 访问方法:createindex [] []
[2018-03-30 17:57:42] Rookie-Framework.INFO: 解析模板文件--/wwwroot/daohang/app/viewindex.index [] []
[2018-03-30 17:57:42] Rookie-Framework.INFO: 访问控制器:\app\Controller\favicon.icoController [] []
[2018-03-30 17:57:42] Rookie-Framework.INFO: 访问方法:index [] []
[2018-03-30 17:57:42] Rookie-Framework.DEBUG: 找不到控制器favicon.ico;文件地址：/wwwroot/daohang/app/Controller/favicon.icoController.php文件是否存在:0 [] []
[2018-03-30 17:58:27] Rookie-Framework.INFO: 访问控制器:\app\Controller\indexController [] []
[2018-03-30 17:58:27] Rookie-Framework.INFO: 访问方法:createindex [] []
[2018-03-30 17:58:27] Rookie-Framework.INFO: 解析模板文件--/wwwroot/daohang/app/viewindex.index [] []
[2018-03-30 17:58:28] Rookie-Framework.INFO: 访问控制器:\app\Controller\favicon.icoController [] []
[2018-03-30 17:58:28] Rookie-Framework.INFO: 访问方法:index [] []
[2018-03-30 17:58:28] Rookie-Framework.DEBUG: 找不到控制器favicon.ico;文件地址：/wwwroot/daohang/app/Controller/favicon.icoController.php文件是否存在:0 [] []
[2018-03-30 17:58:55] Rookie-Framework.INFO: 访问控制器:\app\Controller\indexController [] []
[2018-03-30 17:58:55] Rookie-Framework.INFO: 访问方法:createindex [] []
[2018-03-30 17:58:56] Rookie-Framework.INFO: 解析模板文件--/wwwroot/daohang/app/viewindex.index [] []
[2018-03-30 17:58:57] Rookie-Framework.INFO: 访问控制器:\app\Controller\favicon.icoController [] []
[2018-03-30 17:58:57] Rookie-Framework.INFO: 访问方法:index [] []
[2018-03-30 17:58:57] Rookie-Framework.DEBUG: 找不到控制器favicon.ico;文件地址：/wwwroot/daohang/app/Controller/favicon.icoController.php文件是否存在:0 [] []
[2018-03-30 17:58:58] Rookie-Framework.INFO: 访问控制器:\app\Controller\indexController [] []
[2018-03-30 17:58:58] Rookie-Framework.INFO: 访问方法:createindex [] []
[2018-03-30 17:58:58] Rookie-Framework.INFO: 解析模板文件--/wwwroot/daohang/app/viewindex.index [] []
[2018-03-30 17:58:59] Rookie-Framework.INFO: 访问控制器:\app\Controller\indexController [] []
[2018-03-30 17:58:59] Rookie-Framework.INFO: 访问方法:createindex [] []
[2018-03-30 17:58:59] Rookie-Framework.INFO: 解析模板文件--/wwwroot/daohang/app/viewindex.index [] []
[2018-03-30 17:59:01] Rookie-Framework.INFO: 访问控制器:\app\Controller\favicon.icoController [] []
[2018-03-30 17:59:01] Rookie-Framework.INFO: 访问方法:index [] []
[2018-03-30 17:59:01] Rookie-Framework.DEBUG: 找不到控制器favicon.ico;文件地址：/wwwroot/daohang/app/Controller/favicon.icoController.php文件是否存在:0 [] []
[2018-03-30 17:59:16] Rookie-Framework.INFO: 访问控制器:\app\Controller\indexController [] []
[2018-03-30 17:59:16] Rookie-Framework.INFO: 访问方法:createindex [] []
[2018-03-30 17:59:16] Rookie-Framework.INFO: 解析模板文件--/wwwroot/daohang/app/viewindex.index [] []
[2018-03-30 17:59:18] Rookie-Framework.INFO: 访问控制器:\app\Controller\favicon.icoController [] []
[2018-03-30 17:59:18] Rookie-Framework.INFO: 访问方法:index [] []
[2018-03-30 17:59:18] Rookie-Framework.DEBUG: 找不到控制器favicon.ico;文件地址：/wwwroot/daohang/app/Controller/favicon.icoController.php文件是否存在:0 [] []
[2018-03-30 17:59:28] Rookie-Framework.INFO: 访问控制器:\app\Controller\indexController [] []
[2018-03-30 17:59:28] Rookie-Framework.INFO: 访问方法:createindex [] []
[2018-03-30 17:59:29] Rookie-Framework.INFO: 访问控制器:\app\Controller\favicon.icoController [] []
[2018-03-30 17:59:29] Rookie-Framework.INFO: 访问方法:index [] []
[2018-03-30 17:59:29] Rookie-Framework.DEBUG: 找不到控制器favicon.ico;文件地址：/wwwroot/daohang/app/Controller/favicon.icoController.php文件是否存在:0 [] []
[2018-03-30 17:59:35] Rookie-Framework.INFO: 访问控制器:\app\Controller\indexController [] []
[2018-03-30 17:59:35] Rookie-Framework.INFO: 访问方法:createindex [] []
[2018-03-30 17:59:35] Rookie-Framework.INFO: 解析模板文件--/wwwroot/daohang/app/viewindex.index [] []
[2018-03-30 17:59:35] Rookie-Framework.INFO: 访问控制器:\app\Controller\favicon.icoController [] []
[2018-03-30 17:59:35] Rookie-Framework.INFO: 访问方法:index [] []
[2018-03-30 17:59:35] Rookie-Framework.DEBUG: 找不到控制器favicon.ico;文件地址：/wwwroot/daohang/app/Controller/favicon.icoController.php文件是否存在:0 [] []
[2018-03-30 18:00:14] Rookie-Framework.INFO: 访问控制器:\app\Controller\submerController [] []
[2018-03-30 18:00:14] Rookie-Framework.INFO: 访问方法:system [] []
[2018-03-30 18:00:14] Rookie-Framework.INFO: 解析模板文件--/wwwroot/daohang/app/viewadmin.system [] []
[2018-03-30 18:00:20] Rookie-Framework.INFO: 访问控制器:\app\Controller\submerApiController [] []
[2018-03-30 18:00:20] Rookie-Framework.INFO: 访问方法:saveSystem [] []
[2018-03-30 18:00:23] Rookie-Framework.INFO: 访问控制器:\app\Controller\indexController [] []
[2018-03-30 18:00:23] Rookie-Framework.INFO: 访问方法:createindex [] []
[2018-03-30 18:00:23] Rookie-Framework.INFO: 解析模板文件--/wwwroot/daohang/app/viewindex.index [] []
[2018-03-30 18:00:24] Rookie-Framework.INFO: 访问控制器:\app\Controller\favicon.icoController [] []
[2018-03-30 18:00:24] Rookie-Framework.INFO: 访问方法:index [] []
[2018-03-30 18:00:24] Rookie-Framework.DEBUG: 找不到控制器favicon.ico;文件地址：/wwwroot/daohang/app/Controller/favicon.icoController.php文件是否存在:0 [] []
