[2018-03-29 21:20:55] Rookie-Framework.INFO: 访问控制器:\app\Controller\indexController [] []
[2018-03-29 21:20:55] Rookie-Framework.INFO: 访问方法:createindex [] []
[2018-03-29 21:20:55] Rookie-Framework.INFO: 解析模板文件--/wwwroot/daohang/app/viewindex.index [] []
[2018-03-29 21:20:56] Rookie-Framework.INFO: 访问控制器:\app\Controller\favicon.icoController [] []
[2018-03-29 21:20:56] Rookie-Framework.INFO: 访问方法:index [] []
[2018-03-29 21:20:56] Rookie-Framework.DEBUG: 找不到控制器favicon.ico;文件地址：/wwwroot/daohang/app/Controller/favicon.icoController.php文件是否存在:0 [] []
[2018-03-29 21:24:46] Rookie-Framework.INFO: 访问控制器:\app\Controller\indexController [] []
[2018-03-29 21:24:46] Rookie-Framework.INFO: 访问方法:createindex [] []
[2018-03-29 21:24:46] Rookie-Framework.INFO: 解析模板文件--/wwwroot/daohang/app/viewindex.index [] []
[2018-03-29 21:24:46] Rookie-Framework.INFO: 访问控制器:\app\Controller\favicon.icoController [] []
[2018-03-29 21:24:46] Rookie-Framework.INFO: 访问方法:index [] []
[2018-03-29 21:24:46] Rookie-Framework.DEBUG: 找不到控制器favicon.ico;文件地址：/wwwroot/daohang/app/Controller/favicon.icoController.php文件是否存在:0 [] []
[2018-03-29 21:24:59] Rookie-Framework.INFO: 访问控制器:\app\Controller\indexController [] []
[2018-03-29 21:24:59] Rookie-Framework.INFO: 访问方法:createindex [] []
[2018-03-29 21:24:59] Rookie-Framework.INFO: 解析模板文件--/wwwroot/daohang/app/viewindex.index [] []
[2018-03-29 21:25:00] Rookie-Framework.INFO: 访问控制器:\app\Controller\favicon.icoController [] []
[2018-03-29 21:25:00] Rookie-Framework.INFO: 访问方法:index [] []
[2018-03-29 21:25:00] Rookie-Framework.DEBUG: 找不到控制器favicon.ico;文件地址：/wwwroot/daohang/app/Controller/favicon.icoController.php文件是否存在:0 [] []
[2018-03-29 21:25:08] Rookie-Framework.INFO: 访问控制器:\app\Controller\indexController [] []
[2018-03-29 21:25:08] Rookie-Framework.INFO: 访问方法:createindex [] []
[2018-03-29 21:25:08] Rookie-Framework.INFO: 解析模板文件--/wwwroot/daohang/app/viewindex.index [] []
[2018-03-29 21:25:08] Rookie-Framework.INFO: 访问控制器:\app\Controller\favicon.icoController [] []
[2018-03-29 21:25:08] Rookie-Framework.INFO: 访问方法:index [] []
[2018-03-29 21:25:08] Rookie-Framework.DEBUG: 找不到控制器favicon.ico;文件地址：/wwwroot/daohang/app/Controller/favicon.icoController.php文件是否存在:0 [] []
[2018-03-29 21:25:11] Rookie-Framework.INFO: 访问控制器:\app\Controller\indexController [] []
[2018-03-29 21:25:11] Rookie-Framework.INFO: 访问方法:createindex [] []
[2018-03-29 21:25:11] Rookie-Framework.INFO: 解析模板文件--/wwwroot/daohang/app/viewindex.index [] []
[2018-03-29 21:25:12] Rookie-Framework.INFO: 访问控制器:\app\Controller\favicon.icoController [] []
[2018-03-29 21:25:12] Rookie-Framework.INFO: 访问方法:index [] []
[2018-03-29 21:25:12] Rookie-Framework.DEBUG: 找不到控制器favicon.ico;文件地址：/wwwroot/daohang/app/Controller/favicon.icoController.php文件是否存在:0 [] []
[2018-03-29 21:25:18] Rookie-Framework.INFO: 访问控制器:\app\Controller\indexController [] []
[2018-03-29 21:25:18] Rookie-Framework.INFO: 访问方法:createindex [] []
[2018-03-29 21:25:18] Rookie-Framework.INFO: 解析模板文件--/wwwroot/daohang/app/viewindex.index [] []
[2018-03-29 21:25:18] Rookie-Framework.INFO: 访问控制器:\app\Controller\favicon.icoController [] []
[2018-03-29 21:25:18] Rookie-Framework.INFO: 访问方法:index [] []
[2018-03-29 21:25:18] Rookie-Framework.DEBUG: 找不到控制器favicon.ico;文件地址：/wwwroot/daohang/app/Controller/favicon.icoController.php文件是否存在:0 [] []
