[2018-03-26 15:00:34] Rookie-Framework.INFO: 访问控制器:\app\Controller\indexController [] []
[2018-03-26 15:00:34] Rookie-Framework.INFO: 访问方法:index [] []
[2018-03-26 15:00:34] Rookie-Framework.INFO: 解析模板文件--/wwwroot/daohang/app/viewindex.index [] []
[2018-03-26 15:00:34] Rookie-Framework.INFO: 访问控制器:\app\Controller\favicon.icoController [] []
[2018-03-26 15:00:34] Rookie-Framework.INFO: 访问方法:index [] []
[2018-03-26 15:00:34] Rookie-Framework.DEBUG: 找不到控制器favicon.ico;文件地址：/wwwroot/daohang/app/Controller/favicon.icoController.php文件是否存在:0 [] []
[2018-03-26 15:00:48] Rookie-Framework.INFO: 访问控制器:\app\Controller\indexController [] []
[2018-03-26 15:00:48] Rookie-Framework.INFO: 访问方法:index [] []
[2018-03-26 15:00:48] Rookie-Framework.INFO: 解析模板文件--/wwwroot/daohang/app/viewindex.index [] []
[2018-03-26 15:00:49] Rookie-Framework.INFO: 访问控制器:\app\Controller\favicon.icoController [] []
[2018-03-26 15:00:49] Rookie-Framework.INFO: 访问方法:index [] []
[2018-03-26 15:00:49] Rookie-Framework.DEBUG: 找不到控制器favicon.ico;文件地址：/wwwroot/daohang/app/Controller/favicon.icoController.php文件是否存在:0 [] []
[2018-03-26 15:00:57] Rookie-Framework.INFO: 访问控制器:\app\Controller\indexController [] []
[2018-03-26 15:00:57] Rookie-Framework.INFO: 访问方法:index [] []
[2018-03-26 15:00:58] Rookie-Framework.INFO: 解析模板文件--/wwwroot/daohang/app/viewindex.index [] []
[2018-03-26 15:00:59] Rookie-Framework.INFO: 访问控制器:\app\Controller\favicon.icoController [] []
[2018-03-26 15:00:59] Rookie-Framework.INFO: 访问方法:index [] []
[2018-03-26 15:00:59] Rookie-Framework.DEBUG: 找不到控制器favicon.ico;文件地址：/wwwroot/daohang/app/Controller/favicon.icoController.php文件是否存在:0 [] []
[2018-03-26 15:01:06] Rookie-Framework.INFO: 访问控制器:\app\Controller\indexController [] []
[2018-03-26 15:01:06] Rookie-Framework.INFO: 访问方法:index [] []
[2018-03-26 15:01:06] Rookie-Framework.INFO: 访问控制器:\app\Controller\favicon.icoController [] []
[2018-03-26 15:01:06] Rookie-Framework.INFO: 访问方法:index [] []
[2018-03-26 15:01:06] Rookie-Framework.DEBUG: 找不到控制器favicon.ico;文件地址：/wwwroot/daohang/app/Controller/favicon.icoController.php文件是否存在:0 [] []
[2018-03-26 15:01:20] Rookie-Framework.INFO: 访问控制器:\app\Controller\indexController [] []
[2018-03-26 15:01:20] Rookie-Framework.INFO: 访问方法:index [] []
[2018-03-26 15:01:20] Rookie-Framework.INFO: 解析模板文件--/wwwroot/daohang/app/viewindex.index [] []
[2018-03-26 15:01:21] Rookie-Framework.INFO: 访问控制器:\app\Controller\favicon.icoController [] []
[2018-03-26 15:01:21] Rookie-Framework.INFO: 访问方法:index [] []
[2018-03-26 15:01:21] Rookie-Framework.DEBUG: 找不到控制器favicon.ico;文件地址：/wwwroot/daohang/app/Controller/favicon.icoController.php文件是否存在:0 [] []
[2018-03-26 15:01:29] Rookie-Framework.INFO: 访问控制器:\app\Controller\indexController [] []
[2018-03-26 15:01:29] Rookie-Framework.INFO: 访问方法:index [] []
[2018-03-26 15:01:29] Rookie-Framework.INFO: 解析模板文件--/wwwroot/daohang/app/viewindex.index [] []
[2018-03-26 15:01:30] Rookie-Framework.INFO: 访问控制器:\app\Controller\favicon.icoController [] []
[2018-03-26 15:01:30] Rookie-Framework.INFO: 访问方法:index [] []
[2018-03-26 15:01:30] Rookie-Framework.DEBUG: 找不到控制器favicon.ico;文件地址：/wwwroot/daohang/app/Controller/favicon.icoController.php文件是否存在:0 [] []
[2018-03-26 15:01:31] Rookie-Framework.INFO: 访问控制器:\app\Controller\indexController [] []
[2018-03-26 15:01:31] Rookie-Framework.INFO: 访问方法:index [] []
[2018-03-26 15:01:31] Rookie-Framework.INFO: 解析模板文件--/wwwroot/daohang/app/viewindex.index [] []
[2018-03-26 15:01:32] Rookie-Framework.INFO: 访问控制器:\app\Controller\favicon.icoController [] []
[2018-03-26 15:01:32] Rookie-Framework.INFO: 访问方法:index [] []
[2018-03-26 15:01:32] Rookie-Framework.DEBUG: 找不到控制器favicon.ico;文件地址：/wwwroot/daohang/app/Controller/favicon.icoController.php文件是否存在:0 [] []
[2018-03-26 15:01:32] Rookie-Framework.INFO: 访问控制器:\app\Controller\indexController [] []
[2018-03-26 15:01:32] Rookie-Framework.INFO: 访问方法:index [] []
[2018-03-26 15:01:32] Rookie-Framework.INFO: 解析模板文件--/wwwroot/daohang/app/viewindex.index [] []
[2018-03-26 15:01:33] Rookie-Framework.INFO: 访问控制器:\app\Controller\favicon.icoController [] []
[2018-03-26 15:01:33] Rookie-Framework.INFO: 访问方法:index [] []
[2018-03-26 15:01:33] Rookie-Framework.DEBUG: 找不到控制器favicon.ico;文件地址：/wwwroot/daohang/app/Controller/favicon.icoController.php文件是否存在:0 [] []
[2018-03-26 15:01:33] Rookie-Framework.INFO: 访问控制器:\app\Controller\indexController [] []
[2018-03-26 15:01:33] Rookie-Framework.INFO: 访问方法:index [] []
[2018-03-26 15:01:33] Rookie-Framework.INFO: 解析模板文件--/wwwroot/daohang/app/viewindex.index [] []
[2018-03-26 15:01:34] Rookie-Framework.INFO: 访问控制器:\app\Controller\favicon.icoController [] []
[2018-03-26 15:01:34] Rookie-Framework.INFO: 访问方法:index [] []
[2018-03-26 15:01:34] Rookie-Framework.DEBUG: 找不到控制器favicon.ico;文件地址：/wwwroot/daohang/app/Controller/favicon.icoController.php文件是否存在:0 [] []
[2018-03-26 15:01:46] Rookie-Framework.INFO: 访问控制器:\app\Controller\indexController [] []
[2018-03-26 15:01:46] Rookie-Framework.INFO: 访问方法:index [] []
[2018-03-26 15:01:46] Rookie-Framework.INFO: 访问控制器:\app\Controller\favicon.icoController [] []
[2018-03-26 15:01:46] Rookie-Framework.INFO: 访问方法:index [] []
[2018-03-26 15:01:46] Rookie-Framework.DEBUG: 找不到控制器favicon.ico;文件地址：/wwwroot/daohang/app/Controller/favicon.icoController.php文件是否存在:0 [] []
[2018-03-26 15:01:50] Rookie-Framework.INFO: 访问控制器:\app\Controller\indexController [] []
[2018-03-26 15:01:50] Rookie-Framework.INFO: 访问方法:index [] []
[2018-03-26 15:01:50] Rookie-Framework.INFO: 解析模板文件--/wwwroot/daohang/app/viewindex.index [] []
[2018-03-26 15:01:51] Rookie-Framework.INFO: 访问控制器:\app\Controller\favicon.icoController [] []
[2018-03-26 15:01:51] Rookie-Framework.INFO: 访问方法:index [] []
[2018-03-26 15:01:51] Rookie-Framework.DEBUG: 找不到控制器favicon.ico;文件地址：/wwwroot/daohang/app/Controller/favicon.icoController.php文件是否存在:0 [] []
[2018-03-26 15:01:52] Rookie-Framework.INFO: 访问控制器:\app\Controller\indexController [] []
[2018-03-26 15:01:52] Rookie-Framework.INFO: 访问方法:index [] []
[2018-03-26 15:01:52] Rookie-Framework.INFO: 解析模板文件--/wwwroot/daohang/app/viewindex.index [] []
[2018-03-26 15:01:52] Rookie-Framework.INFO: 访问控制器:\app\Controller\favicon.icoController [] []
[2018-03-26 15:01:52] Rookie-Framework.INFO: 访问方法:index [] []
[2018-03-26 15:01:52] Rookie-Framework.DEBUG: 找不到控制器favicon.ico;文件地址：/wwwroot/daohang/app/Controller/favicon.icoController.php文件是否存在:0 [] []
[2018-03-26 15:02:05] Rookie-Framework.INFO: 访问控制器:\app\Controller\shoulu.htmlController [] []
[2018-03-26 15:02:05] Rookie-Framework.INFO: 访问方法:index [] []
[2018-03-26 15:02:05] Rookie-Framework.DEBUG: 找不到控制器shoulu.html;文件地址：/wwwroot/daohang/app/Controller/shoulu.htmlController.php文件是否存在:0 [] []
[2018-03-26 15:02:06] Rookie-Framework.INFO: 访问控制器:\app\Controller\favicon.icoController [] []
[2018-03-26 15:02:06] Rookie-Framework.INFO: 访问方法:index [] []
[2018-03-26 15:02:06] Rookie-Framework.DEBUG: 找不到控制器favicon.ico;文件地址：/wwwroot/daohang/app/Controller/favicon.icoController.php文件是否存在:0 [] []
[2018-03-26 15:12:29] Rookie-Framework.INFO: 访问控制器:\app\Controller\indexController [] []
[2018-03-26 15:12:29] Rookie-Framework.INFO: 访问方法:index [] []
[2018-03-26 15:12:29] Rookie-Framework.INFO: 解析模板文件--/wwwroot/daohang/app/viewindex.index [] []
[2018-03-26 15:12:29] Rookie-Framework.INFO: 访问控制器:\app\Controller\favicon.icoController [] []
[2018-03-26 15:12:29] Rookie-Framework.INFO: 访问方法:index [] []
[2018-03-26 15:12:29] Rookie-Framework.DEBUG: 找不到控制器favicon.ico;文件地址：/wwwroot/daohang/app/Controller/favicon.icoController.php文件是否存在:0 [] []
[2018-03-26 15:14:36] Rookie-Framework.INFO: 访问控制器:\app\Controller\indexController [] []
[2018-03-26 15:14:36] Rookie-Framework.INFO: 访问方法:signIn [] []
[2018-03-26 15:14:36] Rookie-Framework.INFO: 解析模板文件--/wwwroot/daohang/app/viewindex.signin [] []
[2018-03-26 15:14:37] Rookie-Framework.INFO: 访问控制器:\app\Controller\favicon.icoController [] []
[2018-03-26 15:14:37] Rookie-Framework.INFO: 访问方法:index [] []
[2018-03-26 15:14:37] Rookie-Framework.DEBUG: 找不到控制器favicon.ico;文件地址：/wwwroot/daohang/app/Controller/favicon.icoController.php文件是否存在:0 [] []
[2018-03-26 15:15:01] Rookie-Framework.INFO: 访问控制器:\app\Controller\indexController [] []
[2018-03-26 15:15:01] Rookie-Framework.INFO: 访问方法:signIn [] []
[2018-03-26 15:15:01] Rookie-Framework.INFO: 解析模板文件--/wwwroot/daohang/app/viewindex.signin [] []
[2018-03-26 15:15:02] Rookie-Framework.INFO: 访问控制器:\app\Controller\indexController [] []
[2018-03-26 15:15:02] Rookie-Framework.INFO: 访问方法:favicon.ico [] []
[2018-03-26 15:15:04] Rookie-Framework.INFO: 访问控制器:\app\Controller\indexController [] []
[2018-03-26 15:15:04] Rookie-Framework.INFO: 访问方法:index [] []
[2018-03-26 15:15:04] Rookie-Framework.INFO: 解析模板文件--/wwwroot/daohang/app/viewindex.index [] []
[2018-03-26 15:15:05] Rookie-Framework.INFO: 访问控制器:\app\Controller\favicon.icoController [] []
[2018-03-26 15:15:05] Rookie-Framework.INFO: 访问方法:index [] []
[2018-03-26 15:15:05] Rookie-Framework.DEBUG: 找不到控制器favicon.ico;文件地址：/wwwroot/daohang/app/Controller/favicon.icoController.php文件是否存在:0 [] []
[2018-03-26 15:15:09] Rookie-Framework.INFO: 访问控制器:\app\Controller\indexController [] []
[2018-03-26 15:15:09] Rookie-Framework.INFO: 访问方法:signIn [] []
[2018-03-26 15:15:09] Rookie-Framework.INFO: 解析模板文件--/wwwroot/daohang/app/viewindex.signin [] []
[2018-03-26 15:15:09] Rookie-Framework.INFO: 访问控制器:\app\Controller\indexController [] []
[2018-03-26 15:15:09] Rookie-Framework.INFO: 访问方法:favicon.ico [] []
[2018-03-26 15:15:48] Rookie-Framework.INFO: 访问控制器:\app\Controller\indexController [] []
[2018-03-26 15:15:48] Rookie-Framework.INFO: 访问方法:signIn [] []
[2018-03-26 15:15:48] Rookie-Framework.INFO: 解析模板文件--/wwwroot/daohang/app/viewindex.signin [] []
[2018-03-26 15:15:49] Rookie-Framework.INFO: 访问控制器:\app\Controller\indexController [] []
[2018-03-26 15:15:49] Rookie-Framework.INFO: 访问方法:favicon.ico [] []
[2018-03-26 15:16:14] Rookie-Framework.INFO: 访问控制器:\app\Controller\indexController [] []
[2018-03-26 15:16:14] Rookie-Framework.INFO: 访问方法:signIn [] []
[2018-03-26 15:16:14] Rookie-Framework.INFO: 解析模板文件--/wwwroot/daohang/app/viewindex.signin [] []
[2018-03-26 15:16:15] Rookie-Framework.INFO: 访问控制器:\app\Controller\favicon.icoController [] []
[2018-03-26 15:16:15] Rookie-Framework.INFO: 访问方法:index [] []
[2018-03-26 15:16:15] Rookie-Framework.DEBUG: 找不到控制器favicon.ico;文件地址：/wwwroot/daohang/app/Controller/favicon.icoController.php文件是否存在:0 [] []
[2018-03-26 15:16:19] Rookie-Framework.INFO: 访问控制器:\app\Controller\indexController [] []
[2018-03-26 15:16:19] Rookie-Framework.INFO: 访问方法:signIn [] []
[2018-03-26 15:16:19] Rookie-Framework.INFO: 解析模板文件--/wwwroot/daohang/app/viewindex.signin [] []
[2018-03-26 15:16:19] Rookie-Framework.INFO: 访问控制器:\app\Controller\indexController [] []
[2018-03-26 15:16:19] Rookie-Framework.INFO: 访问方法:favicon.ico [] []
[2018-03-26 15:18:51] Rookie-Framework.INFO: 访问控制器:\app\Controller\indexController [] []
[2018-03-26 15:18:51] Rookie-Framework.INFO: 访问方法:index [] []
[2018-03-26 15:18:51] Rookie-Framework.INFO: 解析模板文件--/wwwroot/daohang/app/viewindex.index [] []
[2018-03-26 15:18:51] Rookie-Framework.INFO: 访问控制器:\app\Controller\favicon.icoController [] []
[2018-03-26 15:18:51] Rookie-Framework.INFO: 访问方法:index [] []
[2018-03-26 15:18:51] Rookie-Framework.DEBUG: 找不到控制器favicon.ico;文件地址：/wwwroot/daohang/app/Controller/favicon.icoController.php文件是否存在:0 [] []
[2018-03-26 15:21:51] Rookie-Framework.INFO: 访问控制器:\app\Controller\shoulu.htmlController [] []
[2018-03-26 15:21:51] Rookie-Framework.INFO: 访问方法:index [] []
[2018-03-26 15:21:51] Rookie-Framework.DEBUG: 找不到控制器shoulu.html;文件地址：/wwwroot/daohang/app/Controller/shoulu.htmlController.php文件是否存在:0 [] []
[2018-03-26 15:21:52] Rookie-Framework.INFO: 访问控制器:\app\Controller\favicon.icoController [] []
[2018-03-26 15:21:52] Rookie-Framework.INFO: 访问方法:index [] []
[2018-03-26 15:21:52] Rookie-Framework.DEBUG: 找不到控制器favicon.ico;文件地址：/wwwroot/daohang/app/Controller/favicon.icoController.php文件是否存在:0 [] []
[2018-03-26 15:21:55] Rookie-Framework.INFO: 访问控制器:\app\Controller\indexController [] []
[2018-03-26 15:21:55] Rookie-Framework.INFO: 访问方法:signIn [] []
[2018-03-26 15:21:55] Rookie-Framework.INFO: 解析模板文件--/wwwroot/daohang/app/viewindex.signin [] []
[2018-03-26 15:21:56] Rookie-Framework.INFO: 访问控制器:\app\Controller\indexController [] []
[2018-03-26 15:21:56] Rookie-Framework.INFO: 访问方法:favicon.ico [] []
[2018-03-26 15:22:00] Rookie-Framework.INFO: 访问控制器:\app\Controller\indexController [] []
[2018-03-26 15:22:00] Rookie-Framework.INFO: 访问方法:index [] []
[2018-03-26 15:22:00] Rookie-Framework.INFO: 解析模板文件--/wwwroot/daohang/app/viewindex.index [] []
[2018-03-26 15:22:01] Rookie-Framework.INFO: 访问控制器:\app\Controller\favicon.icoController [] []
[2018-03-26 15:22:01] Rookie-Framework.INFO: 访问方法:index [] []
[2018-03-26 15:22:01] Rookie-Framework.DEBUG: 找不到控制器favicon.ico;文件地址：/wwwroot/daohang/app/Controller/favicon.icoController.php文件是否存在:0 [] []
[2018-03-26 15:27:56] Rookie-Framework.INFO: 访问控制器:\app\Controller\submerController [] []
[2018-03-26 15:27:56] Rookie-Framework.INFO: 访问方法:index [] []
[2018-03-26 15:27:56] Rookie-Framework.INFO: 解析模板文件--/wwwroot/daohang/app/viewadmin.index [] []
[2018-03-26 15:27:57] Rookie-Framework.INFO: 访问控制器:\app\Controller\submerController [] []
[2018-03-26 15:27:57] Rookie-Framework.INFO: 访问方法:welcome [] []
[2018-03-26 15:27:57] Rookie-Framework.INFO: 解析模板文件--/wwwroot/daohang/app/viewadmin.welcome [] []
[2018-03-26 15:27:57] Rookie-Framework.INFO: 访问控制器:\app\Controller\favicon.icoController [] []
[2018-03-26 15:27:57] Rookie-Framework.INFO: 访问方法:index [] []
[2018-03-26 15:27:57] Rookie-Framework.DEBUG: 找不到控制器favicon.ico;文件地址：/wwwroot/daohang/app/Controller/favicon.icoController.php文件是否存在:0 [] []
[2018-03-26 15:27:59] Rookie-Framework.INFO: 访问控制器:\app\Controller\submerController [] []
[2018-03-26 15:27:59] Rookie-Framework.INFO: 访问方法:system [] []
[2018-03-26 15:27:59] Rookie-Framework.INFO: 解析模板文件--/wwwroot/daohang/app/viewadmin.system [] []
[2018-03-26 15:28:17] Rookie-Framework.INFO: 访问控制器:\app\Controller\submerController [] []
[2018-03-26 15:28:17] Rookie-Framework.INFO: 访问方法:system [] []
[2018-03-26 15:28:17] Rookie-Framework.INFO: 解析模板文件--/wwwroot/daohang/app/viewadmin.system [] []
[2018-03-26 15:28:18] Rookie-Framework.INFO: 访问控制器:\app\Controller\favicon.icoController [] []
[2018-03-26 15:28:18] Rookie-Framework.INFO: 访问方法:index [] []
[2018-03-26 15:28:18] Rookie-Framework.DEBUG: 找不到控制器favicon.ico;文件地址：/wwwroot/daohang/app/Controller/favicon.icoController.php文件是否存在:0 [] []
[2018-03-26 15:28:25] Rookie-Framework.INFO: 访问控制器:\app\Controller\submerController [] []
[2018-03-26 15:28:25] Rookie-Framework.INFO: 访问方法:system [] []
[2018-03-26 15:28:25] Rookie-Framework.INFO: 解析模板文件--/wwwroot/daohang/app/viewadmin.system [] []
[2018-03-26 15:28:26] Rookie-Framework.INFO: 访问控制器:\app\Controller\favicon.icoController [] []
[2018-03-26 15:28:26] Rookie-Framework.INFO: 访问方法:index [] []
[2018-03-26 15:28:26] Rookie-Framework.DEBUG: 找不到控制器favicon.ico;文件地址：/wwwroot/daohang/app/Controller/favicon.icoController.php文件是否存在:0 [] []
[2018-03-26 15:28:27] Rookie-Framework.INFO: 访问控制器:\app\Controller\submerController [] []
[2018-03-26 15:28:27] Rookie-Framework.INFO: 访问方法:system [] []
[2018-03-26 15:28:27] Rookie-Framework.INFO: 解析模板文件--/wwwroot/daohang/app/viewadmin.system [] []
[2018-03-26 15:28:28] Rookie-Framework.INFO: 访问控制器:\app\Controller\favicon.icoController [] []
[2018-03-26 15:28:28] Rookie-Framework.INFO: 访问方法:index [] []
[2018-03-26 15:28:28] Rookie-Framework.DEBUG: 找不到控制器favicon.ico;文件地址：/wwwroot/daohang/app/Controller/favicon.icoController.php文件是否存在:0 [] []
[2018-03-26 15:33:11] Rookie-Framework.INFO: 访问控制器:\app\Controller\submerController [] []
[2018-03-26 15:33:11] Rookie-Framework.INFO: 访问方法:system [] []
[2018-03-26 15:33:11] Rookie-Framework.INFO: 解析模板文件--/wwwroot/daohang/app/viewadmin.system [] []
[2018-03-26 15:33:12] Rookie-Framework.INFO: 访问控制器:\app\Controller\favicon.icoController [] []
[2018-03-26 15:33:12] Rookie-Framework.INFO: 访问方法:index [] []
[2018-03-26 15:33:12] Rookie-Framework.DEBUG: 找不到控制器favicon.ico;文件地址：/wwwroot/daohang/app/Controller/favicon.icoController.php文件是否存在:0 [] []
[2018-03-26 15:33:17] Rookie-Framework.INFO: 访问控制器:\app\Controller\submerController [] []
[2018-03-26 15:33:17] Rookie-Framework.INFO: 访问方法:system [] []
[2018-03-26 15:33:17] Rookie-Framework.INFO: 解析模板文件--/wwwroot/daohang/app/viewadmin.system [] []
[2018-03-26 15:36:54] Rookie-Framework.INFO: 访问控制器:\app\Controller\submerController [] []
[2018-03-26 15:36:54] Rookie-Framework.INFO: 访问方法:system [] []
[2018-03-26 15:36:54] Rookie-Framework.INFO: 解析模板文件--/wwwroot/daohang/app/viewadmin.system [] []
[2018-03-26 15:36:55] Rookie-Framework.INFO: 访问控制器:\app\Controller\favicon.icoController [] []
[2018-03-26 15:36:55] Rookie-Framework.INFO: 访问方法:index [] []
[2018-03-26 15:36:55] Rookie-Framework.DEBUG: 找不到控制器favicon.ico;文件地址：/wwwroot/daohang/app/Controller/favicon.icoController.php文件是否存在:0 [] []
[2018-03-26 15:37:02] Rookie-Framework.INFO: 访问控制器:\app\Controller\submerController [] []
[2018-03-26 15:37:02] Rookie-Framework.INFO: 访问方法:system [] []
[2018-03-26 15:37:02] Rookie-Framework.INFO: 解析模板文件--/wwwroot/daohang/app/viewadmin.system [] []
[2018-03-26 15:37:03] Rookie-Framework.INFO: 访问控制器:\app\Controller\favicon.icoController [] []
[2018-03-26 15:37:03] Rookie-Framework.INFO: 访问方法:index [] []
[2018-03-26 15:37:03] Rookie-Framework.DEBUG: 找不到控制器favicon.ico;文件地址：/wwwroot/daohang/app/Controller/favicon.icoController.php文件是否存在:0 [] []
[2018-03-26 15:37:04] Rookie-Framework.INFO: 访问控制器:\app\Controller\submerController [] []
[2018-03-26 15:37:04] Rookie-Framework.INFO: 访问方法:system [] []
[2018-03-26 15:37:04] Rookie-Framework.INFO: 解析模板文件--/wwwroot/daohang/app/viewadmin.system [] []
[2018-03-26 15:37:05] Rookie-Framework.INFO: 访问控制器:\app\Controller\favicon.icoController [] []
[2018-03-26 15:37:05] Rookie-Framework.INFO: 访问方法:index [] []
[2018-03-26 15:37:05] Rookie-Framework.DEBUG: 找不到控制器favicon.ico;文件地址：/wwwroot/daohang/app/Controller/favicon.icoController.php文件是否存在:0 [] []
[2018-03-26 15:37:05] Rookie-Framework.INFO: 访问控制器:\app\Controller\submerController [] []
[2018-03-26 15:37:05] Rookie-Framework.INFO: 访问方法:system [] []
[2018-03-26 15:37:05] Rookie-Framework.INFO: 解析模板文件--/wwwroot/daohang/app/viewadmin.system [] []
[2018-03-26 15:37:06] Rookie-Framework.INFO: 访问控制器:\app\Controller\favicon.icoController [] []
[2018-03-26 15:37:06] Rookie-Framework.INFO: 访问方法:index [] []
[2018-03-26 15:37:06] Rookie-Framework.DEBUG: 找不到控制器favicon.ico;文件地址：/wwwroot/daohang/app/Controller/favicon.icoController.php文件是否存在:0 [] []
[2018-03-26 15:37:06] Rookie-Framework.INFO: 访问控制器:\app\Controller\submerController [] []
[2018-03-26 15:37:06] Rookie-Framework.INFO: 访问方法:system [] []
[2018-03-26 15:37:06] Rookie-Framework.INFO: 解析模板文件--/wwwroot/daohang/app/viewadmin.system [] []
[2018-03-26 15:37:06] Rookie-Framework.INFO: 访问控制器:\app\Controller\favicon.icoController [] []
[2018-03-26 15:37:06] Rookie-Framework.INFO: 访问方法:index [] []
[2018-03-26 15:37:06] Rookie-Framework.DEBUG: 找不到控制器favicon.ico;文件地址：/wwwroot/daohang/app/Controller/favicon.icoController.php文件是否存在:0 [] []
[2018-03-26 15:37:07] Rookie-Framework.INFO: 访问控制器:\app\Controller\submerController [] []
[2018-03-26 15:37:07] Rookie-Framework.INFO: 访问方法:system [] []
[2018-03-26 15:37:07] Rookie-Framework.INFO: 解析模板文件--/wwwroot/daohang/app/viewadmin.system [] []
[2018-03-26 15:37:07] Rookie-Framework.INFO: 访问控制器:\app\Controller\favicon.icoController [] []
[2018-03-26 15:37:07] Rookie-Framework.INFO: 访问方法:index [] []
[2018-03-26 15:37:07] Rookie-Framework.DEBUG: 找不到控制器favicon.ico;文件地址：/wwwroot/daohang/app/Controller/favicon.icoController.php文件是否存在:0 [] []
[2018-03-26 15:37:08] Rookie-Framework.INFO: 访问控制器:\app\Controller\submerController [] []
[2018-03-26 15:37:08] Rookie-Framework.INFO: 访问方法:system [] []
[2018-03-26 15:37:08] Rookie-Framework.INFO: 解析模板文件--/wwwroot/daohang/app/viewadmin.system [] []
[2018-03-26 15:37:08] Rookie-Framework.INFO: 访问控制器:\app\Controller\favicon.icoController [] []
[2018-03-26 15:37:08] Rookie-Framework.INFO: 访问方法:index [] []
[2018-03-26 15:37:08] Rookie-Framework.DEBUG: 找不到控制器favicon.ico;文件地址：/wwwroot/daohang/app/Controller/favicon.icoController.php文件是否存在:0 [] []
[2018-03-26 15:37:09] Rookie-Framework.INFO: 访问控制器:\app\Controller\submerController [] []
[2018-03-26 15:37:09] Rookie-Framework.INFO: 访问方法:system [] []
[2018-03-26 15:37:09] Rookie-Framework.INFO: 解析模板文件--/wwwroot/daohang/app/viewadmin.system [] []
[2018-03-26 15:37:09] Rookie-Framework.INFO: 访问控制器:\app\Controller\favicon.icoController [] []
[2018-03-26 15:37:09] Rookie-Framework.INFO: 访问方法:index [] []
[2018-03-26 15:37:09] Rookie-Framework.DEBUG: 找不到控制器favicon.ico;文件地址：/wwwroot/daohang/app/Controller/favicon.icoController.php文件是否存在:0 [] []
[2018-03-26 15:37:10] Rookie-Framework.INFO: 访问控制器:\app\Controller\submerController [] []
[2018-03-26 15:37:10] Rookie-Framework.INFO: 访问方法:system [] []
[2018-03-26 15:37:10] Rookie-Framework.INFO: 解析模板文件--/wwwroot/daohang/app/viewadmin.system [] []
[2018-03-26 15:37:10] Rookie-Framework.INFO: 访问控制器:\app\Controller\favicon.icoController [] []
[2018-03-26 15:37:10] Rookie-Framework.INFO: 访问方法:index [] []
[2018-03-26 15:37:10] Rookie-Framework.DEBUG: 找不到控制器favicon.ico;文件地址：/wwwroot/daohang/app/Controller/favicon.icoController.php文件是否存在:0 [] []
[2018-03-26 15:37:11] Rookie-Framework.INFO: 访问控制器:\app\Controller\submerController [] []
[2018-03-26 15:37:11] Rookie-Framework.INFO: 访问方法:system [] []
[2018-03-26 15:37:11] Rookie-Framework.INFO: 解析模板文件--/wwwroot/daohang/app/viewadmin.system [] []
[2018-03-26 15:37:12] Rookie-Framework.INFO: 访问控制器:\app\Controller\favicon.icoController [] []
[2018-03-26 15:37:12] Rookie-Framework.INFO: 访问方法:index [] []
[2018-03-26 15:37:12] Rookie-Framework.DEBUG: 找不到控制器favicon.ico;文件地址：/wwwroot/daohang/app/Controller/favicon.icoController.php文件是否存在:0 [] []
[2018-03-26 15:37:13] Rookie-Framework.INFO: 访问控制器:\app\Controller\submerController [] []
[2018-03-26 15:37:13] Rookie-Framework.INFO: 访问方法:system [] []
[2018-03-26 15:37:13] Rookie-Framework.INFO: 解析模板文件--/wwwroot/daohang/app/viewadmin.system [] []
[2018-03-26 15:37:13] Rookie-Framework.INFO: 访问控制器:\app\Controller\favicon.icoController [] []
[2018-03-26 15:37:13] Rookie-Framework.INFO: 访问方法:index [] []
[2018-03-26 15:37:13] Rookie-Framework.DEBUG: 找不到控制器favicon.ico;文件地址：/wwwroot/daohang/app/Controller/favicon.icoController.php文件是否存在:0 [] []
[2018-03-26 15:37:14] Rookie-Framework.INFO: 访问控制器:\app\Controller\submerController [] []
[2018-03-26 15:37:14] Rookie-Framework.INFO: 访问方法:system [] []
[2018-03-26 15:37:14] Rookie-Framework.INFO: 解析模板文件--/wwwroot/daohang/app/viewadmin.system [] []
[2018-03-26 15:37:14] Rookie-Framework.INFO: 访问控制器:\app\Controller\favicon.icoController [] []
[2018-03-26 15:37:14] Rookie-Framework.INFO: 访问方法:index [] []
[2018-03-26 15:37:14] Rookie-Framework.DEBUG: 找不到控制器favicon.ico;文件地址：/wwwroot/daohang/app/Controller/favicon.icoController.php文件是否存在:0 [] []
[2018-03-26 15:37:14] Rookie-Framework.INFO: 访问控制器:\app\Controller\submerController [] []
[2018-03-26 15:37:14] Rookie-Framework.INFO: 访问方法:system [] []
[2018-03-26 15:37:14] Rookie-Framework.INFO: 解析模板文件--/wwwroot/daohang/app/viewadmin.system [] []
[2018-03-26 15:37:15] Rookie-Framework.INFO: 访问控制器:\app\Controller\favicon.icoController [] []
[2018-03-26 15:37:15] Rookie-Framework.INFO: 访问方法:index [] []
[2018-03-26 15:37:15] Rookie-Framework.DEBUG: 找不到控制器favicon.ico;文件地址：/wwwroot/daohang/app/Controller/favicon.icoController.php文件是否存在:0 [] []
[2018-03-26 15:40:36] Rookie-Framework.INFO: 访问控制器:\app\Controller\submerController [] []
[2018-03-26 15:40:36] Rookie-Framework.INFO: 访问方法:system [] []
[2018-03-26 15:40:37] Rookie-Framework.INFO: 访问控制器:\app\Controller\favicon.icoController [] []
[2018-03-26 15:40:37] Rookie-Framework.INFO: 访问方法:index [] []
[2018-03-26 15:40:37] Rookie-Framework.DEBUG: 找不到控制器favicon.ico;文件地址：/wwwroot/daohang/app/Controller/favicon.icoController.php文件是否存在:0 [] []
[2018-03-26 15:41:16] Rookie-Framework.INFO: 访问控制器:\app\Controller\submerController [] []
[2018-03-26 15:41:16] Rookie-Framework.INFO: 访问方法:system [] []
[2018-03-26 15:41:16] Rookie-Framework.INFO: 解析模板文件--/wwwroot/daohang/app/viewadmin.system [] []
[2018-03-26 15:41:17] Rookie-Framework.INFO: 访问控制器:\app\Controller\favicon.icoController [] []
[2018-03-26 15:41:17] Rookie-Framework.INFO: 访问方法:index [] []
[2018-03-26 15:41:17] Rookie-Framework.DEBUG: 找不到控制器favicon.ico;文件地址：/wwwroot/daohang/app/Controller/favicon.icoController.php文件是否存在:0 [] []
[2018-03-26 15:42:40] Rookie-Framework.INFO: 访问控制器:\app\Controller\submerController [] []
[2018-03-26 15:42:40] Rookie-Framework.INFO: 访问方法:system [] []
[2018-03-26 15:42:40] Rookie-Framework.INFO: 解析模板文件--/wwwroot/daohang/app/viewadmin.system [] []
[2018-03-26 15:42:41] Rookie-Framework.INFO: 访问控制器:\app\Controller\favicon.icoController [] []
[2018-03-26 15:42:41] Rookie-Framework.INFO: 访问方法:index [] []
[2018-03-26 15:42:41] Rookie-Framework.DEBUG: 找不到控制器favicon.ico;文件地址：/wwwroot/daohang/app/Controller/favicon.icoController.php文件是否存在:0 [] []
[2018-03-26 15:43:06] Rookie-Framework.INFO: 访问控制器:\app\Controller\submerController [] []
[2018-03-26 15:43:06] Rookie-Framework.INFO: 访问方法:system [] []
[2018-03-26 15:43:06] Rookie-Framework.INFO: 解析模板文件--/wwwroot/daohang/app/viewadmin.system [] []
[2018-03-26 15:43:07] Rookie-Framework.INFO: 访问控制器:\app\Controller\favicon.icoController [] []
[2018-03-26 15:43:07] Rookie-Framework.INFO: 访问方法:index [] []
[2018-03-26 15:43:07] Rookie-Framework.DEBUG: 找不到控制器favicon.ico;文件地址：/wwwroot/daohang/app/Controller/favicon.icoController.php文件是否存在:0 [] []
[2018-03-26 15:43:09] Rookie-Framework.INFO: 访问控制器:\app\Controller\submerController [] []
[2018-03-26 15:43:09] Rookie-Framework.INFO: 访问方法:system [] []
[2018-03-26 15:43:09] Rookie-Framework.INFO: 解析模板文件--/wwwroot/daohang/app/viewadmin.system [] []
[2018-03-26 15:43:09] Rookie-Framework.INFO: 访问控制器:\app\Controller\favicon.icoController [] []
[2018-03-26 15:43:09] Rookie-Framework.INFO: 访问方法:index [] []
[2018-03-26 15:43:09] Rookie-Framework.DEBUG: 找不到控制器favicon.ico;文件地址：/wwwroot/daohang/app/Controller/favicon.icoController.php文件是否存在:0 [] []
[2018-03-26 15:43:11] Rookie-Framework.INFO: 访问控制器:\app\Controller\submerController [] []
[2018-03-26 15:43:11] Rookie-Framework.INFO: 访问方法:system [] []
[2018-03-26 15:43:11] Rookie-Framework.INFO: 解析模板文件--/wwwroot/daohang/app/viewadmin.system [] []
[2018-03-26 15:43:11] Rookie-Framework.INFO: 访问控制器:\app\Controller\favicon.icoController [] []
[2018-03-26 15:43:11] Rookie-Framework.INFO: 访问方法:index [] []
[2018-03-26 15:43:11] Rookie-Framework.DEBUG: 找不到控制器favicon.ico;文件地址：/wwwroot/daohang/app/Controller/favicon.icoController.php文件是否存在:0 [] []
[2018-03-26 15:43:50] Rookie-Framework.INFO: 访问控制器:\app\Controller\submerController [] []
[2018-03-26 15:43:50] Rookie-Framework.INFO: 访问方法:system [] []
[2018-03-26 15:43:50] Rookie-Framework.INFO: 解析模板文件--/wwwroot/daohang/app/viewadmin.system [] []
[2018-03-26 15:43:50] Rookie-Framework.INFO: 访问控制器:\app\Controller\favicon.icoController [] []
[2018-03-26 15:43:50] Rookie-Framework.INFO: 访问方法:index [] []
[2018-03-26 15:43:50] Rookie-Framework.DEBUG: 找不到控制器favicon.ico;文件地址：/wwwroot/daohang/app/Controller/favicon.icoController.php文件是否存在:0 [] []
[2018-03-26 15:45:18] Rookie-Framework.INFO: 访问控制器:\app\Controller\submerController [] []
[2018-03-26 15:45:18] Rookie-Framework.INFO: 访问方法:system [] []
[2018-03-26 15:45:18] Rookie-Framework.INFO: 解析模板文件--/wwwroot/daohang/app/viewadmin.system [] []
[2018-03-26 15:45:19] Rookie-Framework.INFO: 访问控制器:\app\Controller\favicon.icoController [] []
[2018-03-26 15:45:19] Rookie-Framework.INFO: 访问方法:index [] []
[2018-03-26 15:45:19] Rookie-Framework.DEBUG: 找不到控制器favicon.ico;文件地址：/wwwroot/daohang/app/Controller/favicon.icoController.php文件是否存在:0 [] []
