[2018-03-26 12:01:34] Rookie-Framework.INFO: 访问控制器:\app\Controller\indexController [] []
[2018-03-26 12:01:34] Rookie-Framework.INFO: 访问方法:index [] []
[2018-03-26 12:01:34] Rookie-Framework.INFO: this is Log test [] []
[2018-03-26 12:01:34] Rookie-Framework.INFO: 解析模板文件--/wwwroot/daohang/app/viewindex.index [] []
[2018-03-26 12:01:35] Rookie-Framework.INFO: 访问控制器:\app\Controller\favicon.icoController [] []
[2018-03-26 12:01:35] Rookie-Framework.INFO: 访问方法:index [] []
[2018-03-26 12:01:35] Rookie-Framework.DEBUG: 找不到控制器favicon.ico;文件地址：/wwwroot/daohang/app/Controller/favicon.icoController.php文件是否存在:0 [] []
[2018-03-26 12:01:56] Rookie-Framework.INFO: 访问控制器:\app\Controller\favicon.icoController [] []
[2018-03-26 12:01:56] Rookie-Framework.INFO: 访问方法:index [] []
[2018-03-26 12:01:56] Rookie-Framework.DEBUG: 找不到控制器favicon.ico;文件地址：/wwwroot/daohang/app/Controller/favicon.icoController.php文件是否存在:0 [] []
[2018-03-26 12:04:11] Rookie-Framework.INFO: 访问控制器:\app\Controller\cdn-cgiController [] []
[2018-03-26 12:04:11] Rookie-Framework.INFO: 访问方法:l [] []
[2018-03-26 12:04:11] Rookie-Framework.DEBUG: 找不到控制器cdn-cgi;文件地址：/wwwroot/daohang/app/Controller/cdn-cgiController.php文件是否存在:0 [] []
[2018-03-26 12:04:12] Rookie-Framework.INFO: 访问控制器:\app\Controller\favicon.icoController [] []
[2018-03-26 12:04:12] Rookie-Framework.INFO: 访问方法:index [] []
[2018-03-26 12:04:12] Rookie-Framework.DEBUG: 找不到控制器favicon.ico;文件地址：/wwwroot/daohang/app/Controller/favicon.icoController.php文件是否存在:0 [] []
[2018-03-26 12:04:14] Rookie-Framework.INFO: 访问控制器:\app\Controller\indexController [] []
[2018-03-26 12:04:14] Rookie-Framework.INFO: 访问方法:index [] []
[2018-03-26 12:04:14] Rookie-Framework.INFO: this is Log test [] []
[2018-03-26 12:04:14] Rookie-Framework.INFO: 解析模板文件--/wwwroot/daohang/app/viewindex.index [] []
[2018-03-26 12:04:15] Rookie-Framework.INFO: 访问控制器:\app\Controller\favicon.icoController [] []
[2018-03-26 12:04:15] Rookie-Framework.INFO: 访问方法:index [] []
[2018-03-26 12:04:15] Rookie-Framework.DEBUG: 找不到控制器favicon.ico;文件地址：/wwwroot/daohang/app/Controller/favicon.icoController.php文件是否存在:0 [] []
[2018-03-26 12:08:20] Rookie-Framework.INFO: 访问控制器:\app\Controller\indexController [] []
[2018-03-26 12:08:20] Rookie-Framework.INFO: 访问方法:index [] []
[2018-03-26 12:08:20] Rookie-Framework.INFO: 解析模板文件--/wwwroot/daohang/app/viewindex.index [] []
[2018-03-26 12:08:20] Rookie-Framework.INFO: 访问控制器:\app\Controller\favicon.icoController [] []
[2018-03-26 12:08:20] Rookie-Framework.INFO: 访问方法:index [] []
[2018-03-26 12:08:20] Rookie-Framework.DEBUG: 找不到控制器favicon.ico;文件地址：/wwwroot/daohang/app/Controller/favicon.icoController.php文件是否存在:0 [] []
[2018-03-26 12:08:45] Rookie-Framework.INFO: 访问控制器:\app\Controller\indexController [] []
[2018-03-26 12:08:45] Rookie-Framework.INFO: 访问方法:index [] []
[2018-03-26 12:08:45] Rookie-Framework.INFO: 解析模板文件--/wwwroot/daohang/app/viewindex.index [] []
[2018-03-26 12:08:46] Rookie-Framework.INFO: 访问控制器:\app\Controller\favicon.icoController [] []
[2018-03-26 12:08:46] Rookie-Framework.INFO: 访问方法:index [] []
[2018-03-26 12:08:46] Rookie-Framework.DEBUG: 找不到控制器favicon.ico;文件地址：/wwwroot/daohang/app/Controller/favicon.icoController.php文件是否存在:0 [] []
[2018-03-26 12:08:51] Rookie-Framework.INFO: 访问控制器:\app\Controller\indexController [] []
[2018-03-26 12:08:51] Rookie-Framework.INFO: 访问方法:index [] []
[2018-03-26 12:08:51] Rookie-Framework.INFO: 解析模板文件--/wwwroot/daohang/app/viewindex.index [] []
[2018-03-26 12:08:52] Rookie-Framework.INFO: 访问控制器:\app\Controller\favicon.icoController [] []
[2018-03-26 12:08:52] Rookie-Framework.INFO: 访问方法:index [] []
[2018-03-26 12:08:52] Rookie-Framework.DEBUG: 找不到控制器favicon.ico;文件地址：/wwwroot/daohang/app/Controller/favicon.icoController.php文件是否存在:0 [] []
[2018-03-26 12:10:34] Rookie-Framework.INFO: 访问控制器:\app\Controller\indexController [] []
[2018-03-26 12:10:34] Rookie-Framework.INFO: 访问方法:index [] []
[2018-03-26 12:10:34] Rookie-Framework.INFO: 解析模板文件--/wwwroot/daohang/app/viewindex.index [] []
[2018-03-26 12:10:35] Rookie-Framework.INFO: 访问控制器:\app\Controller\favicon.icoController [] []
[2018-03-26 12:10:35] Rookie-Framework.INFO: 访问方法:index [] []
[2018-03-26 12:10:35] Rookie-Framework.DEBUG: 找不到控制器favicon.ico;文件地址：/wwwroot/daohang/app/Controller/favicon.icoController.php文件是否存在:0 [] []
[2018-03-26 12:17:32] Rookie-Framework.INFO: 访问控制器:\app\Controller\indexController [] []
[2018-03-26 12:17:32] Rookie-Framework.INFO: 访问方法:index [] []
[2018-03-26 12:17:32] Rookie-Framework.INFO: 解析模板文件--/wwwroot/daohang/app/viewindex.index [] []
[2018-03-26 12:17:33] Rookie-Framework.INFO: 访问控制器:\app\Controller\favicon.icoController [] []
[2018-03-26 12:17:33] Rookie-Framework.INFO: 访问方法:index [] []
[2018-03-26 12:17:33] Rookie-Framework.DEBUG: 找不到控制器favicon.ico;文件地址：/wwwroot/daohang/app/Controller/favicon.icoController.php文件是否存在:0 [] []
[2018-03-26 12:19:03] Rookie-Framework.INFO: 访问控制器:\app\Controller\indexController [] []
[2018-03-26 12:19:03] Rookie-Framework.INFO: 访问方法:index [] []
[2018-03-26 12:19:03] Rookie-Framework.INFO: 解析模板文件--/wwwroot/daohang/app/viewindex.index [] []
[2018-03-26 12:19:04] Rookie-Framework.INFO: 访问控制器:\app\Controller\favicon.icoController [] []
[2018-03-26 12:19:04] Rookie-Framework.INFO: 访问方法:index [] []
[2018-03-26 12:19:04] Rookie-Framework.DEBUG: 找不到控制器favicon.ico;文件地址：/wwwroot/daohang/app/Controller/favicon.icoController.php文件是否存在:0 [] []
[2018-03-26 12:19:48] Rookie-Framework.INFO: 访问控制器:\app\Controller\indexController [] []
[2018-03-26 12:19:48] Rookie-Framework.INFO: 访问方法:adminLoginPage [] []
[2018-03-26 12:19:48] Rookie-Framework.INFO: 解析模板文件--/wwwroot/daohang/app/viewadmin.login [] []
[2018-03-26 12:19:49] Rookie-Framework.INFO: 访问控制器:\app\Controller\favicon.icoController [] []
[2018-03-26 12:19:49] Rookie-Framework.INFO: 访问方法:index [] []
[2018-03-26 12:19:49] Rookie-Framework.DEBUG: 找不到控制器favicon.ico;文件地址：/wwwroot/daohang/app/Controller/favicon.icoController.php文件是否存在:0 [] []
[2018-03-26 12:19:57] Rookie-Framework.INFO: 访问控制器:\app\Controller\indexController [] []
[2018-03-26 12:19:57] Rookie-Framework.INFO: 访问方法:pushLogin [] []
[2018-03-26 12:20:02] Rookie-Framework.INFO: 访问控制器:\app\Controller\indexController [] []
[2018-03-26 12:20:02] Rookie-Framework.INFO: 访问方法:pushLogin [] []
[2018-03-26 12:20:02] Rookie-Framework.INFO: 访问控制器:\app\Controller\submerController [] []
[2018-03-26 12:20:02] Rookie-Framework.INFO: 访问方法:index [] []
[2018-03-26 12:20:02] Rookie-Framework.INFO: 解析模板文件--/wwwroot/daohang/app/viewadmin.index [] []
[2018-03-26 12:20:03] Rookie-Framework.INFO: 访问控制器:\app\Controller\submerController [] []
[2018-03-26 12:20:03] Rookie-Framework.INFO: 访问方法:welcome [] []
[2018-03-26 12:20:03] Rookie-Framework.INFO: 解析模板文件--/wwwroot/daohang/app/viewadmin.welcome [] []
[2018-03-26 12:20:03] Rookie-Framework.INFO: 访问控制器:\app\Controller\favicon.icoController [] []
[2018-03-26 12:20:03] Rookie-Framework.INFO: 访问方法:index [] []
[2018-03-26 12:20:03] Rookie-Framework.DEBUG: 找不到控制器favicon.ico;文件地址：/wwwroot/daohang/app/Controller/favicon.icoController.php文件是否存在:0 [] []
[2018-03-26 12:20:06] Rookie-Framework.INFO: 访问控制器:\app\Controller\submerController [] []
[2018-03-26 12:20:06] Rookie-Framework.INFO: 访问方法:links [] []
[2018-03-26 12:20:07] Rookie-Framework.INFO: 解析模板文件--/wwwroot/daohang/app/viewadmin.link [] []
[2018-03-26 12:20:08] Rookie-Framework.INFO: 访问控制器:\app\Controller\submerController [] []
[2018-03-26 12:20:08] Rookie-Framework.INFO: 访问方法:links_add [] []
[2018-03-26 12:20:08] Rookie-Framework.INFO: 解析模板文件--/wwwroot/daohang/app/viewadmin.linksadd [] []
[2018-03-26 12:20:14] Rookie-Framework.INFO: 访问控制器:\app\Controller\submerApiController [] []
[2018-03-26 12:20:14] Rookie-Framework.INFO: 访问方法:linksAdd [] []
[2018-03-26 12:20:17] Rookie-Framework.INFO: 访问控制器:\app\Controller\submerController [] []
[2018-03-26 12:20:17] Rookie-Framework.INFO: 访问方法:links_add [] []
[2018-03-26 12:20:17] Rookie-Framework.INFO: 解析模板文件--/wwwroot/daohang/app/viewadmin.linksadd [] []
[2018-03-26 12:20:24] Rookie-Framework.INFO: 访问控制器:\app\Controller\submerApiController [] []
[2018-03-26 12:20:24] Rookie-Framework.INFO: 访问方法:linksAdd [] []
[2018-03-26 12:20:27] Rookie-Framework.INFO: 访问控制器:\app\Controller\submerController [] []
[2018-03-26 12:20:27] Rookie-Framework.INFO: 访问方法:links [] []
[2018-03-26 12:20:27] Rookie-Framework.INFO: 解析模板文件--/wwwroot/daohang/app/viewadmin.link [] []
[2018-03-26 12:20:29] Rookie-Framework.INFO: 访问控制器:\app\Controller\submerController [] []
[2018-03-26 12:20:29] Rookie-Framework.INFO: 访问方法:links [] []
[2018-03-26 12:20:29] Rookie-Framework.INFO: 解析模板文件--/wwwroot/daohang/app/viewadmin.link [] []
[2018-03-26 12:20:31] Rookie-Framework.INFO: 访问控制器:\app\Controller\submerController [] []
[2018-03-26 12:20:31] Rookie-Framework.INFO: 访问方法:links_add [] []
[2018-03-26 12:20:31] Rookie-Framework.INFO: 解析模板文件--/wwwroot/daohang/app/viewadmin.linksadd [] []
[2018-03-26 12:20:33] Rookie-Framework.INFO: 访问控制器:\app\Controller\submerApiController [] []
[2018-03-26 12:20:33] Rookie-Framework.INFO: 访问方法:linksAdd [] []
[2018-03-26 12:20:35] Rookie-Framework.INFO: 访问控制器:\app\Controller\submerController [] []
[2018-03-26 12:20:35] Rookie-Framework.INFO: 访问方法:links [] []
[2018-03-26 12:20:35] Rookie-Framework.INFO: 解析模板文件--/wwwroot/daohang/app/viewadmin.link [] []
[2018-03-26 12:20:38] Rookie-Framework.INFO: 访问控制器:\app\Controller\indexController [] []
[2018-03-26 12:20:38] Rookie-Framework.INFO: 访问方法:index [] []
[2018-03-26 12:20:38] Rookie-Framework.INFO: 解析模板文件--/wwwroot/daohang/app/viewindex.index [] []
[2018-03-26 12:20:39] Rookie-Framework.INFO: 访问控制器:\app\Controller\favicon.icoController [] []
[2018-03-26 12:20:39] Rookie-Framework.INFO: 访问方法:index [] []
[2018-03-26 12:20:39] Rookie-Framework.DEBUG: 找不到控制器favicon.ico;文件地址：/wwwroot/daohang/app/Controller/favicon.icoController.php文件是否存在:0 [] []
[2018-03-26 12:24:56] Rookie-Framework.INFO: 访问控制器:\app\Controller\indexController [] []
[2018-03-26 12:24:56] Rookie-Framework.INFO: 访问方法:index [] []
[2018-03-26 12:24:57] Rookie-Framework.INFO: 访问控制器:\app\Controller\favicon.icoController [] []
[2018-03-26 12:24:57] Rookie-Framework.INFO: 访问方法:index [] []
[2018-03-26 12:24:57] Rookie-Framework.DEBUG: 找不到控制器favicon.ico;文件地址：/wwwroot/daohang/app/Controller/favicon.icoController.php文件是否存在:0 [] []
[2018-03-26 12:28:08] Rookie-Framework.INFO: 访问控制器:\app\Controller\indexController [] []
[2018-03-26 12:28:08] Rookie-Framework.INFO: 访问方法:index [] []
[2018-03-26 12:28:08] Rookie-Framework.INFO: 解析模板文件--/wwwroot/daohang/app/viewindex.index [] []
[2018-03-26 12:28:09] Rookie-Framework.INFO: 访问控制器:\app\Controller\favicon.icoController [] []
[2018-03-26 12:28:09] Rookie-Framework.INFO: 访问方法:index [] []
[2018-03-26 12:28:09] Rookie-Framework.DEBUG: 找不到控制器favicon.ico;文件地址：/wwwroot/daohang/app/Controller/favicon.icoController.php文件是否存在:0 [] []
[2018-03-26 12:28:35] Rookie-Framework.INFO: 访问控制器:\app\Controller\indexController [] []
[2018-03-26 12:28:35] Rookie-Framework.INFO: 访问方法:index [] []
[2018-03-26 12:28:36] Rookie-Framework.INFO: 访问控制器:\app\Controller\favicon.icoController [] []
[2018-03-26 12:28:36] Rookie-Framework.INFO: 访问方法:index [] []
[2018-03-26 12:28:36] Rookie-Framework.DEBUG: 找不到控制器favicon.ico;文件地址：/wwwroot/daohang/app/Controller/favicon.icoController.php文件是否存在:0 [] []
[2018-03-26 12:28:56] Rookie-Framework.INFO: 访问控制器:\app\Controller\indexController [] []
[2018-03-26 12:28:56] Rookie-Framework.INFO: 访问方法:index [] []
[2018-03-26 12:28:56] Rookie-Framework.INFO: 解析模板文件--/wwwroot/daohang/app/viewindex.index [] []
[2018-03-26 12:28:57] Rookie-Framework.INFO: 访问控制器:\app\Controller\favicon.icoController [] []
[2018-03-26 12:28:57] Rookie-Framework.INFO: 访问方法:index [] []
[2018-03-26 12:28:57] Rookie-Framework.DEBUG: 找不到控制器favicon.ico;文件地址：/wwwroot/daohang/app/Controller/favicon.icoController.php文件是否存在:0 [] []
[2018-03-26 12:29:16] Rookie-Framework.INFO: 访问控制器:\app\Controller\indexController [] []
[2018-03-26 12:29:16] Rookie-Framework.INFO: 访问方法:index [] []
[2018-03-26 12:29:17] Rookie-Framework.INFO: 访问控制器:\app\Controller\favicon.icoController [] []
[2018-03-26 12:29:17] Rookie-Framework.INFO: 访问方法:index [] []
[2018-03-26 12:29:17] Rookie-Framework.DEBUG: 找不到控制器favicon.ico;文件地址：/wwwroot/daohang/app/Controller/favicon.icoController.php文件是否存在:0 [] []
[2018-03-26 12:29:32] Rookie-Framework.INFO: 访问控制器:\app\Controller\indexController [] []
[2018-03-26 12:29:32] Rookie-Framework.INFO: 访问方法:index [] []
[2018-03-26 12:29:32] Rookie-Framework.INFO: 解析模板文件--/wwwroot/daohang/app/viewindex.index [] []
[2018-03-26 12:29:32] Rookie-Framework.INFO: 访问控制器:\app\Controller\favicon.icoController [] []
[2018-03-26 12:29:32] Rookie-Framework.INFO: 访问方法:index [] []
[2018-03-26 12:29:32] Rookie-Framework.DEBUG: 找不到控制器favicon.ico;文件地址：/wwwroot/daohang/app/Controller/favicon.icoController.php文件是否存在:0 [] []
[2018-03-26 12:34:54] Rookie-Framework.INFO: 访问控制器:\app\Controller\indexController [] []
[2018-03-26 12:34:54] Rookie-Framework.INFO: 访问方法:index [] []
[2018-03-26 12:34:55] Rookie-Framework.INFO: 访问控制器:\app\Controller\favicon.icoController [] []
[2018-03-26 12:34:55] Rookie-Framework.INFO: 访问方法:index [] []
[2018-03-26 12:34:55] Rookie-Framework.DEBUG: 找不到控制器favicon.ico;文件地址：/wwwroot/daohang/app/Controller/favicon.icoController.php文件是否存在:0 [] []
[2018-03-26 12:35:11] Rookie-Framework.INFO: 访问控制器:\app\Controller\indexController [] []
[2018-03-26 12:35:11] Rookie-Framework.INFO: 访问方法:index [] []
[2018-03-26 12:35:12] Rookie-Framework.INFO: 访问控制器:\app\Controller\favicon.icoController [] []
[2018-03-26 12:35:12] Rookie-Framework.INFO: 访问方法:index [] []
[2018-03-26 12:35:12] Rookie-Framework.DEBUG: 找不到控制器favicon.ico;文件地址：/wwwroot/daohang/app/Controller/favicon.icoController.php文件是否存在:0 [] []
[2018-03-26 12:35:20] Rookie-Framework.INFO: 访问控制器:\app\Controller\indexController [] []
[2018-03-26 12:35:20] Rookie-Framework.INFO: 访问方法:index [] []
[2018-03-26 12:35:21] Rookie-Framework.INFO: 访问控制器:\app\Controller\favicon.icoController [] []
[2018-03-26 12:35:21] Rookie-Framework.INFO: 访问方法:index [] []
[2018-03-26 12:35:21] Rookie-Framework.DEBUG: 找不到控制器favicon.ico;文件地址：/wwwroot/daohang/app/Controller/favicon.icoController.php文件是否存在:0 [] []
[2018-03-26 12:35:22] Rookie-Framework.INFO: 访问控制器:\app\Controller\indexController [] []
[2018-03-26 12:35:22] Rookie-Framework.INFO: 访问方法:index [] []
[2018-03-26 12:35:23] Rookie-Framework.INFO: 访问控制器:\app\Controller\favicon.icoController [] []
[2018-03-26 12:35:23] Rookie-Framework.INFO: 访问方法:index [] []
[2018-03-26 12:35:23] Rookie-Framework.DEBUG: 找不到控制器favicon.ico;文件地址：/wwwroot/daohang/app/Controller/favicon.icoController.php文件是否存在:0 [] []
[2018-03-26 12:35:33] Rookie-Framework.INFO: 访问控制器:\app\Controller\indexController [] []
[2018-03-26 12:35:33] Rookie-Framework.INFO: 访问方法:index [] []
[2018-03-26 12:35:33] Rookie-Framework.INFO: 解析模板文件--/wwwroot/daohang/app/viewindex.index [] []
[2018-03-26 12:35:34] Rookie-Framework.INFO: 访问控制器:\app\Controller\favicon.icoController [] []
[2018-03-26 12:35:34] Rookie-Framework.INFO: 访问方法:index [] []
[2018-03-26 12:35:34] Rookie-Framework.DEBUG: 找不到控制器favicon.ico;文件地址：/wwwroot/daohang/app/Controller/favicon.icoController.php文件是否存在:0 [] []
[2018-03-26 12:35:49] Rookie-Framework.INFO: 访问控制器:\app\Controller\indexController [] []
[2018-03-26 12:35:49] Rookie-Framework.INFO: 访问方法:index [] []
[2018-03-26 12:35:50] Rookie-Framework.INFO: 访问控制器:\app\Controller\favicon.icoController [] []
[2018-03-26 12:35:50] Rookie-Framework.INFO: 访问方法:index [] []
[2018-03-26 12:35:50] Rookie-Framework.DEBUG: 找不到控制器favicon.ico;文件地址：/wwwroot/daohang/app/Controller/favicon.icoController.php文件是否存在:0 [] []
[2018-03-26 12:35:51] Rookie-Framework.INFO: 访问控制器:\app\Controller\indexController [] []
[2018-03-26 12:35:51] Rookie-Framework.INFO: 访问方法:index [] []
[2018-03-26 12:35:51] Rookie-Framework.INFO: 访问控制器:\app\Controller\favicon.icoController [] []
[2018-03-26 12:35:51] Rookie-Framework.INFO: 访问方法:index [] []
[2018-03-26 12:35:51] Rookie-Framework.DEBUG: 找不到控制器favicon.ico;文件地址：/wwwroot/daohang/app/Controller/favicon.icoController.php文件是否存在:0 [] []
[2018-03-26 12:35:52] Rookie-Framework.INFO: 访问控制器:\app\Controller\indexController [] []
[2018-03-26 12:35:52] Rookie-Framework.INFO: 访问方法:index [] []
[2018-03-26 12:35:53] Rookie-Framework.INFO: 访问控制器:\app\Controller\favicon.icoController [] []
[2018-03-26 12:35:53] Rookie-Framework.INFO: 访问方法:index [] []
[2018-03-26 12:35:53] Rookie-Framework.DEBUG: 找不到控制器favicon.ico;文件地址：/wwwroot/daohang/app/Controller/favicon.icoController.php文件是否存在:0 [] []
[2018-03-26 12:35:57] Rookie-Framework.INFO: 访问控制器:\app\Controller\indexController [] []
[2018-03-26 12:35:57] Rookie-Framework.INFO: 访问方法:index [] []
[2018-03-26 12:35:58] Rookie-Framework.INFO: 访问控制器:\app\Controller\favicon.icoController [] []
[2018-03-26 12:35:58] Rookie-Framework.INFO: 访问方法:index [] []
[2018-03-26 12:35:58] Rookie-Framework.DEBUG: 找不到控制器favicon.ico;文件地址：/wwwroot/daohang/app/Controller/favicon.icoController.php文件是否存在:0 [] []
[2018-03-26 12:35:58] Rookie-Framework.INFO: 访问控制器:\app\Controller\indexController [] []
[2018-03-26 12:35:58] Rookie-Framework.INFO: 访问方法:index [] []
[2018-03-26 12:35:59] Rookie-Framework.INFO: 访问控制器:\app\Controller\favicon.icoController [] []
[2018-03-26 12:35:59] Rookie-Framework.INFO: 访问方法:index [] []
[2018-03-26 12:35:59] Rookie-Framework.DEBUG: 找不到控制器favicon.ico;文件地址：/wwwroot/daohang/app/Controller/favicon.icoController.php文件是否存在:0 [] []
[2018-03-26 12:35:59] Rookie-Framework.INFO: 访问控制器:\app\Controller\indexController [] []
[2018-03-26 12:35:59] Rookie-Framework.INFO: 访问方法:index [] []
[2018-03-26 12:36:01] Rookie-Framework.INFO: 访问控制器:\app\Controller\favicon.icoController [] []
[2018-03-26 12:36:01] Rookie-Framework.INFO: 访问方法:index [] []
[2018-03-26 12:36:01] Rookie-Framework.DEBUG: 找不到控制器favicon.ico;文件地址：/wwwroot/daohang/app/Controller/favicon.icoController.php文件是否存在:0 [] []
[2018-03-26 12:36:02] Rookie-Framework.INFO: 访问控制器:\app\Controller\indexController [] []
[2018-03-26 12:36:02] Rookie-Framework.INFO: 访问方法:index [] []
[2018-03-26 12:36:03] Rookie-Framework.INFO: 访问控制器:\app\Controller\favicon.icoController [] []
[2018-03-26 12:36:03] Rookie-Framework.INFO: 访问方法:index [] []
[2018-03-26 12:36:03] Rookie-Framework.DEBUG: 找不到控制器favicon.ico;文件地址：/wwwroot/daohang/app/Controller/favicon.icoController.php文件是否存在:0 [] []
[2018-03-26 12:36:13] Rookie-Framework.INFO: 访问控制器:\app\Controller\indexController [] []
[2018-03-26 12:36:13] Rookie-Framework.INFO: 访问方法:index [] []
[2018-03-26 12:36:13] Rookie-Framework.INFO: 解析模板文件--/wwwroot/daohang/app/viewindex.index [] []
[2018-03-26 12:36:14] Rookie-Framework.INFO: 访问控制器:\app\Controller\favicon.icoController [] []
[2018-03-26 12:36:14] Rookie-Framework.INFO: 访问方法:index [] []
[2018-03-26 12:36:14] Rookie-Framework.DEBUG: 找不到控制器favicon.ico;文件地址：/wwwroot/daohang/app/Controller/favicon.icoController.php文件是否存在:0 [] []
[2018-03-26 12:37:10] Rookie-Framework.INFO: 访问控制器:\app\Controller\submerController [] []
[2018-03-26 12:37:10] Rookie-Framework.INFO: 访问方法:links [] []
[2018-03-26 12:37:10] Rookie-Framework.INFO: 解析模板文件--/wwwroot/daohang/app/viewadmin.link [] []
[2018-03-26 12:37:14] Rookie-Framework.INFO: 访问控制器:\app\Controller\indexController [] []
[2018-03-26 12:37:14] Rookie-Framework.INFO: 访问方法:index [] []
[2018-03-26 12:37:14] Rookie-Framework.INFO: 解析模板文件--/wwwroot/daohang/app/viewindex.index [] []
[2018-03-26 12:37:14] Rookie-Framework.INFO: 访问控制器:\app\Controller\favicon.icoController [] []
[2018-03-26 12:37:14] Rookie-Framework.INFO: 访问方法:index [] []
[2018-03-26 12:37:14] Rookie-Framework.DEBUG: 找不到控制器favicon.ico;文件地址：/wwwroot/daohang/app/Controller/favicon.icoController.php文件是否存在:0 [] []
[2018-03-26 12:37:45] Rookie-Framework.INFO: 访问控制器:\app\Controller\indexController [] []
[2018-03-26 12:37:45] Rookie-Framework.INFO: 访问方法:index [] []
[2018-03-26 12:37:45] Rookie-Framework.INFO: 解析模板文件--/wwwroot/daohang/app/viewindex.index [] []
[2018-03-26 12:37:45] Rookie-Framework.INFO: 访问控制器:\app\Controller\favicon.icoController [] []
[2018-03-26 12:37:45] Rookie-Framework.INFO: 访问方法:index [] []
[2018-03-26 12:37:45] Rookie-Framework.DEBUG: 找不到控制器favicon.ico;文件地址：/wwwroot/daohang/app/Controller/favicon.icoController.php文件是否存在:0 [] []
[2018-03-26 12:37:53] Rookie-Framework.INFO: 访问控制器:\app\Controller\submerController [] []
[2018-03-26 12:37:53] Rookie-Framework.INFO: 访问方法:links [] []
[2018-03-26 12:37:53] Rookie-Framework.INFO: 解析模板文件--/wwwroot/daohang/app/viewadmin.link [] []
[2018-03-26 12:38:20] Rookie-Framework.INFO: 访问控制器:\app\Controller\indexController [] []
[2018-03-26 12:38:20] Rookie-Framework.INFO: 访问方法:index [] []
[2018-03-26 12:38:20] Rookie-Framework.INFO: 解析模板文件--/wwwroot/daohang/app/viewindex.index [] []
[2018-03-26 12:38:21] Rookie-Framework.INFO: 访问控制器:\app\Controller\favicon.icoController [] []
[2018-03-26 12:38:21] Rookie-Framework.INFO: 访问方法:index [] []
[2018-03-26 12:38:21] Rookie-Framework.DEBUG: 找不到控制器favicon.ico;文件地址：/wwwroot/daohang/app/Controller/favicon.icoController.php文件是否存在:0 [] []
[2018-03-26 12:38:44] Rookie-Framework.INFO: 访问控制器:\app\Controller\indexController [] []
[2018-03-26 12:38:44] Rookie-Framework.INFO: 访问方法:index [] []
[2018-03-26 12:38:46] Rookie-Framework.INFO: 访问控制器:\app\Controller\favicon.icoController [] []
[2018-03-26 12:38:46] Rookie-Framework.INFO: 访问方法:index [] []
[2018-03-26 12:38:46] Rookie-Framework.DEBUG: 找不到控制器favicon.ico;文件地址：/wwwroot/daohang/app/Controller/favicon.icoController.php文件是否存在:0 [] []
[2018-03-26 12:39:03] Rookie-Framework.INFO: 访问控制器:\app\Controller\indexController [] []
[2018-03-26 12:39:03] Rookie-Framework.INFO: 访问方法:index [] []
[2018-03-26 12:39:03] Rookie-Framework.INFO: 解析模板文件--/wwwroot/daohang/app/viewindex.index [] []
[2018-03-26 12:39:05] Rookie-Framework.INFO: 访问控制器:\app\Controller\favicon.icoController [] []
[2018-03-26 12:39:05] Rookie-Framework.INFO: 访问方法:index [] []
[2018-03-26 12:39:05] Rookie-Framework.DEBUG: 找不到控制器favicon.ico;文件地址：/wwwroot/daohang/app/Controller/favicon.icoController.php文件是否存在:0 [] []
[2018-03-26 12:39:32] Rookie-Framework.INFO: 访问控制器:\app\Controller\indexController [] []
[2018-03-26 12:39:32] Rookie-Framework.INFO: 访问方法:index [] []
[2018-03-26 12:39:32] Rookie-Framework.INFO: 解析模板文件--/wwwroot/daohang/app/viewindex.index [] []
[2018-03-26 12:39:33] Rookie-Framework.INFO: 访问控制器:\app\Controller\favicon.icoController [] []
[2018-03-26 12:39:33] Rookie-Framework.INFO: 访问方法:index [] []
[2018-03-26 12:39:33] Rookie-Framework.DEBUG: 找不到控制器favicon.ico;文件地址：/wwwroot/daohang/app/Controller/favicon.icoController.php文件是否存在:0 [] []
[2018-03-26 12:40:14] Rookie-Framework.INFO: 访问控制器:\app\Controller\indexController [] []
[2018-03-26 12:40:14] Rookie-Framework.INFO: 访问方法:index [] []
[2018-03-26 12:40:14] Rookie-Framework.INFO: 解析模板文件--/wwwroot/daohang/app/viewindex.index [] []
[2018-03-26 12:40:15] Rookie-Framework.INFO: 访问控制器:\app\Controller\favicon.icoController [] []
[2018-03-26 12:40:15] Rookie-Framework.INFO: 访问方法:index [] []
[2018-03-26 12:40:15] Rookie-Framework.DEBUG: 找不到控制器favicon.ico;文件地址：/wwwroot/daohang/app/Controller/favicon.icoController.php文件是否存在:0 [] []
[2018-03-26 12:40:25] Rookie-Framework.INFO: 访问控制器:\app\Controller\submerController [] []
[2018-03-26 12:40:25] Rookie-Framework.INFO: 访问方法:links_sort [] []
[2018-03-26 12:40:25] Rookie-Framework.INFO: 解析模板文件--/wwwroot/daohang/app/viewadmin.linksort [] []
[2018-03-26 12:40:31] Rookie-Framework.INFO: 访问控制器:\app\Controller\submerController [] []
[2018-03-26 12:40:31] Rookie-Framework.INFO: 访问方法:link_sort_add [] []
[2018-03-26 12:40:31] Rookie-Framework.INFO: 解析模板文件--/wwwroot/daohang/app/viewadmin.linksortadd [] []
[2018-03-26 12:40:34] Rookie-Framework.INFO: 访问控制器:\app\Controller\submerApiController [] []
[2018-03-26 12:40:34] Rookie-Framework.INFO: 访问方法:addSort [] []
[2018-03-26 12:40:34] Rookie-Framework.INFO: 访问控制器:\app\Controller\submerController [] []
[2018-03-26 12:40:34] Rookie-Framework.INFO: 访问方法:link_sort_add [] []
[2018-03-26 12:40:34] Rookie-Framework.INFO: 解析模板文件--/wwwroot/daohang/app/viewadmin.linksortadd [] []
[2018-03-26 12:40:37] Rookie-Framework.INFO: 访问控制器:\app\Controller\indexController [] []
[2018-03-26 12:40:37] Rookie-Framework.INFO: 访问方法:index [] []
[2018-03-26 12:40:37] Rookie-Framework.INFO: 解析模板文件--/wwwroot/daohang/app/viewindex.index [] []
[2018-03-26 12:40:38] Rookie-Framework.INFO: 访问控制器:\app\Controller\favicon.icoController [] []
[2018-03-26 12:40:38] Rookie-Framework.INFO: 访问方法:index [] []
[2018-03-26 12:40:38] Rookie-Framework.DEBUG: 找不到控制器favicon.ico;文件地址：/wwwroot/daohang/app/Controller/favicon.icoController.php文件是否存在:0 [] []
[2018-03-26 12:41:16] Rookie-Framework.INFO: 访问控制器:\app\Controller\indexController [] []
[2018-03-26 12:41:16] Rookie-Framework.INFO: 访问方法:index [] []
[2018-03-26 12:41:16] Rookie-Framework.INFO: 解析模板文件--/wwwroot/daohang/app/viewindex.index [] []
[2018-03-26 12:41:17] Rookie-Framework.INFO: 访问控制器:\app\Controller\favicon.icoController [] []
[2018-03-26 12:41:17] Rookie-Framework.INFO: 访问方法:index [] []
[2018-03-26 12:41:17] Rookie-Framework.DEBUG: 找不到控制器favicon.ico;文件地址：/wwwroot/daohang/app/Controller/favicon.icoController.php文件是否存在:0 [] []
[2018-03-26 12:41:56] Rookie-Framework.INFO: 访问控制器:\app\Controller\indexController [] []
[2018-03-26 12:41:56] Rookie-Framework.INFO: 访问方法:index [] []
[2018-03-26 12:41:56] Rookie-Framework.INFO: 解析模板文件--/wwwroot/daohang/app/viewindex.index [] []
[2018-03-26 12:41:57] Rookie-Framework.INFO: 访问控制器:\app\Controller\favicon.icoController [] []
[2018-03-26 12:41:57] Rookie-Framework.INFO: 访问方法:index [] []
[2018-03-26 12:41:57] Rookie-Framework.DEBUG: 找不到控制器favicon.ico;文件地址：/wwwroot/daohang/app/Controller/favicon.icoController.php文件是否存在:0 [] []
[2018-03-26 12:42:42] Rookie-Framework.INFO: 访问控制器:\app\Controller\indexController [] []
[2018-03-26 12:42:42] Rookie-Framework.INFO: 访问方法:index [] []
[2018-03-26 12:42:42] Rookie-Framework.INFO: 解析模板文件--/wwwroot/daohang/app/viewindex.index [] []
[2018-03-26 12:42:43] Rookie-Framework.INFO: 访问控制器:\app\Controller\favicon.icoController [] []
[2018-03-26 12:42:43] Rookie-Framework.INFO: 访问方法:index [] []
[2018-03-26 12:42:43] Rookie-Framework.DEBUG: 找不到控制器favicon.ico;文件地址：/wwwroot/daohang/app/Controller/favicon.icoController.php文件是否存在:0 [] []
[2018-03-26 12:43:03] Rookie-Framework.INFO: 访问控制器:\app\Controller\indexController [] []
[2018-03-26 12:43:03] Rookie-Framework.INFO: 访问方法:index [] []
[2018-03-26 12:43:04] Rookie-Framework.INFO: 访问控制器:\app\Controller\favicon.icoController [] []
[2018-03-26 12:43:04] Rookie-Framework.INFO: 访问方法:index [] []
[2018-03-26 12:43:04] Rookie-Framework.DEBUG: 找不到控制器favicon.ico;文件地址：/wwwroot/daohang/app/Controller/favicon.icoController.php文件是否存在:0 [] []
[2018-03-26 12:43:12] Rookie-Framework.INFO: 访问控制器:\app\Controller\indexController [] []
[2018-03-26 12:43:12] Rookie-Framework.INFO: 访问方法:index [] []
[2018-03-26 12:43:12] Rookie-Framework.INFO: 解析模板文件--/wwwroot/daohang/app/viewindex.index [] []
[2018-03-26 12:43:13] Rookie-Framework.INFO: 访问控制器:\app\Controller\favicon.icoController [] []
[2018-03-26 12:43:13] Rookie-Framework.INFO: 访问方法:index [] []
[2018-03-26 12:43:13] Rookie-Framework.DEBUG: 找不到控制器favicon.ico;文件地址：/wwwroot/daohang/app/Controller/favicon.icoController.php文件是否存在:0 [] []
