[2018-03-26 17:01:08] Rookie-Framework.INFO: 访问控制器:\app\Controller\indexController [] []
[2018-03-26 17:01:08] Rookie-Framework.INFO: 访问方法:signIn [] []
[2018-03-26 17:01:08] Rookie-Framework.INFO: 解析模板文件--/wwwroot/daohang/app/viewindex.signin [] []
[2018-03-26 17:01:09] Rookie-Framework.INFO: 访问控制器:\app\Controller\favicon.icoController [] []
[2018-03-26 17:01:09] Rookie-Framework.INFO: 访问方法:index [] []
[2018-03-26 17:01:09] Rookie-Framework.DEBUG: 找不到控制器favicon.ico;文件地址：/wwwroot/daohang/app/Controller/favicon.icoController.php文件是否存在:0 [] []
[2018-03-26 17:03:06] Rookie-Framework.INFO: 访问控制器:\app\Controller\indexController [] []
[2018-03-26 17:03:06] Rookie-Framework.INFO: 访问方法:signIn [] []
[2018-03-26 17:03:06] Rookie-Framework.INFO: 解析模板文件--/wwwroot/daohang/app/viewindex.signin [] []
[2018-03-26 17:03:07] Rookie-Framework.INFO: 访问控制器:\app\Controller\favicon.icoController [] []
[2018-03-26 17:03:07] Rookie-Framework.INFO: 访问方法:index [] []
[2018-03-26 17:03:07] Rookie-Framework.DEBUG: 找不到控制器favicon.ico;文件地址：/wwwroot/daohang/app/Controller/favicon.icoController.php文件是否存在:0 [] []
[2018-03-26 17:10:41] Rookie-Framework.INFO: 访问控制器:\app\Controller\indexController [] []
[2018-03-26 17:10:41] Rookie-Framework.INFO: 访问方法:signIn [] []
[2018-03-26 17:10:41] Rookie-Framework.INFO: 解析模板文件--/wwwroot/daohang/app/viewindex.signin [] []
[2018-03-26 17:10:41] Rookie-Framework.INFO: 访问控制器:\app\Controller\favicon.icoController [] []
[2018-03-26 17:10:41] Rookie-Framework.INFO: 访问方法:index [] []
[2018-03-26 17:10:41] Rookie-Framework.DEBUG: 找不到控制器favicon.ico;文件地址：/wwwroot/daohang/app/Controller/favicon.icoController.php文件是否存在:0 [] []
[2018-03-26 17:12:24] Rookie-Framework.INFO: 访问控制器:\app\Controller\indexController [] []
[2018-03-26 17:12:24] Rookie-Framework.INFO: 访问方法:signIn [] []
[2018-03-26 17:12:25] Rookie-Framework.INFO: 解析模板文件--/wwwroot/daohang/app/viewindex.signin [] []
[2018-03-26 17:12:25] Rookie-Framework.INFO: 访问控制器:\app\Controller\favicon.icoController [] []
[2018-03-26 17:12:25] Rookie-Framework.INFO: 访问方法:index [] []
[2018-03-26 17:12:25] Rookie-Framework.DEBUG: 找不到控制器favicon.ico;文件地址：/wwwroot/daohang/app/Controller/favicon.icoController.php文件是否存在:0 [] []
[2018-03-26 17:13:40] Rookie-Framework.INFO: 访问控制器:\app\Controller\indexController [] []
[2018-03-26 17:13:40] Rookie-Framework.INFO: 访问方法:signIn [] []
[2018-03-26 17:13:40] Rookie-Framework.INFO: 解析模板文件--/wwwroot/daohang/app/viewindex.signin [] []
[2018-03-26 17:13:41] Rookie-Framework.INFO: 访问控制器:\app\Controller\favicon.icoController [] []
[2018-03-26 17:13:41] Rookie-Framework.INFO: 访问方法:index [] []
[2018-03-26 17:13:41] Rookie-Framework.DEBUG: 找不到控制器favicon.ico;文件地址：/wwwroot/daohang/app/Controller/favicon.icoController.php文件是否存在:0 [] []
[2018-03-26 17:14:30] Rookie-Framework.INFO: 访问控制器:\app\Controller\indexController [] []
[2018-03-26 17:14:30] Rookie-Framework.INFO: 访问方法:signIn [] []
[2018-03-26 17:14:30] Rookie-Framework.INFO: 解析模板文件--/wwwroot/daohang/app/viewindex.signin [] []
[2018-03-26 17:14:31] Rookie-Framework.INFO: 访问控制器:\app\Controller\favicon.icoController [] []
[2018-03-26 17:14:31] Rookie-Framework.INFO: 访问方法:index [] []
[2018-03-26 17:14:31] Rookie-Framework.DEBUG: 找不到控制器favicon.ico;文件地址：/wwwroot/daohang/app/Controller/favicon.icoController.php文件是否存在:0 [] []
[2018-03-26 17:14:41] Rookie-Framework.INFO: 访问控制器:\app\Controller\indexController [] []
[2018-03-26 17:14:41] Rookie-Framework.INFO: 访问方法:signIn [] []
[2018-03-26 17:14:41] Rookie-Framework.INFO: 解析模板文件--/wwwroot/daohang/app/viewindex.signin [] []
[2018-03-26 17:14:42] Rookie-Framework.INFO: 访问控制器:\app\Controller\favicon.icoController [] []
[2018-03-26 17:14:42] Rookie-Framework.INFO: 访问方法:index [] []
[2018-03-26 17:14:42] Rookie-Framework.DEBUG: 找不到控制器favicon.ico;文件地址：/wwwroot/daohang/app/Controller/favicon.icoController.php文件是否存在:0 [] []
[2018-03-26 17:14:43] Rookie-Framework.INFO: 访问控制器:\app\Controller\indexController [] []
[2018-03-26 17:14:43] Rookie-Framework.INFO: 访问方法:signIn [] []
[2018-03-26 17:14:43] Rookie-Framework.INFO: 解析模板文件--/wwwroot/daohang/app/viewindex.signin [] []
[2018-03-26 17:14:44] Rookie-Framework.INFO: 访问控制器:\app\Controller\indexController [] []
[2018-03-26 17:14:44] Rookie-Framework.INFO: 访问方法:signIn [] []
[2018-03-26 17:14:44] Rookie-Framework.INFO: 解析模板文件--/wwwroot/daohang/app/viewindex.signin [] []
[2018-03-26 17:14:44] Rookie-Framework.INFO: 访问控制器:\app\Controller\indexController [] []
[2018-03-26 17:14:44] Rookie-Framework.INFO: 访问方法:signIn [] []
[2018-03-26 17:14:44] Rookie-Framework.INFO: 解析模板文件--/wwwroot/daohang/app/viewindex.signin [] []
[2018-03-26 17:14:45] Rookie-Framework.INFO: 访问控制器:\app\Controller\favicon.icoController [] []
[2018-03-26 17:14:45] Rookie-Framework.INFO: 访问方法:index [] []
[2018-03-26 17:14:45] Rookie-Framework.DEBUG: 找不到控制器favicon.ico;文件地址：/wwwroot/daohang/app/Controller/favicon.icoController.php文件是否存在:0 [] []
[2018-03-26 17:14:45] Rookie-Framework.INFO: 访问控制器:\app\Controller\indexController [] []
[2018-03-26 17:14:45] Rookie-Framework.INFO: 访问方法:signIn [] []
[2018-03-26 17:14:45] Rookie-Framework.INFO: 解析模板文件--/wwwroot/daohang/app/viewindex.signin [] []
[2018-03-26 17:14:47] Rookie-Framework.INFO: 访问控制器:\app\Controller\favicon.icoController [] []
[2018-03-26 17:14:47] Rookie-Framework.INFO: 访问方法:index [] []
[2018-03-26 17:14:47] Rookie-Framework.DEBUG: 找不到控制器favicon.ico;文件地址：/wwwroot/daohang/app/Controller/favicon.icoController.php文件是否存在:0 [] []
[2018-03-26 17:14:47] Rookie-Framework.INFO: 访问控制器:\app\Controller\indexController [] []
[2018-03-26 17:14:47] Rookie-Framework.INFO: 访问方法:signIn [] []
[2018-03-26 17:14:47] Rookie-Framework.INFO: 解析模板文件--/wwwroot/daohang/app/viewindex.signin [] []
[2018-03-26 17:14:48] Rookie-Framework.INFO: 访问控制器:\app\Controller\favicon.icoController [] []
[2018-03-26 17:14:48] Rookie-Framework.INFO: 访问方法:index [] []
[2018-03-26 17:14:48] Rookie-Framework.DEBUG: 找不到控制器favicon.ico;文件地址：/wwwroot/daohang/app/Controller/favicon.icoController.php文件是否存在:0 [] []
[2018-03-26 17:14:48] Rookie-Framework.INFO: 访问控制器:\app\Controller\indexController [] []
[2018-03-26 17:14:48] Rookie-Framework.INFO: 访问方法:signIn [] []
[2018-03-26 17:14:48] Rookie-Framework.INFO: 解析模板文件--/wwwroot/daohang/app/viewindex.signin [] []
[2018-03-26 17:14:49] Rookie-Framework.INFO: 访问控制器:\app\Controller\indexController [] []
[2018-03-26 17:14:49] Rookie-Framework.INFO: 访问方法:signIn [] []
[2018-03-26 17:14:49] Rookie-Framework.INFO: 解析模板文件--/wwwroot/daohang/app/viewindex.signin [] []
[2018-03-26 17:14:50] Rookie-Framework.INFO: 访问控制器:\app\Controller\indexController [] []
[2018-03-26 17:14:50] Rookie-Framework.INFO: 访问方法:signIn [] []
[2018-03-26 17:14:50] Rookie-Framework.INFO: 解析模板文件--/wwwroot/daohang/app/viewindex.signin [] []
[2018-03-26 17:14:51] Rookie-Framework.INFO: 访问控制器:\app\Controller\favicon.icoController [] []
[2018-03-26 17:14:51] Rookie-Framework.INFO: 访问方法:index [] []
[2018-03-26 17:14:51] Rookie-Framework.DEBUG: 找不到控制器favicon.ico;文件地址：/wwwroot/daohang/app/Controller/favicon.icoController.php文件是否存在:0 [] []
[2018-03-26 17:15:01] Rookie-Framework.INFO: 访问控制器:\app\Controller\indexController [] []
[2018-03-26 17:15:01] Rookie-Framework.INFO: 访问方法:signIn [] []
[2018-03-26 17:15:01] Rookie-Framework.INFO: 解析模板文件--/wwwroot/daohang/app/viewindex.signin [] []
[2018-03-26 17:15:01] Rookie-Framework.INFO: 访问控制器:\app\Controller\favicon.icoController [] []
[2018-03-26 17:15:01] Rookie-Framework.INFO: 访问方法:index [] []
[2018-03-26 17:15:01] Rookie-Framework.DEBUG: 找不到控制器favicon.ico;文件地址：/wwwroot/daohang/app/Controller/favicon.icoController.php文件是否存在:0 [] []
[2018-03-26 17:20:35] Rookie-Framework.INFO: 访问控制器:\app\Controller\indexController [] []
[2018-03-26 17:20:35] Rookie-Framework.INFO: 访问方法:signIn [] []
[2018-03-26 17:20:35] Rookie-Framework.INFO: 解析模板文件--/wwwroot/daohang/app/viewindex.signin [] []
[2018-03-26 17:20:35] Rookie-Framework.INFO: 访问控制器:\app\Controller\favicon.icoController [] []
[2018-03-26 17:20:35] Rookie-Framework.INFO: 访问方法:index [] []
[2018-03-26 17:20:35] Rookie-Framework.DEBUG: 找不到控制器favicon.ico;文件地址：/wwwroot/daohang/app/Controller/favicon.icoController.php文件是否存在:0 [] []
[2018-03-26 17:20:46] Rookie-Framework.INFO: 访问控制器:\app\Controller\indexController [] []
[2018-03-26 17:20:46] Rookie-Framework.INFO: 访问方法:signIn [] []
[2018-03-26 17:20:46] Rookie-Framework.INFO: 解析模板文件--/wwwroot/daohang/app/viewindex.signin [] []
[2018-03-26 17:20:47] Rookie-Framework.INFO: 访问控制器:\app\Controller\favicon.icoController [] []
[2018-03-26 17:20:47] Rookie-Framework.INFO: 访问方法:index [] []
[2018-03-26 17:20:47] Rookie-Framework.DEBUG: 找不到控制器favicon.ico;文件地址：/wwwroot/daohang/app/Controller/favicon.icoController.php文件是否存在:0 [] []
[2018-03-26 17:20:48] Rookie-Framework.INFO: 访问控制器:\app\Controller\indexController [] []
[2018-03-26 17:20:48] Rookie-Framework.INFO: 访问方法:signIn [] []
[2018-03-26 17:20:48] Rookie-Framework.INFO: 解析模板文件--/wwwroot/daohang/app/viewindex.signin [] []
[2018-03-26 17:20:49] Rookie-Framework.INFO: 访问控制器:\app\Controller\favicon.icoController [] []
[2018-03-26 17:20:49] Rookie-Framework.INFO: 访问方法:index [] []
[2018-03-26 17:20:49] Rookie-Framework.DEBUG: 找不到控制器favicon.ico;文件地址：/wwwroot/daohang/app/Controller/favicon.icoController.php文件是否存在:0 [] []
[2018-03-26 17:20:50] Rookie-Framework.INFO: 访问控制器:\app\Controller\indexController [] []
[2018-03-26 17:20:50] Rookie-Framework.INFO: 访问方法:signIn [] []
[2018-03-26 17:20:50] Rookie-Framework.INFO: 解析模板文件--/wwwroot/daohang/app/viewindex.signin [] []
[2018-03-26 17:20:50] Rookie-Framework.INFO: 访问控制器:\app\Controller\favicon.icoController [] []
[2018-03-26 17:20:50] Rookie-Framework.INFO: 访问方法:index [] []
[2018-03-26 17:20:50] Rookie-Framework.DEBUG: 找不到控制器favicon.ico;文件地址：/wwwroot/daohang/app/Controller/favicon.icoController.php文件是否存在:0 [] []
[2018-03-26 17:21:06] Rookie-Framework.INFO: 访问控制器:\app\Controller\indexController [] []
[2018-03-26 17:21:06] Rookie-Framework.INFO: 访问方法:signIn [] []
[2018-03-26 17:21:06] Rookie-Framework.INFO: 解析模板文件--/wwwroot/daohang/app/viewindex.signin [] []
[2018-03-26 17:21:06] Rookie-Framework.INFO: 访问控制器:\app\Controller\favicon.icoController [] []
[2018-03-26 17:21:06] Rookie-Framework.INFO: 访问方法:index [] []
[2018-03-26 17:21:06] Rookie-Framework.DEBUG: 找不到控制器favicon.ico;文件地址：/wwwroot/daohang/app/Controller/favicon.icoController.php文件是否存在:0 [] []
[2018-03-26 17:21:07] Rookie-Framework.INFO: 访问控制器:\app\Controller\indexController [] []
[2018-03-26 17:21:07] Rookie-Framework.INFO: 访问方法:signIn [] []
[2018-03-26 17:21:07] Rookie-Framework.INFO: 解析模板文件--/wwwroot/daohang/app/viewindex.signin [] []
[2018-03-26 17:21:08] Rookie-Framework.INFO: 访问控制器:\app\Controller\favicon.icoController [] []
[2018-03-26 17:21:08] Rookie-Framework.INFO: 访问方法:index [] []
[2018-03-26 17:21:08] Rookie-Framework.DEBUG: 找不到控制器favicon.ico;文件地址：/wwwroot/daohang/app/Controller/favicon.icoController.php文件是否存在:0 [] []
[2018-03-26 17:21:09] Rookie-Framework.INFO: 访问控制器:\app\Controller\indexController [] []
[2018-03-26 17:21:09] Rookie-Framework.INFO: 访问方法:signIn [] []
[2018-03-26 17:21:09] Rookie-Framework.INFO: 解析模板文件--/wwwroot/daohang/app/viewindex.signin [] []
[2018-03-26 17:21:10] Rookie-Framework.INFO: 访问控制器:\app\Controller\favicon.icoController [] []
[2018-03-26 17:21:10] Rookie-Framework.INFO: 访问方法:index [] []
[2018-03-26 17:21:10] Rookie-Framework.DEBUG: 找不到控制器favicon.ico;文件地址：/wwwroot/daohang/app/Controller/favicon.icoController.php文件是否存在:0 [] []
[2018-03-26 17:21:14] Rookie-Framework.INFO: 访问控制器:\app\Controller\indexController [] []
[2018-03-26 17:21:14] Rookie-Framework.INFO: 访问方法:signIn [] []
[2018-03-26 17:21:14] Rookie-Framework.INFO: 解析模板文件--/wwwroot/daohang/app/viewindex.signin [] []
[2018-03-26 17:21:15] Rookie-Framework.INFO: 访问控制器:\app\Controller\favicon.icoController [] []
[2018-03-26 17:21:15] Rookie-Framework.INFO: 访问方法:index [] []
[2018-03-26 17:21:15] Rookie-Framework.DEBUG: 找不到控制器favicon.ico;文件地址：/wwwroot/daohang/app/Controller/favicon.icoController.php文件是否存在:0 [] []
[2018-03-26 17:22:19] Rookie-Framework.INFO: 访问控制器:\app\Controller\indexController [] []
[2018-03-26 17:22:19] Rookie-Framework.INFO: 访问方法:signIn [] []
[2018-03-26 17:22:19] Rookie-Framework.INFO: 解析模板文件--/wwwroot/daohang/app/viewindex.signin [] []
[2018-03-26 17:22:20] Rookie-Framework.INFO: 访问控制器:\app\Controller\favicon.icoController [] []
[2018-03-26 17:22:20] Rookie-Framework.INFO: 访问方法:index [] []
[2018-03-26 17:22:20] Rookie-Framework.DEBUG: 找不到控制器favicon.ico;文件地址：/wwwroot/daohang/app/Controller/favicon.icoController.php文件是否存在:0 [] []
[2018-03-26 17:22:21] Rookie-Framework.INFO: 访问控制器:\app\Controller\indexController [] []
[2018-03-26 17:22:21] Rookie-Framework.INFO: 访问方法:signIn [] []
[2018-03-26 17:22:21] Rookie-Framework.INFO: 解析模板文件--/wwwroot/daohang/app/viewindex.signin [] []
[2018-03-26 17:22:22] Rookie-Framework.INFO: 访问控制器:\app\Controller\favicon.icoController [] []
[2018-03-26 17:22:22] Rookie-Framework.INFO: 访问方法:index [] []
[2018-03-26 17:22:22] Rookie-Framework.DEBUG: 找不到控制器favicon.ico;文件地址：/wwwroot/daohang/app/Controller/favicon.icoController.php文件是否存在:0 [] []
[2018-03-26 17:22:31] Rookie-Framework.INFO: 访问控制器:\app\Controller\indexController [] []
[2018-03-26 17:22:31] Rookie-Framework.INFO: 访问方法:signIn [] []
[2018-03-26 17:22:31] Rookie-Framework.INFO: 解析模板文件--/wwwroot/daohang/app/viewindex.signin [] []
[2018-03-26 17:22:32] Rookie-Framework.INFO: 访问控制器:\app\Controller\favicon.icoController [] []
[2018-03-26 17:22:32] Rookie-Framework.INFO: 访问方法:index [] []
[2018-03-26 17:22:32] Rookie-Framework.DEBUG: 找不到控制器favicon.ico;文件地址：/wwwroot/daohang/app/Controller/favicon.icoController.php文件是否存在:0 [] []
[2018-03-26 17:22:33] Rookie-Framework.INFO: 访问控制器:\app\Controller\indexController [] []
[2018-03-26 17:22:33] Rookie-Framework.INFO: 访问方法:signIn [] []
[2018-03-26 17:22:33] Rookie-Framework.INFO: 解析模板文件--/wwwroot/daohang/app/viewindex.signin [] []
[2018-03-26 17:22:34] Rookie-Framework.INFO: 访问控制器:\app\Controller\favicon.icoController [] []
[2018-03-26 17:22:34] Rookie-Framework.INFO: 访问方法:index [] []
[2018-03-26 17:22:34] Rookie-Framework.DEBUG: 找不到控制器favicon.ico;文件地址：/wwwroot/daohang/app/Controller/favicon.icoController.php文件是否存在:0 [] []
[2018-03-26 17:22:53] Rookie-Framework.INFO: 访问控制器:\app\Controller\indexController [] []
[2018-03-26 17:22:53] Rookie-Framework.INFO: 访问方法:signIn [] []
[2018-03-26 17:22:53] Rookie-Framework.INFO: 解析模板文件--/wwwroot/daohang/app/viewindex.signin [] []
[2018-03-26 17:22:54] Rookie-Framework.INFO: 访问控制器:\app\Controller\favicon.icoController [] []
[2018-03-26 17:22:54] Rookie-Framework.INFO: 访问方法:index [] []
[2018-03-26 17:22:54] Rookie-Framework.DEBUG: 找不到控制器favicon.ico;文件地址：/wwwroot/daohang/app/Controller/favicon.icoController.php文件是否存在:0 [] []
[2018-03-26 17:23:00] Rookie-Framework.INFO: 访问控制器:\app\Controller\indexController [] []
[2018-03-26 17:23:00] Rookie-Framework.INFO: 访问方法:signIn [] []
[2018-03-26 17:23:00] Rookie-Framework.INFO: 解析模板文件--/wwwroot/daohang/app/viewindex.signin [] []
[2018-03-26 17:23:01] Rookie-Framework.INFO: 访问控制器:\app\Controller\favicon.icoController [] []
[2018-03-26 17:23:01] Rookie-Framework.INFO: 访问方法:index [] []
[2018-03-26 17:23:01] Rookie-Framework.DEBUG: 找不到控制器favicon.ico;文件地址：/wwwroot/daohang/app/Controller/favicon.icoController.php文件是否存在:0 [] []
[2018-03-26 17:23:03] Rookie-Framework.INFO: 访问控制器:\app\Controller\indexController [] []
[2018-03-26 17:23:03] Rookie-Framework.INFO: 访问方法:signIn [] []
[2018-03-26 17:23:03] Rookie-Framework.INFO: 解析模板文件--/wwwroot/daohang/app/viewindex.signin [] []
[2018-03-26 17:23:04] Rookie-Framework.INFO: 访问控制器:\app\Controller\favicon.icoController [] []
[2018-03-26 17:23:04] Rookie-Framework.INFO: 访问方法:index [] []
[2018-03-26 17:23:04] Rookie-Framework.DEBUG: 找不到控制器favicon.ico;文件地址：/wwwroot/daohang/app/Controller/favicon.icoController.php文件是否存在:0 [] []
[2018-03-26 17:23:05] Rookie-Framework.INFO: 访问控制器:\app\Controller\indexController [] []
[2018-03-26 17:23:05] Rookie-Framework.INFO: 访问方法:signIn [] []
[2018-03-26 17:23:05] Rookie-Framework.INFO: 解析模板文件--/wwwroot/daohang/app/viewindex.signin [] []
[2018-03-26 17:23:06] Rookie-Framework.INFO: 访问控制器:\app\Controller\favicon.icoController [] []
[2018-03-26 17:23:06] Rookie-Framework.INFO: 访问方法:index [] []
[2018-03-26 17:23:06] Rookie-Framework.DEBUG: 找不到控制器favicon.ico;文件地址：/wwwroot/daohang/app/Controller/favicon.icoController.php文件是否存在:0 [] []
[2018-03-26 17:23:45] Rookie-Framework.INFO: 访问控制器:\app\Controller\indexController [] []
[2018-03-26 17:23:45] Rookie-Framework.INFO: 访问方法:signIn [] []
[2018-03-26 17:23:45] Rookie-Framework.INFO: 解析模板文件--/wwwroot/daohang/app/viewindex.signin [] []
[2018-03-26 17:23:45] Rookie-Framework.INFO: 访问控制器:\app\Controller\favicon.icoController [] []
[2018-03-26 17:23:45] Rookie-Framework.INFO: 访问方法:index [] []
[2018-03-26 17:23:45] Rookie-Framework.DEBUG: 找不到控制器favicon.ico;文件地址：/wwwroot/daohang/app/Controller/favicon.icoController.php文件是否存在:0 [] []
[2018-03-26 17:26:16] Rookie-Framework.INFO: 访问控制器:\app\Controller\indexController [] []
[2018-03-26 17:26:16] Rookie-Framework.INFO: 访问方法:signIn [] []
[2018-03-26 17:26:16] Rookie-Framework.INFO: 解析模板文件--/wwwroot/daohang/app/viewindex.signin [] []
[2018-03-26 17:26:16] Rookie-Framework.INFO: 访问控制器:\app\Controller\favicon.icoController [] []
[2018-03-26 17:26:16] Rookie-Framework.INFO: 访问方法:index [] []
[2018-03-26 17:26:16] Rookie-Framework.DEBUG: 找不到控制器favicon.ico;文件地址：/wwwroot/daohang/app/Controller/favicon.icoController.php文件是否存在:0 [] []
[2018-03-26 17:26:30] Rookie-Framework.INFO: 访问控制器:\app\Controller\indexController [] []
[2018-03-26 17:26:30] Rookie-Framework.INFO: 访问方法:signIn [] []
[2018-03-26 17:26:30] Rookie-Framework.INFO: 解析模板文件--/wwwroot/daohang/app/viewindex.signin [] []
[2018-03-26 17:26:31] Rookie-Framework.INFO: 访问控制器:\app\Controller\favicon.icoController [] []
[2018-03-26 17:26:31] Rookie-Framework.INFO: 访问方法:index [] []
[2018-03-26 17:26:31] Rookie-Framework.DEBUG: 找不到控制器favicon.ico;文件地址：/wwwroot/daohang/app/Controller/favicon.icoController.php文件是否存在:0 [] []
[2018-03-26 17:26:32] Rookie-Framework.INFO: 访问控制器:\app\Controller\indexController [] []
[2018-03-26 17:26:32] Rookie-Framework.INFO: 访问方法:signIn [] []
[2018-03-26 17:26:32] Rookie-Framework.INFO: 解析模板文件--/wwwroot/daohang/app/viewindex.signin [] []
[2018-03-26 17:26:33] Rookie-Framework.INFO: 访问控制器:\app\Controller\indexController [] []
[2018-03-26 17:26:33] Rookie-Framework.INFO: 访问方法:signIn [] []
[2018-03-26 17:26:33] Rookie-Framework.INFO: 解析模板文件--/wwwroot/daohang/app/viewindex.signin [] []
[2018-03-26 17:26:33] Rookie-Framework.INFO: 访问控制器:\app\Controller\favicon.icoController [] []
[2018-03-26 17:26:33] Rookie-Framework.INFO: 访问方法:index [] []
[2018-03-26 17:26:33] Rookie-Framework.DEBUG: 找不到控制器favicon.ico;文件地址：/wwwroot/daohang/app/Controller/favicon.icoController.php文件是否存在:0 [] []
[2018-03-26 17:26:34] Rookie-Framework.INFO: 访问控制器:\app\Controller\indexController [] []
[2018-03-26 17:26:34] Rookie-Framework.INFO: 访问方法:signIn [] []
[2018-03-26 17:26:34] Rookie-Framework.INFO: 解析模板文件--/wwwroot/daohang/app/viewindex.signin [] []
[2018-03-26 17:26:34] Rookie-Framework.INFO: 访问控制器:\app\Controller\favicon.icoController [] []
[2018-03-26 17:26:34] Rookie-Framework.INFO: 访问方法:index [] []
[2018-03-26 17:26:34] Rookie-Framework.DEBUG: 找不到控制器favicon.ico;文件地址：/wwwroot/daohang/app/Controller/favicon.icoController.php文件是否存在:0 [] []
[2018-03-26 17:26:35] Rookie-Framework.INFO: 访问控制器:\app\Controller\indexController [] []
[2018-03-26 17:26:35] Rookie-Framework.INFO: 访问方法:signIn [] []
[2018-03-26 17:26:35] Rookie-Framework.INFO: 解析模板文件--/wwwroot/daohang/app/viewindex.signin [] []
[2018-03-26 17:26:36] Rookie-Framework.INFO: 访问控制器:\app\Controller\favicon.icoController [] []
[2018-03-26 17:26:36] Rookie-Framework.INFO: 访问方法:index [] []
[2018-03-26 17:26:36] Rookie-Framework.DEBUG: 找不到控制器favicon.ico;文件地址：/wwwroot/daohang/app/Controller/favicon.icoController.php文件是否存在:0 [] []
[2018-03-26 17:26:36] Rookie-Framework.INFO: 访问控制器:\app\Controller\indexController [] []
[2018-03-26 17:26:36] Rookie-Framework.INFO: 访问方法:signIn [] []
[2018-03-26 17:26:36] Rookie-Framework.INFO: 解析模板文件--/wwwroot/daohang/app/viewindex.signin [] []
[2018-03-26 17:26:37] Rookie-Framework.INFO: 访问控制器:\app\Controller\favicon.icoController [] []
[2018-03-26 17:26:37] Rookie-Framework.INFO: 访问方法:index [] []
[2018-03-26 17:26:37] Rookie-Framework.DEBUG: 找不到控制器favicon.ico;文件地址：/wwwroot/daohang/app/Controller/favicon.icoController.php文件是否存在:0 [] []
[2018-03-26 17:26:37] Rookie-Framework.INFO: 访问控制器:\app\Controller\indexController [] []
[2018-03-26 17:26:37] Rookie-Framework.INFO: 访问方法:signIn [] []
[2018-03-26 17:26:37] Rookie-Framework.INFO: 解析模板文件--/wwwroot/daohang/app/viewindex.signin [] []
[2018-03-26 17:26:38] Rookie-Framework.INFO: 访问控制器:\app\Controller\favicon.icoController [] []
[2018-03-26 17:26:38] Rookie-Framework.INFO: 访问方法:index [] []
[2018-03-26 17:26:38] Rookie-Framework.DEBUG: 找不到控制器favicon.ico;文件地址：/wwwroot/daohang/app/Controller/favicon.icoController.php文件是否存在:0 [] []
[2018-03-26 17:26:38] Rookie-Framework.INFO: 访问控制器:\app\Controller\indexController [] []
[2018-03-26 17:26:38] Rookie-Framework.INFO: 访问方法:signIn [] []
[2018-03-26 17:26:38] Rookie-Framework.INFO: 解析模板文件--/wwwroot/daohang/app/viewindex.signin [] []
[2018-03-26 17:26:39] Rookie-Framework.INFO: 访问控制器:\app\Controller\favicon.icoController [] []
[2018-03-26 17:26:39] Rookie-Framework.INFO: 访问方法:index [] []
[2018-03-26 17:26:39] Rookie-Framework.DEBUG: 找不到控制器favicon.ico;文件地址：/wwwroot/daohang/app/Controller/favicon.icoController.php文件是否存在:0 [] []
[2018-03-26 17:26:43] Rookie-Framework.INFO: 访问控制器:\app\Controller\indexController [] []
[2018-03-26 17:26:43] Rookie-Framework.INFO: 访问方法:signIn [] []
[2018-03-26 17:26:43] Rookie-Framework.INFO: 解析模板文件--/wwwroot/daohang/app/viewindex.signin [] []
[2018-03-26 17:26:44] Rookie-Framework.INFO: 访问控制器:\app\Controller\favicon.icoController [] []
[2018-03-26 17:26:44] Rookie-Framework.INFO: 访问方法:index [] []
[2018-03-26 17:26:44] Rookie-Framework.DEBUG: 找不到控制器favicon.ico;文件地址：/wwwroot/daohang/app/Controller/favicon.icoController.php文件是否存在:0 [] []
[2018-03-26 17:32:24] Rookie-Framework.INFO: 访问控制器:\app\Controller\indexController [] []
[2018-03-26 17:32:24] Rookie-Framework.INFO: 访问方法:signIn [] []
[2018-03-26 17:32:24] Rookie-Framework.INFO: 解析模板文件--/wwwroot/daohang/app/viewindex.signin [] []
[2018-03-26 17:32:25] Rookie-Framework.INFO: 访问控制器:\app\Controller\favicon.icoController [] []
[2018-03-26 17:32:25] Rookie-Framework.INFO: 访问方法:index [] []
[2018-03-26 17:32:25] Rookie-Framework.DEBUG: 找不到控制器favicon.ico;文件地址：/wwwroot/daohang/app/Controller/favicon.icoController.php文件是否存在:0 [] []
[2018-03-26 17:33:31] Rookie-Framework.INFO: 访问控制器:\app\Controller\indexController [] []
[2018-03-26 17:33:31] Rookie-Framework.INFO: 访问方法:signIn [] []
[2018-03-26 17:33:32] Rookie-Framework.INFO: 解析模板文件--/wwwroot/daohang/app/viewindex.signin [] []
[2018-03-26 17:33:32] Rookie-Framework.INFO: 访问控制器:\app\Controller\favicon.icoController [] []
[2018-03-26 17:33:32] Rookie-Framework.INFO: 访问方法:index [] []
[2018-03-26 17:33:32] Rookie-Framework.DEBUG: 找不到控制器favicon.ico;文件地址：/wwwroot/daohang/app/Controller/favicon.icoController.php文件是否存在:0 [] []
[2018-03-26 17:33:43] Rookie-Framework.INFO: 访问控制器:\app\Controller\indexController [] []
[2018-03-26 17:33:43] Rookie-Framework.INFO: 访问方法:signIn [] []
[2018-03-26 17:33:43] Rookie-Framework.INFO: 解析模板文件--/wwwroot/daohang/app/viewindex.signin [] []
[2018-03-26 17:33:44] Rookie-Framework.INFO: 访问控制器:\app\Controller\favicon.icoController [] []
[2018-03-26 17:33:44] Rookie-Framework.INFO: 访问方法:index [] []
[2018-03-26 17:33:44] Rookie-Framework.DEBUG: 找不到控制器favicon.ico;文件地址：/wwwroot/daohang/app/Controller/favicon.icoController.php文件是否存在:0 [] []
[2018-03-26 17:33:45] Rookie-Framework.INFO: 访问控制器:\app\Controller\indexController [] []
[2018-03-26 17:33:45] Rookie-Framework.INFO: 访问方法:signIn [] []
[2018-03-26 17:33:45] Rookie-Framework.INFO: 解析模板文件--/wwwroot/daohang/app/viewindex.signin [] []
[2018-03-26 17:33:46] Rookie-Framework.INFO: 访问控制器:\app\Controller\favicon.icoController [] []
[2018-03-26 17:33:46] Rookie-Framework.INFO: 访问方法:index [] []
[2018-03-26 17:33:46] Rookie-Framework.DEBUG: 找不到控制器favicon.ico;文件地址：/wwwroot/daohang/app/Controller/favicon.icoController.php文件是否存在:0 [] []
[2018-03-26 17:34:09] Rookie-Framework.INFO: 访问控制器:\app\Controller\indexController [] []
[2018-03-26 17:34:09] Rookie-Framework.INFO: 访问方法:signIn [] []
[2018-03-26 17:34:09] Rookie-Framework.INFO: 解析模板文件--/wwwroot/daohang/app/viewindex.signin [] []
[2018-03-26 17:34:10] Rookie-Framework.INFO: 访问控制器:\app\Controller\favicon.icoController [] []
[2018-03-26 17:34:10] Rookie-Framework.INFO: 访问方法:index [] []
[2018-03-26 17:34:10] Rookie-Framework.DEBUG: 找不到控制器favicon.ico;文件地址：/wwwroot/daohang/app/Controller/favicon.icoController.php文件是否存在:0 [] []
[2018-03-26 17:34:10] Rookie-Framework.INFO: 访问控制器:\app\Controller\indexController [] []
[2018-03-26 17:34:10] Rookie-Framework.INFO: 访问方法:signIn [] []
[2018-03-26 17:34:11] Rookie-Framework.INFO: 解析模板文件--/wwwroot/daohang/app/viewindex.signin [] []
[2018-03-26 17:34:11] Rookie-Framework.INFO: 访问控制器:\app\Controller\favicon.icoController [] []
[2018-03-26 17:34:11] Rookie-Framework.INFO: 访问方法:index [] []
[2018-03-26 17:34:11] Rookie-Framework.DEBUG: 找不到控制器favicon.ico;文件地址：/wwwroot/daohang/app/Controller/favicon.icoController.php文件是否存在:0 [] []
[2018-03-26 17:34:12] Rookie-Framework.INFO: 访问控制器:\app\Controller\indexController [] []
[2018-03-26 17:34:12] Rookie-Framework.INFO: 访问方法:signIn [] []
[2018-03-26 17:34:12] Rookie-Framework.INFO: 解析模板文件--/wwwroot/daohang/app/viewindex.signin [] []
[2018-03-26 17:34:13] Rookie-Framework.INFO: 访问控制器:\app\Controller\favicon.icoController [] []
[2018-03-26 17:34:13] Rookie-Framework.INFO: 访问方法:index [] []
[2018-03-26 17:34:13] Rookie-Framework.DEBUG: 找不到控制器favicon.ico;文件地址：/wwwroot/daohang/app/Controller/favicon.icoController.php文件是否存在:0 [] []
[2018-03-26 17:34:13] Rookie-Framework.INFO: 访问控制器:\app\Controller\indexController [] []
[2018-03-26 17:34:13] Rookie-Framework.INFO: 访问方法:signIn [] []
[2018-03-26 17:34:13] Rookie-Framework.INFO: 解析模板文件--/wwwroot/daohang/app/viewindex.signin [] []
[2018-03-26 17:34:14] Rookie-Framework.INFO: 访问控制器:\app\Controller\favicon.icoController [] []
[2018-03-26 17:34:14] Rookie-Framework.INFO: 访问方法:index [] []
[2018-03-26 17:34:14] Rookie-Framework.DEBUG: 找不到控制器favicon.ico;文件地址：/wwwroot/daohang/app/Controller/favicon.icoController.php文件是否存在:0 [] []
[2018-03-26 17:34:14] Rookie-Framework.INFO: 访问控制器:\app\Controller\indexController [] []
[2018-03-26 17:34:14] Rookie-Framework.INFO: 访问方法:signIn [] []
[2018-03-26 17:34:14] Rookie-Framework.INFO: 解析模板文件--/wwwroot/daohang/app/viewindex.signin [] []
[2018-03-26 17:34:15] Rookie-Framework.INFO: 访问控制器:\app\Controller\favicon.icoController [] []
[2018-03-26 17:34:15] Rookie-Framework.INFO: 访问方法:index [] []
[2018-03-26 17:34:15] Rookie-Framework.DEBUG: 找不到控制器favicon.ico;文件地址：/wwwroot/daohang/app/Controller/favicon.icoController.php文件是否存在:0 [] []
[2018-03-26 17:34:16] Rookie-Framework.INFO: 访问控制器:\app\Controller\indexController [] []
[2018-03-26 17:34:16] Rookie-Framework.INFO: 访问方法:signIn [] []
[2018-03-26 17:34:16] Rookie-Framework.INFO: 解析模板文件--/wwwroot/daohang/app/viewindex.signin [] []
[2018-03-26 17:34:16] Rookie-Framework.INFO: 访问控制器:\app\Controller\favicon.icoController [] []
[2018-03-26 17:34:16] Rookie-Framework.INFO: 访问方法:index [] []
[2018-03-26 17:34:16] Rookie-Framework.DEBUG: 找不到控制器favicon.ico;文件地址：/wwwroot/daohang/app/Controller/favicon.icoController.php文件是否存在:0 [] []
[2018-03-26 17:34:17] Rookie-Framework.INFO: 访问控制器:\app\Controller\indexController [] []
[2018-03-26 17:34:17] Rookie-Framework.INFO: 访问方法:signIn [] []
[2018-03-26 17:34:17] Rookie-Framework.INFO: 解析模板文件--/wwwroot/daohang/app/viewindex.signin [] []
[2018-03-26 17:34:18] Rookie-Framework.INFO: 访问控制器:\app\Controller\favicon.icoController [] []
[2018-03-26 17:34:18] Rookie-Framework.INFO: 访问方法:index [] []
[2018-03-26 17:34:18] Rookie-Framework.DEBUG: 找不到控制器favicon.ico;文件地址：/wwwroot/daohang/app/Controller/favicon.icoController.php文件是否存在:0 [] []
[2018-03-26 17:34:27] Rookie-Framework.INFO: 访问控制器:\app\Controller\indexController [] []
[2018-03-26 17:34:27] Rookie-Framework.INFO: 访问方法:signIn [] []
[2018-03-26 17:34:27] Rookie-Framework.INFO: 解析模板文件--/wwwroot/daohang/app/viewindex.signin [] []
[2018-03-26 17:34:28] Rookie-Framework.INFO: 访问控制器:\app\Controller\favicon.icoController [] []
[2018-03-26 17:34:28] Rookie-Framework.INFO: 访问方法:index [] []
[2018-03-26 17:34:28] Rookie-Framework.DEBUG: 找不到控制器favicon.ico;文件地址：/wwwroot/daohang/app/Controller/favicon.icoController.php文件是否存在:0 [] []
[2018-03-26 17:34:28] Rookie-Framework.INFO: 访问控制器:\app\Controller\indexController [] []
[2018-03-26 17:34:28] Rookie-Framework.INFO: 访问方法:signIn [] []
[2018-03-26 17:34:28] Rookie-Framework.INFO: 解析模板文件--/wwwroot/daohang/app/viewindex.signin [] []
[2018-03-26 17:34:29] Rookie-Framework.INFO: 访问控制器:\app\Controller\favicon.icoController [] []
[2018-03-26 17:34:29] Rookie-Framework.INFO: 访问方法:index [] []
[2018-03-26 17:34:29] Rookie-Framework.DEBUG: 找不到控制器favicon.ico;文件地址：/wwwroot/daohang/app/Controller/favicon.icoController.php文件是否存在:0 [] []
[2018-03-26 17:34:30] Rookie-Framework.INFO: 访问控制器:\app\Controller\indexController [] []
[2018-03-26 17:34:30] Rookie-Framework.INFO: 访问方法:signIn [] []
[2018-03-26 17:34:30] Rookie-Framework.INFO: 解析模板文件--/wwwroot/daohang/app/viewindex.signin [] []
[2018-03-26 17:34:31] Rookie-Framework.INFO: 访问控制器:\app\Controller\favicon.icoController [] []
[2018-03-26 17:34:31] Rookie-Framework.INFO: 访问方法:index [] []
[2018-03-26 17:34:31] Rookie-Framework.DEBUG: 找不到控制器favicon.ico;文件地址：/wwwroot/daohang/app/Controller/favicon.icoController.php文件是否存在:0 [] []
[2018-03-26 17:34:32] Rookie-Framework.INFO: 访问控制器:\app\Controller\indexController [] []
[2018-03-26 17:34:32] Rookie-Framework.INFO: 访问方法:signIn [] []
[2018-03-26 17:34:32] Rookie-Framework.INFO: 解析模板文件--/wwwroot/daohang/app/viewindex.signin [] []
[2018-03-26 17:34:33] Rookie-Framework.INFO: 访问控制器:\app\Controller\favicon.icoController [] []
[2018-03-26 17:34:33] Rookie-Framework.INFO: 访问方法:index [] []
[2018-03-26 17:34:33] Rookie-Framework.DEBUG: 找不到控制器favicon.ico;文件地址：/wwwroot/daohang/app/Controller/favicon.icoController.php文件是否存在:0 [] []
[2018-03-26 17:38:51] Rookie-Framework.INFO: 访问控制器:\app\Controller\indexController [] []
[2018-03-26 17:38:51] Rookie-Framework.INFO: 访问方法:signIn [] []
[2018-03-26 17:38:51] Rookie-Framework.INFO: 解析模板文件--/wwwroot/daohang/app/viewindex.signin [] []
[2018-03-26 17:38:51] Rookie-Framework.INFO: 访问控制器:\app\Controller\favicon.icoController [] []
[2018-03-26 17:38:51] Rookie-Framework.INFO: 访问方法:index [] []
[2018-03-26 17:38:51] Rookie-Framework.DEBUG: 找不到控制器favicon.ico;文件地址：/wwwroot/daohang/app/Controller/favicon.icoController.php文件是否存在:0 [] []
[2018-03-26 17:38:59] Rookie-Framework.INFO: 访问控制器:\app\Controller\indexController [] []
[2018-03-26 17:38:59] Rookie-Framework.INFO: 访问方法:signIn [] []
[2018-03-26 17:38:59] Rookie-Framework.INFO: 解析模板文件--/wwwroot/daohang/app/viewindex.signin [] []
[2018-03-26 17:39:00] Rookie-Framework.INFO: 访问控制器:\app\Controller\favicon.icoController [] []
[2018-03-26 17:39:00] Rookie-Framework.INFO: 访问方法:index [] []
[2018-03-26 17:39:00] Rookie-Framework.DEBUG: 找不到控制器favicon.ico;文件地址：/wwwroot/daohang/app/Controller/favicon.icoController.php文件是否存在:0 [] []
[2018-03-26 17:39:02] Rookie-Framework.INFO: 访问控制器:\app\Controller\indexController [] []
[2018-03-26 17:39:02] Rookie-Framework.INFO: 访问方法:signIn [] []
[2018-03-26 17:39:03] Rookie-Framework.INFO: 解析模板文件--/wwwroot/daohang/app/viewindex.signin [] []
[2018-03-26 17:39:04] Rookie-Framework.INFO: 访问控制器:\app\Controller\favicon.icoController [] []
[2018-03-26 17:39:04] Rookie-Framework.INFO: 访问方法:index [] []
[2018-03-26 17:39:04] Rookie-Framework.DEBUG: 找不到控制器favicon.ico;文件地址：/wwwroot/daohang/app/Controller/favicon.icoController.php文件是否存在:0 [] []
[2018-03-26 17:39:04] Rookie-Framework.INFO: 访问控制器:\app\Controller\indexController [] []
[2018-03-26 17:39:04] Rookie-Framework.INFO: 访问方法:signIn [] []
[2018-03-26 17:39:04] Rookie-Framework.INFO: 解析模板文件--/wwwroot/daohang/app/viewindex.signin [] []
[2018-03-26 17:39:05] Rookie-Framework.INFO: 访问控制器:\app\Controller\favicon.icoController [] []
[2018-03-26 17:39:05] Rookie-Framework.INFO: 访问方法:index [] []
[2018-03-26 17:39:05] Rookie-Framework.DEBUG: 找不到控制器favicon.ico;文件地址：/wwwroot/daohang/app/Controller/favicon.icoController.php文件是否存在:0 [] []
[2018-03-26 17:39:05] Rookie-Framework.INFO: 访问控制器:\app\Controller\indexController [] []
[2018-03-26 17:39:05] Rookie-Framework.INFO: 访问方法:signIn [] []
[2018-03-26 17:39:05] Rookie-Framework.INFO: 解析模板文件--/wwwroot/daohang/app/viewindex.signin [] []
[2018-03-26 17:39:06] Rookie-Framework.INFO: 访问控制器:\app\Controller\favicon.icoController [] []
[2018-03-26 17:39:06] Rookie-Framework.INFO: 访问方法:index [] []
[2018-03-26 17:39:06] Rookie-Framework.DEBUG: 找不到控制器favicon.ico;文件地址：/wwwroot/daohang/app/Controller/favicon.icoController.php文件是否存在:0 [] []
[2018-03-26 17:39:07] Rookie-Framework.INFO: 访问控制器:\app\Controller\indexController [] []
[2018-03-26 17:39:07] Rookie-Framework.INFO: 访问方法:signIn [] []
[2018-03-26 17:39:07] Rookie-Framework.INFO: 解析模板文件--/wwwroot/daohang/app/viewindex.signin [] []
[2018-03-26 17:39:08] Rookie-Framework.INFO: 访问控制器:\app\Controller\favicon.icoController [] []
[2018-03-26 17:39:08] Rookie-Framework.INFO: 访问方法:index [] []
[2018-03-26 17:39:08] Rookie-Framework.DEBUG: 找不到控制器favicon.ico;文件地址：/wwwroot/daohang/app/Controller/favicon.icoController.php文件是否存在:0 [] []
[2018-03-26 17:39:08] Rookie-Framework.INFO: 访问控制器:\app\Controller\indexController [] []
[2018-03-26 17:39:08] Rookie-Framework.INFO: 访问方法:signIn [] []
[2018-03-26 17:39:08] Rookie-Framework.INFO: 解析模板文件--/wwwroot/daohang/app/viewindex.signin [] []
[2018-03-26 17:39:09] Rookie-Framework.INFO: 访问控制器:\app\Controller\favicon.icoController [] []
[2018-03-26 17:39:09] Rookie-Framework.INFO: 访问方法:index [] []
[2018-03-26 17:39:09] Rookie-Framework.DEBUG: 找不到控制器favicon.ico;文件地址：/wwwroot/daohang/app/Controller/favicon.icoController.php文件是否存在:0 [] []
[2018-03-26 17:39:09] Rookie-Framework.INFO: 访问控制器:\app\Controller\indexController [] []
[2018-03-26 17:39:09] Rookie-Framework.INFO: 访问方法:signIn [] []
[2018-03-26 17:39:10] Rookie-Framework.INFO: 解析模板文件--/wwwroot/daohang/app/viewindex.signin [] []
[2018-03-26 17:39:10] Rookie-Framework.INFO: 访问控制器:\app\Controller\favicon.icoController [] []
[2018-03-26 17:39:10] Rookie-Framework.INFO: 访问方法:index [] []
[2018-03-26 17:39:10] Rookie-Framework.DEBUG: 找不到控制器favicon.ico;文件地址：/wwwroot/daohang/app/Controller/favicon.icoController.php文件是否存在:0 [] []
[2018-03-26 17:39:11] Rookie-Framework.INFO: 访问控制器:\app\Controller\indexController [] []
[2018-03-26 17:39:11] Rookie-Framework.INFO: 访问方法:signIn [] []
[2018-03-26 17:39:11] Rookie-Framework.INFO: 解析模板文件--/wwwroot/daohang/app/viewindex.signin [] []
[2018-03-26 17:39:12] Rookie-Framework.INFO: 访问控制器:\app\Controller\favicon.icoController [] []
[2018-03-26 17:39:12] Rookie-Framework.INFO: 访问方法:index [] []
[2018-03-26 17:39:12] Rookie-Framework.DEBUG: 找不到控制器favicon.ico;文件地址：/wwwroot/daohang/app/Controller/favicon.icoController.php文件是否存在:0 [] []
[2018-03-26 17:45:25] Rookie-Framework.INFO: 访问控制器:\app\Controller\indexController [] []
[2018-03-26 17:45:25] Rookie-Framework.INFO: 访问方法:signIn [] []
[2018-03-26 17:45:25] Rookie-Framework.INFO: 解析模板文件--/wwwroot/daohang/app/viewindex.signin [] []
[2018-03-26 17:45:26] Rookie-Framework.INFO: 访问控制器:\app\Controller\favicon.icoController [] []
[2018-03-26 17:45:26] Rookie-Framework.INFO: 访问方法:index [] []
[2018-03-26 17:45:26] Rookie-Framework.DEBUG: 找不到控制器favicon.ico;文件地址：/wwwroot/daohang/app/Controller/favicon.icoController.php文件是否存在:0 [] []
[2018-03-26 17:48:38] Rookie-Framework.INFO: 访问控制器:\app\Controller\indexController [] []
[2018-03-26 17:48:38] Rookie-Framework.INFO: 访问方法:signIn [] []
[2018-03-26 17:48:38] Rookie-Framework.INFO: 解析模板文件--/wwwroot/daohang/app/viewindex.signin [] []
[2018-03-26 17:48:39] Rookie-Framework.INFO: 访问控制器:\app\Controller\favicon.icoController [] []
[2018-03-26 17:48:39] Rookie-Framework.INFO: 访问方法:index [] []
[2018-03-26 17:48:39] Rookie-Framework.DEBUG: 找不到控制器favicon.ico;文件地址：/wwwroot/daohang/app/Controller/favicon.icoController.php文件是否存在:0 [] []
[2018-03-26 17:50:36] Rookie-Framework.INFO: 访问控制器:\app\Controller\indexController [] []
[2018-03-26 17:50:36] Rookie-Framework.INFO: 访问方法:signIn [] []
[2018-03-26 17:50:36] Rookie-Framework.INFO: 解析模板文件--/wwwroot/daohang/app/viewindex.signin [] []
[2018-03-26 17:50:37] Rookie-Framework.INFO: 访问控制器:\app\Controller\favicon.icoController [] []
[2018-03-26 17:50:37] Rookie-Framework.INFO: 访问方法:index [] []
[2018-03-26 17:50:37] Rookie-Framework.DEBUG: 找不到控制器favicon.ico;文件地址：/wwwroot/daohang/app/Controller/favicon.icoController.php文件是否存在:0 [] []
[2018-03-26 17:52:08] Rookie-Framework.INFO: 访问控制器:\app\Controller\indexController [] []
[2018-03-26 17:52:08] Rookie-Framework.INFO: 访问方法:signIn [] []
[2018-03-26 17:52:08] Rookie-Framework.INFO: 解析模板文件--/wwwroot/daohang/app/viewindex.signin [] []
[2018-03-26 17:52:08] Rookie-Framework.INFO: 访问控制器:\app\Controller\favicon.icoController [] []
[2018-03-26 17:52:08] Rookie-Framework.INFO: 访问方法:index [] []
[2018-03-26 17:52:08] Rookie-Framework.DEBUG: 找不到控制器favicon.ico;文件地址：/wwwroot/daohang/app/Controller/favicon.icoController.php文件是否存在:0 [] []
[2018-03-26 17:52:50] Rookie-Framework.INFO: 访问控制器:\app\Controller\indexController [] []
[2018-03-26 17:52:50] Rookie-Framework.INFO: 访问方法:signIn [] []
[2018-03-26 17:52:50] Rookie-Framework.INFO: 解析模板文件--/wwwroot/daohang/app/viewindex.signin [] []
[2018-03-26 17:52:51] Rookie-Framework.INFO: 访问控制器:\app\Controller\favicon.icoController [] []
[2018-03-26 17:52:51] Rookie-Framework.INFO: 访问方法:index [] []
[2018-03-26 17:52:51] Rookie-Framework.DEBUG: 找不到控制器favicon.ico;文件地址：/wwwroot/daohang/app/Controller/favicon.icoController.php文件是否存在:0 [] []
[2018-03-26 17:53:15] Rookie-Framework.INFO: 访问控制器:\app\Controller\indexController [] []
[2018-03-26 17:53:15] Rookie-Framework.INFO: 访问方法:signIn [] []
[2018-03-26 17:53:15] Rookie-Framework.INFO: 解析模板文件--/wwwroot/daohang/app/viewindex.signin [] []
[2018-03-26 17:53:16] Rookie-Framework.INFO: 访问控制器:\app\Controller\favicon.icoController [] []
[2018-03-26 17:53:16] Rookie-Framework.INFO: 访问方法:index [] []
[2018-03-26 17:53:16] Rookie-Framework.DEBUG: 找不到控制器favicon.ico;文件地址：/wwwroot/daohang/app/Controller/favicon.icoController.php文件是否存在:0 [] []
[2018-03-26 17:53:18] Rookie-Framework.INFO: 访问控制器:\app\Controller\indexController [] []
[2018-03-26 17:53:18] Rookie-Framework.INFO: 访问方法:signIn [] []
[2018-03-26 17:53:18] Rookie-Framework.INFO: 解析模板文件--/wwwroot/daohang/app/viewindex.signin [] []
[2018-03-26 17:53:19] Rookie-Framework.INFO: 访问控制器:\app\Controller\favicon.icoController [] []
[2018-03-26 17:53:19] Rookie-Framework.INFO: 访问方法:index [] []
[2018-03-26 17:53:19] Rookie-Framework.DEBUG: 找不到控制器favicon.ico;文件地址：/wwwroot/daohang/app/Controller/favicon.icoController.php文件是否存在:0 [] []
[2018-03-26 17:53:19] Rookie-Framework.INFO: 访问控制器:\app\Controller\indexController [] []
[2018-03-26 17:53:19] Rookie-Framework.INFO: 访问方法:signIn [] []
[2018-03-26 17:53:19] Rookie-Framework.INFO: 解析模板文件--/wwwroot/daohang/app/viewindex.signin [] []
[2018-03-26 17:53:20] Rookie-Framework.INFO: 访问控制器:\app\Controller\favicon.icoController [] []
[2018-03-26 17:53:20] Rookie-Framework.INFO: 访问方法:index [] []
[2018-03-26 17:53:20] Rookie-Framework.DEBUG: 找不到控制器favicon.ico;文件地址：/wwwroot/daohang/app/Controller/favicon.icoController.php文件是否存在:0 [] []
[2018-03-26 17:53:21] Rookie-Framework.INFO: 访问控制器:\app\Controller\indexController [] []
[2018-03-26 17:53:21] Rookie-Framework.INFO: 访问方法:signIn [] []
[2018-03-26 17:53:21] Rookie-Framework.INFO: 解析模板文件--/wwwroot/daohang/app/viewindex.signin [] []
[2018-03-26 17:53:21] Rookie-Framework.INFO: 访问控制器:\app\Controller\favicon.icoController [] []
[2018-03-26 17:53:21] Rookie-Framework.INFO: 访问方法:index [] []
[2018-03-26 17:53:21] Rookie-Framework.DEBUG: 找不到控制器favicon.ico;文件地址：/wwwroot/daohang/app/Controller/favicon.icoController.php文件是否存在:0 [] []
[2018-03-26 17:54:40] Rookie-Framework.INFO: 访问控制器:\app\Controller\indexController [] []
[2018-03-26 17:54:40] Rookie-Framework.INFO: 访问方法:signIn [] []
[2018-03-26 17:54:40] Rookie-Framework.INFO: 解析模板文件--/wwwroot/daohang/app/viewindex.signin [] []
[2018-03-26 17:54:40] Rookie-Framework.INFO: 访问控制器:\app\Controller\favicon.icoController [] []
[2018-03-26 17:54:40] Rookie-Framework.INFO: 访问方法:index [] []
[2018-03-26 17:54:40] Rookie-Framework.DEBUG: 找不到控制器favicon.ico;文件地址：/wwwroot/daohang/app/Controller/favicon.icoController.php文件是否存在:0 [] []
