[2018-03-26 18:00:31] Rookie-Framework.INFO: 访问控制器:\app\Controller\indexController [] []
[2018-03-26 18:00:31] Rookie-Framework.INFO: 访问方法:signIn [] []
[2018-03-26 18:00:31] Rookie-Framework.INFO: 解析模板文件--/wwwroot/daohang/app/viewindex.signin [] []
[2018-03-26 18:00:32] Rookie-Framework.INFO: 访问控制器:\app\Controller\favicon.icoController [] []
[2018-03-26 18:00:32] Rookie-Framework.INFO: 访问方法:index [] []
[2018-03-26 18:00:32] Rookie-Framework.DEBUG: 找不到控制器favicon.ico;文件地址：/wwwroot/daohang/app/Controller/favicon.icoController.php文件是否存在:0 [] []
[2018-03-26 18:01:44] Rookie-Framework.INFO: 访问控制器:\app\Controller\indexController [] []
[2018-03-26 18:01:44] Rookie-Framework.INFO: 访问方法:signIn [] []
[2018-03-26 18:01:44] Rookie-Framework.INFO: 解析模板文件--/wwwroot/daohang/app/viewindex.signin [] []
[2018-03-26 18:01:45] Rookie-Framework.INFO: 访问控制器:\app\Controller\favicon.icoController [] []
[2018-03-26 18:01:45] Rookie-Framework.INFO: 访问方法:index [] []
[2018-03-26 18:01:45] Rookie-Framework.DEBUG: 找不到控制器favicon.ico;文件地址：/wwwroot/daohang/app/Controller/favicon.icoController.php文件是否存在:0 [] []
[2018-03-26 18:03:27] Rookie-Framework.INFO: 访问控制器:\app\Controller\indexController [] []
[2018-03-26 18:03:27] Rookie-Framework.INFO: 访问方法:signIn [] []
[2018-03-26 18:03:27] Rookie-Framework.INFO: 解析模板文件--/wwwroot/daohang/app/viewindex.signin [] []
[2018-03-26 18:03:28] Rookie-Framework.INFO: 访问控制器:\app\Controller\favicon.icoController [] []
[2018-03-26 18:03:28] Rookie-Framework.INFO: 访问方法:index [] []
[2018-03-26 18:03:28] Rookie-Framework.DEBUG: 找不到控制器favicon.ico;文件地址：/wwwroot/daohang/app/Controller/favicon.icoController.php文件是否存在:0 [] []
[2018-03-26 18:23:29] Rookie-Framework.INFO: 访问控制器:\app\Controller\indexController [] []
[2018-03-26 18:23:29] Rookie-Framework.INFO: 访问方法:signIn [] []
[2018-03-26 18:23:30] Rookie-Framework.INFO: 解析模板文件--/wwwroot/daohang/app/viewindex.signin [] []
[2018-03-26 18:23:30] Rookie-Framework.INFO: 访问控制器:\app\Controller\favicon.icoController [] []
[2018-03-26 18:23:30] Rookie-Framework.INFO: 访问方法:index [] []
[2018-03-26 18:23:30] Rookie-Framework.DEBUG: 找不到控制器favicon.ico;文件地址：/wwwroot/daohang/app/Controller/favicon.icoController.php文件是否存在:0 [] []
[2018-03-26 18:23:53] Rookie-Framework.INFO: 访问控制器:\app\Controller\indexController [] []
[2018-03-26 18:23:53] Rookie-Framework.INFO: 访问方法:signIn [] []
[2018-03-26 18:23:53] Rookie-Framework.INFO: 解析模板文件--/wwwroot/daohang/app/viewindex.signin [] []
[2018-03-26 18:23:54] Rookie-Framework.INFO: 访问控制器:\app\Controller\favicon.icoController [] []
[2018-03-26 18:23:54] Rookie-Framework.INFO: 访问方法:index [] []
[2018-03-26 18:23:54] Rookie-Framework.DEBUG: 找不到控制器favicon.ico;文件地址：/wwwroot/daohang/app/Controller/favicon.icoController.php文件是否存在:0 [] []
[2018-03-26 18:23:55] Rookie-Framework.INFO: 访问控制器:\app\Controller\indexController [] []
[2018-03-26 18:23:55] Rookie-Framework.INFO: 访问方法:signIn [] []
[2018-03-26 18:23:55] Rookie-Framework.INFO: 解析模板文件--/wwwroot/daohang/app/viewindex.signin [] []
[2018-03-26 18:23:56] Rookie-Framework.INFO: 访问控制器:\app\Controller\favicon.icoController [] []
[2018-03-26 18:23:56] Rookie-Framework.INFO: 访问方法:index [] []
[2018-03-26 18:23:56] Rookie-Framework.DEBUG: 找不到控制器favicon.ico;文件地址：/wwwroot/daohang/app/Controller/favicon.icoController.php文件是否存在:0 [] []
[2018-03-26 18:23:56] Rookie-Framework.INFO: 访问控制器:\app\Controller\indexController [] []
[2018-03-26 18:23:56] Rookie-Framework.INFO: 访问方法:signIn [] []
[2018-03-26 18:23:56] Rookie-Framework.INFO: 解析模板文件--/wwwroot/daohang/app/viewindex.signin [] []
[2018-03-26 18:23:57] Rookie-Framework.INFO: 访问控制器:\app\Controller\favicon.icoController [] []
[2018-03-26 18:23:57] Rookie-Framework.INFO: 访问方法:index [] []
[2018-03-26 18:23:57] Rookie-Framework.DEBUG: 找不到控制器favicon.ico;文件地址：/wwwroot/daohang/app/Controller/favicon.icoController.php文件是否存在:0 [] []
[2018-03-26 18:23:58] Rookie-Framework.INFO: 访问控制器:\app\Controller\indexController [] []
[2018-03-26 18:23:58] Rookie-Framework.INFO: 访问方法:signIn [] []
[2018-03-26 18:23:58] Rookie-Framework.INFO: 解析模板文件--/wwwroot/daohang/app/viewindex.signin [] []
[2018-03-26 18:23:59] Rookie-Framework.INFO: 访问控制器:\app\Controller\favicon.icoController [] []
[2018-03-26 18:23:59] Rookie-Framework.INFO: 访问方法:index [] []
[2018-03-26 18:23:59] Rookie-Framework.DEBUG: 找不到控制器favicon.ico;文件地址：/wwwroot/daohang/app/Controller/favicon.icoController.php文件是否存在:0 [] []
[2018-03-26 18:23:59] Rookie-Framework.INFO: 访问控制器:\app\Controller\indexController [] []
[2018-03-26 18:23:59] Rookie-Framework.INFO: 访问方法:signIn [] []
[2018-03-26 18:23:59] Rookie-Framework.INFO: 解析模板文件--/wwwroot/daohang/app/viewindex.signin [] []
[2018-03-26 18:24:00] Rookie-Framework.INFO: 访问控制器:\app\Controller\favicon.icoController [] []
[2018-03-26 18:24:00] Rookie-Framework.INFO: 访问方法:index [] []
[2018-03-26 18:24:00] Rookie-Framework.DEBUG: 找不到控制器favicon.ico;文件地址：/wwwroot/daohang/app/Controller/favicon.icoController.php文件是否存在:0 [] []
[2018-03-26 18:24:01] Rookie-Framework.INFO: 访问控制器:\app\Controller\indexController [] []
[2018-03-26 18:24:01] Rookie-Framework.INFO: 访问方法:signIn [] []
[2018-03-26 18:24:01] Rookie-Framework.INFO: 解析模板文件--/wwwroot/daohang/app/viewindex.signin [] []
[2018-03-26 18:24:01] Rookie-Framework.INFO: 访问控制器:\app\Controller\favicon.icoController [] []
[2018-03-26 18:24:01] Rookie-Framework.INFO: 访问方法:index [] []
[2018-03-26 18:24:01] Rookie-Framework.DEBUG: 找不到控制器favicon.ico;文件地址：/wwwroot/daohang/app/Controller/favicon.icoController.php文件是否存在:0 [] []
[2018-03-26 18:31:36] Rookie-Framework.INFO: 访问控制器:\app\Controller\indexController [] []
[2018-03-26 18:31:36] Rookie-Framework.INFO: 访问方法:signIn [] []
[2018-03-26 18:31:36] Rookie-Framework.INFO: 解析模板文件--/wwwroot/daohang/app/viewindex.signin [] []
[2018-03-26 18:31:37] Rookie-Framework.INFO: 访问控制器:\app\Controller\favicon.icoController [] []
[2018-03-26 18:31:37] Rookie-Framework.INFO: 访问方法:index [] []
[2018-03-26 18:31:37] Rookie-Framework.DEBUG: 找不到控制器favicon.ico;文件地址：/wwwroot/daohang/app/Controller/favicon.icoController.php文件是否存在:0 [] []
[2018-03-26 18:32:29] Rookie-Framework.INFO: 访问控制器:\app\Controller\ApiController [] []
[2018-03-26 18:32:29] Rookie-Framework.INFO: 访问方法:signin [] []
[2018-03-26 18:32:41] Rookie-Framework.INFO: 访问控制器:\app\Controller\indexController [] []
[2018-03-26 18:32:41] Rookie-Framework.INFO: 访问方法:signIn [] []
[2018-03-26 18:32:41] Rookie-Framework.INFO: 解析模板文件--/wwwroot/daohang/app/viewindex.signin [] []
[2018-03-26 18:32:41] Rookie-Framework.INFO: 访问控制器:\app\Controller\favicon.icoController [] []
[2018-03-26 18:32:42] Rookie-Framework.INFO: 访问方法:index [] []
[2018-03-26 18:32:42] Rookie-Framework.DEBUG: 找不到控制器favicon.ico;文件地址：/wwwroot/daohang/app/Controller/favicon.icoController.php文件是否存在:0 [] []
[2018-03-26 18:32:45] Rookie-Framework.INFO: 访问控制器:\app\Controller\ApiController [] []
[2018-03-26 18:32:45] Rookie-Framework.INFO: 访问方法:signin [] []
[2018-03-26 18:32:53] Rookie-Framework.INFO: 访问控制器:\app\Controller\ApiController [] []
[2018-03-26 18:32:53] Rookie-Framework.INFO: 访问方法:signin [] []
[2018-03-26 18:32:59] Rookie-Framework.INFO: 访问控制器:\app\Controller\ApiController [] []
[2018-03-26 18:32:59] Rookie-Framework.INFO: 访问方法:signin [] []
[2018-03-26 18:33:09] Rookie-Framework.INFO: 访问控制器:\app\Controller\ApiController [] []
[2018-03-26 18:33:09] Rookie-Framework.INFO: 访问方法:signin [] []
[2018-03-26 18:33:13] Rookie-Framework.INFO: 访问控制器:\app\Controller\ApiController [] []
[2018-03-26 18:33:13] Rookie-Framework.INFO: 访问方法:signin [] []
[2018-03-26 18:33:18] Rookie-Framework.INFO: 访问控制器:\app\Controller\ApiController [] []
[2018-03-26 18:33:18] Rookie-Framework.INFO: 访问方法:signin [] []
[2018-03-26 18:33:24] Rookie-Framework.INFO: 访问控制器:\app\Controller\ApiController [] []
[2018-03-26 18:33:24] Rookie-Framework.INFO: 访问方法:signin [] []
[2018-03-26 18:33:30] Rookie-Framework.INFO: 访问控制器:\app\Controller\ApiController [] []
[2018-03-26 18:33:30] Rookie-Framework.INFO: 访问方法:signin [] []
[2018-03-26 18:33:40] Rookie-Framework.INFO: 访问控制器:\app\Controller\ApiController [] []
[2018-03-26 18:33:40] Rookie-Framework.INFO: 访问方法:signin [] []
[2018-03-26 18:33:46] Rookie-Framework.INFO: 访问控制器:\app\Controller\ApiController [] []
[2018-03-26 18:33:46] Rookie-Framework.INFO: 访问方法:signin [] []
[2018-03-26 18:33:50] Rookie-Framework.INFO: 访问控制器:\app\Controller\ApiController [] []
[2018-03-26 18:33:50] Rookie-Framework.INFO: 访问方法:signin [] []
[2018-03-26 18:33:56] Rookie-Framework.INFO: 访问控制器:\app\Controller\ApiController [] []
[2018-03-26 18:33:56] Rookie-Framework.INFO: 访问方法:signin [] []
[2018-03-26 18:41:38] Rookie-Framework.INFO: 访问控制器:\app\Controller\indexController [] []
[2018-03-26 18:41:38] Rookie-Framework.INFO: 访问方法:signIn [] []
[2018-03-26 18:41:38] Rookie-Framework.INFO: 解析模板文件--/wwwroot/daohang/app/viewindex.signin [] []
[2018-03-26 18:41:39] Rookie-Framework.INFO: 访问控制器:\app\Controller\favicon.icoController [] []
[2018-03-26 18:41:39] Rookie-Framework.INFO: 访问方法:index [] []
[2018-03-26 18:41:39] Rookie-Framework.DEBUG: 找不到控制器favicon.ico;文件地址：/wwwroot/daohang/app/Controller/favicon.icoController.php文件是否存在:0 [] []
[2018-03-26 18:41:55] Rookie-Framework.INFO: 访问控制器:\app\Controller\indexController [] []
[2018-03-26 18:41:55] Rookie-Framework.INFO: 访问方法:signIn [] []
[2018-03-26 18:41:55] Rookie-Framework.INFO: 解析模板文件--/wwwroot/daohang/app/viewindex.signin [] []
[2018-03-26 18:41:56] Rookie-Framework.INFO: 访问控制器:\app\Controller\favicon.icoController [] []
[2018-03-26 18:41:56] Rookie-Framework.INFO: 访问方法:index [] []
[2018-03-26 18:41:56] Rookie-Framework.DEBUG: 找不到控制器favicon.ico;文件地址：/wwwroot/daohang/app/Controller/favicon.icoController.php文件是否存在:0 [] []
[2018-03-26 18:44:49] Rookie-Framework.INFO: 访问控制器:\app\Controller\indexController [] []
[2018-03-26 18:44:49] Rookie-Framework.INFO: 访问方法:signIn [] []
[2018-03-26 18:44:49] Rookie-Framework.INFO: 解析模板文件--/wwwroot/daohang/app/viewindex.signin [] []
[2018-03-26 18:44:49] Rookie-Framework.INFO: 访问控制器:\app\Controller\favicon.icoController [] []
[2018-03-26 18:44:49] Rookie-Framework.INFO: 访问方法:index [] []
[2018-03-26 18:44:49] Rookie-Framework.DEBUG: 找不到控制器favicon.ico;文件地址：/wwwroot/daohang/app/Controller/favicon.icoController.php文件是否存在:0 [] []
[2018-03-26 18:49:24] Rookie-Framework.INFO: 访问控制器:\app\Controller\indexController [] []
[2018-03-26 18:49:24] Rookie-Framework.INFO: 访问方法:signIn [] []
[2018-03-26 18:49:25] Rookie-Framework.INFO: 解析模板文件--/wwwroot/daohang/app/viewindex.signin [] []
[2018-03-26 18:49:25] Rookie-Framework.INFO: 访问控制器:\app\Controller\favicon.icoController [] []
[2018-03-26 18:49:25] Rookie-Framework.INFO: 访问方法:index [] []
[2018-03-26 18:49:25] Rookie-Framework.DEBUG: 找不到控制器favicon.ico;文件地址：/wwwroot/daohang/app/Controller/favicon.icoController.php文件是否存在:0 [] []
[2018-03-26 18:50:33] Rookie-Framework.INFO: 访问控制器:\app\Controller\indexController [] []
[2018-03-26 18:50:33] Rookie-Framework.INFO: 访问方法:signIn [] []
[2018-03-26 18:50:33] Rookie-Framework.INFO: 解析模板文件--/wwwroot/daohang/app/viewindex.signin [] []
[2018-03-26 18:50:34] Rookie-Framework.INFO: 访问控制器:\app\Controller\favicon.icoController [] []
[2018-03-26 18:50:34] Rookie-Framework.INFO: 访问方法:index [] []
[2018-03-26 18:50:34] Rookie-Framework.DEBUG: 找不到控制器favicon.ico;文件地址：/wwwroot/daohang/app/Controller/favicon.icoController.php文件是否存在:0 [] []
[2018-03-26 18:53:45] Rookie-Framework.INFO: 访问控制器:\app\Controller\indexController [] []
[2018-03-26 18:53:45] Rookie-Framework.INFO: 访问方法:signIn [] []
[2018-03-26 18:53:45] Rookie-Framework.INFO: 解析模板文件--/wwwroot/daohang/app/viewindex.signin [] []
[2018-03-26 18:53:46] Rookie-Framework.INFO: 访问控制器:\app\Controller\favicon.icoController [] []
[2018-03-26 18:53:46] Rookie-Framework.INFO: 访问方法:index [] []
[2018-03-26 18:53:46] Rookie-Framework.DEBUG: 找不到控制器favicon.ico;文件地址：/wwwroot/daohang/app/Controller/favicon.icoController.php文件是否存在:0 [] []
[2018-03-26 18:53:53] Rookie-Framework.INFO: 访问控制器:\app\Controller\indexController [] []
[2018-03-26 18:53:53] Rookie-Framework.INFO: 访问方法:signIn [] []
[2018-03-26 18:53:53] Rookie-Framework.INFO: 解析模板文件--/wwwroot/daohang/app/viewindex.signin [] []
[2018-03-26 18:53:54] Rookie-Framework.INFO: 访问控制器:\app\Controller\favicon.icoController [] []
[2018-03-26 18:53:54] Rookie-Framework.INFO: 访问方法:index [] []
[2018-03-26 18:53:54] Rookie-Framework.DEBUG: 找不到控制器favicon.ico;文件地址：/wwwroot/daohang/app/Controller/favicon.icoController.php文件是否存在:0 [] []
[2018-03-26 18:54:07] Rookie-Framework.INFO: 访问控制器:\app\Controller\indexController [] []
[2018-03-26 18:54:07] Rookie-Framework.INFO: 访问方法:signIn [] []
[2018-03-26 18:54:07] Rookie-Framework.INFO: 解析模板文件--/wwwroot/daohang/app/viewindex.signin [] []
[2018-03-26 18:54:08] Rookie-Framework.INFO: 访问控制器:\app\Controller\favicon.icoController [] []
[2018-03-26 18:54:08] Rookie-Framework.INFO: 访问方法:index [] []
[2018-03-26 18:54:08] Rookie-Framework.DEBUG: 找不到控制器favicon.ico;文件地址：/wwwroot/daohang/app/Controller/favicon.icoController.php文件是否存在:0 [] []
[2018-03-26 18:54:11] Rookie-Framework.INFO: 访问控制器:\app\Controller\indexController [] []
[2018-03-26 18:54:11] Rookie-Framework.INFO: 访问方法:signIn [] []
[2018-03-26 18:54:11] Rookie-Framework.INFO: 解析模板文件--/wwwroot/daohang/app/viewindex.signin [] []
[2018-03-26 18:54:12] Rookie-Framework.INFO: 访问控制器:\app\Controller\favicon.icoController [] []
[2018-03-26 18:54:12] Rookie-Framework.INFO: 访问方法:index [] []
[2018-03-26 18:54:12] Rookie-Framework.DEBUG: 找不到控制器favicon.ico;文件地址：/wwwroot/daohang/app/Controller/favicon.icoController.php文件是否存在:0 [] []
[2018-03-26 18:54:14] Rookie-Framework.INFO: 访问控制器:\app\Controller\indexController [] []
[2018-03-26 18:54:14] Rookie-Framework.INFO: 访问方法:signIn [] []
[2018-03-26 18:54:15] Rookie-Framework.INFO: 解析模板文件--/wwwroot/daohang/app/viewindex.signin [] []
[2018-03-26 18:54:15] Rookie-Framework.INFO: 访问控制器:\app\Controller\favicon.icoController [] []
[2018-03-26 18:54:15] Rookie-Framework.INFO: 访问方法:index [] []
[2018-03-26 18:54:15] Rookie-Framework.DEBUG: 找不到控制器favicon.ico;文件地址：/wwwroot/daohang/app/Controller/favicon.icoController.php文件是否存在:0 [] []
[2018-03-26 18:54:17] Rookie-Framework.INFO: 访问控制器:\app\Controller\indexController [] []
[2018-03-26 18:54:17] Rookie-Framework.INFO: 访问方法:signIn [] []
[2018-03-26 18:54:17] Rookie-Framework.INFO: 解析模板文件--/wwwroot/daohang/app/viewindex.signin [] []
[2018-03-26 18:54:18] Rookie-Framework.INFO: 访问控制器:\app\Controller\favicon.icoController [] []
[2018-03-26 18:54:18] Rookie-Framework.INFO: 访问方法:index [] []
[2018-03-26 18:54:18] Rookie-Framework.DEBUG: 找不到控制器favicon.ico;文件地址：/wwwroot/daohang/app/Controller/favicon.icoController.php文件是否存在:0 [] []
[2018-03-26 18:54:18] Rookie-Framework.INFO: 访问控制器:\app\Controller\indexController [] []
[2018-03-26 18:54:18] Rookie-Framework.INFO: 访问方法:signIn [] []
[2018-03-26 18:54:18] Rookie-Framework.INFO: 解析模板文件--/wwwroot/daohang/app/viewindex.signin [] []
[2018-03-26 18:54:19] Rookie-Framework.INFO: 访问控制器:\app\Controller\favicon.icoController [] []
[2018-03-26 18:54:19] Rookie-Framework.INFO: 访问方法:index [] []
[2018-03-26 18:54:19] Rookie-Framework.DEBUG: 找不到控制器favicon.ico;文件地址：/wwwroot/daohang/app/Controller/favicon.icoController.php文件是否存在:0 [] []
[2018-03-26 18:55:41] Rookie-Framework.INFO: 访问控制器:\app\Controller\indexController [] []
[2018-03-26 18:55:41] Rookie-Framework.INFO: 访问方法:signIn [] []
[2018-03-26 18:55:41] Rookie-Framework.INFO: 解析模板文件--/wwwroot/daohang/app/viewindex.signin [] []
[2018-03-26 18:55:42] Rookie-Framework.INFO: 访问控制器:\app\Controller\favicon.icoController [] []
[2018-03-26 18:55:42] Rookie-Framework.INFO: 访问方法:index [] []
[2018-03-26 18:55:42] Rookie-Framework.DEBUG: 找不到控制器favicon.ico;文件地址：/wwwroot/daohang/app/Controller/favicon.icoController.php文件是否存在:0 [] []
[2018-03-26 18:57:00] Rookie-Framework.INFO: 访问控制器:\app\Controller\indexController [] []
[2018-03-26 18:57:00] Rookie-Framework.INFO: 访问方法:signIn [] []
[2018-03-26 18:57:00] Rookie-Framework.INFO: 解析模板文件--/wwwroot/daohang/app/viewindex.signin [] []
[2018-03-26 18:57:01] Rookie-Framework.INFO: 访问控制器:\app\Controller\favicon.icoController [] []
[2018-03-26 18:57:01] Rookie-Framework.INFO: 访问方法:index [] []
[2018-03-26 18:57:01] Rookie-Framework.DEBUG: 找不到控制器favicon.ico;文件地址：/wwwroot/daohang/app/Controller/favicon.icoController.php文件是否存在:0 [] []
