[2018-03-26 11:38:34] Rookie-Framework.INFO: 访问控制器:\app\Controller\indexController [] []
[2018-03-26 11:38:34] Rookie-Framework.INFO: 访问方法:adminLoginPage [] []
[2018-03-26 11:38:34] Rookie-Framework.INFO: 解析模板文件--/wwwroot/daohang/app/viewadmin.login [] []
[2018-03-26 11:38:35] Rookie-Framework.INFO: 访问控制器:\app\Controller\favicon.icoController [] []
[2018-03-26 11:38:35] Rookie-Framework.INFO: 访问方法:index [] []
[2018-03-26 11:38:35] Rookie-Framework.DEBUG: 找不到控制器favicon.ico;文件地址：/wwwroot/daohang/app/Controller/favicon.icoController.php文件是否存在:0 [] []
[2018-03-26 11:38:40] Rookie-Framework.INFO: 访问控制器:\app\Controller\indexController [] []
[2018-03-26 11:38:40] Rookie-Framework.INFO: 访问方法:pushLogin [] []
[2018-03-26 11:38:40] Rookie-Framework.INFO: 访问控制器:\app\Controller\submerController [] []
[2018-03-26 11:38:40] Rookie-Framework.INFO: 访问方法:index [] []
[2018-03-26 11:38:40] Rookie-Framework.INFO: 解析模板文件--/wwwroot/daohang/app/viewadmin.index [] []
[2018-03-26 11:38:40] Rookie-Framework.INFO: 访问控制器:\app\Controller\submerController [] []
[2018-03-26 11:38:40] Rookie-Framework.INFO: 访问方法:welcome.html [] []
[2018-03-26 11:38:41] Rookie-Framework.INFO: 访问控制器:\app\Controller\favicon.icoController [] []
[2018-03-26 11:38:41] Rookie-Framework.INFO: 访问方法:index [] []
[2018-03-26 11:38:41] Rookie-Framework.DEBUG: 找不到控制器favicon.ico;文件地址：/wwwroot/daohang/app/Controller/favicon.icoController.php文件是否存在:0 [] []
[2018-03-26 11:38:46] Rookie-Framework.INFO: 访问控制器:\app\Controller\submerController [] []
[2018-03-26 11:38:46] Rookie-Framework.INFO: 访问方法:links_sort [] []
[2018-03-26 11:38:46] Rookie-Framework.INFO: 解析模板文件--/wwwroot/daohang/app/viewadmin.linksort [] []
[2018-03-26 11:38:48] Rookie-Framework.INFO: 访问控制器:\app\Controller\submerController [] []
[2018-03-26 11:38:48] Rookie-Framework.INFO: 访问方法:links [] []
[2018-03-26 11:38:48] Rookie-Framework.INFO: 解析模板文件--/wwwroot/daohang/app/viewadmin.link [] []
[2018-03-26 11:38:49] Rookie-Framework.INFO: 访问控制器:\app\Controller\submerController [] []
[2018-03-26 11:38:49] Rookie-Framework.INFO: 访问方法:links [] []
[2018-03-26 11:38:49] Rookie-Framework.INFO: 解析模板文件--/wwwroot/daohang/app/viewadmin.link [] []
[2018-03-26 11:45:06] Rookie-Framework.INFO: 访问控制器:\app\Controller\submerController [] []
[2018-03-26 11:45:06] Rookie-Framework.INFO: 访问方法:index [] []
[2018-03-26 11:45:06] Rookie-Framework.INFO: 访问控制器:\app\Controller\indexController [] []
[2018-03-26 11:45:06] Rookie-Framework.INFO: 访问方法:adminLoginPage [] []
[2018-03-26 11:45:06] Rookie-Framework.INFO: 解析模板文件--/wwwroot/daohang/app/viewadmin.login [] []
[2018-03-26 11:45:07] Rookie-Framework.INFO: 访问控制器:\app\Controller\favicon.icoController [] []
[2018-03-26 11:45:07] Rookie-Framework.INFO: 访问方法:index [] []
[2018-03-26 11:45:07] Rookie-Framework.DEBUG: 找不到控制器favicon.ico;文件地址：/wwwroot/daohang/app/Controller/favicon.icoController.php文件是否存在:0 [] []
[2018-03-26 11:45:12] Rookie-Framework.INFO: 访问控制器:\app\Controller\indexController [] []
[2018-03-26 11:45:12] Rookie-Framework.INFO: 访问方法:pushLogin [] []
[2018-03-26 11:45:12] Rookie-Framework.INFO: 访问控制器:\app\Controller\submerController [] []
[2018-03-26 11:45:12] Rookie-Framework.INFO: 访问方法:index [] []
[2018-03-26 11:45:13] Rookie-Framework.INFO: 访问控制器:\app\Controller\indexController [] []
[2018-03-26 11:45:13] Rookie-Framework.INFO: 访问方法:adminLoginPage [] []
[2018-03-26 11:45:13] Rookie-Framework.INFO: 解析模板文件--/wwwroot/daohang/app/viewadmin.login [] []
[2018-03-26 11:45:13] Rookie-Framework.INFO: 访问控制器:\app\Controller\favicon.icoController [] []
[2018-03-26 11:45:13] Rookie-Framework.INFO: 访问方法:index [] []
[2018-03-26 11:45:13] Rookie-Framework.DEBUG: 找不到控制器favicon.ico;文件地址：/wwwroot/daohang/app/Controller/favicon.icoController.php文件是否存在:0 [] []
[2018-03-26 11:45:59] Rookie-Framework.INFO: 访问控制器:\app\Controller\indexController [] []
[2018-03-26 11:45:59] Rookie-Framework.INFO: 访问方法:pushLogin [] []
[2018-03-26 11:45:59] Rookie-Framework.INFO: 访问控制器:\app\Controller\submerController [] []
[2018-03-26 11:45:59] Rookie-Framework.INFO: 访问方法:index [] []
[2018-03-26 11:46:00] Rookie-Framework.INFO: 访问控制器:\app\Controller\favicon.icoController [] []
[2018-03-26 11:46:00] Rookie-Framework.INFO: 访问方法:index [] []
[2018-03-26 11:46:00] Rookie-Framework.DEBUG: 找不到控制器favicon.ico;文件地址：/wwwroot/daohang/app/Controller/favicon.icoController.php文件是否存在:0 [] []
[2018-03-26 11:46:18] Rookie-Framework.INFO: 访问控制器:\app\Controller\indexController [] []
[2018-03-26 11:46:18] Rookie-Framework.INFO: 访问方法:adminLoginPage [] []
[2018-03-26 11:46:18] Rookie-Framework.INFO: 解析模板文件--/wwwroot/daohang/app/viewadmin.login [] []
[2018-03-26 11:46:19] Rookie-Framework.INFO: 访问控制器:\app\Controller\favicon.icoController [] []
[2018-03-26 11:46:19] Rookie-Framework.INFO: 访问方法:index [] []
[2018-03-26 11:46:19] Rookie-Framework.DEBUG: 找不到控制器favicon.ico;文件地址：/wwwroot/daohang/app/Controller/favicon.icoController.php文件是否存在:0 [] []
[2018-03-26 11:46:23] Rookie-Framework.INFO: 访问控制器:\app\Controller\indexController [] []
[2018-03-26 11:46:23] Rookie-Framework.INFO: 访问方法:pushLogin [] []
[2018-03-26 11:46:23] Rookie-Framework.INFO: 访问控制器:\app\Controller\submerController [] []
[2018-03-26 11:46:23] Rookie-Framework.INFO: 访问方法:index [] []
[2018-03-26 11:46:24] Rookie-Framework.INFO: 访问控制器:\app\Controller\favicon.icoController [] []
[2018-03-26 11:46:24] Rookie-Framework.INFO: 访问方法:index [] []
[2018-03-26 11:46:24] Rookie-Framework.DEBUG: 找不到控制器favicon.ico;文件地址：/wwwroot/daohang/app/Controller/favicon.icoController.php文件是否存在:0 [] []
[2018-03-26 11:47:32] Rookie-Framework.INFO: 访问控制器:\app\Controller\submerController [] []
[2018-03-26 11:47:32] Rookie-Framework.INFO: 访问方法:index [] []
[2018-03-26 11:47:32] Rookie-Framework.INFO: 解析模板文件--/wwwroot/daohang/app/viewadmin.index [] []
[2018-03-26 11:47:32] Rookie-Framework.INFO: 访问控制器:\app\Controller\submerController [] []
[2018-03-26 11:47:32] Rookie-Framework.INFO: 访问方法:default_page [] []
[2018-03-26 11:47:32] Rookie-Framework.INFO: 解析模板文件--/wwwroot/daohang/app/viewdefault [] []
[2018-03-26 11:47:33] Rookie-Framework.INFO: 访问控制器:\app\Controller\favicon.icoController [] []
[2018-03-26 11:47:33] Rookie-Framework.INFO: 访问方法:index [] []
[2018-03-26 11:47:33] Rookie-Framework.DEBUG: 找不到控制器favicon.ico;文件地址：/wwwroot/daohang/app/Controller/favicon.icoController.php文件是否存在:0 [] []
[2018-03-26 11:47:47] Rookie-Framework.INFO: 访问控制器:\app\Controller\submerController [] []
[2018-03-26 11:47:47] Rookie-Framework.INFO: 访问方法:index [] []
[2018-03-26 11:47:48] Rookie-Framework.INFO: 解析模板文件--/wwwroot/daohang/app/viewadmin.index [] []
[2018-03-26 11:47:48] Rookie-Framework.INFO: 访问控制器:\app\Controller\submerController [] []
[2018-03-26 11:47:48] Rookie-Framework.INFO: 访问方法:default_page [] []
[2018-03-26 11:47:48] Rookie-Framework.INFO: 解析模板文件--/wwwroot/daohang/app/viewadmin.default [] []
[2018-03-26 11:47:49] Rookie-Framework.INFO: 访问控制器:\app\Controller\favicon.icoController [] []
[2018-03-26 11:47:49] Rookie-Framework.INFO: 访问方法:index [] []
[2018-03-26 11:47:49] Rookie-Framework.DEBUG: 找不到控制器favicon.ico;文件地址：/wwwroot/daohang/app/Controller/favicon.icoController.php文件是否存在:0 [] []
[2018-03-26 11:47:53] Rookie-Framework.INFO: 访问控制器:\app\Controller\submerController [] []
[2018-03-26 11:47:53] Rookie-Framework.INFO: 访问方法:index [] []
[2018-03-26 11:47:53] Rookie-Framework.INFO: 解析模板文件--/wwwroot/daohang/app/viewadmin.index [] []
[2018-03-26 11:47:53] Rookie-Framework.INFO: 访问控制器:\app\Controller\submerController [] []
[2018-03-26 11:47:53] Rookie-Framework.INFO: 访问方法:default_page [] []
[2018-03-26 11:47:53] Rookie-Framework.INFO: 解析模板文件--/wwwroot/daohang/app/viewadmin.default [] []
[2018-03-26 11:47:54] Rookie-Framework.INFO: 访问控制器:\app\Controller\favicon.icoController [] []
[2018-03-26 11:47:54] Rookie-Framework.INFO: 访问方法:index [] []
[2018-03-26 11:47:54] Rookie-Framework.DEBUG: 找不到控制器favicon.ico;文件地址：/wwwroot/daohang/app/Controller/favicon.icoController.php文件是否存在:0 [] []
[2018-03-26 11:48:16] Rookie-Framework.INFO: 访问控制器:\app\Controller\submerController [] []
[2018-03-26 11:48:16] Rookie-Framework.INFO: 访问方法:index [] []
[2018-03-26 11:48:16] Rookie-Framework.INFO: 解析模板文件--/wwwroot/daohang/app/viewadmin.index [] []
[2018-03-26 11:48:17] Rookie-Framework.INFO: 访问控制器:\app\Controller\submerController [] []
[2018-03-26 11:48:17] Rookie-Framework.INFO: 访问方法:default_page [] []
[2018-03-26 11:48:17] Rookie-Framework.INFO: 解析模板文件--/wwwroot/daohang/app/viewadmin.default [] []
[2018-03-26 11:48:18] Rookie-Framework.INFO: 访问控制器:\app\Controller\favicon.icoController [] []
[2018-03-26 11:48:18] Rookie-Framework.INFO: 访问方法:index [] []
[2018-03-26 11:48:18] Rookie-Framework.DEBUG: 找不到控制器favicon.ico;文件地址：/wwwroot/daohang/app/Controller/favicon.icoController.php文件是否存在:0 [] []
[2018-03-26 11:48:34] Rookie-Framework.INFO: 访问控制器:\app\Controller\submerController [] []
[2018-03-26 11:48:34] Rookie-Framework.INFO: 访问方法:index [] []
[2018-03-26 11:48:34] Rookie-Framework.INFO: 解析模板文件--/wwwroot/daohang/app/viewadmin.index [] []
[2018-03-26 11:48:34] Rookie-Framework.INFO: 访问控制器:\app\Controller\submerController [] []
[2018-03-26 11:48:34] Rookie-Framework.INFO: 访问方法:default_page [] []
[2018-03-26 11:48:35] Rookie-Framework.INFO: 访问控制器:\app\Controller\favicon.icoController [] []
[2018-03-26 11:48:35] Rookie-Framework.INFO: 访问方法:index [] []
[2018-03-26 11:48:35] Rookie-Framework.DEBUG: 找不到控制器favicon.ico;文件地址：/wwwroot/daohang/app/Controller/favicon.icoController.php文件是否存在:0 [] []
[2018-03-26 11:48:41] Rookie-Framework.INFO: 访问控制器:\app\Controller\submerController [] []
[2018-03-26 11:48:41] Rookie-Framework.INFO: 访问方法:index [] []
[2018-03-26 11:48:41] Rookie-Framework.INFO: 解析模板文件--/wwwroot/daohang/app/viewadmin.index [] []
[2018-03-26 11:48:41] Rookie-Framework.INFO: 访问控制器:\app\Controller\submerController [] []
[2018-03-26 11:48:41] Rookie-Framework.INFO: 访问方法:default_page [] []
[2018-03-26 11:48:41] Rookie-Framework.INFO: 解析模板文件--/wwwroot/daohang/app/viewadmin.default [] []
[2018-03-26 11:48:42] Rookie-Framework.INFO: 访问控制器:\app\Controller\favicon.icoController [] []
[2018-03-26 11:48:42] Rookie-Framework.INFO: 访问方法:index [] []
[2018-03-26 11:48:42] Rookie-Framework.DEBUG: 找不到控制器favicon.ico;文件地址：/wwwroot/daohang/app/Controller/favicon.icoController.php文件是否存在:0 [] []
[2018-03-26 11:49:30] Rookie-Framework.INFO: 访问控制器:\app\Controller\submerController [] []
[2018-03-26 11:49:30] Rookie-Framework.INFO: 访问方法:index [] []
[2018-03-26 11:49:30] Rookie-Framework.INFO: 解析模板文件--/wwwroot/daohang/app/viewadmin.index [] []
[2018-03-26 11:49:31] Rookie-Framework.INFO: 访问控制器:\app\Controller\favicon.icoController [] []
[2018-03-26 11:49:31] Rookie-Framework.INFO: 访问方法:index [] []
[2018-03-26 11:49:31] Rookie-Framework.DEBUG: 找不到控制器favicon.ico;文件地址：/wwwroot/daohang/app/Controller/favicon.icoController.php文件是否存在:0 [] []
[2018-03-26 11:49:34] Rookie-Framework.INFO: 访问控制器:\app\Controller\submerController [] []
[2018-03-26 11:49:34] Rookie-Framework.INFO: 访问方法:index [] []
[2018-03-26 11:49:35] Rookie-Framework.INFO: 解析模板文件--/wwwroot/daohang/app/viewadmin.index [] []
[2018-03-26 11:49:35] Rookie-Framework.INFO: 访问控制器:\app\Controller\submerController [] []
[2018-03-26 11:49:35] Rookie-Framework.INFO: 访问方法:welcome [] []
[2018-03-26 11:49:35] Rookie-Framework.INFO: 解析模板文件--/wwwroot/daohang/app/viewadmin.welcome [] []
[2018-03-26 11:49:36] Rookie-Framework.INFO: 访问控制器:\app\Controller\favicon.icoController [] []
[2018-03-26 11:49:36] Rookie-Framework.INFO: 访问方法:index [] []
[2018-03-26 11:49:36] Rookie-Framework.DEBUG: 找不到控制器favicon.ico;文件地址：/wwwroot/daohang/app/Controller/favicon.icoController.php文件是否存在:0 [] []
[2018-03-26 11:49:49] Rookie-Framework.INFO: 访问控制器:\app\Controller\submerController [] []
[2018-03-26 11:49:49] Rookie-Framework.INFO: 访问方法:welcome [] []
[2018-03-26 11:49:49] Rookie-Framework.INFO: 解析模板文件--/wwwroot/daohang/app/viewadmin.welcome [] []
[2018-03-26 11:49:50] Rookie-Framework.INFO: 访问控制器:\app\Controller\favicon.icoController [] []
[2018-03-26 11:49:50] Rookie-Framework.INFO: 访问方法:index [] []
[2018-03-26 11:49:50] Rookie-Framework.DEBUG: 找不到控制器favicon.ico;文件地址：/wwwroot/daohang/app/Controller/favicon.icoController.php文件是否存在:0 [] []
[2018-03-26 11:49:53] Rookie-Framework.INFO: 访问控制器:\app\Controller\submerController [] []
[2018-03-26 11:49:53] Rookie-Framework.INFO: 访问方法:welcome [] []
[2018-03-26 11:49:53] Rookie-Framework.INFO: 解析模板文件--/wwwroot/daohang/app/viewadmin.welcome [] []
[2018-03-26 11:49:53] Rookie-Framework.INFO: 访问控制器:\app\Controller\favicon.icoController [] []
[2018-03-26 11:49:53] Rookie-Framework.INFO: 访问方法:index [] []
[2018-03-26 11:49:53] Rookie-Framework.DEBUG: 找不到控制器favicon.ico;文件地址：/wwwroot/daohang/app/Controller/favicon.icoController.php文件是否存在:0 [] []
[2018-03-26 11:50:06] Rookie-Framework.INFO: 访问控制器:\app\Controller\submerController [] []
[2018-03-26 11:50:06] Rookie-Framework.INFO: 访问方法:welcome [] []
[2018-03-26 11:50:06] Rookie-Framework.INFO: 解析模板文件--/wwwroot/daohang/app/viewadmin.welcome [] []
[2018-03-26 11:50:06] Rookie-Framework.INFO: 访问控制器:\app\Controller\favicon.icoController [] []
[2018-03-26 11:50:06] Rookie-Framework.INFO: 访问方法:index [] []
[2018-03-26 11:50:06] Rookie-Framework.DEBUG: 找不到控制器favicon.ico;文件地址：/wwwroot/daohang/app/Controller/favicon.icoController.php文件是否存在:0 [] []
[2018-03-26 11:50:12] Rookie-Framework.INFO: 访问控制器:\app\Controller\submerController [] []
[2018-03-26 11:50:12] Rookie-Framework.INFO: 访问方法:index [] []
[2018-03-26 11:50:12] Rookie-Framework.INFO: 解析模板文件--/wwwroot/daohang/app/viewadmin.index [] []
[2018-03-26 11:50:13] Rookie-Framework.INFO: 访问控制器:\app\Controller\submerController [] []
[2018-03-26 11:50:13] Rookie-Framework.INFO: 访问方法:welcome [] []
[2018-03-26 11:50:13] Rookie-Framework.INFO: 解析模板文件--/wwwroot/daohang/app/viewadmin.welcome [] []
[2018-03-26 11:50:13] Rookie-Framework.INFO: 访问控制器:\app\Controller\favicon.icoController [] []
[2018-03-26 11:50:13] Rookie-Framework.INFO: 访问方法:index [] []
[2018-03-26 11:50:13] Rookie-Framework.DEBUG: 找不到控制器favicon.ico;文件地址：/wwwroot/daohang/app/Controller/favicon.icoController.php文件是否存在:0 [] []
[2018-03-26 11:52:32] Rookie-Framework.INFO: 访问控制器:\app\Controller\submerController [] []
[2018-03-26 11:52:32] Rookie-Framework.INFO: 访问方法:index [] []
[2018-03-26 11:52:32] Rookie-Framework.INFO: 解析模板文件--/wwwroot/daohang/app/viewadmin.index [] []
[2018-03-26 11:52:33] Rookie-Framework.INFO: 访问控制器:\app\Controller\submerController [] []
[2018-03-26 11:52:33] Rookie-Framework.INFO: 访问方法:welcome [] []
[2018-03-26 11:52:33] Rookie-Framework.INFO: 解析模板文件--/wwwroot/daohang/app/viewadmin.welcome [] []
[2018-03-26 11:52:33] Rookie-Framework.INFO: 访问控制器:\app\Controller\favicon.icoController [] []
[2018-03-26 11:52:33] Rookie-Framework.INFO: 访问方法:index [] []
[2018-03-26 11:52:33] Rookie-Framework.DEBUG: 找不到控制器favicon.ico;文件地址：/wwwroot/daohang/app/Controller/favicon.icoController.php文件是否存在:0 [] []
[2018-03-26 11:55:29] Rookie-Framework.INFO: 访问控制器:\app\Controller\submerController [] []
[2018-03-26 11:55:29] Rookie-Framework.INFO: 访问方法:index [] []
[2018-03-26 11:55:29] Rookie-Framework.INFO: 解析模板文件--/wwwroot/daohang/app/viewadmin.index [] []
[2018-03-26 11:55:29] Rookie-Framework.INFO: 访问控制器:\app\Controller\submerController [] []
[2018-03-26 11:55:29] Rookie-Framework.INFO: 访问方法:welcome [] []
[2018-03-26 11:55:29] Rookie-Framework.INFO: 解析模板文件--/wwwroot/daohang/app/viewadmin.welcome [] []
[2018-03-26 11:55:30] Rookie-Framework.INFO: 访问控制器:\app\Controller\favicon.icoController [] []
[2018-03-26 11:55:30] Rookie-Framework.INFO: 访问方法:index [] []
[2018-03-26 11:55:30] Rookie-Framework.DEBUG: 找不到控制器favicon.ico;文件地址：/wwwroot/daohang/app/Controller/favicon.icoController.php文件是否存在:0 [] []
[2018-03-26 11:56:07] Rookie-Framework.INFO: 访问控制器:\app\Controller\submerController [] []
[2018-03-26 11:56:07] Rookie-Framework.INFO: 访问方法:logout [] []
[2018-03-26 11:56:07] Rookie-Framework.INFO: 访问控制器:\app\Controller\indexController [] []
[2018-03-26 11:56:07] Rookie-Framework.INFO: 访问方法:adminLoginPage [] []
[2018-03-26 11:56:07] Rookie-Framework.INFO: 解析模板文件--/wwwroot/daohang/app/viewadmin.login [] []
[2018-03-26 11:56:07] Rookie-Framework.INFO: 访问控制器:\app\Controller\favicon.icoController [] []
[2018-03-26 11:56:07] Rookie-Framework.INFO: 访问方法:index [] []
[2018-03-26 11:56:07] Rookie-Framework.DEBUG: 找不到控制器favicon.ico;文件地址：/wwwroot/daohang/app/Controller/favicon.icoController.php文件是否存在:0 [] []
[2018-03-26 11:56:19] Rookie-Framework.INFO: 访问控制器:\app\Controller\submerController [] []
[2018-03-26 11:56:19] Rookie-Framework.INFO: 访问方法:index [] []
[2018-03-26 11:56:19] Rookie-Framework.INFO: 访问控制器:\app\Controller\indexController [] []
[2018-03-26 11:56:19] Rookie-Framework.INFO: 访问方法:adminLoginPage [] []
[2018-03-26 11:56:19] Rookie-Framework.INFO: 解析模板文件--/wwwroot/daohang/app/viewadmin.login [] []
[2018-03-26 11:56:20] Rookie-Framework.INFO: 访问控制器:\app\Controller\favicon.icoController [] []
[2018-03-26 11:56:20] Rookie-Framework.INFO: 访问方法:index [] []
[2018-03-26 11:56:20] Rookie-Framework.DEBUG: 找不到控制器favicon.ico;文件地址：/wwwroot/daohang/app/Controller/favicon.icoController.php文件是否存在:0 [] []
[2018-03-26 11:56:25] Rookie-Framework.INFO: 访问控制器:\app\Controller\indexController [] []
[2018-03-26 11:56:25] Rookie-Framework.INFO: 访问方法:pushLogin [] []
[2018-03-26 11:56:25] Rookie-Framework.INFO: 访问控制器:\app\Controller\submerController [] []
[2018-03-26 11:56:25] Rookie-Framework.INFO: 访问方法:index [] []
[2018-03-26 11:56:25] Rookie-Framework.INFO: 解析模板文件--/wwwroot/daohang/app/viewadmin.index [] []
[2018-03-26 11:56:25] Rookie-Framework.INFO: 访问控制器:\app\Controller\submerController [] []
[2018-03-26 11:56:25] Rookie-Framework.INFO: 访问方法:welcome [] []
[2018-03-26 11:56:25] Rookie-Framework.INFO: 解析模板文件--/wwwroot/daohang/app/viewadmin.welcome [] []
[2018-03-26 11:56:26] Rookie-Framework.INFO: 访问控制器:\app\Controller\favicon.icoController [] []
[2018-03-26 11:56:26] Rookie-Framework.INFO: 访问方法:index [] []
[2018-03-26 11:56:26] Rookie-Framework.DEBUG: 找不到控制器favicon.ico;文件地址：/wwwroot/daohang/app/Controller/favicon.icoController.php文件是否存在:0 [] []
