[2018-03-26 20:01:17] Rookie-Framework.INFO: 访问控制器:\app\Controller\indexController [] []
[2018-03-26 20:01:17] Rookie-Framework.INFO: 访问方法:subscribe [] []
[2018-03-26 20:01:17] Rookie-Framework.INFO: 解析模板文件--/wwwroot/daohang/app/viewindex.subscribe [] []
[2018-03-26 20:01:18] Rookie-Framework.INFO: 访问控制器:\app\Controller\favicon.icoController [] []
[2018-03-26 20:01:18] Rookie-Framework.INFO: 访问方法:index [] []
[2018-03-26 20:01:18] Rookie-Framework.DEBUG: 找不到控制器favicon.ico;文件地址：/wwwroot/daohang/app/Controller/favicon.icoController.php文件是否存在:0 [] []
[2018-03-26 20:02:11] Rookie-Framework.INFO: 访问控制器:\app\Controller\indexController [] []
[2018-03-26 20:02:11] Rookie-Framework.INFO: 访问方法:subscribe [] []
[2018-03-26 20:02:11] Rookie-Framework.INFO: 解析模板文件--/wwwroot/daohang/app/viewindex.subscribe [] []
[2018-03-26 20:02:12] Rookie-Framework.INFO: 访问控制器:\app\Controller\favicon.icoController [] []
[2018-03-26 20:02:12] Rookie-Framework.INFO: 访问方法:index [] []
[2018-03-26 20:02:12] Rookie-Framework.DEBUG: 找不到控制器favicon.ico;文件地址：/wwwroot/daohang/app/Controller/favicon.icoController.php文件是否存在:0 [] []
[2018-03-26 20:03:47] Rookie-Framework.INFO: 访问控制器:\app\Controller\indexController [] []
[2018-03-26 20:03:47] Rookie-Framework.INFO: 访问方法:subscribe [] []
[2018-03-26 20:03:47] Rookie-Framework.INFO: 解析模板文件--/wwwroot/daohang/app/viewindex.subscribe [] []
[2018-03-26 20:03:48] Rookie-Framework.INFO: 访问控制器:\app\Controller\favicon.icoController [] []
[2018-03-26 20:03:48] Rookie-Framework.INFO: 访问方法:index [] []
[2018-03-26 20:03:48] Rookie-Framework.DEBUG: 找不到控制器favicon.ico;文件地址：/wwwroot/daohang/app/Controller/favicon.icoController.php文件是否存在:0 [] []
[2018-03-26 20:04:38] Rookie-Framework.INFO: 访问控制器:\app\Controller\indexController [] []
[2018-03-26 20:04:38] Rookie-Framework.INFO: 访问方法:subscribe [] []
[2018-03-26 20:04:38] Rookie-Framework.INFO: 解析模板文件--/wwwroot/daohang/app/viewindex.subscribe [] []
[2018-03-26 20:04:39] Rookie-Framework.INFO: 访问控制器:\app\Controller\favicon.icoController [] []
[2018-03-26 20:04:39] Rookie-Framework.INFO: 访问方法:index [] []
[2018-03-26 20:04:39] Rookie-Framework.DEBUG: 找不到控制器favicon.ico;文件地址：/wwwroot/daohang/app/Controller/favicon.icoController.php文件是否存在:0 [] []
[2018-03-26 20:04:47] Rookie-Framework.INFO: 访问控制器:\app\Controller\indexController [] []
[2018-03-26 20:04:47] Rookie-Framework.INFO: 访问方法:subscribe [] []
[2018-03-26 20:04:47] Rookie-Framework.INFO: 解析模板文件--/wwwroot/daohang/app/viewindex.subscribe [] []
[2018-03-26 20:04:48] Rookie-Framework.INFO: 访问控制器:\app\Controller\favicon.icoController [] []
[2018-03-26 20:04:48] Rookie-Framework.INFO: 访问方法:index [] []
[2018-03-26 20:04:48] Rookie-Framework.DEBUG: 找不到控制器favicon.ico;文件地址：/wwwroot/daohang/app/Controller/favicon.icoController.php文件是否存在:0 [] []
[2018-03-26 20:05:06] Rookie-Framework.INFO: 访问控制器:\app\Controller\indexController [] []
[2018-03-26 20:05:06] Rookie-Framework.INFO: 访问方法:subscribe [] []
[2018-03-26 20:05:06] Rookie-Framework.INFO: 解析模板文件--/wwwroot/daohang/app/viewindex.subscribe [] []
[2018-03-26 20:05:07] Rookie-Framework.INFO: 访问控制器:\app\Controller\favicon.icoController [] []
[2018-03-26 20:05:07] Rookie-Framework.INFO: 访问方法:index [] []
[2018-03-26 20:05:07] Rookie-Framework.DEBUG: 找不到控制器favicon.ico;文件地址：/wwwroot/daohang/app/Controller/favicon.icoController.php文件是否存在:0 [] []
[2018-03-26 20:05:08] Rookie-Framework.INFO: 访问控制器:\app\Controller\indexController [] []
[2018-03-26 20:05:08] Rookie-Framework.INFO: 访问方法:subscribe [] []
[2018-03-26 20:05:08] Rookie-Framework.INFO: 解析模板文件--/wwwroot/daohang/app/viewindex.subscribe [] []
[2018-03-26 20:05:09] Rookie-Framework.INFO: 访问控制器:\app\Controller\favicon.icoController [] []
[2018-03-26 20:05:09] Rookie-Framework.INFO: 访问方法:index [] []
[2018-03-26 20:05:09] Rookie-Framework.DEBUG: 找不到控制器favicon.ico;文件地址：/wwwroot/daohang/app/Controller/favicon.icoController.php文件是否存在:0 [] []
[2018-03-26 20:05:14] Rookie-Framework.INFO: 访问控制器:\app\Controller\indexController [] []
[2018-03-26 20:05:14] Rookie-Framework.INFO: 访问方法:subscribe [] []
[2018-03-26 20:05:15] Rookie-Framework.INFO: 解析模板文件--/wwwroot/daohang/app/viewindex.subscribe [] []
[2018-03-26 20:05:15] Rookie-Framework.INFO: 访问控制器:\app\Controller\favicon.icoController [] []
[2018-03-26 20:05:15] Rookie-Framework.INFO: 访问方法:index [] []
[2018-03-26 20:05:15] Rookie-Framework.DEBUG: 找不到控制器favicon.ico;文件地址：/wwwroot/daohang/app/Controller/favicon.icoController.php文件是否存在:0 [] []
[2018-03-26 20:13:17] Rookie-Framework.INFO: 访问控制器:\app\Controller\indexController [] []
[2018-03-26 20:13:17] Rookie-Framework.INFO: 访问方法:signIn [] []
[2018-03-26 20:13:17] Rookie-Framework.INFO: 解析模板文件--/wwwroot/daohang/app/viewindex.signin [] []
[2018-03-26 20:13:18] Rookie-Framework.INFO: 访问控制器:\app\Controller\favicon.icoController [] []
[2018-03-26 20:13:18] Rookie-Framework.INFO: 访问方法:index [] []
[2018-03-26 20:13:18] Rookie-Framework.DEBUG: 找不到控制器favicon.ico;文件地址：/wwwroot/daohang/app/Controller/favicon.icoController.php文件是否存在:0 [] []
[2018-03-26 20:13:34] Rookie-Framework.INFO: 访问控制器:\app\Controller\ApiController [] []
[2018-03-26 20:13:34] Rookie-Framework.INFO: 访问方法:signin [] []
[2018-03-26 20:13:37] Rookie-Framework.INFO: 访问控制器:\app\Controller\ApiController [] []
[2018-03-26 20:13:37] Rookie-Framework.INFO: 访问方法:signin [] []
[2018-03-26 20:13:39] Rookie-Framework.INFO: 访问控制器:\app\Controller\ApiController [] []
[2018-03-26 20:13:39] Rookie-Framework.INFO: 访问方法:signin [] []
[2018-03-26 20:15:13] Rookie-Framework.INFO: 访问控制器:\app\Controller\ApiController [] []
[2018-03-26 20:15:13] Rookie-Framework.INFO: 访问方法:signin [] []
[2018-03-26 20:15:15] Rookie-Framework.INFO: 访问控制器:\app\Controller\ApiController [] []
[2018-03-26 20:15:15] Rookie-Framework.INFO: 访问方法:signin [] []
[2018-03-26 20:15:46] Rookie-Framework.INFO: 访问控制器:\app\Controller\ApiController [] []
[2018-03-26 20:15:46] Rookie-Framework.INFO: 访问方法:signin [] []
[2018-03-26 20:16:06] Rookie-Framework.INFO: 访问控制器:\app\Controller\ApiController [] []
[2018-03-26 20:16:06] Rookie-Framework.INFO: 访问方法:signin [] []
[2018-03-26 20:17:50] Rookie-Framework.INFO: 访问控制器:\app\Controller\ApiController [] []
[2018-03-26 20:17:50] Rookie-Framework.INFO: 访问方法:signin [] []
[2018-03-26 20:18:09] Rookie-Framework.INFO: 访问控制器:\app\Controller\ApiController [] []
[2018-03-26 20:18:09] Rookie-Framework.INFO: 访问方法:signin [] []
[2018-03-26 20:18:11] Rookie-Framework.INFO: 访问控制器:\app\Controller\indexController [] []
[2018-03-26 20:18:11] Rookie-Framework.INFO: 访问方法:signIn [] []
[2018-03-26 20:18:11] Rookie-Framework.INFO: 解析模板文件--/wwwroot/daohang/app/viewindex.signin [] []
[2018-03-26 20:18:11] Rookie-Framework.INFO: 访问控制器:\app\Controller\favicon.icoController [] []
[2018-03-26 20:18:11] Rookie-Framework.INFO: 访问方法:index [] []
[2018-03-26 20:18:11] Rookie-Framework.DEBUG: 找不到控制器favicon.ico;文件地址：/wwwroot/daohang/app/Controller/favicon.icoController.php文件是否存在:0 [] []
[2018-03-26 20:18:37] Rookie-Framework.INFO: 访问控制器:\app\Controller\ApiController [] []
[2018-03-26 20:18:37] Rookie-Framework.INFO: 访问方法:signin [] []
[2018-03-26 20:19:57] Rookie-Framework.INFO: 访问控制器:\app\Controller\ApiController [] []
[2018-03-26 20:19:57] Rookie-Framework.INFO: 访问方法:signin [] []
[2018-03-26 20:20:47] Rookie-Framework.INFO: 访问控制器:\app\Controller\ApiController [] []
[2018-03-26 20:20:47] Rookie-Framework.INFO: 访问方法:signin [] []
[2018-03-26 20:22:14] Rookie-Framework.INFO: 访问控制器:\app\Controller\indexController [] []
[2018-03-26 20:22:14] Rookie-Framework.INFO: 访问方法:subscribe [] []
[2018-03-26 20:22:14] Rookie-Framework.INFO: 解析模板文件--/wwwroot/daohang/app/viewindex.subscribe [] []
[2018-03-26 20:22:14] Rookie-Framework.INFO: 访问控制器:\app\Controller\favicon.icoController [] []
[2018-03-26 20:22:14] Rookie-Framework.INFO: 访问方法:index [] []
[2018-03-26 20:22:14] Rookie-Framework.DEBUG: 找不到控制器favicon.ico;文件地址：/wwwroot/daohang/app/Controller/favicon.icoController.php文件是否存在:0 [] []
