[2018-03-26 14:46:08] Rookie-Framework.INFO: 访问控制器:\app\Controller\indexController [] []
[2018-03-26 14:46:08] Rookie-Framework.INFO: 访问方法:index [] []
[2018-03-26 14:46:08] Rookie-Framework.INFO: 解析模板文件--/wwwroot/daohang/app/viewindex.index [] []
[2018-03-26 14:46:08] Rookie-Framework.INFO: 访问控制器:\app\Controller\favicon.icoController [] []
[2018-03-26 14:46:08] Rookie-Framework.INFO: 访问方法:index [] []
[2018-03-26 14:46:08] Rookie-Framework.DEBUG: 找不到控制器favicon.ico;文件地址：/wwwroot/daohang/app/Controller/favicon.icoController.php文件是否存在:0 [] []
[2018-03-26 14:46:58] Rookie-Framework.INFO: 访问控制器:\app\Controller\indexController [] []
[2018-03-26 14:46:58] Rookie-Framework.INFO: 访问方法:index [] []
[2018-03-26 14:46:58] Rookie-Framework.INFO: 解析模板文件--/wwwroot/daohang/app/viewindex.index [] []
[2018-03-26 14:46:59] Rookie-Framework.INFO: 访问控制器:\app\Controller\favicon.icoController [] []
[2018-03-26 14:46:59] Rookie-Framework.INFO: 访问方法:index [] []
[2018-03-26 14:46:59] Rookie-Framework.DEBUG: 找不到控制器favicon.ico;文件地址：/wwwroot/daohang/app/Controller/favicon.icoController.php文件是否存在:0 [] []
[2018-03-26 14:47:00] Rookie-Framework.INFO: 访问控制器:\app\Controller\indexController [] []
[2018-03-26 14:47:00] Rookie-Framework.INFO: 访问方法:index [] []
[2018-03-26 14:47:00] Rookie-Framework.INFO: 解析模板文件--/wwwroot/daohang/app/viewindex.index [] []
[2018-03-26 14:47:01] Rookie-Framework.INFO: 访问控制器:\app\Controller\favicon.icoController [] []
[2018-03-26 14:47:01] Rookie-Framework.INFO: 访问方法:index [] []
[2018-03-26 14:47:01] Rookie-Framework.DEBUG: 找不到控制器favicon.ico;文件地址：/wwwroot/daohang/app/Controller/favicon.icoController.php文件是否存在:0 [] []
[2018-03-26 14:47:06] Rookie-Framework.INFO: 访问控制器:\app\Controller\indexController [] []
[2018-03-26 14:47:06] Rookie-Framework.INFO: 访问方法:index [] []
[2018-03-26 14:47:06] Rookie-Framework.INFO: 解析模板文件--/wwwroot/daohang/app/viewindex.index [] []
[2018-03-26 14:47:06] Rookie-Framework.INFO: 访问控制器:\app\Controller\favicon.icoController [] []
[2018-03-26 14:47:06] Rookie-Framework.INFO: 访问方法:index [] []
[2018-03-26 14:47:06] Rookie-Framework.DEBUG: 找不到控制器favicon.ico;文件地址：/wwwroot/daohang/app/Controller/favicon.icoController.php文件是否存在:0 [] []
[2018-03-26 14:48:03] Rookie-Framework.INFO: 访问控制器:\app\Controller\indexController [] []
[2018-03-26 14:48:03] Rookie-Framework.INFO: 访问方法:index [] []
[2018-03-26 14:48:03] Rookie-Framework.INFO: 解析模板文件--/wwwroot/daohang/app/viewindex.index [] []
[2018-03-26 14:48:04] Rookie-Framework.INFO: 访问控制器:\app\Controller\favicon.icoController [] []
[2018-03-26 14:48:04] Rookie-Framework.INFO: 访问方法:index [] []
[2018-03-26 14:48:04] Rookie-Framework.DEBUG: 找不到控制器favicon.ico;文件地址：/wwwroot/daohang/app/Controller/favicon.icoController.php文件是否存在:0 [] []
[2018-03-26 14:48:56] Rookie-Framework.INFO: 访问控制器:\app\Controller\indexController [] []
[2018-03-26 14:48:56] Rookie-Framework.INFO: 访问方法:index [] []
[2018-03-26 14:48:56] Rookie-Framework.INFO: 解析模板文件--/wwwroot/daohang/app/viewindex.index [] []
[2018-03-26 14:48:56] Rookie-Framework.INFO: 访问控制器:\app\Controller\favicon.icoController [] []
[2018-03-26 14:48:56] Rookie-Framework.INFO: 访问方法:index [] []
[2018-03-26 14:48:56] Rookie-Framework.DEBUG: 找不到控制器favicon.ico;文件地址：/wwwroot/daohang/app/Controller/favicon.icoController.php文件是否存在:0 [] []
[2018-03-26 14:49:23] Rookie-Framework.INFO: 访问控制器:\app\Controller\indexController [] []
[2018-03-26 14:49:23] Rookie-Framework.INFO: 访问方法:index [] []
[2018-03-26 14:49:23] Rookie-Framework.INFO: 解析模板文件--/wwwroot/daohang/app/viewindex.index [] []
[2018-03-26 14:49:24] Rookie-Framework.INFO: 访问控制器:\app\Controller\favicon.icoController [] []
[2018-03-26 14:49:24] Rookie-Framework.INFO: 访问方法:index [] []
[2018-03-26 14:49:24] Rookie-Framework.DEBUG: 找不到控制器favicon.ico;文件地址：/wwwroot/daohang/app/Controller/favicon.icoController.php文件是否存在:0 [] []
[2018-03-26 14:49:27] Rookie-Framework.INFO: 访问控制器:\app\Controller\indexController [] []
[2018-03-26 14:49:27] Rookie-Framework.INFO: 访问方法:index [] []
[2018-03-26 14:49:27] Rookie-Framework.INFO: 解析模板文件--/wwwroot/daohang/app/viewindex.index [] []
[2018-03-26 14:49:28] Rookie-Framework.INFO: 访问控制器:\app\Controller\favicon.icoController [] []
[2018-03-26 14:49:28] Rookie-Framework.INFO: 访问方法:index [] []
[2018-03-26 14:49:28] Rookie-Framework.DEBUG: 找不到控制器favicon.ico;文件地址：/wwwroot/daohang/app/Controller/favicon.icoController.php文件是否存在:0 [] []
[2018-03-26 14:49:28] Rookie-Framework.INFO: 访问控制器:\app\Controller\indexController [] []
[2018-03-26 14:49:28] Rookie-Framework.INFO: 访问方法:index [] []
[2018-03-26 14:49:28] Rookie-Framework.INFO: 解析模板文件--/wwwroot/daohang/app/viewindex.index [] []
[2018-03-26 14:49:29] Rookie-Framework.INFO: 访问控制器:\app\Controller\favicon.icoController [] []
[2018-03-26 14:49:29] Rookie-Framework.INFO: 访问方法:index [] []
[2018-03-26 14:49:29] Rookie-Framework.DEBUG: 找不到控制器favicon.ico;文件地址：/wwwroot/daohang/app/Controller/favicon.icoController.php文件是否存在:0 [] []
[2018-03-26 14:49:30] Rookie-Framework.INFO: 访问控制器:\app\Controller\indexController [] []
[2018-03-26 14:49:30] Rookie-Framework.INFO: 访问方法:index [] []
[2018-03-26 14:49:30] Rookie-Framework.INFO: 解析模板文件--/wwwroot/daohang/app/viewindex.index [] []
[2018-03-26 14:49:31] Rookie-Framework.INFO: 访问控制器:\app\Controller\favicon.icoController [] []
[2018-03-26 14:49:31] Rookie-Framework.INFO: 访问方法:index [] []
[2018-03-26 14:49:31] Rookie-Framework.DEBUG: 找不到控制器favicon.ico;文件地址：/wwwroot/daohang/app/Controller/favicon.icoController.php文件是否存在:0 [] []
[2018-03-26 14:49:31] Rookie-Framework.INFO: 访问控制器:\app\Controller\indexController [] []
[2018-03-26 14:49:31] Rookie-Framework.INFO: 访问方法:index [] []
[2018-03-26 14:49:31] Rookie-Framework.INFO: 解析模板文件--/wwwroot/daohang/app/viewindex.index [] []
[2018-03-26 14:49:32] Rookie-Framework.INFO: 访问控制器:\app\Controller\favicon.icoController [] []
[2018-03-26 14:49:32] Rookie-Framework.INFO: 访问方法:index [] []
[2018-03-26 14:49:32] Rookie-Framework.DEBUG: 找不到控制器favicon.ico;文件地址：/wwwroot/daohang/app/Controller/favicon.icoController.php文件是否存在:0 [] []
[2018-03-26 14:49:32] Rookie-Framework.INFO: 访问控制器:\app\Controller\indexController [] []
[2018-03-26 14:49:32] Rookie-Framework.INFO: 访问方法:index [] []
[2018-03-26 14:49:32] Rookie-Framework.INFO: 解析模板文件--/wwwroot/daohang/app/viewindex.index [] []
[2018-03-26 14:49:33] Rookie-Framework.INFO: 访问控制器:\app\Controller\favicon.icoController [] []
[2018-03-26 14:49:33] Rookie-Framework.INFO: 访问方法:index [] []
[2018-03-26 14:49:33] Rookie-Framework.DEBUG: 找不到控制器favicon.ico;文件地址：/wwwroot/daohang/app/Controller/favicon.icoController.php文件是否存在:0 [] []
[2018-03-26 14:49:44] Rookie-Framework.INFO: 访问控制器:\app\Controller\indexController [] []
[2018-03-26 14:49:44] Rookie-Framework.INFO: 访问方法:index [] []
[2018-03-26 14:49:44] Rookie-Framework.INFO: 解析模板文件--/wwwroot/daohang/app/viewindex.index [] []
[2018-03-26 14:49:45] Rookie-Framework.INFO: 访问控制器:\app\Controller\favicon.icoController [] []
[2018-03-26 14:49:45] Rookie-Framework.INFO: 访问方法:index [] []
[2018-03-26 14:49:45] Rookie-Framework.DEBUG: 找不到控制器favicon.ico;文件地址：/wwwroot/daohang/app/Controller/favicon.icoController.php文件是否存在:0 [] []
[2018-03-26 14:50:02] Rookie-Framework.INFO: 访问控制器:\app\Controller\indexController [] []
[2018-03-26 14:50:02] Rookie-Framework.INFO: 访问方法:index [] []
[2018-03-26 14:50:02] Rookie-Framework.INFO: 解析模板文件--/wwwroot/daohang/app/viewindex.index [] []
[2018-03-26 14:50:02] Rookie-Framework.INFO: 访问控制器:\app\Controller\favicon.icoController [] []
[2018-03-26 14:50:02] Rookie-Framework.INFO: 访问方法:index [] []
[2018-03-26 14:50:02] Rookie-Framework.DEBUG: 找不到控制器favicon.ico;文件地址：/wwwroot/daohang/app/Controller/favicon.icoController.php文件是否存在:0 [] []
[2018-03-26 14:50:08] Rookie-Framework.INFO: 访问控制器:\app\Controller\indexController [] []
[2018-03-26 14:50:08] Rookie-Framework.INFO: 访问方法:index [] []
[2018-03-26 14:50:08] Rookie-Framework.INFO: 解析模板文件--/wwwroot/daohang/app/viewindex.index [] []
[2018-03-26 14:50:09] Rookie-Framework.INFO: 访问控制器:\app\Controller\favicon.icoController [] []
[2018-03-26 14:50:09] Rookie-Framework.INFO: 访问方法:index [] []
[2018-03-26 14:50:09] Rookie-Framework.DEBUG: 找不到控制器favicon.ico;文件地址：/wwwroot/daohang/app/Controller/favicon.icoController.php文件是否存在:0 [] []
[2018-03-26 14:52:58] Rookie-Framework.INFO: 访问控制器:\app\Controller\indexController [] []
[2018-03-26 14:52:58] Rookie-Framework.INFO: 访问方法:index [] []
[2018-03-26 14:52:58] Rookie-Framework.INFO: 解析模板文件--/wwwroot/daohang/app/viewindex.index [] []
[2018-03-26 14:52:58] Rookie-Framework.INFO: 访问控制器:\app\Controller\favicon.icoController [] []
[2018-03-26 14:52:58] Rookie-Framework.INFO: 访问方法:index [] []
[2018-03-26 14:52:58] Rookie-Framework.DEBUG: 找不到控制器favicon.ico;文件地址：/wwwroot/daohang/app/Controller/favicon.icoController.php文件是否存在:0 [] []
[2018-03-26 14:55:33] Rookie-Framework.INFO: 访问控制器:\app\Controller\indexController [] []
[2018-03-26 14:55:33] Rookie-Framework.INFO: 访问方法:index [] []
[2018-03-26 14:55:33] Rookie-Framework.INFO: 解析模板文件--/wwwroot/daohang/app/viewindex.index [] []
[2018-03-26 14:55:34] Rookie-Framework.INFO: 访问控制器:\app\Controller\favicon.icoController [] []
[2018-03-26 14:55:34] Rookie-Framework.INFO: 访问方法:index [] []
[2018-03-26 14:55:34] Rookie-Framework.DEBUG: 找不到控制器favicon.ico;文件地址：/wwwroot/daohang/app/Controller/favicon.icoController.php文件是否存在:0 [] []
[2018-03-26 14:56:51] Rookie-Framework.INFO: 访问控制器:\app\Controller\indexController [] []
[2018-03-26 14:56:51] Rookie-Framework.INFO: 访问方法:index [] []
[2018-03-26 14:56:51] Rookie-Framework.INFO: 解析模板文件--/wwwroot/daohang/app/viewindex.index [] []
[2018-03-26 14:56:52] Rookie-Framework.INFO: 访问控制器:\app\Controller\favicon.icoController [] []
[2018-03-26 14:56:52] Rookie-Framework.INFO: 访问方法:index [] []
[2018-03-26 14:56:52] Rookie-Framework.DEBUG: 找不到控制器favicon.ico;文件地址：/wwwroot/daohang/app/Controller/favicon.icoController.php文件是否存在:0 [] []
[2018-03-26 14:56:53] Rookie-Framework.INFO: 访问控制器:\app\Controller\indexController [] []
[2018-03-26 14:56:53] Rookie-Framework.INFO: 访问方法:index [] []
[2018-03-26 14:56:53] Rookie-Framework.INFO: 解析模板文件--/wwwroot/daohang/app/viewindex.index [] []
[2018-03-26 14:56:54] Rookie-Framework.INFO: 访问控制器:\app\Controller\favicon.icoController [] []
[2018-03-26 14:56:54] Rookie-Framework.INFO: 访问方法:index [] []
[2018-03-26 14:56:54] Rookie-Framework.DEBUG: 找不到控制器favicon.ico;文件地址：/wwwroot/daohang/app/Controller/favicon.icoController.php文件是否存在:0 [] []
[2018-03-26 14:58:25] Rookie-Framework.INFO: 访问控制器:\app\Controller\indexController [] []
[2018-03-26 14:58:25] Rookie-Framework.INFO: 访问方法:index [] []
[2018-03-26 14:58:25] Rookie-Framework.INFO: 解析模板文件--/wwwroot/daohang/app/viewindex.index [] []
[2018-03-26 14:58:26] Rookie-Framework.INFO: 访问控制器:\app\Controller\favicon.icoController [] []
[2018-03-26 14:58:26] Rookie-Framework.INFO: 访问方法:index [] []
[2018-03-26 14:58:26] Rookie-Framework.DEBUG: 找不到控制器favicon.ico;文件地址：/wwwroot/daohang/app/Controller/favicon.icoController.php文件是否存在:0 [] []
[2018-03-26 14:58:52] Rookie-Framework.INFO: 访问控制器:\app\Controller\indexController [] []
[2018-03-26 14:58:52] Rookie-Framework.INFO: 访问方法:index [] []
[2018-03-26 14:58:52] Rookie-Framework.INFO: 解析模板文件--/wwwroot/daohang/app/viewindex.index [] []
[2018-03-26 14:58:53] Rookie-Framework.INFO: 访问控制器:\app\Controller\favicon.icoController [] []
[2018-03-26 14:58:53] Rookie-Framework.INFO: 访问方法:index [] []
[2018-03-26 14:58:53] Rookie-Framework.DEBUG: 找不到控制器favicon.ico;文件地址：/wwwroot/daohang/app/Controller/favicon.icoController.php文件是否存在:0 [] []
[2018-03-26 14:59:07] Rookie-Framework.INFO: 访问控制器:\app\Controller\indexController [] []
[2018-03-26 14:59:07] Rookie-Framework.INFO: 访问方法:index [] []
[2018-03-26 14:59:08] Rookie-Framework.INFO: 解析模板文件--/wwwroot/daohang/app/viewindex.index [] []
[2018-03-26 14:59:08] Rookie-Framework.INFO: 访问控制器:\app\Controller\favicon.icoController [] []
[2018-03-26 14:59:08] Rookie-Framework.INFO: 访问方法:index [] []
[2018-03-26 14:59:08] Rookie-Framework.DEBUG: 找不到控制器favicon.ico;文件地址：/wwwroot/daohang/app/Controller/favicon.icoController.php文件是否存在:0 [] []
[2018-03-26 14:59:13] Rookie-Framework.INFO: 访问控制器:\app\Controller\indexController [] []
[2018-03-26 14:59:13] Rookie-Framework.INFO: 访问方法:index [] []
[2018-03-26 14:59:13] Rookie-Framework.INFO: 解析模板文件--/wwwroot/daohang/app/viewindex.index [] []
[2018-03-26 14:59:14] Rookie-Framework.INFO: 访问控制器:\app\Controller\favicon.icoController [] []
[2018-03-26 14:59:14] Rookie-Framework.INFO: 访问方法:index [] []
[2018-03-26 14:59:14] Rookie-Framework.DEBUG: 找不到控制器favicon.ico;文件地址：/wwwroot/daohang/app/Controller/favicon.icoController.php文件是否存在:0 [] []
