[2018-03-26 16:11:05] Rookie-Framework.INFO: 访问控制器:\app\Controller\submerController [] []
[2018-03-26 16:11:05] Rookie-Framework.INFO: 访问方法:system [] []
[2018-03-26 16:11:06] Rookie-Framework.INFO: 解析模板文件--/wwwroot/daohang/app/viewadmin.system [] []
[2018-03-26 16:11:06] Rookie-Framework.INFO: 访问控制器:\app\Controller\favicon.icoController [] []
[2018-03-26 16:11:06] Rookie-Framework.INFO: 访问方法:index [] []
[2018-03-26 16:11:06] Rookie-Framework.DEBUG: 找不到控制器favicon.ico;文件地址：/wwwroot/daohang/app/Controller/favicon.icoController.php文件是否存在:0 [] []
[2018-03-26 16:11:07] Rookie-Framework.INFO: 访问控制器:\app\Controller\submerController [] []
[2018-03-26 16:11:07] Rookie-Framework.INFO: 访问方法:system [] []
[2018-03-26 16:11:07] Rookie-Framework.INFO: 解析模板文件--/wwwroot/daohang/app/viewadmin.system [] []
[2018-03-26 16:11:08] Rookie-Framework.INFO: 访问控制器:\app\Controller\favicon.icoController [] []
[2018-03-26 16:11:08] Rookie-Framework.INFO: 访问方法:index [] []
[2018-03-26 16:11:08] Rookie-Framework.DEBUG: 找不到控制器favicon.ico;文件地址：/wwwroot/daohang/app/Controller/favicon.icoController.php文件是否存在:0 [] []
[2018-03-26 16:11:25] Rookie-Framework.INFO: 访问控制器:\app\Controller\submerApiController [] []
[2018-03-26 16:11:25] Rookie-Framework.INFO: 访问方法:saveSystem [] []
[2018-03-26 16:15:35] Rookie-Framework.INFO: 访问控制器:\app\Controller\submerController [] []
[2018-03-26 16:15:35] Rookie-Framework.INFO: 访问方法:system [] []
[2018-03-26 16:15:35] Rookie-Framework.INFO: 解析模板文件--/wwwroot/daohang/app/viewadmin.system [] []
[2018-03-26 16:15:36] Rookie-Framework.INFO: 访问控制器:\app\Controller\favicon.icoController [] []
[2018-03-26 16:15:36] Rookie-Framework.INFO: 访问方法:index [] []
[2018-03-26 16:15:36] Rookie-Framework.DEBUG: 找不到控制器favicon.ico;文件地址：/wwwroot/daohang/app/Controller/favicon.icoController.php文件是否存在:0 [] []
[2018-03-26 16:16:00] Rookie-Framework.INFO: 访问控制器:\app\Controller\submerApiController [] []
[2018-03-26 16:16:00] Rookie-Framework.INFO: 访问方法:saveSystem [] []
[2018-03-26 16:16:04] Rookie-Framework.INFO: 访问控制器:\app\Controller\submerController [] []
[2018-03-26 16:16:04] Rookie-Framework.INFO: 访问方法:system [] []
[2018-03-26 16:16:04] Rookie-Framework.INFO: 解析模板文件--/wwwroot/daohang/app/viewadmin.system [] []
[2018-03-26 16:16:05] Rookie-Framework.INFO: 访问控制器:\app\Controller\favicon.icoController [] []
[2018-03-26 16:16:05] Rookie-Framework.INFO: 访问方法:index [] []
[2018-03-26 16:16:05] Rookie-Framework.DEBUG: 找不到控制器favicon.ico;文件地址：/wwwroot/daohang/app/Controller/favicon.icoController.php文件是否存在:0 [] []
[2018-03-26 16:16:41] Rookie-Framework.INFO: 访问控制器:\app\Controller\submerApiController [] []
[2018-03-26 16:16:41] Rookie-Framework.INFO: 访问方法:saveSystem [] []
[2018-03-26 16:16:44] Rookie-Framework.INFO: 访问控制器:\app\Controller\submerController [] []
[2018-03-26 16:16:44] Rookie-Framework.INFO: 访问方法:system [] []
[2018-03-26 16:16:44] Rookie-Framework.INFO: 解析模板文件--/wwwroot/daohang/app/viewadmin.system [] []
[2018-03-26 16:16:45] Rookie-Framework.INFO: 访问控制器:\app\Controller\favicon.icoController [] []
[2018-03-26 16:16:45] Rookie-Framework.INFO: 访问方法:index [] []
[2018-03-26 16:16:45] Rookie-Framework.DEBUG: 找不到控制器favicon.ico;文件地址：/wwwroot/daohang/app/Controller/favicon.icoController.php文件是否存在:0 [] []
[2018-03-26 16:19:04] Rookie-Framework.INFO: 访问控制器:\app\Controller\submerApiController [] []
[2018-03-26 16:19:04] Rookie-Framework.INFO: 访问方法:saveSystem [] []
[2018-03-26 16:19:06] Rookie-Framework.INFO: 访问控制器:\app\Controller\submerController [] []
[2018-03-26 16:19:06] Rookie-Framework.INFO: 访问方法:system [] []
[2018-03-26 16:19:06] Rookie-Framework.INFO: 解析模板文件--/wwwroot/daohang/app/viewadmin.system [] []
[2018-03-26 16:19:07] Rookie-Framework.INFO: 访问控制器:\app\Controller\favicon.icoController [] []
[2018-03-26 16:19:07] Rookie-Framework.INFO: 访问方法:index [] []
[2018-03-26 16:19:07] Rookie-Framework.DEBUG: 找不到控制器favicon.ico;文件地址：/wwwroot/daohang/app/Controller/favicon.icoController.php文件是否存在:0 [] []
[2018-03-26 16:19:47] Rookie-Framework.INFO: 访问控制器:\app\Controller\submerApiController [] []
[2018-03-26 16:19:47] Rookie-Framework.INFO: 访问方法:saveSystem [] []
[2018-03-26 16:19:49] Rookie-Framework.INFO: 访问控制器:\app\Controller\submerController [] []
[2018-03-26 16:19:49] Rookie-Framework.INFO: 访问方法:system [] []
[2018-03-26 16:19:49] Rookie-Framework.INFO: 解析模板文件--/wwwroot/daohang/app/viewadmin.system [] []
[2018-03-26 16:19:50] Rookie-Framework.INFO: 访问控制器:\app\Controller\favicon.icoController [] []
[2018-03-26 16:19:50] Rookie-Framework.INFO: 访问方法:index [] []
[2018-03-26 16:19:50] Rookie-Framework.DEBUG: 找不到控制器favicon.ico;文件地址：/wwwroot/daohang/app/Controller/favicon.icoController.php文件是否存在:0 [] []
[2018-03-26 16:19:58] Rookie-Framework.INFO: 访问控制器:\app\Controller\submerController [] []
[2018-03-26 16:19:58] Rookie-Framework.INFO: 访问方法:system [] []
[2018-03-26 16:19:58] Rookie-Framework.INFO: 解析模板文件--/wwwroot/daohang/app/viewadmin.system [] []
[2018-03-26 16:27:34] Rookie-Framework.INFO: 访问控制器:\app\Controller\submerController [] []
[2018-03-26 16:27:34] Rookie-Framework.INFO: 访问方法:system [] []
[2018-03-26 16:27:34] Rookie-Framework.INFO: 解析模板文件--/wwwroot/daohang/app/viewadmin.system [] []
[2018-03-26 16:27:53] Rookie-Framework.INFO: 访问控制器:\app\Controller\submerController [] []
[2018-03-26 16:27:53] Rookie-Framework.INFO: 访问方法:system [] []
[2018-03-26 16:27:53] Rookie-Framework.INFO: 解析模板文件--/wwwroot/daohang/app/viewadmin.system [] []
[2018-03-26 16:27:59] Rookie-Framework.INFO: 访问控制器:\app\Controller\submerController [] []
[2018-03-26 16:27:59] Rookie-Framework.INFO: 访问方法:system [] []
[2018-03-26 16:27:59] Rookie-Framework.INFO: 解析模板文件--/wwwroot/daohang/app/viewadmin.system [] []
[2018-03-26 16:28:02] Rookie-Framework.INFO: 访问控制器:\app\Controller\submerController [] []
[2018-03-26 16:28:02] Rookie-Framework.INFO: 访问方法:system [] []
[2018-03-26 16:28:02] Rookie-Framework.INFO: 解析模板文件--/wwwroot/daohang/app/viewadmin.system [] []
[2018-03-26 16:28:04] Rookie-Framework.INFO: 访问控制器:\app\Controller\submerController [] []
[2018-03-26 16:28:04] Rookie-Framework.INFO: 访问方法:system [] []
[2018-03-26 16:28:04] Rookie-Framework.INFO: 解析模板文件--/wwwroot/daohang/app/viewadmin.system [] []
[2018-03-26 16:28:31] Rookie-Framework.INFO: 访问控制器:\app\Controller\submerController [] []
[2018-03-26 16:28:31] Rookie-Framework.INFO: 访问方法:system [] []
[2018-03-26 16:28:31] Rookie-Framework.INFO: 解析模板文件--/wwwroot/daohang/app/viewadmin.system [] []
[2018-03-26 16:28:38] Rookie-Framework.INFO: 访问控制器:\app\Controller\submerController [] []
[2018-03-26 16:28:38] Rookie-Framework.INFO: 访问方法:system [] []
[2018-03-26 16:28:38] Rookie-Framework.INFO: 解析模板文件--/wwwroot/daohang/app/viewadmin.system [] []
[2018-03-26 16:29:04] Rookie-Framework.INFO: 访问控制器:\app\Controller\submerApiController [] []
[2018-03-26 16:29:04] Rookie-Framework.INFO: 访问方法:saveSystem [] []
[2018-03-26 16:29:31] Rookie-Framework.INFO: 访问控制器:\app\Controller\submerApiController [] []
[2018-03-26 16:29:31] Rookie-Framework.INFO: 访问方法:saveSystem [] []
[2018-03-26 16:31:29] Rookie-Framework.INFO: 访问控制器:\app\Controller\submerApiController [] []
[2018-03-26 16:31:29] Rookie-Framework.INFO: 访问方法:saveSystem [] []
[2018-03-26 16:31:35] Rookie-Framework.INFO: 访问控制器:\app\Controller\submerController [] []
[2018-03-26 16:31:35] Rookie-Framework.INFO: 访问方法:system [] []
[2018-03-26 16:31:35] Rookie-Framework.INFO: 解析模板文件--/wwwroot/daohang/app/viewadmin.system [] []
[2018-03-26 16:48:00] Rookie-Framework.INFO: 访问控制器:\app\Controller\indexController [] []
[2018-03-26 16:48:00] Rookie-Framework.INFO: 访问方法:index [] []
[2018-03-26 16:48:00] Rookie-Framework.INFO: 解析模板文件--/wwwroot/daohang/app/viewindex.index [] []
[2018-03-26 16:48:01] Rookie-Framework.INFO: 访问控制器:\app\Controller\favicon.icoController [] []
[2018-03-26 16:48:01] Rookie-Framework.INFO: 访问方法:index [] []
[2018-03-26 16:48:01] Rookie-Framework.DEBUG: 找不到控制器favicon.ico;文件地址：/wwwroot/daohang/app/Controller/favicon.icoController.php文件是否存在:0 [] []
[2018-03-26 16:48:23] Rookie-Framework.INFO: 访问控制器:\app\Controller\indexController [] []
[2018-03-26 16:48:23] Rookie-Framework.INFO: 访问方法:index [] []
[2018-03-26 16:48:23] Rookie-Framework.INFO: 解析模板文件--/wwwroot/daohang/app/viewindex.index [] []
[2018-03-26 16:48:24] Rookie-Framework.INFO: 访问控制器:\app\Controller\favicon.icoController [] []
[2018-03-26 16:48:24] Rookie-Framework.INFO: 访问方法:index [] []
[2018-03-26 16:48:24] Rookie-Framework.DEBUG: 找不到控制器favicon.ico;文件地址：/wwwroot/daohang/app/Controller/favicon.icoController.php文件是否存在:0 [] []
[2018-03-26 16:48:26] Rookie-Framework.INFO: 访问控制器:\app\Controller\indexController [] []
[2018-03-26 16:48:26] Rookie-Framework.INFO: 访问方法:index [] []
[2018-03-26 16:48:26] Rookie-Framework.INFO: 解析模板文件--/wwwroot/daohang/app/viewindex.index [] []
[2018-03-26 16:48:27] Rookie-Framework.INFO: 访问控制器:\app\Controller\favicon.icoController [] []
[2018-03-26 16:48:27] Rookie-Framework.INFO: 访问方法:index [] []
[2018-03-26 16:48:27] Rookie-Framework.DEBUG: 找不到控制器favicon.ico;文件地址：/wwwroot/daohang/app/Controller/favicon.icoController.php文件是否存在:0 [] []
[2018-03-26 16:48:27] Rookie-Framework.INFO: 访问控制器:\app\Controller\indexController [] []
[2018-03-26 16:48:27] Rookie-Framework.INFO: 访问方法:index [] []
[2018-03-26 16:48:27] Rookie-Framework.INFO: 解析模板文件--/wwwroot/daohang/app/viewindex.index [] []
[2018-03-26 16:48:28] Rookie-Framework.INFO: 访问控制器:\app\Controller\favicon.icoController [] []
[2018-03-26 16:48:28] Rookie-Framework.INFO: 访问方法:index [] []
[2018-03-26 16:48:28] Rookie-Framework.DEBUG: 找不到控制器favicon.ico;文件地址：/wwwroot/daohang/app/Controller/favicon.icoController.php文件是否存在:0 [] []
[2018-03-26 16:48:28] Rookie-Framework.INFO: 访问控制器:\app\Controller\indexController [] []
[2018-03-26 16:48:28] Rookie-Framework.INFO: 访问方法:index [] []
[2018-03-26 16:48:28] Rookie-Framework.INFO: 解析模板文件--/wwwroot/daohang/app/viewindex.index [] []
[2018-03-26 16:48:29] Rookie-Framework.INFO: 访问控制器:\app\Controller\favicon.icoController [] []
[2018-03-26 16:48:29] Rookie-Framework.INFO: 访问方法:index [] []
[2018-03-26 16:48:29] Rookie-Framework.DEBUG: 找不到控制器favicon.ico;文件地址：/wwwroot/daohang/app/Controller/favicon.icoController.php文件是否存在:0 [] []
[2018-03-26 16:48:39] Rookie-Framework.INFO: 访问控制器:\app\Controller\indexController [] []
[2018-03-26 16:48:39] Rookie-Framework.INFO: 访问方法:index [] []
[2018-03-26 16:48:39] Rookie-Framework.INFO: 解析模板文件--/wwwroot/daohang/app/viewindex.index [] []
[2018-03-26 16:48:40] Rookie-Framework.INFO: 访问控制器:\app\Controller\favicon.icoController [] []
[2018-03-26 16:48:40] Rookie-Framework.INFO: 访问方法:index [] []
[2018-03-26 16:48:40] Rookie-Framework.DEBUG: 找不到控制器favicon.ico;文件地址：/wwwroot/daohang/app/Controller/favicon.icoController.php文件是否存在:0 [] []
[2018-03-26 16:48:59] Rookie-Framework.INFO: 访问控制器:\app\Controller\indexController [] []
[2018-03-26 16:48:59] Rookie-Framework.INFO: 访问方法:index [] []
[2018-03-26 16:48:59] Rookie-Framework.INFO: 解析模板文件--/wwwroot/daohang/app/viewindex.index [] []
[2018-03-26 16:49:00] Rookie-Framework.INFO: 访问控制器:\app\Controller\favicon.icoController [] []
[2018-03-26 16:49:00] Rookie-Framework.INFO: 访问方法:index [] []
[2018-03-26 16:49:00] Rookie-Framework.DEBUG: 找不到控制器favicon.ico;文件地址：/wwwroot/daohang/app/Controller/favicon.icoController.php文件是否存在:0 [] []
[2018-03-26 16:49:01] Rookie-Framework.INFO: 访问控制器:\app\Controller\indexController [] []
[2018-03-26 16:49:01] Rookie-Framework.INFO: 访问方法:index [] []
[2018-03-26 16:49:01] Rookie-Framework.INFO: 解析模板文件--/wwwroot/daohang/app/viewindex.index [] []
[2018-03-26 16:49:01] Rookie-Framework.INFO: 访问控制器:\app\Controller\favicon.icoController [] []
[2018-03-26 16:49:01] Rookie-Framework.INFO: 访问方法:index [] []
[2018-03-26 16:49:01] Rookie-Framework.DEBUG: 找不到控制器favicon.ico;文件地址：/wwwroot/daohang/app/Controller/favicon.icoController.php文件是否存在:0 [] []
[2018-03-26 16:49:02] Rookie-Framework.INFO: 访问控制器:\app\Controller\indexController [] []
[2018-03-26 16:49:02] Rookie-Framework.INFO: 访问方法:index [] []
[2018-03-26 16:49:02] Rookie-Framework.INFO: 解析模板文件--/wwwroot/daohang/app/viewindex.index [] []
[2018-03-26 16:49:02] Rookie-Framework.INFO: 访问控制器:\app\Controller\favicon.icoController [] []
[2018-03-26 16:49:02] Rookie-Framework.INFO: 访问方法:index [] []
[2018-03-26 16:49:02] Rookie-Framework.DEBUG: 找不到控制器favicon.ico;文件地址：/wwwroot/daohang/app/Controller/favicon.icoController.php文件是否存在:0 [] []
[2018-03-26 16:49:02] Rookie-Framework.INFO: 访问控制器:\app\Controller\indexController [] []
[2018-03-26 16:49:02] Rookie-Framework.INFO: 访问方法:index [] []
[2018-03-26 16:49:02] Rookie-Framework.INFO: 解析模板文件--/wwwroot/daohang/app/viewindex.index [] []
[2018-03-26 16:49:03] Rookie-Framework.INFO: 访问控制器:\app\Controller\favicon.icoController [] []
[2018-03-26 16:49:03] Rookie-Framework.INFO: 访问方法:index [] []
[2018-03-26 16:49:03] Rookie-Framework.DEBUG: 找不到控制器favicon.ico;文件地址：/wwwroot/daohang/app/Controller/favicon.icoController.php文件是否存在:0 [] []
[2018-03-26 16:49:04] Rookie-Framework.INFO: 访问控制器:\app\Controller\indexController [] []
[2018-03-26 16:49:04] Rookie-Framework.INFO: 访问方法:index [] []
[2018-03-26 16:49:04] Rookie-Framework.INFO: 解析模板文件--/wwwroot/daohang/app/viewindex.index [] []
[2018-03-26 16:49:04] Rookie-Framework.INFO: 访问控制器:\app\Controller\favicon.icoController [] []
[2018-03-26 16:49:04] Rookie-Framework.INFO: 访问方法:index [] []
[2018-03-26 16:49:04] Rookie-Framework.DEBUG: 找不到控制器favicon.ico;文件地址：/wwwroot/daohang/app/Controller/favicon.icoController.php文件是否存在:0 [] []
[2018-03-26 16:49:09] Rookie-Framework.INFO: 访问控制器:\app\Controller\indexController [] []
[2018-03-26 16:49:09] Rookie-Framework.INFO: 访问方法:index [] []
[2018-03-26 16:49:09] Rookie-Framework.INFO: 解析模板文件--/wwwroot/daohang/app/viewindex.index [] []
[2018-03-26 16:49:09] Rookie-Framework.INFO: 访问控制器:\app\Controller\favicon.icoController [] []
[2018-03-26 16:49:09] Rookie-Framework.INFO: 访问方法:index [] []
[2018-03-26 16:49:09] Rookie-Framework.DEBUG: 找不到控制器favicon.ico;文件地址：/wwwroot/daohang/app/Controller/favicon.icoController.php文件是否存在:0 [] []
[2018-03-26 16:49:10] Rookie-Framework.INFO: 访问控制器:\app\Controller\indexController [] []
[2018-03-26 16:49:10] Rookie-Framework.INFO: 访问方法:index [] []
[2018-03-26 16:49:10] Rookie-Framework.INFO: 解析模板文件--/wwwroot/daohang/app/viewindex.index [] []
[2018-03-26 16:49:10] Rookie-Framework.INFO: 访问控制器:\app\Controller\favicon.icoController [] []
[2018-03-26 16:49:10] Rookie-Framework.INFO: 访问方法:index [] []
[2018-03-26 16:49:10] Rookie-Framework.DEBUG: 找不到控制器favicon.ico;文件地址：/wwwroot/daohang/app/Controller/favicon.icoController.php文件是否存在:0 [] []
[2018-03-26 16:51:15] Rookie-Framework.INFO: 访问控制器:\app\Controller\signInController [] []
[2018-03-26 16:51:15] Rookie-Framework.INFO: 访问方法:index [] []
[2018-03-26 16:51:15] Rookie-Framework.DEBUG: 找不到控制器signIn;文件地址：/wwwroot/daohang/app/Controller/signInController.php文件是否存在:0 [] []
[2018-03-26 16:51:16] Rookie-Framework.INFO: 访问控制器:\app\Controller\favicon.icoController [] []
[2018-03-26 16:51:16] Rookie-Framework.INFO: 访问方法:index [] []
[2018-03-26 16:51:16] Rookie-Framework.DEBUG: 找不到控制器favicon.ico;文件地址：/wwwroot/daohang/app/Controller/favicon.icoController.php文件是否存在:0 [] []
[2018-03-26 16:51:20] Rookie-Framework.INFO: 访问控制器:\app\Controller\indexController [] []
[2018-03-26 16:51:20] Rookie-Framework.INFO: 访问方法:signIn [] []
[2018-03-26 16:51:20] Rookie-Framework.INFO: 解析模板文件--/wwwroot/daohang/app/viewindex.signin [] []
[2018-03-26 16:51:20] Rookie-Framework.INFO: 访问控制器:\app\Controller\indexController [] []
[2018-03-26 16:51:20] Rookie-Framework.INFO: 访问方法:favicon.ico [] []
[2018-03-26 16:52:19] Rookie-Framework.INFO: 访问控制器:\app\Controller\indexController [] []
[2018-03-26 16:52:19] Rookie-Framework.INFO: 访问方法:signIn [] []
[2018-03-26 16:52:19] Rookie-Framework.INFO: 解析模板文件--/wwwroot/daohang/app/viewindex.signin [] []
[2018-03-26 16:52:20] Rookie-Framework.INFO: 访问控制器:\app\Controller\favicon.icoController [] []
[2018-03-26 16:52:20] Rookie-Framework.INFO: 访问方法:index [] []
[2018-03-26 16:52:20] Rookie-Framework.DEBUG: 找不到控制器favicon.ico;文件地址：/wwwroot/daohang/app/Controller/favicon.icoController.php文件是否存在:0 [] []
[2018-03-26 16:52:22] Rookie-Framework.INFO: 访问控制器:\app\Controller\indexController [] []
[2018-03-26 16:52:22] Rookie-Framework.INFO: 访问方法:signIn [] []
[2018-03-26 16:52:22] Rookie-Framework.INFO: 解析模板文件--/wwwroot/daohang/app/viewindex.signin [] []
[2018-03-26 16:52:22] Rookie-Framework.INFO: 访问控制器:\app\Controller\indexController [] []
[2018-03-26 16:52:22] Rookie-Framework.INFO: 访问方法:favicon.ico [] []
[2018-03-26 16:52:22] Rookie-Framework.INFO: 访问控制器:\app\Controller\indexController [] []
[2018-03-26 16:52:22] Rookie-Framework.INFO: 访问方法:signIn [] []
[2018-03-26 16:52:22] Rookie-Framework.INFO: 解析模板文件--/wwwroot/daohang/app/viewindex.signin [] []
[2018-03-26 16:52:22] Rookie-Framework.INFO: 访问控制器:\app\Controller\indexController [] []
[2018-03-26 16:52:22] Rookie-Framework.INFO: 访问方法:favicon.ico [] []
[2018-03-26 16:54:19] Rookie-Framework.INFO: 访问控制器:\app\Controller\indexController [] []
[2018-03-26 16:54:19] Rookie-Framework.INFO: 访问方法:signIn [] []
[2018-03-26 16:54:19] Rookie-Framework.INFO: 解析模板文件--/wwwroot/daohang/app/viewindex.signin [] []
[2018-03-26 16:54:20] Rookie-Framework.INFO: 访问控制器:\app\Controller\indexController [] []
[2018-03-26 16:54:20] Rookie-Framework.INFO: 访问方法:favicon.ico [] []
[2018-03-26 16:54:45] Rookie-Framework.INFO: 访问控制器:\app\Controller\indexController [] []
[2018-03-26 16:54:45] Rookie-Framework.INFO: 访问方法:signIn [] []
[2018-03-26 16:54:45] Rookie-Framework.INFO: 解析模板文件--/wwwroot/daohang/app/viewindex.signin [] []
[2018-03-26 16:54:46] Rookie-Framework.INFO: 访问控制器:\app\Controller\favicon.icoController [] []
[2018-03-26 16:54:46] Rookie-Framework.INFO: 访问方法:index [] []
[2018-03-26 16:54:46] Rookie-Framework.DEBUG: 找不到控制器favicon.ico;文件地址：/wwwroot/daohang/app/Controller/favicon.icoController.php文件是否存在:0 [] []
[2018-03-26 16:54:47] Rookie-Framework.INFO: 访问控制器:\app\Controller\indexController [] []
[2018-03-26 16:54:47] Rookie-Framework.INFO: 访问方法:signIn [] []
[2018-03-26 16:54:47] Rookie-Framework.INFO: 解析模板文件--/wwwroot/daohang/app/viewindex.signin [] []
[2018-03-26 16:54:48] Rookie-Framework.INFO: 访问控制器:\app\Controller\favicon.icoController [] []
[2018-03-26 16:54:48] Rookie-Framework.INFO: 访问方法:index [] []
[2018-03-26 16:54:48] Rookie-Framework.DEBUG: 找不到控制器favicon.ico;文件地址：/wwwroot/daohang/app/Controller/favicon.icoController.php文件是否存在:0 [] []
[2018-03-26 16:54:48] Rookie-Framework.INFO: 访问控制器:\app\Controller\indexController [] []
[2018-03-26 16:54:48] Rookie-Framework.INFO: 访问方法:signIn [] []
[2018-03-26 16:54:48] Rookie-Framework.INFO: 解析模板文件--/wwwroot/daohang/app/viewindex.signin [] []
[2018-03-26 16:54:49] Rookie-Framework.INFO: 访问控制器:\app\Controller\favicon.icoController [] []
[2018-03-26 16:54:49] Rookie-Framework.INFO: 访问方法:index [] []
[2018-03-26 16:54:49] Rookie-Framework.DEBUG: 找不到控制器favicon.ico;文件地址：/wwwroot/daohang/app/Controller/favicon.icoController.php文件是否存在:0 [] []
[2018-03-26 16:54:50] Rookie-Framework.INFO: 访问控制器:\app\Controller\indexController [] []
[2018-03-26 16:54:50] Rookie-Framework.INFO: 访问方法:signIn [] []
[2018-03-26 16:54:50] Rookie-Framework.INFO: 解析模板文件--/wwwroot/daohang/app/viewindex.signin [] []
[2018-03-26 16:54:50] Rookie-Framework.INFO: 访问控制器:\app\Controller\indexController [] []
[2018-03-26 16:54:50] Rookie-Framework.INFO: 访问方法:favicon.ico [] []
[2018-03-26 16:55:20] Rookie-Framework.INFO: 访问控制器:\app\Controller\indexController [] []
[2018-03-26 16:55:20] Rookie-Framework.INFO: 访问方法:signIn [] []
[2018-03-26 16:55:20] Rookie-Framework.INFO: 解析模板文件--/wwwroot/daohang/app/viewindex.signin [] []
[2018-03-26 16:55:21] Rookie-Framework.INFO: 访问控制器:\app\Controller\indexController [] []
[2018-03-26 16:55:21] Rookie-Framework.INFO: 访问方法:favicon.ico [] []
[2018-03-26 16:57:59] Rookie-Framework.INFO: 访问控制器:\app\Controller\indexController [] []
[2018-03-26 16:57:59] Rookie-Framework.INFO: 访问方法:signIn [] []
[2018-03-26 16:57:59] Rookie-Framework.INFO: 解析模板文件--/wwwroot/daohang/app/viewindex.signin [] []
[2018-03-26 16:58:00] Rookie-Framework.INFO: 访问控制器:\app\Controller\favicon.icoController [] []
[2018-03-26 16:58:00] Rookie-Framework.INFO: 访问方法:index [] []
[2018-03-26 16:58:00] Rookie-Framework.DEBUG: 找不到控制器favicon.ico;文件地址：/wwwroot/daohang/app/Controller/favicon.icoController.php文件是否存在:0 [] []
[2018-03-26 16:58:17] Rookie-Framework.INFO: 访问控制器:\app\Controller\indexController [] []
[2018-03-26 16:58:17] Rookie-Framework.INFO: 访问方法:signIn [] []
[2018-03-26 16:58:17] Rookie-Framework.INFO: 解析模板文件--/wwwroot/daohang/app/viewindex.signin [] []
[2018-03-26 16:58:18] Rookie-Framework.INFO: 访问控制器:\app\Controller\favicon.icoController [] []
[2018-03-26 16:58:18] Rookie-Framework.INFO: 访问方法:index [] []
[2018-03-26 16:58:18] Rookie-Framework.DEBUG: 找不到控制器favicon.ico;文件地址：/wwwroot/daohang/app/Controller/favicon.icoController.php文件是否存在:0 [] []
[2018-03-26 16:58:19] Rookie-Framework.INFO: 访问控制器:\app\Controller\indexController [] []
[2018-03-26 16:58:19] Rookie-Framework.INFO: 访问方法:signIn [] []
[2018-03-26 16:58:19] Rookie-Framework.INFO: 解析模板文件--/wwwroot/daohang/app/viewindex.signin [] []
[2018-03-26 16:58:20] Rookie-Framework.INFO: 访问控制器:\app\Controller\favicon.icoController [] []
[2018-03-26 16:58:20] Rookie-Framework.INFO: 访问方法:index [] []
[2018-03-26 16:58:20] Rookie-Framework.DEBUG: 找不到控制器favicon.ico;文件地址：/wwwroot/daohang/app/Controller/favicon.icoController.php文件是否存在:0 [] []
[2018-03-26 16:58:20] Rookie-Framework.INFO: 访问控制器:\app\Controller\indexController [] []
[2018-03-26 16:58:20] Rookie-Framework.INFO: 访问方法:signIn [] []
[2018-03-26 16:58:20] Rookie-Framework.INFO: 解析模板文件--/wwwroot/daohang/app/viewindex.signin [] []
[2018-03-26 16:58:21] Rookie-Framework.INFO: 访问控制器:\app\Controller\favicon.icoController [] []
[2018-03-26 16:58:21] Rookie-Framework.INFO: 访问方法:index [] []
[2018-03-26 16:58:21] Rookie-Framework.DEBUG: 找不到控制器favicon.ico;文件地址：/wwwroot/daohang/app/Controller/favicon.icoController.php文件是否存在:0 [] []
[2018-03-26 16:58:21] Rookie-Framework.INFO: 访问控制器:\app\Controller\indexController [] []
[2018-03-26 16:58:21] Rookie-Framework.INFO: 访问方法:signIn [] []
[2018-03-26 16:58:21] Rookie-Framework.INFO: 解析模板文件--/wwwroot/daohang/app/viewindex.signin [] []
[2018-03-26 16:58:22] Rookie-Framework.INFO: 访问控制器:\app\Controller\favicon.icoController [] []
[2018-03-26 16:58:22] Rookie-Framework.INFO: 访问方法:index [] []
[2018-03-26 16:58:22] Rookie-Framework.DEBUG: 找不到控制器favicon.ico;文件地址：/wwwroot/daohang/app/Controller/favicon.icoController.php文件是否存在:0 [] []
[2018-03-26 16:58:23] Rookie-Framework.INFO: 访问控制器:\app\Controller\indexController [] []
[2018-03-26 16:58:23] Rookie-Framework.INFO: 访问方法:signIn [] []
[2018-03-26 16:58:23] Rookie-Framework.INFO: 解析模板文件--/wwwroot/daohang/app/viewindex.signin [] []
[2018-03-26 16:58:24] Rookie-Framework.INFO: 访问控制器:\app\Controller\favicon.icoController [] []
[2018-03-26 16:58:24] Rookie-Framework.INFO: 访问方法:index [] []
[2018-03-26 16:58:24] Rookie-Framework.DEBUG: 找不到控制器favicon.ico;文件地址：/wwwroot/daohang/app/Controller/favicon.icoController.php文件是否存在:0 [] []
[2018-03-26 16:58:24] Rookie-Framework.INFO: 访问控制器:\app\Controller\indexController [] []
[2018-03-26 16:58:24] Rookie-Framework.INFO: 访问方法:signIn [] []
[2018-03-26 16:58:24] Rookie-Framework.INFO: 解析模板文件--/wwwroot/daohang/app/viewindex.signin [] []
[2018-03-26 16:58:25] Rookie-Framework.INFO: 访问控制器:\app\Controller\favicon.icoController [] []
[2018-03-26 16:58:25] Rookie-Framework.INFO: 访问方法:index [] []
[2018-03-26 16:58:25] Rookie-Framework.DEBUG: 找不到控制器favicon.ico;文件地址：/wwwroot/daohang/app/Controller/favicon.icoController.php文件是否存在:0 [] []
[2018-03-26 16:58:25] Rookie-Framework.INFO: 访问控制器:\app\Controller\indexController [] []
[2018-03-26 16:58:25] Rookie-Framework.INFO: 访问方法:signIn [] []
[2018-03-26 16:58:25] Rookie-Framework.INFO: 解析模板文件--/wwwroot/daohang/app/viewindex.signin [] []
[2018-03-26 16:58:26] Rookie-Framework.INFO: 访问控制器:\app\Controller\favicon.icoController [] []
[2018-03-26 16:58:26] Rookie-Framework.INFO: 访问方法:index [] []
[2018-03-26 16:58:26] Rookie-Framework.DEBUG: 找不到控制器favicon.ico;文件地址：/wwwroot/daohang/app/Controller/favicon.icoController.php文件是否存在:0 [] []
[2018-03-26 16:58:26] Rookie-Framework.INFO: 访问控制器:\app\Controller\indexController [] []
[2018-03-26 16:58:26] Rookie-Framework.INFO: 访问方法:signIn [] []
[2018-03-26 16:58:27] Rookie-Framework.INFO: 解析模板文件--/wwwroot/daohang/app/viewindex.signin [] []
[2018-03-26 16:58:27] Rookie-Framework.INFO: 访问控制器:\app\Controller\favicon.icoController [] []
[2018-03-26 16:58:27] Rookie-Framework.INFO: 访问方法:index [] []
[2018-03-26 16:58:27] Rookie-Framework.DEBUG: 找不到控制器favicon.ico;文件地址：/wwwroot/daohang/app/Controller/favicon.icoController.php文件是否存在:0 [] []
[2018-03-26 16:58:27] Rookie-Framework.INFO: 访问控制器:\app\Controller\indexController [] []
[2018-03-26 16:58:27] Rookie-Framework.INFO: 访问方法:signIn [] []
[2018-03-26 16:58:28] Rookie-Framework.INFO: 解析模板文件--/wwwroot/daohang/app/viewindex.signin [] []
[2018-03-26 16:58:28] Rookie-Framework.INFO: 访问控制器:\app\Controller\favicon.icoController [] []
[2018-03-26 16:58:28] Rookie-Framework.INFO: 访问方法:index [] []
[2018-03-26 16:58:28] Rookie-Framework.DEBUG: 找不到控制器favicon.ico;文件地址：/wwwroot/daohang/app/Controller/favicon.icoController.php文件是否存在:0 [] []
[2018-03-26 16:58:28] Rookie-Framework.INFO: 访问控制器:\app\Controller\indexController [] []
[2018-03-26 16:58:29] Rookie-Framework.INFO: 访问方法:signIn [] []
[2018-03-26 16:58:29] Rookie-Framework.INFO: 解析模板文件--/wwwroot/daohang/app/viewindex.signin [] []
[2018-03-26 16:58:29] Rookie-Framework.INFO: 访问控制器:\app\Controller\favicon.icoController [] []
[2018-03-26 16:58:29] Rookie-Framework.INFO: 访问方法:index [] []
[2018-03-26 16:58:29] Rookie-Framework.DEBUG: 找不到控制器favicon.ico;文件地址：/wwwroot/daohang/app/Controller/favicon.icoController.php文件是否存在:0 [] []
[2018-03-26 16:58:30] Rookie-Framework.INFO: 访问控制器:\app\Controller\indexController [] []
[2018-03-26 16:58:30] Rookie-Framework.INFO: 访问方法:signIn [] []
[2018-03-26 16:58:30] Rookie-Framework.INFO: 解析模板文件--/wwwroot/daohang/app/viewindex.signin [] []
[2018-03-26 16:58:30] Rookie-Framework.INFO: 访问控制器:\app\Controller\favicon.icoController [] []
[2018-03-26 16:58:30] Rookie-Framework.INFO: 访问方法:index [] []
[2018-03-26 16:58:30] Rookie-Framework.DEBUG: 找不到控制器favicon.ico;文件地址：/wwwroot/daohang/app/Controller/favicon.icoController.php文件是否存在:0 [] []
[2018-03-26 16:58:30] Rookie-Framework.INFO: 访问控制器:\app\Controller\indexController [] []
[2018-03-26 16:58:30] Rookie-Framework.INFO: 访问方法:signIn [] []
[2018-03-26 16:58:30] Rookie-Framework.INFO: 解析模板文件--/wwwroot/daohang/app/viewindex.signin [] []
[2018-03-26 16:58:31] Rookie-Framework.INFO: 访问控制器:\app\Controller\favicon.icoController [] []
[2018-03-26 16:58:31] Rookie-Framework.INFO: 访问方法:index [] []
[2018-03-26 16:58:31] Rookie-Framework.DEBUG: 找不到控制器favicon.ico;文件地址：/wwwroot/daohang/app/Controller/favicon.icoController.php文件是否存在:0 [] []
