[2018-03-26 19:03:57] Rookie-Framework.INFO: 访问控制器:\app\Controller\indexController [] []
[2018-03-26 19:03:57] Rookie-Framework.INFO: 访问方法:index [] []
[2018-03-26 19:03:58] Rookie-Framework.INFO: 解析模板文件--/wwwroot/daohang/app/viewindex.index [] []
[2018-03-26 19:03:58] Rookie-Framework.INFO: 访问控制器:\app\Controller\favicon.icoController [] []
[2018-03-26 19:03:58] Rookie-Framework.INFO: 访问方法:index [] []
[2018-03-26 19:03:58] Rookie-Framework.DEBUG: 找不到控制器favicon.ico;文件地址：/wwwroot/daohang/app/Controller/favicon.icoController.php文件是否存在:0 [] []
[2018-03-26 19:04:09] Rookie-Framework.INFO: 访问控制器:\app\Controller\submerController [] []
[2018-03-26 19:04:09] Rookie-Framework.INFO: 访问方法:links [] []
[2018-03-26 19:04:09] Rookie-Framework.INFO: 解析模板文件--/wwwroot/daohang/app/viewadmin.link [] []
[2018-03-26 19:04:11] Rookie-Framework.INFO: 访问控制器:\app\Controller\submerController [] []
[2018-03-26 19:04:11] Rookie-Framework.INFO: 访问方法:links_add [] []
[2018-03-26 19:04:11] Rookie-Framework.INFO: 解析模板文件--/wwwroot/daohang/app/viewadmin.linksadd [] []
[2018-03-26 19:04:18] Rookie-Framework.INFO: 访问控制器:\app\Controller\submerApiController [] []
[2018-03-26 19:04:18] Rookie-Framework.INFO: 访问方法:linksAdd [] []
[2018-03-26 19:04:20] Rookie-Framework.INFO: 访问控制器:\app\Controller\submerController [] []
[2018-03-26 19:04:20] Rookie-Framework.INFO: 访问方法:links [] []
[2018-03-26 19:04:20] Rookie-Framework.INFO: 解析模板文件--/wwwroot/daohang/app/viewadmin.link [] []
[2018-03-26 19:04:22] Rookie-Framework.INFO: 访问控制器:\app\Controller\indexController [] []
[2018-03-26 19:04:22] Rookie-Framework.INFO: 访问方法:index [] []
[2018-03-26 19:04:22] Rookie-Framework.INFO: 解析模板文件--/wwwroot/daohang/app/viewindex.index [] []
[2018-03-26 19:04:23] Rookie-Framework.INFO: 访问控制器:\app\Controller\favicon.icoController [] []
[2018-03-26 19:04:23] Rookie-Framework.INFO: 访问方法:index [] []
[2018-03-26 19:04:23] Rookie-Framework.DEBUG: 找不到控制器favicon.ico;文件地址：/wwwroot/daohang/app/Controller/favicon.icoController.php文件是否存在:0 [] []
[2018-03-26 19:04:58] Rookie-Framework.INFO: 访问控制器:\app\Controller\indexController [] []
[2018-03-26 19:04:58] Rookie-Framework.INFO: 访问方法:index [] []
[2018-03-26 19:04:58] Rookie-Framework.INFO: 访问控制器:\app\Controller\favicon.icoController [] []
[2018-03-26 19:04:58] Rookie-Framework.INFO: 访问方法:index [] []
[2018-03-26 19:04:58] Rookie-Framework.DEBUG: 找不到控制器favicon.ico;文件地址：/wwwroot/daohang/app/Controller/favicon.icoController.php文件是否存在:0 [] []
[2018-03-26 19:05:27] Rookie-Framework.INFO: 访问控制器:\app\Controller\indexController [] []
[2018-03-26 19:05:27] Rookie-Framework.INFO: 访问方法:index [] []
[2018-03-26 19:05:27] Rookie-Framework.INFO: 访问控制器:\app\Controller\favicon.icoController [] []
[2018-03-26 19:05:27] Rookie-Framework.INFO: 访问方法:index [] []
[2018-03-26 19:05:27] Rookie-Framework.DEBUG: 找不到控制器favicon.ico;文件地址：/wwwroot/daohang/app/Controller/favicon.icoController.php文件是否存在:0 [] []
[2018-03-26 19:05:46] Rookie-Framework.INFO: 访问控制器:\app\Controller\indexController [] []
[2018-03-26 19:05:46] Rookie-Framework.INFO: 访问方法:index [] []
[2018-03-26 19:05:46] Rookie-Framework.INFO: 解析模板文件--/wwwroot/daohang/app/viewindex.index [] []
[2018-03-26 19:05:47] Rookie-Framework.INFO: 访问控制器:\app\Controller\favicon.icoController [] []
[2018-03-26 19:05:47] Rookie-Framework.INFO: 访问方法:index [] []
[2018-03-26 19:05:47] Rookie-Framework.DEBUG: 找不到控制器favicon.ico;文件地址：/wwwroot/daohang/app/Controller/favicon.icoController.php文件是否存在:0 [] []
[2018-03-26 19:06:53] Rookie-Framework.INFO: 访问控制器:\app\Controller\indexController [] []
[2018-03-26 19:06:53] Rookie-Framework.INFO: 访问方法:index [] []
[2018-03-26 19:06:53] Rookie-Framework.INFO: 解析模板文件--/wwwroot/daohang/app/viewindex.index [] []
[2018-03-26 19:06:54] Rookie-Framework.INFO: 访问控制器:\app\Controller\favicon.icoController [] []
[2018-03-26 19:06:54] Rookie-Framework.INFO: 访问方法:index [] []
[2018-03-26 19:06:54] Rookie-Framework.DEBUG: 找不到控制器favicon.ico;文件地址：/wwwroot/daohang/app/Controller/favicon.icoController.php文件是否存在:0 [] []
[2018-03-26 19:06:55] Rookie-Framework.INFO: 访问控制器:\app\Controller\indexController [] []
[2018-03-26 19:06:55] Rookie-Framework.INFO: 访问方法:index [] []
[2018-03-26 19:06:55] Rookie-Framework.INFO: 解析模板文件--/wwwroot/daohang/app/viewindex.index [] []
[2018-03-26 19:06:56] Rookie-Framework.INFO: 访问控制器:\app\Controller\favicon.icoController [] []
[2018-03-26 19:06:56] Rookie-Framework.INFO: 访问方法:index [] []
[2018-03-26 19:06:56] Rookie-Framework.DEBUG: 找不到控制器favicon.ico;文件地址：/wwwroot/daohang/app/Controller/favicon.icoController.php文件是否存在:0 [] []
[2018-03-26 19:07:06] Rookie-Framework.INFO: 访问控制器:\app\Controller\indexController [] []
[2018-03-26 19:07:06] Rookie-Framework.INFO: 访问方法:index [] []
[2018-03-26 19:07:06] Rookie-Framework.INFO: 解析模板文件--/wwwroot/daohang/app/viewindex.index [] []
[2018-03-26 19:07:07] Rookie-Framework.INFO: 访问控制器:\app\Controller\favicon.icoController [] []
[2018-03-26 19:07:07] Rookie-Framework.INFO: 访问方法:index [] []
[2018-03-26 19:07:07] Rookie-Framework.DEBUG: 找不到控制器favicon.ico;文件地址：/wwwroot/daohang/app/Controller/favicon.icoController.php文件是否存在:0 [] []
[2018-03-26 19:07:08] Rookie-Framework.INFO: 访问控制器:\app\Controller\indexController [] []
[2018-03-26 19:07:08] Rookie-Framework.INFO: 访问方法:index [] []
[2018-03-26 19:07:08] Rookie-Framework.INFO: 解析模板文件--/wwwroot/daohang/app/viewindex.index [] []
[2018-03-26 19:07:09] Rookie-Framework.INFO: 访问控制器:\app\Controller\favicon.icoController [] []
[2018-03-26 19:07:09] Rookie-Framework.INFO: 访问方法:index [] []
[2018-03-26 19:07:09] Rookie-Framework.DEBUG: 找不到控制器favicon.ico;文件地址：/wwwroot/daohang/app/Controller/favicon.icoController.php文件是否存在:0 [] []
[2018-03-26 19:07:10] Rookie-Framework.INFO: 访问控制器:\app\Controller\indexController [] []
[2018-03-26 19:07:10] Rookie-Framework.INFO: 访问方法:index [] []
[2018-03-26 19:07:10] Rookie-Framework.INFO: 解析模板文件--/wwwroot/daohang/app/viewindex.index [] []
[2018-03-26 19:07:11] Rookie-Framework.INFO: 访问控制器:\app\Controller\favicon.icoController [] []
[2018-03-26 19:07:11] Rookie-Framework.INFO: 访问方法:index [] []
[2018-03-26 19:07:11] Rookie-Framework.DEBUG: 找不到控制器favicon.ico;文件地址：/wwwroot/daohang/app/Controller/favicon.icoController.php文件是否存在:0 [] []
[2018-03-26 19:07:18] Rookie-Framework.INFO: 访问控制器:\app\Controller\indexController [] []
[2018-03-26 19:07:18] Rookie-Framework.INFO: 访问方法:index [] []
[2018-03-26 19:07:19] Rookie-Framework.INFO: 访问控制器:\app\Controller\favicon.icoController [] []
[2018-03-26 19:07:19] Rookie-Framework.INFO: 访问方法:index [] []
[2018-03-26 19:07:19] Rookie-Framework.DEBUG: 找不到控制器favicon.ico;文件地址：/wwwroot/daohang/app/Controller/favicon.icoController.php文件是否存在:0 [] []
[2018-03-26 19:08:09] Rookie-Framework.INFO: 访问控制器:\app\Controller\submerController [] []
[2018-03-26 19:08:09] Rookie-Framework.INFO: 访问方法:links_sort [] []
[2018-03-26 19:08:10] Rookie-Framework.INFO: 解析模板文件--/wwwroot/daohang/app/viewadmin.linksort [] []
[2018-03-26 19:08:38] Rookie-Framework.INFO: 访问控制器:\app\Controller\indexController [] []
[2018-03-26 19:08:38] Rookie-Framework.INFO: 访问方法:index [] []
[2018-03-26 19:08:38] Rookie-Framework.INFO: 解析模板文件--/wwwroot/daohang/app/viewindex.index [] []
[2018-03-26 19:08:39] Rookie-Framework.INFO: 访问控制器:\app\Controller\favicon.icoController [] []
[2018-03-26 19:08:39] Rookie-Framework.INFO: 访问方法:index [] []
[2018-03-26 19:08:39] Rookie-Framework.DEBUG: 找不到控制器favicon.ico;文件地址：/wwwroot/daohang/app/Controller/favicon.icoController.php文件是否存在:0 [] []
[2018-03-26 19:08:52] Rookie-Framework.INFO: 访问控制器:\app\Controller\submerController [] []
[2018-03-26 19:08:52] Rookie-Framework.INFO: 访问方法:links_add [] []
[2018-03-26 19:08:52] Rookie-Framework.INFO: 解析模板文件--/wwwroot/daohang/app/viewadmin.linksadd [] []
[2018-03-26 19:08:55] Rookie-Framework.INFO: 访问控制器:\app\Controller\submerApiController [] []
[2018-03-26 19:08:55] Rookie-Framework.INFO: 访问方法:linksAdd [] []
[2018-03-26 19:08:57] Rookie-Framework.INFO: 访问控制器:\app\Controller\submerController [] []
[2018-03-26 19:08:57] Rookie-Framework.INFO: 访问方法:links [] []
[2018-03-26 19:08:57] Rookie-Framework.INFO: 解析模板文件--/wwwroot/daohang/app/viewadmin.link [] []
[2018-03-26 19:09:01] Rookie-Framework.INFO: 访问控制器:\app\Controller\indexController [] []
[2018-03-26 19:09:01] Rookie-Framework.INFO: 访问方法:index [] []
[2018-03-26 19:09:01] Rookie-Framework.INFO: 解析模板文件--/wwwroot/daohang/app/viewindex.index [] []
[2018-03-26 19:09:01] Rookie-Framework.INFO: 访问控制器:\app\Controller\favicon.icoController [] []
[2018-03-26 19:09:01] Rookie-Framework.INFO: 访问方法:index [] []
[2018-03-26 19:09:01] Rookie-Framework.DEBUG: 找不到控制器favicon.ico;文件地址：/wwwroot/daohang/app/Controller/favicon.icoController.php文件是否存在:0 [] []
[2018-03-26 19:09:16] Rookie-Framework.INFO: 访问控制器:\app\Controller\indexController [] []
[2018-03-26 19:09:16] Rookie-Framework.INFO: 访问方法:index [] []
[2018-03-26 19:09:16] Rookie-Framework.INFO: 解析模板文件--/wwwroot/daohang/app/viewindex.index [] []
[2018-03-26 19:09:17] Rookie-Framework.INFO: 访问控制器:\app\Controller\favicon.icoController [] []
[2018-03-26 19:09:17] Rookie-Framework.INFO: 访问方法:index [] []
[2018-03-26 19:09:17] Rookie-Framework.DEBUG: 找不到控制器favicon.ico;文件地址：/wwwroot/daohang/app/Controller/favicon.icoController.php文件是否存在:0 [] []
[2018-03-26 19:09:51] Rookie-Framework.INFO: 访问控制器:\app\Controller\indexController [] []
[2018-03-26 19:09:51] Rookie-Framework.INFO: 访问方法:index [] []
[2018-03-26 19:09:51] Rookie-Framework.INFO: 解析模板文件--/wwwroot/daohang/app/viewindex.index [] []
[2018-03-26 19:09:52] Rookie-Framework.INFO: 访问控制器:\app\Controller\favicon.icoController [] []
[2018-03-26 19:09:52] Rookie-Framework.INFO: 访问方法:index [] []
[2018-03-26 19:09:52] Rookie-Framework.DEBUG: 找不到控制器favicon.ico;文件地址：/wwwroot/daohang/app/Controller/favicon.icoController.php文件是否存在:0 [] []
[2018-03-26 19:09:53] Rookie-Framework.INFO: 访问控制器:\app\Controller\indexController [] []
[2018-03-26 19:09:53] Rookie-Framework.INFO: 访问方法:index [] []
[2018-03-26 19:09:53] Rookie-Framework.INFO: 解析模板文件--/wwwroot/daohang/app/viewindex.index [] []
[2018-03-26 19:09:54] Rookie-Framework.INFO: 访问控制器:\app\Controller\indexController [] []
[2018-03-26 19:09:54] Rookie-Framework.INFO: 访问方法:index [] []
[2018-03-26 19:09:54] Rookie-Framework.INFO: 解析模板文件--/wwwroot/daohang/app/viewindex.index [] []
[2018-03-26 19:09:55] Rookie-Framework.INFO: 访问控制器:\app\Controller\indexController [] []
[2018-03-26 19:09:55] Rookie-Framework.INFO: 访问方法:index [] []
[2018-03-26 19:09:55] Rookie-Framework.INFO: 解析模板文件--/wwwroot/daohang/app/viewindex.index [] []
[2018-03-26 19:09:56] Rookie-Framework.INFO: 访问控制器:\app\Controller\favicon.icoController [] []
[2018-03-26 19:09:56] Rookie-Framework.INFO: 访问方法:index [] []
[2018-03-26 19:09:56] Rookie-Framework.DEBUG: 找不到控制器favicon.ico;文件地址：/wwwroot/daohang/app/Controller/favicon.icoController.php文件是否存在:0 [] []
[2018-03-26 19:10:06] Rookie-Framework.INFO: 访问控制器:\app\Controller\indexController [] []
[2018-03-26 19:10:06] Rookie-Framework.INFO: 访问方法:index [] []
[2018-03-26 19:10:06] Rookie-Framework.INFO: 访问控制器:\app\Controller\favicon.icoController [] []
[2018-03-26 19:10:06] Rookie-Framework.INFO: 访问方法:index [] []
[2018-03-26 19:10:06] Rookie-Framework.DEBUG: 找不到控制器favicon.ico;文件地址：/wwwroot/daohang/app/Controller/favicon.icoController.php文件是否存在:0 [] []
[2018-03-26 19:10:16] Rookie-Framework.INFO: 访问控制器:\app\Controller\indexController [] []
[2018-03-26 19:10:16] Rookie-Framework.INFO: 访问方法:index [] []
[2018-03-26 19:10:17] Rookie-Framework.INFO: 访问控制器:\app\Controller\favicon.icoController [] []
[2018-03-26 19:10:17] Rookie-Framework.INFO: 访问方法:index [] []
[2018-03-26 19:10:17] Rookie-Framework.DEBUG: 找不到控制器favicon.ico;文件地址：/wwwroot/daohang/app/Controller/favicon.icoController.php文件是否存在:0 [] []
[2018-03-26 19:10:22] Rookie-Framework.INFO: 访问控制器:\app\Controller\submerController [] []
[2018-03-26 19:10:22] Rookie-Framework.INFO: 访问方法:links_add [] []
[2018-03-26 19:10:22] Rookie-Framework.INFO: 解析模板文件--/wwwroot/daohang/app/viewadmin.linksadd [] []
[2018-03-26 19:10:24] Rookie-Framework.INFO: 访问控制器:\app\Controller\submerApiController [] []
[2018-03-26 19:10:24] Rookie-Framework.INFO: 访问方法:linksAdd [] []
[2018-03-26 19:10:27] Rookie-Framework.INFO: 访问控制器:\app\Controller\indexController [] []
[2018-03-26 19:10:27] Rookie-Framework.INFO: 访问方法:index [] []
[2018-03-26 19:10:28] Rookie-Framework.INFO: 访问控制器:\app\Controller\favicon.icoController [] []
[2018-03-26 19:10:28] Rookie-Framework.INFO: 访问方法:index [] []
[2018-03-26 19:10:28] Rookie-Framework.DEBUG: 找不到控制器favicon.ico;文件地址：/wwwroot/daohang/app/Controller/favicon.icoController.php文件是否存在:0 [] []
[2018-03-26 19:10:52] Rookie-Framework.INFO: 访问控制器:\app\Controller\submerController [] []
[2018-03-26 19:10:52] Rookie-Framework.INFO: 访问方法:links [] []
[2018-03-26 19:10:52] Rookie-Framework.INFO: 解析模板文件--/wwwroot/daohang/app/viewadmin.link [] []
[2018-03-26 19:10:53] Rookie-Framework.INFO: 访问控制器:\app\Controller\submerController [] []
[2018-03-26 19:10:53] Rookie-Framework.INFO: 访问方法:links_add [] []
[2018-03-26 19:10:53] Rookie-Framework.INFO: 解析模板文件--/wwwroot/daohang/app/viewadmin.linksadd [] []
[2018-03-26 19:10:59] Rookie-Framework.INFO: 访问控制器:\app\Controller\submerApiController [] []
[2018-03-26 19:10:59] Rookie-Framework.INFO: 访问方法:linksAdd [] []
[2018-03-26 19:11:01] Rookie-Framework.INFO: 访问控制器:\app\Controller\submerController [] []
[2018-03-26 19:11:01] Rookie-Framework.INFO: 访问方法:links [] []
[2018-03-26 19:11:01] Rookie-Framework.INFO: 解析模板文件--/wwwroot/daohang/app/viewadmin.link [] []
[2018-03-26 19:11:03] Rookie-Framework.INFO: 访问控制器:\app\Controller\indexController [] []
[2018-03-26 19:11:03] Rookie-Framework.INFO: 访问方法:index [] []
[2018-03-26 19:11:03] Rookie-Framework.INFO: 解析模板文件--/wwwroot/daohang/app/viewindex.index [] []
[2018-03-26 19:11:04] Rookie-Framework.INFO: 访问控制器:\app\Controller\favicon.icoController [] []
[2018-03-26 19:11:04] Rookie-Framework.INFO: 访问方法:index [] []
[2018-03-26 19:11:04] Rookie-Framework.DEBUG: 找不到控制器favicon.ico;文件地址：/wwwroot/daohang/app/Controller/favicon.icoController.php文件是否存在:0 [] []
[2018-03-26 19:11:09] Rookie-Framework.INFO: 访问控制器:\app\Controller\indexController [] []
[2018-03-26 19:11:09] Rookie-Framework.INFO: 访问方法:index [] []
[2018-03-26 19:11:09] Rookie-Framework.INFO: 访问控制器:\app\Controller\favicon.icoController [] []
[2018-03-26 19:11:09] Rookie-Framework.INFO: 访问方法:index [] []
[2018-03-26 19:11:09] Rookie-Framework.DEBUG: 找不到控制器favicon.ico;文件地址：/wwwroot/daohang/app/Controller/favicon.icoController.php文件是否存在:0 [] []
[2018-03-26 19:15:31] Rookie-Framework.INFO: 访问控制器:\app\Controller\indexController [] []
[2018-03-26 19:15:31] Rookie-Framework.INFO: 访问方法:index [] []
[2018-03-26 19:15:31] Rookie-Framework.INFO: 解析模板文件--/wwwroot/daohang/app/viewindex.index [] []
[2018-03-26 19:15:31] Rookie-Framework.INFO: 访问控制器:\app\Controller\favicon.icoController [] []
[2018-03-26 19:15:31] Rookie-Framework.INFO: 访问方法:index [] []
[2018-03-26 19:15:31] Rookie-Framework.DEBUG: 找不到控制器favicon.ico;文件地址：/wwwroot/daohang/app/Controller/favicon.icoController.php文件是否存在:0 [] []
[2018-03-26 19:15:56] Rookie-Framework.INFO: 访问控制器:\app\Controller\indexController [] []
[2018-03-26 19:15:56] Rookie-Framework.INFO: 访问方法:index [] []
[2018-03-26 19:15:56] Rookie-Framework.INFO: 解析模板文件--/wwwroot/daohang/app/viewindex.index [] []
[2018-03-26 19:15:57] Rookie-Framework.INFO: 访问控制器:\app\Controller\favicon.icoController [] []
[2018-03-26 19:15:57] Rookie-Framework.INFO: 访问方法:index [] []
[2018-03-26 19:15:57] Rookie-Framework.DEBUG: 找不到控制器favicon.ico;文件地址：/wwwroot/daohang/app/Controller/favicon.icoController.php文件是否存在:0 [] []
[2018-03-26 19:15:59] Rookie-Framework.INFO: 访问控制器:\app\Controller\indexController [] []
[2018-03-26 19:15:59] Rookie-Framework.INFO: 访问方法:index [] []
[2018-03-26 19:15:59] Rookie-Framework.INFO: 解析模板文件--/wwwroot/daohang/app/viewindex.index [] []
[2018-03-26 19:16:00] Rookie-Framework.INFO: 访问控制器:\app\Controller\favicon.icoController [] []
[2018-03-26 19:16:00] Rookie-Framework.INFO: 访问方法:index [] []
[2018-03-26 19:16:00] Rookie-Framework.DEBUG: 找不到控制器favicon.ico;文件地址：/wwwroot/daohang/app/Controller/favicon.icoController.php文件是否存在:0 [] []
[2018-03-26 19:16:01] Rookie-Framework.INFO: 访问控制器:\app\Controller\indexController [] []
[2018-03-26 19:16:01] Rookie-Framework.INFO: 访问方法:index [] []
[2018-03-26 19:16:01] Rookie-Framework.INFO: 解析模板文件--/wwwroot/daohang/app/viewindex.index [] []
[2018-03-26 19:16:02] Rookie-Framework.INFO: 访问控制器:\app\Controller\favicon.icoController [] []
[2018-03-26 19:16:02] Rookie-Framework.INFO: 访问方法:index [] []
[2018-03-26 19:16:02] Rookie-Framework.DEBUG: 找不到控制器favicon.ico;文件地址：/wwwroot/daohang/app/Controller/favicon.icoController.php文件是否存在:0 [] []
[2018-03-26 19:16:17] Rookie-Framework.INFO: 访问控制器:\app\Controller\indexController [] []
[2018-03-26 19:16:17] Rookie-Framework.INFO: 访问方法:index [] []
[2018-03-26 19:16:17] Rookie-Framework.INFO: 解析模板文件--/wwwroot/daohang/app/viewindex.index [] []
[2018-03-26 19:16:18] Rookie-Framework.INFO: 访问控制器:\app\Controller\favicon.icoController [] []
[2018-03-26 19:16:18] Rookie-Framework.INFO: 访问方法:index [] []
[2018-03-26 19:16:18] Rookie-Framework.DEBUG: 找不到控制器favicon.ico;文件地址：/wwwroot/daohang/app/Controller/favicon.icoController.php文件是否存在:0 [] []
[2018-03-26 19:16:19] Rookie-Framework.INFO: 访问控制器:\app\Controller\indexController [] []
[2018-03-26 19:16:19] Rookie-Framework.INFO: 访问方法:index [] []
[2018-03-26 19:16:19] Rookie-Framework.INFO: 解析模板文件--/wwwroot/daohang/app/viewindex.index [] []
[2018-03-26 19:16:21] Rookie-Framework.INFO: 访问控制器:\app\Controller\favicon.icoController [] []
[2018-03-26 19:16:21] Rookie-Framework.INFO: 访问方法:index [] []
[2018-03-26 19:16:21] Rookie-Framework.DEBUG: 找不到控制器favicon.ico;文件地址：/wwwroot/daohang/app/Controller/favicon.icoController.php文件是否存在:0 [] []
[2018-03-26 19:16:45] Rookie-Framework.INFO: 访问控制器:\app\Controller\indexController [] []
[2018-03-26 19:16:45] Rookie-Framework.INFO: 访问方法:index [] []
[2018-03-26 19:16:45] Rookie-Framework.INFO: 解析模板文件--/wwwroot/daohang/app/viewindex.index [] []
[2018-03-26 19:16:46] Rookie-Framework.INFO: 访问控制器:\app\Controller\favicon.icoController [] []
[2018-03-26 19:16:46] Rookie-Framework.INFO: 访问方法:index [] []
[2018-03-26 19:16:46] Rookie-Framework.DEBUG: 找不到控制器favicon.ico;文件地址：/wwwroot/daohang/app/Controller/favicon.icoController.php文件是否存在:0 [] []
[2018-03-26 19:16:52] Rookie-Framework.INFO: 访问控制器:\app\Controller\indexController [] []
[2018-03-26 19:16:52] Rookie-Framework.INFO: 访问方法:index [] []
[2018-03-26 19:16:52] Rookie-Framework.INFO: 解析模板文件--/wwwroot/daohang/app/viewindex.index [] []
[2018-03-26 19:16:52] Rookie-Framework.INFO: 访问控制器:\app\Controller\favicon.icoController [] []
[2018-03-26 19:16:52] Rookie-Framework.INFO: 访问方法:index [] []
[2018-03-26 19:16:52] Rookie-Framework.DEBUG: 找不到控制器favicon.ico;文件地址：/wwwroot/daohang/app/Controller/favicon.icoController.php文件是否存在:0 [] []
[2018-03-26 19:17:09] Rookie-Framework.INFO: 访问控制器:\app\Controller\indexController [] []
[2018-03-26 19:17:09] Rookie-Framework.INFO: 访问方法:signIn [] []
[2018-03-26 19:17:09] Rookie-Framework.INFO: 解析模板文件--/wwwroot/daohang/app/viewindex.signin [] []
[2018-03-26 19:17:10] Rookie-Framework.INFO: 访问控制器:\app\Controller\favicon.icoController [] []
[2018-03-26 19:17:10] Rookie-Framework.INFO: 访问方法:index [] []
[2018-03-26 19:17:10] Rookie-Framework.DEBUG: 找不到控制器favicon.ico;文件地址：/wwwroot/daohang/app/Controller/favicon.icoController.php文件是否存在:0 [] []
[2018-03-26 19:23:52] Rookie-Framework.INFO: 访问控制器:\app\Controller\indexController [] []
[2018-03-26 19:23:52] Rookie-Framework.INFO: 访问方法:signIn [] []
[2018-03-26 19:23:52] Rookie-Framework.INFO: 解析模板文件--/wwwroot/daohang/app/viewindex.signin [] []
[2018-03-26 19:23:52] Rookie-Framework.INFO: 访问控制器:\app\Controller\favicon.icoController [] []
[2018-03-26 19:23:52] Rookie-Framework.INFO: 访问方法:index [] []
[2018-03-26 19:23:52] Rookie-Framework.DEBUG: 找不到控制器favicon.ico;文件地址：/wwwroot/daohang/app/Controller/favicon.icoController.php文件是否存在:0 [] []
[2018-03-26 19:24:12] Rookie-Framework.INFO: 访问控制器:\app\Controller\indexController [] []
[2018-03-26 19:24:12] Rookie-Framework.INFO: 访问方法:signIn [] []
[2018-03-26 19:24:12] Rookie-Framework.INFO: 解析模板文件--/wwwroot/daohang/app/viewindex.signin [] []
[2018-03-26 19:24:13] Rookie-Framework.INFO: 访问控制器:\app\Controller\favicon.icoController [] []
[2018-03-26 19:24:13] Rookie-Framework.INFO: 访问方法:index [] []
[2018-03-26 19:24:13] Rookie-Framework.DEBUG: 找不到控制器favicon.ico;文件地址：/wwwroot/daohang/app/Controller/favicon.icoController.php文件是否存在:0 [] []
[2018-03-26 19:24:14] Rookie-Framework.INFO: 访问控制器:\app\Controller\indexController [] []
[2018-03-26 19:24:15] Rookie-Framework.INFO: 访问方法:signIn [] []
[2018-03-26 19:24:15] Rookie-Framework.INFO: 解析模板文件--/wwwroot/daohang/app/viewindex.signin [] []
[2018-03-26 19:24:15] Rookie-Framework.INFO: 访问控制器:\app\Controller\favicon.icoController [] []
[2018-03-26 19:24:15] Rookie-Framework.INFO: 访问方法:index [] []
[2018-03-26 19:24:15] Rookie-Framework.DEBUG: 找不到控制器favicon.ico;文件地址：/wwwroot/daohang/app/Controller/favicon.icoController.php文件是否存在:0 [] []
[2018-03-26 19:24:35] Rookie-Framework.INFO: 访问控制器:\app\Controller\indexController [] []
[2018-03-26 19:24:35] Rookie-Framework.INFO: 访问方法:signIn [] []
[2018-03-26 19:24:35] Rookie-Framework.INFO: 解析模板文件--/wwwroot/daohang/app/viewindex.signin [] []
[2018-03-26 19:24:36] Rookie-Framework.INFO: 访问控制器:\app\Controller\favicon.icoController [] []
[2018-03-26 19:24:36] Rookie-Framework.INFO: 访问方法:index [] []
[2018-03-26 19:24:36] Rookie-Framework.DEBUG: 找不到控制器favicon.ico;文件地址：/wwwroot/daohang/app/Controller/favicon.icoController.php文件是否存在:0 [] []
[2018-03-26 19:24:53] Rookie-Framework.INFO: 访问控制器:\app\Controller\ApiController [] []
[2018-03-26 19:24:53] Rookie-Framework.INFO: 访问方法:signin [] []
[2018-03-26 19:24:56] Rookie-Framework.INFO: 访问控制器:\app\Controller\ApiController [] []
[2018-03-26 19:24:56] Rookie-Framework.INFO: 访问方法:signin [] []
[2018-03-26 19:24:57] Rookie-Framework.INFO: 访问控制器:\app\Controller\ApiController [] []
[2018-03-26 19:24:57] Rookie-Framework.INFO: 访问方法:signin [] []
[2018-03-26 19:24:57] Rookie-Framework.INFO: 访问控制器:\app\Controller\ApiController [] []
[2018-03-26 19:24:57] Rookie-Framework.INFO: 访问方法:signin [] []
[2018-03-26 19:24:57] Rookie-Framework.INFO: 访问控制器:\app\Controller\ApiController [] []
[2018-03-26 19:24:57] Rookie-Framework.INFO: 访问方法:signin [] []
[2018-03-26 19:26:57] Rookie-Framework.INFO: 访问控制器:\app\Controller\ApiController [] []
[2018-03-26 19:26:57] Rookie-Framework.INFO: 访问方法:signin [] []
[2018-03-26 19:27:59] Rookie-Framework.INFO: 访问控制器:\app\Controller\ApiController [] []
[2018-03-26 19:27:59] Rookie-Framework.INFO: 访问方法:signin [] []
[2018-03-26 19:28:12] Rookie-Framework.INFO: 访问控制器:\app\Controller\ApiController [] []
[2018-03-26 19:28:12] Rookie-Framework.INFO: 访问方法:signin [] []
[2018-03-26 19:28:23] Rookie-Framework.INFO: 访问控制器:\app\Controller\ApiController [] []
[2018-03-26 19:28:23] Rookie-Framework.INFO: 访问方法:signin [] []
[2018-03-26 19:28:44] Rookie-Framework.INFO: 访问控制器:\app\Controller\ApiController [] []
[2018-03-26 19:28:44] Rookie-Framework.INFO: 访问方法:signin [] []
[2018-03-26 19:29:01] Rookie-Framework.INFO: 访问控制器:\app\Controller\ApiController [] []
[2018-03-26 19:29:01] Rookie-Framework.INFO: 访问方法:signin [] []
[2018-03-26 19:29:27] Rookie-Framework.INFO: 访问控制器:\app\Controller\ApiController [] []
[2018-03-26 19:29:27] Rookie-Framework.INFO: 访问方法:signin [] []
[2018-03-26 19:29:51] Rookie-Framework.INFO: 访问控制器:\app\Controller\ApiController [] []
[2018-03-26 19:29:51] Rookie-Framework.INFO: 访问方法:signin [] []
[2018-03-26 19:30:08] Rookie-Framework.INFO: 访问控制器:\app\Controller\ApiController [] []
[2018-03-26 19:30:08] Rookie-Framework.INFO: 访问方法:signin [] []
[2018-03-26 19:30:23] Rookie-Framework.INFO: 访问控制器:\app\Controller\ApiController [] []
[2018-03-26 19:30:23] Rookie-Framework.INFO: 访问方法:signin [] []
[2018-03-26 19:31:18] Rookie-Framework.INFO: 访问控制器:\app\Controller\ApiController [] []
[2018-03-26 19:31:18] Rookie-Framework.INFO: 访问方法:signin [] []
[2018-03-26 19:31:30] Rookie-Framework.INFO: 访问控制器:\app\Controller\ApiController [] []
[2018-03-26 19:31:30] Rookie-Framework.INFO: 访问方法:signin [] []
[2018-03-26 19:31:44] Rookie-Framework.INFO: 访问控制器:\app\Controller\ApiController [] []
[2018-03-26 19:31:44] Rookie-Framework.INFO: 访问方法:signin [] []
[2018-03-26 19:32:18] Rookie-Framework.INFO: 访问控制器:\app\Controller\ApiController [] []
[2018-03-26 19:32:18] Rookie-Framework.INFO: 访问方法:signin [] []
[2018-03-26 19:32:24] Rookie-Framework.INFO: 访问控制器:\app\Controller\ApiController [] []
[2018-03-26 19:32:24] Rookie-Framework.INFO: 访问方法:signin [] []
[2018-03-26 19:33:09] Rookie-Framework.INFO: 访问控制器:\app\Controller\ApiController [] []
[2018-03-26 19:33:09] Rookie-Framework.INFO: 访问方法:signin [] []
[2018-03-26 19:33:44] Rookie-Framework.INFO: 访问控制器:\app\Controller\indexController [] []
[2018-03-26 19:33:44] Rookie-Framework.INFO: 访问方法:signIn [] []
[2018-03-26 19:33:44] Rookie-Framework.INFO: 解析模板文件--/wwwroot/daohang/app/viewindex.signin [] []
[2018-03-26 19:33:45] Rookie-Framework.INFO: 访问控制器:\app\Controller\favicon.icoController [] []
[2018-03-26 19:33:45] Rookie-Framework.INFO: 访问方法:index [] []
[2018-03-26 19:33:45] Rookie-Framework.DEBUG: 找不到控制器favicon.ico;文件地址：/wwwroot/daohang/app/Controller/favicon.icoController.php文件是否存在:0 [] []
[2018-03-26 19:33:52] Rookie-Framework.INFO: 访问控制器:\app\Controller\submerController [] []
[2018-03-26 19:33:52] Rookie-Framework.INFO: 访问方法:links [] []
[2018-03-26 19:33:53] Rookie-Framework.INFO: 解析模板文件--/wwwroot/daohang/app/viewadmin.link [] []
[2018-03-26 19:33:56] Rookie-Framework.INFO: 访问控制器:\app\Controller\submerController [] []
[2018-03-26 19:33:56] Rookie-Framework.INFO: 访问方法:links [] []
[2018-03-26 19:33:56] Rookie-Framework.INFO: 解析模板文件--/wwwroot/daohang/app/viewadmin.link [] []
[2018-03-26 19:34:13] Rookie-Framework.INFO: 访问控制器:\app\Controller\ApiController [] []
[2018-03-26 19:34:13] Rookie-Framework.INFO: 访问方法:signin [] []
[2018-03-26 19:34:44] Rookie-Framework.INFO: 访问控制器:\app\Controller\ApiController [] []
[2018-03-26 19:34:44] Rookie-Framework.INFO: 访问方法:signin [] []
[2018-03-26 19:34:47] Rookie-Framework.INFO: 访问控制器:\app\Controller\ApiController [] []
[2018-03-26 19:34:47] Rookie-Framework.INFO: 访问方法:signin [] []
[2018-03-26 19:35:03] Rookie-Framework.INFO: 访问控制器:\app\Controller\submerController [] []
[2018-03-26 19:35:03] Rookie-Framework.INFO: 访问方法:links [] []
[2018-03-26 19:35:03] Rookie-Framework.INFO: 解析模板文件--/wwwroot/daohang/app/viewadmin.link [] []
[2018-03-26 19:35:05] Rookie-Framework.INFO: 访问控制器:\app\Controller\submerController [] []
[2018-03-26 19:35:05] Rookie-Framework.INFO: 访问方法:links [] []
[2018-03-26 19:35:05] Rookie-Framework.INFO: 解析模板文件--/wwwroot/daohang/app/viewadmin.link [] []
[2018-03-26 19:35:25] Rookie-Framework.INFO: 访问控制器:\app\Controller\ApiController [] []
[2018-03-26 19:35:25] Rookie-Framework.INFO: 访问方法:signin [] []
[2018-03-26 19:35:30] Rookie-Framework.INFO: 访问控制器:\app\Controller\ApiController [] []
[2018-03-26 19:35:30] Rookie-Framework.INFO: 访问方法:signin [] []
[2018-03-26 19:35:46] Rookie-Framework.INFO: 访问控制器:\app\Controller\ApiController [] []
[2018-03-26 19:35:46] Rookie-Framework.INFO: 访问方法:signin [] []
[2018-03-26 19:35:55] Rookie-Framework.INFO: 访问控制器:\app\Controller\ApiController [] []
[2018-03-26 19:35:55] Rookie-Framework.INFO: 访问方法:signin [] []
[2018-03-26 19:36:36] Rookie-Framework.INFO: 访问控制器:\app\Controller\indexController [] []
[2018-03-26 19:36:37] Rookie-Framework.INFO: 访问方法:signIn [] []
[2018-03-26 19:36:37] Rookie-Framework.INFO: 解析模板文件--/wwwroot/daohang/app/viewindex.signin [] []
[2018-03-26 19:36:37] Rookie-Framework.INFO: 访问控制器:\app\Controller\favicon.icoController [] []
[2018-03-26 19:36:37] Rookie-Framework.INFO: 访问方法:index [] []
[2018-03-26 19:36:37] Rookie-Framework.DEBUG: 找不到控制器favicon.ico;文件地址：/wwwroot/daohang/app/Controller/favicon.icoController.php文件是否存在:0 [] []
[2018-03-26 19:37:55] Rookie-Framework.INFO: 访问控制器:\app\Controller\indexController [] []
[2018-03-26 19:37:55] Rookie-Framework.INFO: 访问方法:index [] []
[2018-03-26 19:37:55] Rookie-Framework.INFO: 解析模板文件--/wwwroot/daohang/app/viewindex.index [] []
[2018-03-26 19:37:56] Rookie-Framework.INFO: 访问控制器:\app\Controller\favicon.icoController [] []
[2018-03-26 19:37:56] Rookie-Framework.INFO: 访问方法:index [] []
[2018-03-26 19:37:56] Rookie-Framework.DEBUG: 找不到控制器favicon.ico;文件地址：/wwwroot/daohang/app/Controller/favicon.icoController.php文件是否存在:0 [] []
[2018-03-26 19:57:58] Rookie-Framework.INFO: 访问控制器:\app\Controller\indexController [] []
[2018-03-26 19:57:58] Rookie-Framework.INFO: 访问方法:subscribe [] []
[2018-03-26 19:57:58] Rookie-Framework.INFO: 解析模板文件--/wwwroot/daohang/app/viewindex.subscribe [] []
[2018-03-26 19:57:59] Rookie-Framework.INFO: 访问控制器:\app\Controller\favicon.icoController [] []
[2018-03-26 19:57:59] Rookie-Framework.INFO: 访问方法:index [] []
[2018-03-26 19:57:59] Rookie-Framework.DEBUG: 找不到控制器favicon.ico;文件地址：/wwwroot/daohang/app/Controller/favicon.icoController.php文件是否存在:0 [] []
[2018-03-26 19:58:36] Rookie-Framework.INFO: 访问控制器:\app\Controller\indexController [] []
[2018-03-26 19:58:36] Rookie-Framework.INFO: 访问方法:subscribe [] []
[2018-03-26 19:58:36] Rookie-Framework.INFO: 解析模板文件--/wwwroot/daohang/app/viewindex.subscribe [] []
[2018-03-26 19:58:37] Rookie-Framework.INFO: 访问控制器:\app\Controller\favicon.icoController [] []
[2018-03-26 19:58:37] Rookie-Framework.INFO: 访问方法:index [] []
[2018-03-26 19:58:37] Rookie-Framework.DEBUG: 找不到控制器favicon.ico;文件地址：/wwwroot/daohang/app/Controller/favicon.icoController.php文件是否存在:0 [] []
