[2018-03-26 13:25:05] Rookie-Framework.INFO: 访问控制器:\app\Controller\indexController [] []
[2018-03-26 13:25:05] Rookie-Framework.INFO: 访问方法:index [] []
[2018-03-26 13:25:06] Rookie-Framework.INFO: 访问控制器:\app\Controller\favicon.icoController [] []
[2018-03-26 13:25:06] Rookie-Framework.INFO: 访问方法:index [] []
[2018-03-26 13:25:06] Rookie-Framework.DEBUG: 找不到控制器favicon.ico;文件地址：/wwwroot/daohang/app/Controller/favicon.icoController.php文件是否存在:0 [] []
[2018-03-26 13:25:29] Rookie-Framework.INFO: 访问控制器:\app\Controller\indexController [] []
[2018-03-26 13:25:29] Rookie-Framework.INFO: 访问方法:index [] []
[2018-03-26 13:25:30] Rookie-Framework.INFO: 访问控制器:\app\Controller\favicon.icoController [] []
[2018-03-26 13:25:30] Rookie-Framework.INFO: 访问方法:index [] []
[2018-03-26 13:25:30] Rookie-Framework.DEBUG: 找不到控制器favicon.ico;文件地址：/wwwroot/daohang/app/Controller/favicon.icoController.php文件是否存在:0 [] []
[2018-03-26 13:25:52] Rookie-Framework.INFO: 访问控制器:\app\Controller\indexController [] []
[2018-03-26 13:25:52] Rookie-Framework.INFO: 访问方法:index [] []
[2018-03-26 13:25:53] Rookie-Framework.INFO: 访问控制器:\app\Controller\favicon.icoController [] []
[2018-03-26 13:25:53] Rookie-Framework.INFO: 访问方法:index [] []
[2018-03-26 13:25:53] Rookie-Framework.DEBUG: 找不到控制器favicon.ico;文件地址：/wwwroot/daohang/app/Controller/favicon.icoController.php文件是否存在:0 [] []
[2018-03-26 13:26:35] Rookie-Framework.INFO: 访问控制器:\app\Controller\submerController [] []
[2018-03-26 13:26:35] Rookie-Framework.INFO: 访问方法:links_sort [] []
[2018-03-26 13:26:35] Rookie-Framework.INFO: 解析模板文件--/wwwroot/daohang/app/viewadmin.linksort [] []
[2018-03-26 13:26:41] Rookie-Framework.INFO: 访问控制器:\app\Controller\submerController [] []
[2018-03-26 13:26:41] Rookie-Framework.INFO: 访问方法:link_sort_add [] []
[2018-03-26 13:26:41] Rookie-Framework.INFO: 解析模板文件--/wwwroot/daohang/app/viewadmin.linksortadd [] []
[2018-03-26 13:26:53] Rookie-Framework.INFO: 访问控制器:\app\Controller\submerApiController [] []
[2018-03-26 13:26:53] Rookie-Framework.INFO: 访问方法:addSort [] []
[2018-03-26 13:26:53] Rookie-Framework.INFO: 访问控制器:\app\Controller\submerController [] []
[2018-03-26 13:26:53] Rookie-Framework.INFO: 访问方法:link_sort_add?title=%E5%9C%A8%E7%BA%BF%E7%BE%8E%E5%9B%BE&code=images&sorting=+0+&id= [] []
[2018-03-26 13:26:53] Rookie-Framework.INFO: 解析模板文件--/wwwroot/daohang/app/viewadmin.linksortadd [] []
[2018-03-26 13:26:56] Rookie-Framework.INFO: 访问控制器:\app\Controller\submerController [] []
[2018-03-26 13:26:56] Rookie-Framework.INFO: 访问方法:links_sort [] []
[2018-03-26 13:26:56] Rookie-Framework.INFO: 解析模板文件--/wwwroot/daohang/app/viewadmin.linksort [] []
[2018-03-26 13:27:00] Rookie-Framework.INFO: 访问控制器:\app\Controller\submerController [] []
[2018-03-26 13:27:00] Rookie-Framework.INFO: 访问方法:index [] []
[2018-03-26 13:27:00] Rookie-Framework.INFO: 解析模板文件--/wwwroot/daohang/app/viewadmin.index [] []
[2018-03-26 13:27:00] Rookie-Framework.INFO: 访问控制器:\app\Controller\submerController [] []
[2018-03-26 13:27:00] Rookie-Framework.INFO: 访问方法:welcome [] []
[2018-03-26 13:27:00] Rookie-Framework.INFO: 解析模板文件--/wwwroot/daohang/app/viewadmin.welcome [] []
[2018-03-26 13:27:01] Rookie-Framework.INFO: 访问控制器:\app\Controller\favicon.icoController [] []
[2018-03-26 13:27:01] Rookie-Framework.INFO: 访问方法:index [] []
[2018-03-26 13:27:01] Rookie-Framework.DEBUG: 找不到控制器favicon.ico;文件地址：/wwwroot/daohang/app/Controller/favicon.icoController.php文件是否存在:0 [] []
[2018-03-26 13:27:03] Rookie-Framework.INFO: 访问控制器:\app\Controller\submerController [] []
[2018-03-26 13:27:03] Rookie-Framework.INFO: 访问方法:links [] []
[2018-03-26 13:27:03] Rookie-Framework.INFO: 解析模板文件--/wwwroot/daohang/app/viewadmin.link [] []
[2018-03-26 13:27:05] Rookie-Framework.INFO: 访问控制器:\app\Controller\submerController [] []
[2018-03-26 13:27:05] Rookie-Framework.INFO: 访问方法:links_add [] []
[2018-03-26 13:27:05] Rookie-Framework.INFO: 解析模板文件--/wwwroot/daohang/app/viewadmin.linksadd [] []
[2018-03-26 13:27:16] Rookie-Framework.INFO: 访问控制器:\app\Controller\submerApiController [] []
[2018-03-26 13:27:16] Rookie-Framework.INFO: 访问方法:linksAdd [] []
[2018-03-26 13:27:20] Rookie-Framework.INFO: 访问控制器:\app\Controller\indexController [] []
[2018-03-26 13:27:20] Rookie-Framework.INFO: 访问方法:index [] []
[2018-03-26 13:27:20] Rookie-Framework.INFO: 访问控制器:\app\Controller\favicon.icoController [] []
[2018-03-26 13:27:20] Rookie-Framework.INFO: 访问方法:index [] []
[2018-03-26 13:27:20] Rookie-Framework.DEBUG: 找不到控制器favicon.ico;文件地址：/wwwroot/daohang/app/Controller/favicon.icoController.php文件是否存在:0 [] []
[2018-03-26 13:29:49] Rookie-Framework.INFO: 访问控制器:\app\Controller\indexController [] []
[2018-03-26 13:29:49] Rookie-Framework.INFO: 访问方法:index [] []
[2018-03-26 13:29:49] Rookie-Framework.INFO: 解析模板文件--/wwwroot/daohang/app/viewindex.index [] []
[2018-03-26 13:29:51] Rookie-Framework.INFO: 访问控制器:\app\Controller\favicon.icoController [] []
[2018-03-26 13:29:51] Rookie-Framework.INFO: 访问方法:index [] []
[2018-03-26 13:29:51] Rookie-Framework.DEBUG: 找不到控制器favicon.ico;文件地址：/wwwroot/daohang/app/Controller/favicon.icoController.php文件是否存在:0 [] []
[2018-03-26 13:31:09] Rookie-Framework.INFO: 访问控制器:\app\Controller\indexController [] []
[2018-03-26 13:31:09] Rookie-Framework.INFO: 访问方法:index [] []
[2018-03-26 13:31:09] Rookie-Framework.INFO: 解析模板文件--/wwwroot/daohang/app/viewindex.index [] []
[2018-03-26 13:31:10] Rookie-Framework.INFO: 访问控制器:\app\Controller\favicon.icoController [] []
[2018-03-26 13:31:10] Rookie-Framework.INFO: 访问方法:index [] []
[2018-03-26 13:31:10] Rookie-Framework.DEBUG: 找不到控制器favicon.ico;文件地址：/wwwroot/daohang/app/Controller/favicon.icoController.php文件是否存在:0 [] []
[2018-03-26 13:31:34] Rookie-Framework.INFO: 访问控制器:\app\Controller\indexController [] []
[2018-03-26 13:31:34] Rookie-Framework.INFO: 访问方法:index [] []
[2018-03-26 13:31:34] Rookie-Framework.INFO: 解析模板文件--/wwwroot/daohang/app/viewindex.index [] []
[2018-03-26 13:31:36] Rookie-Framework.INFO: 访问控制器:\app\Controller\favicon.icoController [] []
[2018-03-26 13:31:36] Rookie-Framework.INFO: 访问方法:index [] []
[2018-03-26 13:31:36] Rookie-Framework.DEBUG: 找不到控制器favicon.ico;文件地址：/wwwroot/daohang/app/Controller/favicon.icoController.php文件是否存在:0 [] []
[2018-03-26 13:31:38] Rookie-Framework.INFO: 访问控制器:\app\Controller\indexController [] []
[2018-03-26 13:31:39] Rookie-Framework.INFO: 访问方法:index [] []
[2018-03-26 13:31:39] Rookie-Framework.INFO: 解析模板文件--/wwwroot/daohang/app/viewindex.index [] []
[2018-03-26 13:31:39] Rookie-Framework.INFO: 访问控制器:\app\Controller\favicon.icoController [] []
[2018-03-26 13:31:39] Rookie-Framework.INFO: 访问方法:index [] []
[2018-03-26 13:31:39] Rookie-Framework.DEBUG: 找不到控制器favicon.ico;文件地址：/wwwroot/daohang/app/Controller/favicon.icoController.php文件是否存在:0 [] []
[2018-03-26 13:31:40] Rookie-Framework.INFO: 访问控制器:\app\Controller\indexController [] []
[2018-03-26 13:31:40] Rookie-Framework.INFO: 访问方法:index [] []
[2018-03-26 13:31:40] Rookie-Framework.INFO: 解析模板文件--/wwwroot/daohang/app/viewindex.index [] []
[2018-03-26 13:31:41] Rookie-Framework.INFO: 访问控制器:\app\Controller\favicon.icoController [] []
[2018-03-26 13:31:41] Rookie-Framework.INFO: 访问方法:index [] []
[2018-03-26 13:31:41] Rookie-Framework.DEBUG: 找不到控制器favicon.ico;文件地址：/wwwroot/daohang/app/Controller/favicon.icoController.php文件是否存在:0 [] []
[2018-03-26 13:32:15] Rookie-Framework.INFO: 访问控制器:\app\Controller\indexController [] []
[2018-03-26 13:32:15] Rookie-Framework.INFO: 访问方法:index [] []
[2018-03-26 13:32:15] Rookie-Framework.INFO: 解析模板文件--/wwwroot/daohang/app/viewindex.index [] []
[2018-03-26 13:32:16] Rookie-Framework.INFO: 访问控制器:\app\Controller\favicon.icoController [] []
[2018-03-26 13:32:16] Rookie-Framework.INFO: 访问方法:index [] []
[2018-03-26 13:32:16] Rookie-Framework.DEBUG: 找不到控制器favicon.ico;文件地址：/wwwroot/daohang/app/Controller/favicon.icoController.php文件是否存在:0 [] []
[2018-03-26 13:32:21] Rookie-Framework.INFO: 访问控制器:\app\Controller\favicon.icoController [] []
[2018-03-26 13:32:21] Rookie-Framework.INFO: 访问方法:index [] []
[2018-03-26 13:32:21] Rookie-Framework.DEBUG: 找不到控制器favicon.ico;文件地址：/wwwroot/daohang/app/Controller/favicon.icoController.php文件是否存在:0 [] []
[2018-03-26 13:32:22] Rookie-Framework.INFO: 访问控制器:\app\Controller\favicon.icoController [] []
[2018-03-26 13:32:22] Rookie-Framework.INFO: 访问方法:index [] []
[2018-03-26 13:32:22] Rookie-Framework.DEBUG: 找不到控制器favicon.ico;文件地址：/wwwroot/daohang/app/Controller/favicon.icoController.php文件是否存在:0 [] []
[2018-03-26 13:32:23] Rookie-Framework.INFO: 访问控制器:\app\Controller\favicon.icoController [] []
[2018-03-26 13:32:23] Rookie-Framework.INFO: 访问方法:index [] []
[2018-03-26 13:32:23] Rookie-Framework.DEBUG: 找不到控制器favicon.ico;文件地址：/wwwroot/daohang/app/Controller/favicon.icoController.php文件是否存在:0 [] []
[2018-03-26 13:32:24] Rookie-Framework.INFO: 访问控制器:\app\Controller\favicon.icoController [] []
[2018-03-26 13:32:24] Rookie-Framework.INFO: 访问方法:index [] []
[2018-03-26 13:32:24] Rookie-Framework.DEBUG: 找不到控制器favicon.ico;文件地址：/wwwroot/daohang/app/Controller/favicon.icoController.php文件是否存在:0 [] []
