[2018-04-08 12:41:23] Rookie-Framework.INFO: 访问控制器:\app\Controller\indexController [] []
[2018-04-08 12:41:23] Rookie-Framework.INFO: 访问方法:index [] []
[2018-04-08 12:41:23] Rookie-Framework.DEBUG: 路由找不到方法:index [] []
[2018-04-08 12:41:24] Rookie-Framework.INFO: 访问控制器:\app\Controller\favicon.icoController [] []
[2018-04-08 12:41:24] Rookie-Framework.INFO: 访问方法:index [] []
[2018-04-08 12:41:24] Rookie-Framework.DEBUG: 找不到控制器favicon.ico;文件地址：/wwwroot/daohang/app/Controller/favicon.icoController.php文件是否存在:0 [] []
[2018-04-08 12:41:33] Rookie-Framework.INFO: 访问控制器:\app\Controller\indexController [] []
[2018-04-08 12:41:33] Rookie-Framework.INFO: 访问方法:createindex [] []
[2018-04-08 12:41:33] Rookie-Framework.INFO: 解析模板文件--/wwwroot/daohang/app/viewindex.index [] []
[2018-04-08 12:41:34] Rookie-Framework.INFO: 访问控制器:\app\Controller\favicon.icoController [] []
[2018-04-08 12:41:34] Rookie-Framework.INFO: 访问方法:index [] []
[2018-04-08 12:41:34] Rookie-Framework.DEBUG: 找不到控制器favicon.ico;文件地址：/wwwroot/daohang/app/Controller/favicon.icoController.php文件是否存在:0 [] []
[2018-04-08 12:42:42] Rookie-Framework.INFO: 访问控制器:\app\Controller\indexController [] []
[2018-04-08 12:42:42] Rookie-Framework.INFO: 访问方法:signIn [] []
[2018-04-08 12:42:42] Rookie-Framework.INFO: 解析模板文件--/wwwroot/daohang/app/viewindex.signin [] []
[2018-04-08 12:42:43] Rookie-Framework.INFO: 访问控制器:\app\Controller\favicon.icoController [] []
[2018-04-08 12:42:43] Rookie-Framework.INFO: 访问方法:index [] []
[2018-04-08 12:42:43] Rookie-Framework.DEBUG: 找不到控制器favicon.ico;文件地址：/wwwroot/daohang/app/Controller/favicon.icoController.php文件是否存在:0 [] []
[2018-04-08 12:44:36] Rookie-Framework.INFO: 访问控制器:\app\Controller\indexController [] []
[2018-04-08 12:44:36] Rookie-Framework.INFO: 访问方法:signIn [] []
[2018-04-08 12:44:36] Rookie-Framework.INFO: 解析模板文件--/wwwroot/daohang/app/viewindex.signin [] []
[2018-04-08 12:44:37] Rookie-Framework.INFO: 访问控制器:\app\Controller\favicon.icoController [] []
[2018-04-08 12:44:37] Rookie-Framework.INFO: 访问方法:index [] []
[2018-04-08 12:44:37] Rookie-Framework.DEBUG: 找不到控制器favicon.ico;文件地址：/wwwroot/daohang/app/Controller/favicon.icoController.php文件是否存在:0 [] []
[2018-04-08 12:44:38] Rookie-Framework.INFO: 访问控制器:\app\Controller\indexController [] []
[2018-04-08 12:44:38] Rookie-Framework.INFO: 访问方法:signIn [] []
[2018-04-08 12:44:38] Rookie-Framework.INFO: 解析模板文件--/wwwroot/daohang/app/viewindex.signin [] []
[2018-04-08 12:44:38] Rookie-Framework.INFO: 访问控制器:\app\Controller\favicon.icoController [] []
[2018-04-08 12:44:38] Rookie-Framework.INFO: 访问方法:index [] []
[2018-04-08 12:44:38] Rookie-Framework.DEBUG: 找不到控制器favicon.ico;文件地址：/wwwroot/daohang/app/Controller/favicon.icoController.php文件是否存在:0 [] []
[2018-04-08 12:44:53] Rookie-Framework.INFO: 访问控制器:\app\Controller\ApiController [] []
[2018-04-08 12:44:53] Rookie-Framework.INFO: 访问方法:signin [] []
[2018-04-08 12:45:03] Rookie-Framework.INFO: 访问控制器:\app\Controller\ApiController [] []
[2018-04-08 12:45:03] Rookie-Framework.INFO: 访问方法:signin [] []
[2018-04-08 12:46:24] Rookie-Framework.INFO: 访问控制器:\app\Controller\ApiController [] []
[2018-04-08 12:46:24] Rookie-Framework.INFO: 访问方法:signin [] []
[2018-04-08 12:46:29] Rookie-Framework.INFO: 访问控制器:\app\Controller\ApiController [] []
[2018-04-08 12:46:29] Rookie-Framework.INFO: 访问方法:signin [] []
[2018-04-08 12:46:33] Rookie-Framework.INFO: 访问控制器:\app\Controller\ApiController [] []
[2018-04-08 12:46:33] Rookie-Framework.INFO: 访问方法:signin [] []
[2018-04-08 12:46:57] Rookie-Framework.INFO: 访问控制器:\app\Controller\indexController [] []
[2018-04-08 12:46:57] Rookie-Framework.INFO: 访问方法:updateUrl [] []
[2018-04-08 12:46:57] Rookie-Framework.INFO: 解析模板文件--/wwwroot/daohang/app/viewindex.updateurl [] []
[2018-04-08 12:46:58] Rookie-Framework.INFO: 访问控制器:\app\Controller\favicon.icoController [] []
[2018-04-08 12:46:58] Rookie-Framework.INFO: 访问方法:index [] []
[2018-04-08 12:46:58] Rookie-Framework.DEBUG: 找不到控制器favicon.ico;文件地址：/wwwroot/daohang/app/Controller/favicon.icoController.php文件是否存在:0 [] []
[2018-04-08 12:47:04] Rookie-Framework.INFO: 访问控制器:\app\Controller\ApiController [] []
[2018-04-08 12:47:04] Rookie-Framework.INFO: 访问方法:isEmailUrl [] []
[2018-04-08 12:47:07] Rookie-Framework.INFO: 访问控制器:\app\Controller\ApiController [] []
[2018-04-08 12:47:07] Rookie-Framework.INFO: 访问方法:isEmailUrl [] []
[2018-04-08 12:55:17] Rookie-Framework.INFO: 访问控制器:\app\Controller\indexController [] []
[2018-04-08 12:55:17] Rookie-Framework.INFO: 访问方法:updateUrl [] []
[2018-04-08 12:55:17] Rookie-Framework.INFO: 解析模板文件--/wwwroot/daohang/app/viewindex.updateurl [] []
[2018-04-08 12:55:18] Rookie-Framework.INFO: 访问控制器:\app\Controller\favicon.icoController [] []
[2018-04-08 12:55:18] Rookie-Framework.INFO: 访问方法:index [] []
[2018-04-08 12:55:18] Rookie-Framework.DEBUG: 找不到控制器favicon.ico;文件地址：/wwwroot/daohang/app/Controller/favicon.icoController.php文件是否存在:0 [] []
[2018-04-08 12:55:25] Rookie-Framework.INFO: 访问控制器:\app\Controller\ApiController [] []
[2018-04-08 12:55:25] Rookie-Framework.INFO: 访问方法:isEmailUrl [] []
[2018-04-08 12:56:13] Rookie-Framework.INFO: 访问控制器:\app\Controller\ApiController [] []
[2018-04-08 12:56:13] Rookie-Framework.INFO: 访问方法:isEmailUrl [] []
[2018-04-08 12:57:15] Rookie-Framework.INFO: 访问控制器:\app\Controller\ApiController [] []
[2018-04-08 12:57:15] Rookie-Framework.INFO: 访问方法:isEmailUrl [] []
[2018-04-08 12:57:32] Rookie-Framework.INFO: 访问控制器:\app\Controller\ApiController [] []
[2018-04-08 12:57:32] Rookie-Framework.INFO: 访问方法:isEmailUrl [] []
[2018-04-08 12:59:31] Rookie-Framework.INFO: 访问控制器:\app\Controller\ApiController [] []
[2018-04-08 12:59:31] Rookie-Framework.INFO: 访问方法:isEmailUrl [] []
[2018-04-08 13:01:35] Rookie-Framework.INFO: 访问控制器:\app\Controller\ApiController [] []
[2018-04-08 13:01:35] Rookie-Framework.INFO: 访问方法:isEmailUrl [] []
[2018-04-08 13:01:52] Rookie-Framework.INFO: 访问控制器:\app\Controller\ApiController [] []
[2018-04-08 13:01:52] Rookie-Framework.INFO: 访问方法:isEmailUrl [] []
[2018-04-08 13:17:48] Rookie-Framework.INFO: 访问控制器:\app\Controller\indexController [] []
[2018-04-08 13:17:48] Rookie-Framework.INFO: 访问方法:updateUrl [] []
[2018-04-08 13:17:48] Rookie-Framework.INFO: 解析模板文件--/wwwroot/daohang/app/viewindex.updateurl [] []
[2018-04-08 13:17:49] Rookie-Framework.INFO: 访问控制器:\app\Controller\favicon.icoController [] []
[2018-04-08 13:17:49] Rookie-Framework.INFO: 访问方法:index [] []
[2018-04-08 13:17:49] Rookie-Framework.DEBUG: 找不到控制器favicon.ico;文件地址：/wwwroot/daohang/app/Controller/favicon.icoController.php文件是否存在:0 [] []
[2018-04-08 13:18:02] Rookie-Framework.INFO: 访问控制器:\app\Controller\indexController [] []
[2018-04-08 13:18:02] Rookie-Framework.INFO: 访问方法:updateUrl [] []
[2018-04-08 13:18:02] Rookie-Framework.INFO: 解析模板文件--/wwwroot/daohang/app/viewindex.updateurl [] []
[2018-04-08 13:18:03] Rookie-Framework.INFO: 访问控制器:\app\Controller\favicon.icoController [] []
[2018-04-08 13:18:03] Rookie-Framework.INFO: 访问方法:index [] []
[2018-04-08 13:18:03] Rookie-Framework.DEBUG: 找不到控制器favicon.ico;文件地址：/wwwroot/daohang/app/Controller/favicon.icoController.php文件是否存在:0 [] []
[2018-04-08 13:18:05] Rookie-Framework.INFO: 访问控制器:\app\Controller\indexController [] []
[2018-04-08 13:18:05] Rookie-Framework.INFO: 访问方法:updateUrl [] []
[2018-04-08 13:18:05] Rookie-Framework.INFO: 解析模板文件--/wwwroot/daohang/app/viewindex.updateurl [] []
[2018-04-08 13:18:06] Rookie-Framework.INFO: 访问控制器:\app\Controller\favicon.icoController [] []
[2018-04-08 13:18:06] Rookie-Framework.INFO: 访问方法:index [] []
[2018-04-08 13:18:06] Rookie-Framework.DEBUG: 找不到控制器favicon.ico;文件地址：/wwwroot/daohang/app/Controller/favicon.icoController.php文件是否存在:0 [] []
[2018-04-08 13:18:06] Rookie-Framework.INFO: 访问控制器:\app\Controller\indexController [] []
[2018-04-08 13:18:06] Rookie-Framework.INFO: 访问方法:updateUrl [] []
[2018-04-08 13:18:06] Rookie-Framework.INFO: 解析模板文件--/wwwroot/daohang/app/viewindex.updateurl [] []
[2018-04-08 13:18:07] Rookie-Framework.INFO: 访问控制器:\app\Controller\favicon.icoController [] []
[2018-04-08 13:18:07] Rookie-Framework.INFO: 访问方法:index [] []
[2018-04-08 13:18:07] Rookie-Framework.DEBUG: 找不到控制器favicon.ico;文件地址：/wwwroot/daohang/app/Controller/favicon.icoController.php文件是否存在:0 [] []
[2018-04-08 13:18:08] Rookie-Framework.INFO: 访问控制器:\app\Controller\indexController [] []
[2018-04-08 13:18:08] Rookie-Framework.INFO: 访问方法:updateUrl [] []
[2018-04-08 13:18:08] Rookie-Framework.INFO: 解析模板文件--/wwwroot/daohang/app/viewindex.updateurl [] []
[2018-04-08 13:18:09] Rookie-Framework.INFO: 访问控制器:\app\Controller\favicon.icoController [] []
[2018-04-08 13:18:09] Rookie-Framework.INFO: 访问方法:index [] []
[2018-04-08 13:18:09] Rookie-Framework.DEBUG: 找不到控制器favicon.ico;文件地址：/wwwroot/daohang/app/Controller/favicon.icoController.php文件是否存在:0 [] []
[2018-04-08 13:18:31] Rookie-Framework.INFO: 访问控制器:\app\Controller\indexController [] []
[2018-04-08 13:18:31] Rookie-Framework.INFO: 访问方法:updateUrl [] []
[2018-04-08 13:18:31] Rookie-Framework.INFO: 解析模板文件--/wwwroot/daohang/app/viewindex.updateurl [] []
[2018-04-08 13:18:32] Rookie-Framework.INFO: 访问控制器:\app\Controller\favicon.icoController [] []
[2018-04-08 13:18:32] Rookie-Framework.INFO: 访问方法:index [] []
[2018-04-08 13:18:32] Rookie-Framework.DEBUG: 找不到控制器favicon.ico;文件地址：/wwwroot/daohang/app/Controller/favicon.icoController.php文件是否存在:0 [] []
[2018-04-08 13:19:15] Rookie-Framework.INFO: 访问控制器:\app\Controller\indexController [] []
[2018-04-08 13:19:15] Rookie-Framework.INFO: 访问方法:updateUrl [] []
[2018-04-08 13:19:15] Rookie-Framework.INFO: 解析模板文件--/wwwroot/daohang/app/viewindex.updateurl [] []
[2018-04-08 13:19:16] Rookie-Framework.INFO: 访问控制器:\app\Controller\favicon.icoController [] []
[2018-04-08 13:19:16] Rookie-Framework.INFO: 访问方法:index [] []
[2018-04-08 13:19:16] Rookie-Framework.DEBUG: 找不到控制器favicon.ico;文件地址：/wwwroot/daohang/app/Controller/favicon.icoController.php文件是否存在:0 [] []
[2018-04-08 13:19:53] Rookie-Framework.INFO: 访问控制器:\app\Controller\indexController [] []
[2018-04-08 13:19:53] Rookie-Framework.INFO: 访问方法:updateUrl [] []
[2018-04-08 13:19:53] Rookie-Framework.INFO: 解析模板文件--/wwwroot/daohang/app/viewindex.updateurl [] []
[2018-04-08 13:19:54] Rookie-Framework.INFO: 访问控制器:\app\Controller\favicon.icoController [] []
[2018-04-08 13:19:54] Rookie-Framework.INFO: 访问方法:index [] []
[2018-04-08 13:19:54] Rookie-Framework.DEBUG: 找不到控制器favicon.ico;文件地址：/wwwroot/daohang/app/Controller/favicon.icoController.php文件是否存在:0 [] []
[2018-04-08 13:20:12] Rookie-Framework.INFO: 访问控制器:\app\Controller\indexController [] []
[2018-04-08 13:20:12] Rookie-Framework.INFO: 访问方法:updateUrl [] []
[2018-04-08 13:20:12] Rookie-Framework.INFO: 解析模板文件--/wwwroot/daohang/app/viewindex.updateurl [] []
[2018-04-08 13:20:13] Rookie-Framework.INFO: 访问控制器:\app\Controller\favicon.icoController [] []
[2018-04-08 13:20:13] Rookie-Framework.INFO: 访问方法:index [] []
[2018-04-08 13:20:13] Rookie-Framework.DEBUG: 找不到控制器favicon.ico;文件地址：/wwwroot/daohang/app/Controller/favicon.icoController.php文件是否存在:0 [] []
[2018-04-08 13:20:14] Rookie-Framework.INFO: 访问控制器:\app\Controller\indexController [] []
[2018-04-08 13:20:14] Rookie-Framework.INFO: 访问方法:updateUrl [] []
[2018-04-08 13:20:14] Rookie-Framework.INFO: 解析模板文件--/wwwroot/daohang/app/viewindex.updateurl [] []
[2018-04-08 13:20:15] Rookie-Framework.INFO: 访问控制器:\app\Controller\indexController [] []
[2018-04-08 13:20:15] Rookie-Framework.INFO: 访问方法:updateUrl [] []
[2018-04-08 13:20:15] Rookie-Framework.INFO: 解析模板文件--/wwwroot/daohang/app/viewindex.updateurl [] []
[2018-04-08 13:20:16] Rookie-Framework.INFO: 访问控制器:\app\Controller\favicon.icoController [] []
[2018-04-08 13:20:16] Rookie-Framework.INFO: 访问方法:index [] []
[2018-04-08 13:20:16] Rookie-Framework.DEBUG: 找不到控制器favicon.ico;文件地址：/wwwroot/daohang/app/Controller/favicon.icoController.php文件是否存在:0 [] []
[2018-04-08 13:20:21] Rookie-Framework.INFO: 访问控制器:\app\Controller\indexController [] []
[2018-04-08 13:20:21] Rookie-Framework.INFO: 访问方法:updateUrl [] []
[2018-04-08 13:20:21] Rookie-Framework.INFO: 解析模板文件--/wwwroot/daohang/app/viewindex.updateurl [] []
[2018-04-08 13:20:22] Rookie-Framework.INFO: 访问控制器:\app\Controller\favicon.icoController [] []
[2018-04-08 13:20:22] Rookie-Framework.INFO: 访问方法:index [] []
[2018-04-08 13:20:22] Rookie-Framework.DEBUG: 找不到控制器favicon.ico;文件地址：/wwwroot/daohang/app/Controller/favicon.icoController.php文件是否存在:0 [] []
[2018-04-08 13:20:23] Rookie-Framework.INFO: 访问控制器:\app\Controller\indexController [] []
[2018-04-08 13:20:23] Rookie-Framework.INFO: 访问方法:updateUrl [] []
[2018-04-08 13:20:23] Rookie-Framework.INFO: 解析模板文件--/wwwroot/daohang/app/viewindex.updateurl [] []
[2018-04-08 13:20:24] Rookie-Framework.INFO: 访问控制器:\app\Controller\favicon.icoController [] []
[2018-04-08 13:20:24] Rookie-Framework.INFO: 访问方法:index [] []
[2018-04-08 13:20:24] Rookie-Framework.DEBUG: 找不到控制器favicon.ico;文件地址：/wwwroot/daohang/app/Controller/favicon.icoController.php文件是否存在:0 [] []
[2018-04-08 13:20:32] Rookie-Framework.INFO: 访问控制器:\app\Controller\indexController [] []
[2018-04-08 13:20:32] Rookie-Framework.INFO: 访问方法:updateUrl [] []
[2018-04-08 13:20:32] Rookie-Framework.INFO: 解析模板文件--/wwwroot/daohang/app/viewindex.updateurl [] []
[2018-04-08 13:20:33] Rookie-Framework.INFO: 访问控制器:\app\Controller\favicon.icoController [] []
[2018-04-08 13:20:33] Rookie-Framework.INFO: 访问方法:index [] []
[2018-04-08 13:20:33] Rookie-Framework.DEBUG: 找不到控制器favicon.ico;文件地址：/wwwroot/daohang/app/Controller/favicon.icoController.php文件是否存在:0 [] []
[2018-04-08 13:20:33] Rookie-Framework.INFO: 访问控制器:\app\Controller\indexController [] []
[2018-04-08 13:20:33] Rookie-Framework.INFO: 访问方法:updateUrl [] []
[2018-04-08 13:20:33] Rookie-Framework.INFO: 解析模板文件--/wwwroot/daohang/app/viewindex.updateurl [] []
[2018-04-08 13:20:35] Rookie-Framework.INFO: 访问控制器:\app\Controller\favicon.icoController [] []
[2018-04-08 13:20:35] Rookie-Framework.INFO: 访问方法:index [] []
[2018-04-08 13:20:35] Rookie-Framework.DEBUG: 找不到控制器favicon.ico;文件地址：/wwwroot/daohang/app/Controller/favicon.icoController.php文件是否存在:0 [] []
[2018-04-08 13:20:45] Rookie-Framework.INFO: 访问控制器:\app\Controller\indexController [] []
[2018-04-08 13:20:45] Rookie-Framework.INFO: 访问方法:updateUrl [] []
[2018-04-08 13:20:45] Rookie-Framework.INFO: 解析模板文件--/wwwroot/daohang/app/viewindex.updateurl [] []
[2018-04-08 13:20:46] Rookie-Framework.INFO: 访问控制器:\app\Controller\favicon.icoController [] []
[2018-04-08 13:20:46] Rookie-Framework.INFO: 访问方法:index [] []
[2018-04-08 13:20:46] Rookie-Framework.DEBUG: 找不到控制器favicon.ico;文件地址：/wwwroot/daohang/app/Controller/favicon.icoController.php文件是否存在:0 [] []
[2018-04-08 13:20:46] Rookie-Framework.INFO: 访问控制器:\app\Controller\indexController [] []
[2018-04-08 13:20:46] Rookie-Framework.INFO: 访问方法:updateUrl [] []
[2018-04-08 13:20:46] Rookie-Framework.INFO: 解析模板文件--/wwwroot/daohang/app/viewindex.updateurl [] []
[2018-04-08 13:20:47] Rookie-Framework.INFO: 访问控制器:\app\Controller\favicon.icoController [] []
[2018-04-08 13:20:47] Rookie-Framework.INFO: 访问方法:index [] []
[2018-04-08 13:20:47] Rookie-Framework.DEBUG: 找不到控制器favicon.ico;文件地址：/wwwroot/daohang/app/Controller/favicon.icoController.php文件是否存在:0 [] []
[2018-04-08 13:20:48] Rookie-Framework.INFO: 访问控制器:\app\Controller\indexController [] []
[2018-04-08 13:20:48] Rookie-Framework.INFO: 访问方法:updateUrl [] []
[2018-04-08 13:20:48] Rookie-Framework.INFO: 解析模板文件--/wwwroot/daohang/app/viewindex.updateurl [] []
[2018-04-08 13:20:49] Rookie-Framework.INFO: 访问控制器:\app\Controller\favicon.icoController [] []
[2018-04-08 13:20:49] Rookie-Framework.INFO: 访问方法:index [] []
[2018-04-08 13:20:49] Rookie-Framework.DEBUG: 找不到控制器favicon.ico;文件地址：/wwwroot/daohang/app/Controller/favicon.icoController.php文件是否存在:0 [] []
[2018-04-08 13:20:52] Rookie-Framework.INFO: 访问控制器:\app\Controller\indexController [] []
[2018-04-08 13:20:52] Rookie-Framework.INFO: 访问方法:updateUrl [] []
[2018-04-08 13:20:52] Rookie-Framework.INFO: 解析模板文件--/wwwroot/daohang/app/viewindex.updateurl [] []
[2018-04-08 13:20:52] Rookie-Framework.INFO: 访问控制器:\app\Controller\favicon.icoController [] []
[2018-04-08 13:20:52] Rookie-Framework.INFO: 访问方法:index [] []
[2018-04-08 13:20:52] Rookie-Framework.DEBUG: 找不到控制器favicon.ico;文件地址：/wwwroot/daohang/app/Controller/favicon.icoController.php文件是否存在:0 [] []
[2018-04-08 13:21:34] Rookie-Framework.INFO: 访问控制器:\app\Controller\indexController [] []
[2018-04-08 13:21:34] Rookie-Framework.INFO: 访问方法:updateUrl [] []
[2018-04-08 13:21:34] Rookie-Framework.INFO: 解析模板文件--/wwwroot/daohang/app/viewindex.updateurl [] []
[2018-04-08 13:21:35] Rookie-Framework.INFO: 访问控制器:\app\Controller\favicon.icoController [] []
[2018-04-08 13:21:35] Rookie-Framework.INFO: 访问方法:index [] []
[2018-04-08 13:21:35] Rookie-Framework.DEBUG: 找不到控制器favicon.ico;文件地址：/wwwroot/daohang/app/Controller/favicon.icoController.php文件是否存在:0 [] []
[2018-04-08 13:23:04] Rookie-Framework.INFO: 访问控制器:\app\Controller\indexController [] []
[2018-04-08 13:23:04] Rookie-Framework.INFO: 访问方法:updateUrl [] []
[2018-04-08 13:23:04] Rookie-Framework.INFO: 解析模板文件--/wwwroot/daohang/app/viewindex.updateurl [] []
[2018-04-08 13:23:04] Rookie-Framework.INFO: 访问控制器:\app\Controller\favicon.icoController [] []
[2018-04-08 13:23:04] Rookie-Framework.INFO: 访问方法:index [] []
[2018-04-08 13:23:04] Rookie-Framework.DEBUG: 找不到控制器favicon.ico;文件地址：/wwwroot/daohang/app/Controller/favicon.icoController.php文件是否存在:0 [] []
[2018-04-08 13:58:15] Rookie-Framework.INFO: 访问控制器:\app\Controller\indexController [] []
[2018-04-08 13:58:15] Rookie-Framework.INFO: 访问方法:updateUrl [] []
[2018-04-08 13:58:15] Rookie-Framework.INFO: 解析模板文件--/wwwroot/daohang/app/viewindex.updateurl [] []
[2018-04-08 13:58:16] Rookie-Framework.INFO: 访问控制器:\app\Controller\favicon.icoController [] []
[2018-04-08 13:58:16] Rookie-Framework.INFO: 访问方法:index [] []
[2018-04-08 13:58:16] Rookie-Framework.DEBUG: 找不到控制器favicon.ico;文件地址：/wwwroot/daohang/app/Controller/favicon.icoController.php文件是否存在:0 [] []
[2018-04-08 13:58:21] Rookie-Framework.INFO: 访问控制器:\app\Controller\ApiController [] []
[2018-04-08 13:58:21] Rookie-Framework.INFO: 访问方法:isEmailUrl [] []
[2018-04-08 13:59:27] Rookie-Framework.INFO: 访问控制器:\app\Controller\indexController [] []
[2018-04-08 13:59:27] Rookie-Framework.INFO: 访问方法:updateUrl [] []
[2018-04-08 13:59:27] Rookie-Framework.INFO: 解析模板文件--/wwwroot/daohang/app/viewindex.updateurl [] []
[2018-04-08 13:59:28] Rookie-Framework.INFO: 访问控制器:\app\Controller\favicon.icoController [] []
[2018-04-08 13:59:28] Rookie-Framework.INFO: 访问方法:index [] []
[2018-04-08 13:59:28] Rookie-Framework.DEBUG: 找不到控制器favicon.ico;文件地址：/wwwroot/daohang/app/Controller/favicon.icoController.php文件是否存在:0 [] []
[2018-04-08 13:59:33] Rookie-Framework.INFO: 访问控制器:\app\Controller\ApiController [] []
[2018-04-08 13:59:33] Rookie-Framework.INFO: 访问方法:isEmailUrl [] []
[2018-04-08 14:00:29] Rookie-Framework.INFO: 访问控制器:\app\Controller\indexController [] []
[2018-04-08 14:00:29] Rookie-Framework.INFO: 访问方法:updateUrl [] []
[2018-04-08 14:00:29] Rookie-Framework.INFO: 解析模板文件--/wwwroot/daohang/app/viewindex.updateurl [] []
[2018-04-08 14:00:30] Rookie-Framework.INFO: 访问控制器:\app\Controller\favicon.icoController [] []
[2018-04-08 14:00:30] Rookie-Framework.INFO: 访问方法:index [] []
[2018-04-08 14:00:30] Rookie-Framework.DEBUG: 找不到控制器favicon.ico;文件地址：/wwwroot/daohang/app/Controller/favicon.icoController.php文件是否存在:0 [] []
[2018-04-08 14:00:36] Rookie-Framework.INFO: 访问控制器:\app\Controller\ApiController [] []
[2018-04-08 14:00:36] Rookie-Framework.INFO: 访问方法:isEmailUrl [] []
[2018-04-08 14:20:52] Rookie-Framework.INFO: 访问控制器:\app\Controller\indexController [] []
[2018-04-08 14:20:52] Rookie-Framework.INFO: 访问方法:updateUrl [] []
[2018-04-08 14:20:52] Rookie-Framework.INFO: 解析模板文件--/wwwroot/daohang/app/viewindex.updateurl [] []
[2018-04-08 14:20:53] Rookie-Framework.INFO: 访问控制器:\app\Controller\favicon.icoController [] []
[2018-04-08 14:20:53] Rookie-Framework.INFO: 访问方法:index [] []
[2018-04-08 14:20:53] Rookie-Framework.DEBUG: 找不到控制器favicon.ico;文件地址：/wwwroot/daohang/app/Controller/favicon.icoController.php文件是否存在:0 [] []
[2018-04-08 14:20:58] Rookie-Framework.INFO: 访问控制器:\app\Controller\ApiController [] []
[2018-04-08 14:20:58] Rookie-Framework.INFO: 访问方法:isEmailUrl [] []
[2018-04-08 14:21:51] Rookie-Framework.INFO: 访问控制器:\app\Controller\indexController [] []
[2018-04-08 14:21:51] Rookie-Framework.INFO: 访问方法:updateUrl [] []
[2018-04-08 14:21:51] Rookie-Framework.INFO: 解析模板文件--/wwwroot/daohang/app/viewindex.updateurl [] []
[2018-04-08 14:21:52] Rookie-Framework.INFO: 访问控制器:\app\Controller\favicon.icoController [] []
[2018-04-08 14:21:52] Rookie-Framework.INFO: 访问方法:index [] []
[2018-04-08 14:21:52] Rookie-Framework.DEBUG: 找不到控制器favicon.ico;文件地址：/wwwroot/daohang/app/Controller/favicon.icoController.php文件是否存在:0 [] []
[2018-04-08 14:21:57] Rookie-Framework.INFO: 访问控制器:\app\Controller\ApiController [] []
[2018-04-08 14:21:57] Rookie-Framework.INFO: 访问方法:isEmailUrl [] []
[2018-04-08 14:25:30] Rookie-Framework.INFO: 访问控制器:\app\Controller\indexController [] []
[2018-04-08 14:25:30] Rookie-Framework.INFO: 访问方法:updateUrl [] []
[2018-04-08 14:25:30] Rookie-Framework.INFO: 解析模板文件--/wwwroot/daohang/app/viewindex.updateurl [] []
[2018-04-08 14:25:30] Rookie-Framework.INFO: 访问控制器:\app\Controller\favicon.icoController [] []
[2018-04-08 14:25:30] Rookie-Framework.INFO: 访问方法:index [] []
[2018-04-08 14:25:30] Rookie-Framework.DEBUG: 找不到控制器favicon.ico;文件地址：/wwwroot/daohang/app/Controller/favicon.icoController.php文件是否存在:0 [] []
[2018-04-08 14:25:37] Rookie-Framework.INFO: 访问控制器:\app\Controller\ApiController [] []
[2018-04-08 14:25:37] Rookie-Framework.INFO: 访问方法:isEmailUrl [] []
[2018-04-08 14:25:38] Rookie-Framework.INFO: 访问控制器:\app\Controller\ApiController [] []
[2018-04-08 14:25:38] Rookie-Framework.INFO: 访问方法:getUpdateUrlOne [] []
[2018-04-08 14:25:39] Rookie-Framework.INFO: 访问控制器:\app\Controller\indexController [] []
[2018-04-08 14:25:39] Rookie-Framework.INFO: 访问方法:updateUrl [] []
[2018-04-08 14:25:39] Rookie-Framework.INFO: 解析模板文件--/wwwroot/daohang/app/viewindex.updateurl [] []
[2018-04-08 14:25:39] Rookie-Framework.INFO: 访问控制器:\app\Controller\favicon.icoController [] []
[2018-04-08 14:25:39] Rookie-Framework.INFO: 访问方法:index [] []
[2018-04-08 14:25:39] Rookie-Framework.DEBUG: 找不到控制器favicon.ico;文件地址：/wwwroot/daohang/app/Controller/favicon.icoController.php文件是否存在:0 [] []
[2018-04-08 14:26:04] Rookie-Framework.INFO: 访问控制器:\app\Controller\indexController [] []
[2018-04-08 14:26:04] Rookie-Framework.INFO: 访问方法:updateUrl [] []
[2018-04-08 14:26:04] Rookie-Framework.INFO: 解析模板文件--/wwwroot/daohang/app/viewindex.updateurl [] []
[2018-04-08 14:26:05] Rookie-Framework.INFO: 访问控制器:\app\Controller\favicon.icoController [] []
[2018-04-08 14:26:05] Rookie-Framework.INFO: 访问方法:index [] []
[2018-04-08 14:26:05] Rookie-Framework.DEBUG: 找不到控制器favicon.ico;文件地址：/wwwroot/daohang/app/Controller/favicon.icoController.php文件是否存在:0 [] []
[2018-04-08 14:26:14] Rookie-Framework.INFO: 访问控制器:\app\Controller\ApiController [] []
[2018-04-08 14:26:14] Rookie-Framework.INFO: 访问方法:isEmailUrl [] []
[2018-04-08 14:26:15] Rookie-Framework.INFO: 访问控制器:\app\Controller\ApiController [] []
[2018-04-08 14:26:15] Rookie-Framework.INFO: 访问方法:getUpdateUrlOne [] []
[2018-04-08 14:26:46] Rookie-Framework.INFO: 访问控制器:\app\Controller\ApiController [] []
[2018-04-08 14:26:46] Rookie-Framework.INFO: 访问方法:getUpdateUrlOne [] []
[2018-04-08 14:27:09] Rookie-Framework.INFO: 访问控制器:\app\Controller\ApiController [] []
[2018-04-08 14:27:09] Rookie-Framework.INFO: 访问方法:getUpdateUrlOne [] []
[2018-04-08 14:27:53] Rookie-Framework.INFO: 访问控制器:\app\Controller\ApiController [] []
[2018-04-08 14:27:53] Rookie-Framework.INFO: 访问方法:getUpdateUrlOne [] []
[2018-04-08 14:31:38] Rookie-Framework.INFO: 访问控制器:\app\Controller\ApiController [] []
[2018-04-08 14:31:38] Rookie-Framework.INFO: 访问方法:getUpdateUrlOne [] []
[2018-04-08 14:32:44] Rookie-Framework.INFO: 访问控制器:\app\Controller\ApiController [] []
[2018-04-08 14:32:44] Rookie-Framework.INFO: 访问方法:getUpdateUrlOne [] []
[2018-04-08 14:34:05] Rookie-Framework.INFO: 访问控制器:\app\Controller\ApiController [] []
[2018-04-08 14:34:05] Rookie-Framework.INFO: 访问方法:getUpdateUrlOne [] []
[2018-04-08 14:34:48] Rookie-Framework.INFO: 访问控制器:\app\Controller\indexController [] []
[2018-04-08 14:34:48] Rookie-Framework.INFO: 访问方法:updateUrl [] []
[2018-04-08 14:34:48] Rookie-Framework.INFO: 解析模板文件--/wwwroot/daohang/app/viewindex.updateurl [] []
[2018-04-08 14:34:49] Rookie-Framework.INFO: 访问控制器:\app\Controller\favicon.icoController [] []
[2018-04-08 14:34:49] Rookie-Framework.INFO: 访问方法:index [] []
[2018-04-08 14:34:49] Rookie-Framework.DEBUG: 找不到控制器favicon.ico;文件地址：/wwwroot/daohang/app/Controller/favicon.icoController.php文件是否存在:0 [] []
[2018-04-08 14:34:54] Rookie-Framework.INFO: 访问控制器:\app\Controller\ApiController [] []
[2018-04-08 14:34:54] Rookie-Framework.INFO: 访问方法:isEmailUrl [] []
[2018-04-08 14:34:56] Rookie-Framework.INFO: 访问控制器:\app\Controller\ApiController [] []
[2018-04-08 14:34:56] Rookie-Framework.INFO: 访问方法:getUpdateUrlOne [] []
[2018-04-08 14:35:14] Rookie-Framework.INFO: 访问控制器:\app\Controller\ApiController [] []
[2018-04-08 14:35:14] Rookie-Framework.INFO: 访问方法:updateUrl [] []
[2018-04-08 14:36:29] Rookie-Framework.INFO: 访问控制器:\app\Controller\ApiController [] []
[2018-04-08 14:36:29] Rookie-Framework.INFO: 访问方法:getUpdateUrlOne [] []
[2018-04-08 14:36:37] Rookie-Framework.INFO: 访问控制器:\app\Controller\ApiController [] []
[2018-04-08 14:36:37] Rookie-Framework.INFO: 访问方法:updateUrl [] []
[2018-04-08 14:37:29] Rookie-Framework.INFO: 访问控制器:\app\Controller\indexController [] []
[2018-04-08 14:37:29] Rookie-Framework.INFO: 访问方法:updateUrl [] []
[2018-04-08 14:37:29] Rookie-Framework.INFO: 解析模板文件--/wwwroot/daohang/app/viewindex.updateurl [] []
[2018-04-08 14:37:30] Rookie-Framework.INFO: 访问控制器:\app\Controller\favicon.icoController [] []
[2018-04-08 14:37:30] Rookie-Framework.INFO: 访问方法:index [] []
[2018-04-08 14:37:30] Rookie-Framework.DEBUG: 找不到控制器favicon.ico;文件地址：/wwwroot/daohang/app/Controller/favicon.icoController.php文件是否存在:0 [] []
[2018-04-08 14:37:35] Rookie-Framework.INFO: 访问控制器:\app\Controller\ApiController [] []
[2018-04-08 14:37:35] Rookie-Framework.INFO: 访问方法:isEmailUrl [] []
[2018-04-08 14:37:38] Rookie-Framework.INFO: 访问控制器:\app\Controller\ApiController [] []
[2018-04-08 14:37:38] Rookie-Framework.INFO: 访问方法:getUpdateUrlOne [] []
[2018-04-08 14:37:56] Rookie-Framework.INFO: 访问控制器:\app\Controller\ApiController [] []
[2018-04-08 14:37:56] Rookie-Framework.INFO: 访问方法:updateUrl [] []
[2018-04-08 14:37:57] Rookie-Framework.INFO: 访问控制器:\app\Controller\indexController [] []
[2018-04-08 14:37:57] Rookie-Framework.INFO: 访问方法:updateUrl [] []
[2018-04-08 14:37:57] Rookie-Framework.INFO: 解析模板文件--/wwwroot/daohang/app/viewindex.updateurl [] []
[2018-04-08 14:37:58] Rookie-Framework.INFO: 访问控制器:\app\Controller\favicon.icoController [] []
[2018-04-08 14:37:58] Rookie-Framework.INFO: 访问方法:index [] []
[2018-04-08 14:37:58] Rookie-Framework.DEBUG: 找不到控制器favicon.ico;文件地址：/wwwroot/daohang/app/Controller/favicon.icoController.php文件是否存在:0 [] []
[2018-04-08 14:38:07] Rookie-Framework.INFO: 访问控制器:\app\Controller\ApiController [] []
[2018-04-08 14:38:07] Rookie-Framework.INFO: 访问方法:isEmailUrl [] []
[2018-04-08 14:40:32] Rookie-Framework.INFO: 访问控制器:\app\Controller\indexController [] []
[2018-04-08 14:40:32] Rookie-Framework.INFO: 访问方法:updateUrl [] []
[2018-04-08 14:40:32] Rookie-Framework.INFO: 解析模板文件--/wwwroot/daohang/app/viewindex.updateurl [] []
[2018-04-08 14:40:33] Rookie-Framework.INFO: 访问控制器:\app\Controller\favicon.icoController [] []
[2018-04-08 14:40:33] Rookie-Framework.INFO: 访问方法:index [] []
[2018-04-08 14:40:33] Rookie-Framework.DEBUG: 找不到控制器favicon.ico;文件地址：/wwwroot/daohang/app/Controller/favicon.icoController.php文件是否存在:0 [] []
[2018-04-08 14:40:55] Rookie-Framework.INFO: 访问控制器:\app\Controller\subscribe.htmlController [] []
[2018-04-08 14:40:55] Rookie-Framework.INFO: 访问方法:index [] []
[2018-04-08 14:40:55] Rookie-Framework.DEBUG: 找不到控制器subscribe.html;文件地址：/wwwroot/daohang/app/Controller/subscribe.htmlController.php文件是否存在:0 [] []
[2018-04-08 14:40:56] Rookie-Framework.INFO: 访问控制器:\app\Controller\favicon.icoController [] []
[2018-04-08 14:40:56] Rookie-Framework.INFO: 访问方法:index [] []
[2018-04-08 14:40:56] Rookie-Framework.DEBUG: 找不到控制器favicon.ico;文件地址：/wwwroot/daohang/app/Controller/favicon.icoController.php文件是否存在:0 [] []
[2018-04-08 14:48:58] Rookie-Framework.INFO: 访问控制器:\app\Controller\indexController [] []
[2018-04-08 14:48:58] Rookie-Framework.INFO: 访问方法:updateUrl [] []
[2018-04-08 14:48:58] Rookie-Framework.INFO: 解析模板文件--/wwwroot/daohang/app/viewindex.updateurl [] []
[2018-04-08 14:48:59] Rookie-Framework.INFO: 访问控制器:\app\Controller\favicon.icoController [] []
[2018-04-08 14:48:59] Rookie-Framework.INFO: 访问方法:index [] []
[2018-04-08 14:48:59] Rookie-Framework.DEBUG: 找不到控制器favicon.ico;文件地址：/wwwroot/daohang/app/Controller/favicon.icoController.php文件是否存在:0 [] []
[2018-04-08 14:49:05] Rookie-Framework.INFO: 访问控制器:\app\Controller\ApiController [] []
[2018-04-08 14:49:05] Rookie-Framework.INFO: 访问方法:isEmailUrl [] []
[2018-04-08 14:49:07] Rookie-Framework.INFO: 访问控制器:\app\Controller\ApiController [] []
[2018-04-08 14:49:07] Rookie-Framework.INFO: 访问方法:getUpdateUrlOne [] []
[2018-04-08 14:49:11] Rookie-Framework.INFO: 访问控制器:\app\Controller\ApiController [] []
[2018-04-08 14:49:11] Rookie-Framework.INFO: 访问方法:updateUrl [] []
[2018-04-08 14:49:12] Rookie-Framework.INFO: 访问控制器:\app\Controller\indexController [] []
[2018-04-08 14:49:12] Rookie-Framework.INFO: 访问方法:updateUrl [] []
[2018-04-08 14:49:12] Rookie-Framework.INFO: 解析模板文件--/wwwroot/daohang/app/viewindex.updateurl [] []
[2018-04-08 14:49:12] Rookie-Framework.INFO: 访问控制器:\app\Controller\favicon.icoController [] []
[2018-04-08 14:49:12] Rookie-Framework.INFO: 访问方法:index [] []
[2018-04-08 14:49:12] Rookie-Framework.DEBUG: 找不到控制器favicon.ico;文件地址：/wwwroot/daohang/app/Controller/favicon.icoController.php文件是否存在:0 [] []
