[2018-03-25 22:01:19] Rookie-Framework.INFO: 访问控制器:\app\Controller\submerController [] []
[2018-03-25 22:01:19] Rookie-Framework.INFO: 访问方法:links_add [] []
[2018-03-25 22:01:19] Rookie-Framework.INFO: 解析模板文件--/wwwroot/daohang/app/viewadmin.linksadd [] []
[2018-03-25 22:01:20] Rookie-Framework.INFO: 访问控制器:\app\Controller\favicon.icoController [] []
[2018-03-25 22:01:20] Rookie-Framework.INFO: 访问方法:index [] []
[2018-03-25 22:01:20] Rookie-Framework.DEBUG: 找不到控制器favicon.ico;文件地址：/wwwroot/daohang/app/Controller/favicon.icoController.php文件是否存在:0 [] []
[2018-03-25 22:01:58] Rookie-Framework.INFO: 访问控制器:\app\Controller\submerController [] []
[2018-03-25 22:01:58] Rookie-Framework.INFO: 访问方法:links_add [] []
[2018-03-25 22:01:58] Rookie-Framework.INFO: 解析模板文件--/wwwroot/daohang/app/viewadmin.linksadd [] []
[2018-03-25 22:01:58] Rookie-Framework.INFO: 访问控制器:\app\Controller\favicon.icoController [] []
[2018-03-25 22:01:58] Rookie-Framework.INFO: 访问方法:index [] []
[2018-03-25 22:01:58] Rookie-Framework.DEBUG: 找不到控制器favicon.ico;文件地址：/wwwroot/daohang/app/Controller/favicon.icoController.php文件是否存在:0 [] []
[2018-03-25 22:02:54] Rookie-Framework.INFO: 访问控制器:\app\Controller\submerApiController [] []
[2018-03-25 22:02:54] Rookie-Framework.INFO: 访问方法:linksAdd [] []
[2018-03-25 22:08:03] Rookie-Framework.INFO: 访问控制器:\app\Controller\submerApiController [] []
[2018-03-25 22:08:03] Rookie-Framework.INFO: 访问方法:linksAdd [] []
[2018-03-25 22:08:20] Rookie-Framework.INFO: 访问控制器:\app\Controller\submerApiController [] []
[2018-03-25 22:08:20] Rookie-Framework.INFO: 访问方法:linksAdd [] []
[2018-03-25 22:09:02] Rookie-Framework.INFO: 访问控制器:\app\Controller\submerController [] []
[2018-03-25 22:09:02] Rookie-Framework.INFO: 访问方法:links_add [] []
[2018-03-25 22:09:02] Rookie-Framework.INFO: 解析模板文件--/wwwroot/daohang/app/viewadmin.linksadd [] []
[2018-03-25 22:09:03] Rookie-Framework.INFO: 访问控制器:\app\Controller\favicon.icoController [] []
[2018-03-25 22:09:03] Rookie-Framework.INFO: 访问方法:index [] []
[2018-03-25 22:09:03] Rookie-Framework.DEBUG: 找不到控制器favicon.ico;文件地址：/wwwroot/daohang/app/Controller/favicon.icoController.php文件是否存在:0 [] []
[2018-03-25 22:09:31] Rookie-Framework.INFO: 访问控制器:\app\Controller\submerController [] []
[2018-03-25 22:09:31] Rookie-Framework.INFO: 访问方法:links [] []
[2018-03-25 22:09:31] Rookie-Framework.INFO: 解析模板文件--/wwwroot/daohang/app/viewadmin.link [] []
[2018-03-25 22:09:39] Rookie-Framework.INFO: 访问控制器:\app\Controller\submerController [] []
[2018-03-25 22:09:39] Rookie-Framework.INFO: 访问方法:links [] []
[2018-03-25 22:09:39] Rookie-Framework.INFO: 解析模板文件--/wwwroot/daohang/app/viewadmin.link [] []
[2018-03-25 22:09:40] Rookie-Framework.INFO: 访问控制器:\app\Controller\submerController [] []
[2018-03-25 22:09:40] Rookie-Framework.INFO: 访问方法:links [] []
[2018-03-25 22:09:40] Rookie-Framework.INFO: 解析模板文件--/wwwroot/daohang/app/viewadmin.link [] []
[2018-03-25 22:10:50] Rookie-Framework.INFO: 访问控制器:\app\Controller\submerController [] []
[2018-03-25 22:10:50] Rookie-Framework.INFO: 访问方法:links [] []
[2018-03-25 22:10:50] Rookie-Framework.INFO: 解析模板文件--/wwwroot/daohang/app/viewadmin.link [] []
[2018-03-25 22:11:32] Rookie-Framework.INFO: 访问控制器:\app\Controller\submerController [] []
[2018-03-25 22:11:32] Rookie-Framework.INFO: 访问方法:links [] []
[2018-03-25 22:11:32] Rookie-Framework.INFO: 解析模板文件--/wwwroot/daohang/app/viewadmin.link [] []
[2018-03-25 22:11:34] Rookie-Framework.INFO: 访问控制器:\app\Controller\submerController [] []
[2018-03-25 22:11:34] Rookie-Framework.INFO: 访问方法:links_add [] []
[2018-03-25 22:11:34] Rookie-Framework.INFO: 解析模板文件--/wwwroot/daohang/app/viewadmin.linksadd [] []
[2018-03-25 22:11:53] Rookie-Framework.INFO: 访问控制器:\app\Controller\submerApiController [] []
[2018-03-25 22:11:53] Rookie-Framework.INFO: 访问方法:linksAdd [] []
[2018-03-25 22:12:29] Rookie-Framework.INFO: 访问控制器:\app\Controller\submerController [] []
[2018-03-25 22:12:29] Rookie-Framework.INFO: 访问方法:links [] []
[2018-03-25 22:12:29] Rookie-Framework.INFO: 解析模板文件--/wwwroot/daohang/app/viewadmin.link [] []
[2018-03-25 22:12:31] Rookie-Framework.INFO: 访问控制器:\app\Controller\submerController [] []
[2018-03-25 22:12:31] Rookie-Framework.INFO: 访问方法:links_add [] []
[2018-03-25 22:12:31] Rookie-Framework.INFO: 解析模板文件--/wwwroot/daohang/app/viewadmin.linksadd [] []
[2018-03-25 22:12:46] Rookie-Framework.INFO: 访问控制器:\app\Controller\submerApiController [] []
[2018-03-25 22:12:46] Rookie-Framework.INFO: 访问方法:linksAdd [] []
[2018-03-25 22:12:47] Rookie-Framework.INFO: 访问控制器:\app\Controller\submerController [] []
[2018-03-25 22:12:47] Rookie-Framework.INFO: 访问方法:links_add [] []
[2018-03-25 22:12:47] Rookie-Framework.INFO: 解析模板文件--/wwwroot/daohang/app/viewadmin.linksadd [] []
[2018-03-25 22:13:19] Rookie-Framework.INFO: 访问控制器:\app\Controller\submerController [] []
[2018-03-25 22:13:19] Rookie-Framework.INFO: 访问方法:links_add [] []
[2018-03-25 22:13:19] Rookie-Framework.INFO: 解析模板文件--/wwwroot/daohang/app/viewadmin.linksadd [] []
[2018-03-25 22:13:32] Rookie-Framework.INFO: 访问控制器:\app\Controller\submerController [] []
[2018-03-25 22:13:32] Rookie-Framework.INFO: 访问方法:links_add [] []
[2018-03-25 22:13:32] Rookie-Framework.INFO: 解析模板文件--/wwwroot/daohang/app/viewadmin.linksadd [] []
[2018-03-25 22:13:32] Rookie-Framework.INFO: 访问控制器:\app\Controller\submerApiController [] []
[2018-03-25 22:13:32] Rookie-Framework.INFO: 访问方法:linksAdd [] []
[2018-03-25 22:14:10] Rookie-Framework.INFO: 访问控制器:\app\Controller\submerController [] []
[2018-03-25 22:14:10] Rookie-Framework.INFO: 访问方法:links [] []
[2018-03-25 22:14:10] Rookie-Framework.INFO: 解析模板文件--/wwwroot/daohang/app/viewadmin.link [] []
[2018-03-25 22:14:11] Rookie-Framework.INFO: 访问控制器:\app\Controller\submerController [] []
[2018-03-25 22:14:11] Rookie-Framework.INFO: 访问方法:links_add [] []
[2018-03-25 22:14:11] Rookie-Framework.INFO: 解析模板文件--/wwwroot/daohang/app/viewadmin.linksadd [] []
[2018-03-25 22:14:23] Rookie-Framework.INFO: 访问控制器:\app\Controller\submerController [] []
[2018-03-25 22:14:23] Rookie-Framework.INFO: 访问方法:links_add [] []
[2018-03-25 22:14:23] Rookie-Framework.INFO: 解析模板文件--/wwwroot/daohang/app/viewadmin.linksadd [] []
[2018-03-25 22:14:48] Rookie-Framework.INFO: 访问控制器:\app\Controller\submerController [] []
[2018-03-25 22:14:48] Rookie-Framework.INFO: 访问方法:links_add [] []
[2018-03-25 22:14:48] Rookie-Framework.INFO: 解析模板文件--/wwwroot/daohang/app/viewadmin.linksadd [] []
[2018-03-25 22:15:05] Rookie-Framework.INFO: 访问控制器:\app\Controller\submerController [] []
[2018-03-25 22:15:05] Rookie-Framework.INFO: 访问方法:links [] []
[2018-03-25 22:15:05] Rookie-Framework.INFO: 解析模板文件--/wwwroot/daohang/app/viewadmin.link [] []
[2018-03-25 22:15:07] Rookie-Framework.INFO: 访问控制器:\app\Controller\submerController [] []
[2018-03-25 22:15:07] Rookie-Framework.INFO: 访问方法:links_add [] []
[2018-03-25 22:15:07] Rookie-Framework.INFO: 解析模板文件--/wwwroot/daohang/app/viewadmin.linksadd [] []
[2018-03-25 22:15:32] Rookie-Framework.INFO: 访问控制器:\app\Controller\submerController [] []
[2018-03-25 22:15:32] Rookie-Framework.INFO: 访问方法:links_add [] []
[2018-03-25 22:15:32] Rookie-Framework.INFO: 解析模板文件--/wwwroot/daohang/app/viewadmin.linksadd [] []
[2018-03-25 22:15:35] Rookie-Framework.INFO: 访问控制器:\app\Controller\submerController [] []
[2018-03-25 22:15:35] Rookie-Framework.INFO: 访问方法:links_add [] []
[2018-03-25 22:15:35] Rookie-Framework.INFO: 解析模板文件--/wwwroot/daohang/app/viewadmin.linksadd [] []
[2018-03-25 22:15:38] Rookie-Framework.INFO: 访问控制器:\app\Controller\submerController [] []
[2018-03-25 22:15:38] Rookie-Framework.INFO: 访问方法:links_add [] []
[2018-03-25 22:15:38] Rookie-Framework.INFO: 解析模板文件--/wwwroot/daohang/app/viewadmin.linksadd [] []
[2018-03-25 22:15:40] Rookie-Framework.INFO: 访问控制器:\app\Controller\submerController [] []
[2018-03-25 22:15:40] Rookie-Framework.INFO: 访问方法:links_add [] []
[2018-03-25 22:15:40] Rookie-Framework.INFO: 解析模板文件--/wwwroot/daohang/app/viewadmin.linksadd [] []
[2018-03-25 22:15:56] Rookie-Framework.INFO: 访问控制器:\app\Controller\submerController [] []
[2018-03-25 22:15:56] Rookie-Framework.INFO: 访问方法:links_add [] []
[2018-03-25 22:15:56] Rookie-Framework.INFO: 解析模板文件--/wwwroot/daohang/app/viewadmin.linksadd [] []
[2018-03-25 22:16:14] Rookie-Framework.INFO: 访问控制器:\app\Controller\submerApiController [] []
[2018-03-25 22:16:14] Rookie-Framework.INFO: 访问方法:linksAdd [] []
[2018-03-25 22:16:14] Rookie-Framework.INFO: 访问控制器:\app\Controller\submerController [] []
[2018-03-25 22:16:14] Rookie-Framework.INFO: 访问方法:links_add [] []
[2018-03-25 22:16:14] Rookie-Framework.INFO: 解析模板文件--/wwwroot/daohang/app/viewadmin.linksadd [] []
[2018-03-25 22:17:09] Rookie-Framework.INFO: 访问控制器:\app\Controller\submerApiController [] []
[2018-03-25 22:17:09] Rookie-Framework.INFO: 访问方法:linksAdd [] []
[2018-03-25 22:17:09] Rookie-Framework.INFO: 访问控制器:\app\Controller\submerController [] []
[2018-03-25 22:17:09] Rookie-Framework.INFO: 访问方法:links_add [] []
[2018-03-25 22:17:09] Rookie-Framework.INFO: 解析模板文件--/wwwroot/daohang/app/viewadmin.linksadd [] []
[2018-03-25 22:17:53] Rookie-Framework.INFO: 访问控制器:\app\Controller\submerController [] []
[2018-03-25 22:17:53] Rookie-Framework.INFO: 访问方法:links [] []
[2018-03-25 22:17:54] Rookie-Framework.INFO: 解析模板文件--/wwwroot/daohang/app/viewadmin.link [] []
[2018-03-25 22:17:56] Rookie-Framework.INFO: 访问控制器:\app\Controller\submerController [] []
[2018-03-25 22:17:56] Rookie-Framework.INFO: 访问方法:links_add [] []
[2018-03-25 22:17:56] Rookie-Framework.INFO: 解析模板文件--/wwwroot/daohang/app/viewadmin.linksadd [] []
[2018-03-25 22:18:06] Rookie-Framework.INFO: 访问控制器:\app\Controller\submerApiController [] []
[2018-03-25 22:18:06] Rookie-Framework.INFO: 访问方法:linksAdd [] []
[2018-03-25 22:18:06] Rookie-Framework.INFO: 访问控制器:\app\Controller\submerController [] []
[2018-03-25 22:18:06] Rookie-Framework.INFO: 访问方法:links_add [] []
[2018-03-25 22:18:06] Rookie-Framework.INFO: 解析模板文件--/wwwroot/daohang/app/viewadmin.linksadd [] []
[2018-03-25 22:18:48] Rookie-Framework.INFO: 访问控制器:\app\Controller\submerController [] []
[2018-03-25 22:18:48] Rookie-Framework.INFO: 访问方法:links [] []
[2018-03-25 22:18:49] Rookie-Framework.INFO: 解析模板文件--/wwwroot/daohang/app/viewadmin.link [] []
[2018-03-25 22:18:50] Rookie-Framework.INFO: 访问控制器:\app\Controller\submerController [] []
[2018-03-25 22:18:50] Rookie-Framework.INFO: 访问方法:links_add [] []
[2018-03-25 22:18:50] Rookie-Framework.INFO: 解析模板文件--/wwwroot/daohang/app/viewadmin.linksadd [] []
[2018-03-25 22:19:01] Rookie-Framework.INFO: 访问控制器:\app\Controller\submerApiController [] []
[2018-03-25 22:19:01] Rookie-Framework.INFO: 访问方法:linksAdd [] []
[2018-03-25 22:19:01] Rookie-Framework.INFO: 访问控制器:\app\Controller\submerController [] []
[2018-03-25 22:19:01] Rookie-Framework.INFO: 访问方法:links_add [] []
[2018-03-25 22:19:02] Rookie-Framework.INFO: 解析模板文件--/wwwroot/daohang/app/viewadmin.linksadd [] []
[2018-03-25 22:19:19] Rookie-Framework.INFO: 访问控制器:\app\Controller\submerController [] []
[2018-03-25 22:19:19] Rookie-Framework.INFO: 访问方法:links [] []
[2018-03-25 22:19:19] Rookie-Framework.INFO: 解析模板文件--/wwwroot/daohang/app/viewadmin.link [] []
[2018-03-25 22:19:20] Rookie-Framework.INFO: 访问控制器:\app\Controller\submerController [] []
[2018-03-25 22:19:20] Rookie-Framework.INFO: 访问方法:links_add [] []
[2018-03-25 22:19:20] Rookie-Framework.INFO: 解析模板文件--/wwwroot/daohang/app/viewadmin.linksadd [] []
[2018-03-25 22:19:30] Rookie-Framework.INFO: 访问控制器:\app\Controller\submerApiController [] []
[2018-03-25 22:19:30] Rookie-Framework.INFO: 访问方法:linksAdd [] []
[2018-03-25 22:19:30] Rookie-Framework.INFO: 访问控制器:\app\Controller\submerController [] []
[2018-03-25 22:19:30] Rookie-Framework.INFO: 访问方法:links_add [] []
[2018-03-25 22:19:30] Rookie-Framework.INFO: 解析模板文件--/wwwroot/daohang/app/viewadmin.linksadd [] []
[2018-03-25 22:19:49] Rookie-Framework.INFO: 访问控制器:\app\Controller\submerController [] []
[2018-03-25 22:19:49] Rookie-Framework.INFO: 访问方法:links [] []
[2018-03-25 22:19:50] Rookie-Framework.INFO: 解析模板文件--/wwwroot/daohang/app/viewadmin.link [] []
[2018-03-25 22:20:45] Rookie-Framework.INFO: 访问控制器:\app\Controller\submerController [] []
[2018-03-25 22:20:45] Rookie-Framework.INFO: 访问方法:links [] []
[2018-03-25 22:20:45] Rookie-Framework.INFO: 解析模板文件--/wwwroot/daohang/app/viewadmin.link [] []
[2018-03-25 22:25:35] Rookie-Framework.INFO: 访问控制器:\app\Controller\submerController [] []
[2018-03-25 22:25:35] Rookie-Framework.INFO: 访问方法:links [] []
[2018-03-25 22:25:35] Rookie-Framework.INFO: 解析模板文件--/wwwroot/daohang/app/viewadmin.link [] []
[2018-03-25 22:26:50] Rookie-Framework.INFO: 访问控制器:\app\Controller\submerController [] []
[2018-03-25 22:26:50] Rookie-Framework.INFO: 访问方法:links [] []
[2018-03-25 22:26:50] Rookie-Framework.INFO: 解析模板文件--/wwwroot/daohang/app/viewadmin.link [] []
[2018-03-25 22:26:55] Rookie-Framework.INFO: 访问控制器:\app\Controller\submerController [] []
[2018-03-25 22:26:55] Rookie-Framework.INFO: 访问方法:links [] []
[2018-03-25 22:26:55] Rookie-Framework.INFO: 解析模板文件--/wwwroot/daohang/app/viewadmin.link [] []
[2018-03-25 22:33:00] Rookie-Framework.INFO: 访问控制器:\app\Controller\submerController [] []
[2018-03-25 22:33:00] Rookie-Framework.INFO: 访问方法:links [] []
[2018-03-25 22:33:00] Rookie-Framework.INFO: 解析模板文件--/wwwroot/daohang/app/viewadmin.link [] []
[2018-03-25 22:33:02] Rookie-Framework.INFO: 访问控制器:\app\Controller\submerController [] []
[2018-03-25 22:33:02] Rookie-Framework.INFO: 访问方法:links [] []
[2018-03-25 22:33:02] Rookie-Framework.INFO: 解析模板文件--/wwwroot/daohang/app/viewadmin.link [] []
[2018-03-25 22:33:10] Rookie-Framework.INFO: 访问控制器:\app\Controller\submerController [] []
[2018-03-25 22:33:10] Rookie-Framework.INFO: 访问方法:links_add [] []
[2018-03-25 22:33:10] Rookie-Framework.INFO: 解析模板文件--/wwwroot/daohang/app/viewadmin.linksadd [] []
[2018-03-25 22:33:20] Rookie-Framework.INFO: 访问控制器:\app\Controller\submerApiController [] []
[2018-03-25 22:33:20] Rookie-Framework.INFO: 访问方法:linksAdd [] []
[2018-03-25 22:33:20] Rookie-Framework.INFO: 访问控制器:\app\Controller\submerController [] []
[2018-03-25 22:33:20] Rookie-Framework.INFO: 访问方法:links_add [] []
[2018-03-25 22:33:20] Rookie-Framework.INFO: 解析模板文件--/wwwroot/daohang/app/viewadmin.linksadd [] []
[2018-03-25 22:33:23] Rookie-Framework.INFO: 访问控制器:\app\Controller\submerController [] []
[2018-03-25 22:33:23] Rookie-Framework.INFO: 访问方法:links [] []
[2018-03-25 22:33:23] Rookie-Framework.INFO: 解析模板文件--/wwwroot/daohang/app/viewadmin.link [] []
[2018-03-25 22:35:53] Rookie-Framework.INFO: 访问控制器:\app\Controller\submerController [] []
[2018-03-25 22:35:53] Rookie-Framework.INFO: 访问方法:links_add [] []
[2018-03-25 22:35:53] Rookie-Framework.INFO: 解析模板文件--/wwwroot/daohang/app/viewadmin.linksadd [] []
[2018-03-25 22:35:54] Rookie-Framework.INFO: 访问控制器:\app\Controller\favicon.icoController [] []
[2018-03-25 22:35:54] Rookie-Framework.INFO: 访问方法:index [] []
[2018-03-25 22:35:54] Rookie-Framework.DEBUG: 找不到控制器favicon.ico;文件地址：/wwwroot/daohang/app/Controller/favicon.icoController.php文件是否存在:0 [] []
[2018-03-25 22:42:26] Rookie-Framework.INFO: 访问控制器:\app\Controller\submerController [] []
[2018-03-25 22:42:26] Rookie-Framework.INFO: 访问方法:links_add [] []
[2018-03-25 22:42:26] Rookie-Framework.INFO: 解析模板文件--/wwwroot/daohang/app/viewadmin.linksadd [] []
[2018-03-25 22:42:27] Rookie-Framework.INFO: 访问控制器:\app\Controller\favicon.icoController [] []
[2018-03-25 22:42:27] Rookie-Framework.INFO: 访问方法:index [] []
[2018-03-25 22:42:27] Rookie-Framework.DEBUG: 找不到控制器favicon.ico;文件地址：/wwwroot/daohang/app/Controller/favicon.icoController.php文件是否存在:0 [] []
[2018-03-25 22:43:01] Rookie-Framework.INFO: 访问控制器:\app\Controller\submerController [] []
[2018-03-25 22:43:01] Rookie-Framework.INFO: 访问方法:links_add [] []
[2018-03-25 22:43:01] Rookie-Framework.INFO: 解析模板文件--/wwwroot/daohang/app/viewadmin.linksadd [] []
[2018-03-25 22:43:02] Rookie-Framework.INFO: 访问控制器:\app\Controller\favicon.icoController [] []
[2018-03-25 22:43:02] Rookie-Framework.INFO: 访问方法:index [] []
[2018-03-25 22:43:02] Rookie-Framework.DEBUG: 找不到控制器favicon.ico;文件地址：/wwwroot/daohang/app/Controller/favicon.icoController.php文件是否存在:0 [] []
[2018-03-25 22:43:05] Rookie-Framework.INFO: 访问控制器:\app\Controller\submerController [] []
[2018-03-25 22:43:05] Rookie-Framework.INFO: 访问方法:links_add [] []
[2018-03-25 22:43:05] Rookie-Framework.INFO: 解析模板文件--/wwwroot/daohang/app/viewadmin.linksadd [] []
[2018-03-25 22:43:05] Rookie-Framework.INFO: 访问控制器:\app\Controller\favicon.icoController [] []
[2018-03-25 22:43:05] Rookie-Framework.INFO: 访问方法:index [] []
[2018-03-25 22:43:05] Rookie-Framework.DEBUG: 找不到控制器favicon.ico;文件地址：/wwwroot/daohang/app/Controller/favicon.icoController.php文件是否存在:0 [] []
[2018-03-25 22:44:12] Rookie-Framework.INFO: 访问控制器:\app\Controller\submerController [] []
[2018-03-25 22:44:12] Rookie-Framework.INFO: 访问方法:links_add [] []
[2018-03-25 22:44:13] Rookie-Framework.INFO: 访问控制器:\app\Controller\favicon.icoController [] []
[2018-03-25 22:44:13] Rookie-Framework.INFO: 访问方法:index [] []
[2018-03-25 22:44:13] Rookie-Framework.DEBUG: 找不到控制器favicon.ico;文件地址：/wwwroot/daohang/app/Controller/favicon.icoController.php文件是否存在:0 [] []
[2018-03-25 22:45:19] Rookie-Framework.INFO: 访问控制器:\app\Controller\submerController [] []
[2018-03-25 22:45:19] Rookie-Framework.INFO: 访问方法:links_add [] []
[2018-03-25 22:45:19] Rookie-Framework.INFO: 解析模板文件--/wwwroot/daohang/app/viewadmin.linksadd [] []
[2018-03-25 22:45:20] Rookie-Framework.INFO: 访问控制器:\app\Controller\favicon.icoController [] []
[2018-03-25 22:45:20] Rookie-Framework.INFO: 访问方法:index [] []
[2018-03-25 22:45:20] Rookie-Framework.DEBUG: 找不到控制器favicon.ico;文件地址：/wwwroot/daohang/app/Controller/favicon.icoController.php文件是否存在:0 [] []
[2018-03-25 22:45:38] Rookie-Framework.INFO: 访问控制器:\app\Controller\submerController [] []
[2018-03-25 22:45:38] Rookie-Framework.INFO: 访问方法:links_add [] []
[2018-03-25 22:45:38] Rookie-Framework.INFO: 解析模板文件--/wwwroot/daohang/app/viewadmin.linksadd [] []
[2018-03-25 22:45:39] Rookie-Framework.INFO: 访问控制器:\app\Controller\favicon.icoController [] []
[2018-03-25 22:45:39] Rookie-Framework.INFO: 访问方法:index [] []
[2018-03-25 22:45:39] Rookie-Framework.DEBUG: 找不到控制器favicon.ico;文件地址：/wwwroot/daohang/app/Controller/favicon.icoController.php文件是否存在:0 [] []
[2018-03-25 22:46:25] Rookie-Framework.INFO: 访问控制器:\app\Controller\submerController [] []
[2018-03-25 22:46:25] Rookie-Framework.INFO: 访问方法:links_add [] []
[2018-03-25 22:46:25] Rookie-Framework.INFO: 解析模板文件--/wwwroot/daohang/app/viewadmin.linksadd [] []
[2018-03-25 22:46:26] Rookie-Framework.INFO: 访问控制器:\app\Controller\favicon.icoController [] []
[2018-03-25 22:46:26] Rookie-Framework.INFO: 访问方法:index [] []
[2018-03-25 22:46:26] Rookie-Framework.DEBUG: 找不到控制器favicon.ico;文件地址：/wwwroot/daohang/app/Controller/favicon.icoController.php文件是否存在:0 [] []
[2018-03-25 22:47:31] Rookie-Framework.INFO: 访问控制器:\app\Controller\submerController [] []
[2018-03-25 22:47:31] Rookie-Framework.INFO: 访问方法:links_add [] []
[2018-03-25 22:47:32] Rookie-Framework.INFO: 解析模板文件--/wwwroot/daohang/app/viewadmin.linksadd [] []
[2018-03-25 22:47:32] Rookie-Framework.INFO: 访问控制器:\app\Controller\favicon.icoController [] []
[2018-03-25 22:47:32] Rookie-Framework.INFO: 访问方法:index [] []
[2018-03-25 22:47:32] Rookie-Framework.DEBUG: 找不到控制器favicon.ico;文件地址：/wwwroot/daohang/app/Controller/favicon.icoController.php文件是否存在:0 [] []
[2018-03-25 22:47:48] Rookie-Framework.INFO: 访问控制器:\app\Controller\submerController [] []
[2018-03-25 22:47:48] Rookie-Framework.INFO: 访问方法:links_add [] []
[2018-03-25 22:47:48] Rookie-Framework.INFO: 解析模板文件--/wwwroot/daohang/app/viewadmin.linksadd [] []
[2018-03-25 22:47:49] Rookie-Framework.INFO: 访问控制器:\app\Controller\favicon.icoController [] []
[2018-03-25 22:47:49] Rookie-Framework.INFO: 访问方法:index [] []
[2018-03-25 22:47:49] Rookie-Framework.DEBUG: 找不到控制器favicon.ico;文件地址：/wwwroot/daohang/app/Controller/favicon.icoController.php文件是否存在:0 [] []
[2018-03-25 22:48:02] Rookie-Framework.INFO: 访问控制器:\app\Controller\submerController [] []
[2018-03-25 22:48:02] Rookie-Framework.INFO: 访问方法:links_add [] []
[2018-03-25 22:48:02] Rookie-Framework.INFO: 解析模板文件--/wwwroot/daohang/app/viewadmin.linksadd [] []
[2018-03-25 22:48:03] Rookie-Framework.INFO: 访问控制器:\app\Controller\favicon.icoController [] []
[2018-03-25 22:48:03] Rookie-Framework.INFO: 访问方法:index [] []
[2018-03-25 22:48:03] Rookie-Framework.DEBUG: 找不到控制器favicon.ico;文件地址：/wwwroot/daohang/app/Controller/favicon.icoController.php文件是否存在:0 [] []
[2018-03-25 22:48:21] Rookie-Framework.INFO: 访问控制器:\app\Controller\submerController [] []
[2018-03-25 22:48:21] Rookie-Framework.INFO: 访问方法:links_add [] []
[2018-03-25 22:48:21] Rookie-Framework.INFO: 解析模板文件--/wwwroot/daohang/app/viewadmin.linksadd [] []
[2018-03-25 22:48:21] Rookie-Framework.INFO: 访问控制器:\app\Controller\favicon.icoController [] []
[2018-03-25 22:48:21] Rookie-Framework.INFO: 访问方法:index [] []
[2018-03-25 22:48:21] Rookie-Framework.DEBUG: 找不到控制器favicon.ico;文件地址：/wwwroot/daohang/app/Controller/favicon.icoController.php文件是否存在:0 [] []
[2018-03-25 22:48:23] Rookie-Framework.INFO: 访问控制器:\app\Controller\submerController [] []
[2018-03-25 22:48:23] Rookie-Framework.INFO: 访问方法:links_add [] []
[2018-03-25 22:48:23] Rookie-Framework.INFO: 解析模板文件--/wwwroot/daohang/app/viewadmin.linksadd [] []
[2018-03-25 22:48:23] Rookie-Framework.INFO: 访问控制器:\app\Controller\favicon.icoController [] []
[2018-03-25 22:48:23] Rookie-Framework.INFO: 访问方法:index [] []
[2018-03-25 22:48:23] Rookie-Framework.DEBUG: 找不到控制器favicon.ico;文件地址：/wwwroot/daohang/app/Controller/favicon.icoController.php文件是否存在:0 [] []
[2018-03-25 22:48:24] Rookie-Framework.INFO: 访问控制器:\app\Controller\submerController [] []
[2018-03-25 22:48:24] Rookie-Framework.INFO: 访问方法:links_add [] []
[2018-03-25 22:48:24] Rookie-Framework.INFO: 解析模板文件--/wwwroot/daohang/app/viewadmin.linksadd [] []
[2018-03-25 22:48:25] Rookie-Framework.INFO: 访问控制器:\app\Controller\favicon.icoController [] []
[2018-03-25 22:48:25] Rookie-Framework.INFO: 访问方法:index [] []
[2018-03-25 22:48:25] Rookie-Framework.DEBUG: 找不到控制器favicon.ico;文件地址：/wwwroot/daohang/app/Controller/favicon.icoController.php文件是否存在:0 [] []
[2018-03-25 22:48:26] Rookie-Framework.INFO: 访问控制器:\app\Controller\submerController [] []
[2018-03-25 22:48:26] Rookie-Framework.INFO: 访问方法:links_add [] []
[2018-03-25 22:48:26] Rookie-Framework.INFO: 解析模板文件--/wwwroot/daohang/app/viewadmin.linksadd [] []
[2018-03-25 22:48:27] Rookie-Framework.INFO: 访问控制器:\app\Controller\favicon.icoController [] []
[2018-03-25 22:48:27] Rookie-Framework.INFO: 访问方法:index [] []
[2018-03-25 22:48:27] Rookie-Framework.DEBUG: 找不到控制器favicon.ico;文件地址：/wwwroot/daohang/app/Controller/favicon.icoController.php文件是否存在:0 [] []
[2018-03-25 22:48:28] Rookie-Framework.INFO: 访问控制器:\app\Controller\submerController [] []
[2018-03-25 22:48:28] Rookie-Framework.INFO: 访问方法:links_add [] []
[2018-03-25 22:48:28] Rookie-Framework.INFO: 解析模板文件--/wwwroot/daohang/app/viewadmin.linksadd [] []
[2018-03-25 22:48:29] Rookie-Framework.INFO: 访问控制器:\app\Controller\favicon.icoController [] []
[2018-03-25 22:48:29] Rookie-Framework.INFO: 访问方法:index [] []
[2018-03-25 22:48:29] Rookie-Framework.DEBUG: 找不到控制器favicon.ico;文件地址：/wwwroot/daohang/app/Controller/favicon.icoController.php文件是否存在:0 [] []
[2018-03-25 22:48:49] Rookie-Framework.INFO: 访问控制器:\app\Controller\submerController [] []
[2018-03-25 22:48:49] Rookie-Framework.INFO: 访问方法:links_add [] []
[2018-03-25 22:48:50] Rookie-Framework.INFO: 访问控制器:\app\Controller\favicon.icoController [] []
[2018-03-25 22:48:50] Rookie-Framework.INFO: 访问方法:index [] []
[2018-03-25 22:48:50] Rookie-Framework.DEBUG: 找不到控制器favicon.ico;文件地址：/wwwroot/daohang/app/Controller/favicon.icoController.php文件是否存在:0 [] []
[2018-03-25 22:49:05] Rookie-Framework.INFO: 访问控制器:\app\Controller\submerController [] []
[2018-03-25 22:49:05] Rookie-Framework.INFO: 访问方法:links_add [] []
[2018-03-25 22:49:05] Rookie-Framework.INFO: 解析模板文件--/wwwroot/daohang/app/viewadmin.linksadd [] []
[2018-03-25 22:49:06] Rookie-Framework.INFO: 访问控制器:\app\Controller\favicon.icoController [] []
[2018-03-25 22:49:06] Rookie-Framework.INFO: 访问方法:index [] []
[2018-03-25 22:49:06] Rookie-Framework.DEBUG: 找不到控制器favicon.ico;文件地址：/wwwroot/daohang/app/Controller/favicon.icoController.php文件是否存在:0 [] []
[2018-03-25 22:50:03] Rookie-Framework.INFO: 访问控制器:\app\Controller\submerController [] []
[2018-03-25 22:50:03] Rookie-Framework.INFO: 访问方法:links_add [] []
[2018-03-25 22:50:03] Rookie-Framework.INFO: 解析模板文件--/wwwroot/daohang/app/viewadmin.linksadd [] []
[2018-03-25 22:50:04] Rookie-Framework.INFO: 访问控制器:\app\Controller\favicon.icoController [] []
[2018-03-25 22:50:04] Rookie-Framework.INFO: 访问方法:index [] []
[2018-03-25 22:50:04] Rookie-Framework.DEBUG: 找不到控制器favicon.ico;文件地址：/wwwroot/daohang/app/Controller/favicon.icoController.php文件是否存在:0 [] []
[2018-03-25 22:50:19] Rookie-Framework.INFO: 访问控制器:\app\Controller\submerController [] []
[2018-03-25 22:50:19] Rookie-Framework.INFO: 访问方法:links_add [] []
[2018-03-25 22:50:20] Rookie-Framework.INFO: 解析模板文件--/wwwroot/daohang/app/viewadmin.linksadd [] []
[2018-03-25 22:50:20] Rookie-Framework.INFO: 访问控制器:\app\Controller\favicon.icoController [] []
[2018-03-25 22:50:20] Rookie-Framework.INFO: 访问方法:index [] []
[2018-03-25 22:50:20] Rookie-Framework.DEBUG: 找不到控制器favicon.ico;文件地址：/wwwroot/daohang/app/Controller/favicon.icoController.php文件是否存在:0 [] []
[2018-03-25 22:50:21] Rookie-Framework.INFO: 访问控制器:\app\Controller\submerController [] []
[2018-03-25 22:50:21] Rookie-Framework.INFO: 访问方法:links_add [] []
[2018-03-25 22:50:22] Rookie-Framework.INFO: 解析模板文件--/wwwroot/daohang/app/viewadmin.linksadd [] []
[2018-03-25 22:50:22] Rookie-Framework.INFO: 访问控制器:\app\Controller\favicon.icoController [] []
[2018-03-25 22:50:22] Rookie-Framework.INFO: 访问方法:index [] []
[2018-03-25 22:50:22] Rookie-Framework.DEBUG: 找不到控制器favicon.ico;文件地址：/wwwroot/daohang/app/Controller/favicon.icoController.php文件是否存在:0 [] []
[2018-03-25 22:50:23] Rookie-Framework.INFO: 访问控制器:\app\Controller\submerController [] []
[2018-03-25 22:50:23] Rookie-Framework.INFO: 访问方法:links_add [] []
[2018-03-25 22:50:23] Rookie-Framework.INFO: 解析模板文件--/wwwroot/daohang/app/viewadmin.linksadd [] []
[2018-03-25 22:50:23] Rookie-Framework.INFO: 访问控制器:\app\Controller\favicon.icoController [] []
[2018-03-25 22:50:23] Rookie-Framework.INFO: 访问方法:index [] []
[2018-03-25 22:50:23] Rookie-Framework.DEBUG: 找不到控制器favicon.ico;文件地址：/wwwroot/daohang/app/Controller/favicon.icoController.php文件是否存在:0 [] []
[2018-03-25 22:50:24] Rookie-Framework.INFO: 访问控制器:\app\Controller\submerController [] []
[2018-03-25 22:50:24] Rookie-Framework.INFO: 访问方法:links_add [] []
[2018-03-25 22:50:24] Rookie-Framework.INFO: 解析模板文件--/wwwroot/daohang/app/viewadmin.linksadd [] []
[2018-03-25 22:50:25] Rookie-Framework.INFO: 访问控制器:\app\Controller\favicon.icoController [] []
[2018-03-25 22:50:25] Rookie-Framework.INFO: 访问方法:index [] []
[2018-03-25 22:50:25] Rookie-Framework.DEBUG: 找不到控制器favicon.ico;文件地址：/wwwroot/daohang/app/Controller/favicon.icoController.php文件是否存在:0 [] []
[2018-03-25 22:50:41] Rookie-Framework.INFO: 访问控制器:\app\Controller\submerController [] []
[2018-03-25 22:50:41] Rookie-Framework.INFO: 访问方法:links_add [] []
[2018-03-25 22:50:41] Rookie-Framework.INFO: 解析模板文件--/wwwroot/daohang/app/viewadmin.linksadd [] []
[2018-03-25 22:50:41] Rookie-Framework.INFO: 访问控制器:\app\Controller\favicon.icoController [] []
[2018-03-25 22:50:41] Rookie-Framework.INFO: 访问方法:index [] []
[2018-03-25 22:50:41] Rookie-Framework.DEBUG: 找不到控制器favicon.ico;文件地址：/wwwroot/daohang/app/Controller/favicon.icoController.php文件是否存在:0 [] []
[2018-03-25 22:50:50] Rookie-Framework.INFO: 访问控制器:\app\Controller\submerController [] []
[2018-03-25 22:50:50] Rookie-Framework.INFO: 访问方法:links_add [] []
[2018-03-25 22:50:50] Rookie-Framework.INFO: 解析模板文件--/wwwroot/daohang/app/viewadmin.linksadd [] []
[2018-03-25 22:50:51] Rookie-Framework.INFO: 访问控制器:\app\Controller\favicon.icoController [] []
[2018-03-25 22:50:51] Rookie-Framework.INFO: 访问方法:index [] []
[2018-03-25 22:50:51] Rookie-Framework.DEBUG: 找不到控制器favicon.ico;文件地址：/wwwroot/daohang/app/Controller/favicon.icoController.php文件是否存在:0 [] []
[2018-03-25 22:50:52] Rookie-Framework.INFO: 访问控制器:\app\Controller\submerController [] []
[2018-03-25 22:50:52] Rookie-Framework.INFO: 访问方法:links_add [] []
[2018-03-25 22:50:52] Rookie-Framework.INFO: 解析模板文件--/wwwroot/daohang/app/viewadmin.linksadd [] []
[2018-03-25 22:50:53] Rookie-Framework.INFO: 访问控制器:\app\Controller\favicon.icoController [] []
[2018-03-25 22:50:53] Rookie-Framework.INFO: 访问方法:index [] []
[2018-03-25 22:50:53] Rookie-Framework.DEBUG: 找不到控制器favicon.ico;文件地址：/wwwroot/daohang/app/Controller/favicon.icoController.php文件是否存在:0 [] []
[2018-03-25 22:50:56] Rookie-Framework.INFO: 访问控制器:\app\Controller\submerController [] []
[2018-03-25 22:50:56] Rookie-Framework.INFO: 访问方法:links_add [] []
[2018-03-25 22:50:56] Rookie-Framework.INFO: 解析模板文件--/wwwroot/daohang/app/viewadmin.linksadd [] []
[2018-03-25 22:50:57] Rookie-Framework.INFO: 访问控制器:\app\Controller\favicon.icoController [] []
[2018-03-25 22:50:57] Rookie-Framework.INFO: 访问方法:index [] []
[2018-03-25 22:50:57] Rookie-Framework.DEBUG: 找不到控制器favicon.ico;文件地址：/wwwroot/daohang/app/Controller/favicon.icoController.php文件是否存在:0 [] []
[2018-03-25 22:50:57] Rookie-Framework.INFO: 访问控制器:\app\Controller\submerController [] []
[2018-03-25 22:50:57] Rookie-Framework.INFO: 访问方法:links_add [] []
[2018-03-25 22:50:57] Rookie-Framework.INFO: 解析模板文件--/wwwroot/daohang/app/viewadmin.linksadd [] []
[2018-03-25 22:50:58] Rookie-Framework.INFO: 访问控制器:\app\Controller\favicon.icoController [] []
[2018-03-25 22:50:58] Rookie-Framework.INFO: 访问方法:index [] []
[2018-03-25 22:50:58] Rookie-Framework.DEBUG: 找不到控制器favicon.ico;文件地址：/wwwroot/daohang/app/Controller/favicon.icoController.php文件是否存在:0 [] []
[2018-03-25 22:50:58] Rookie-Framework.INFO: 访问控制器:\app\Controller\submerController [] []
[2018-03-25 22:50:58] Rookie-Framework.INFO: 访问方法:links_add [] []
[2018-03-25 22:50:58] Rookie-Framework.INFO: 解析模板文件--/wwwroot/daohang/app/viewadmin.linksadd [] []
[2018-03-25 22:50:59] Rookie-Framework.INFO: 访问控制器:\app\Controller\favicon.icoController [] []
[2018-03-25 22:50:59] Rookie-Framework.INFO: 访问方法:index [] []
[2018-03-25 22:50:59] Rookie-Framework.DEBUG: 找不到控制器favicon.ico;文件地址：/wwwroot/daohang/app/Controller/favicon.icoController.php文件是否存在:0 [] []
[2018-03-25 22:50:59] Rookie-Framework.INFO: 访问控制器:\app\Controller\submerController [] []
[2018-03-25 22:50:59] Rookie-Framework.INFO: 访问方法:links_add [] []
[2018-03-25 22:50:59] Rookie-Framework.INFO: 解析模板文件--/wwwroot/daohang/app/viewadmin.linksadd [] []
[2018-03-25 22:51:00] Rookie-Framework.INFO: 访问控制器:\app\Controller\favicon.icoController [] []
[2018-03-25 22:51:00] Rookie-Framework.INFO: 访问方法:index [] []
[2018-03-25 22:51:00] Rookie-Framework.DEBUG: 找不到控制器favicon.ico;文件地址：/wwwroot/daohang/app/Controller/favicon.icoController.php文件是否存在:0 [] []
[2018-03-25 22:51:14] Rookie-Framework.INFO: 访问控制器:\app\Controller\submerController [] []
[2018-03-25 22:51:14] Rookie-Framework.INFO: 访问方法:links_add [] []
[2018-03-25 22:51:15] Rookie-Framework.INFO: 访问控制器:\app\Controller\favicon.icoController [] []
[2018-03-25 22:51:15] Rookie-Framework.INFO: 访问方法:index [] []
[2018-03-25 22:51:15] Rookie-Framework.DEBUG: 找不到控制器favicon.ico;文件地址：/wwwroot/daohang/app/Controller/favicon.icoController.php文件是否存在:0 [] []
[2018-03-25 22:51:20] Rookie-Framework.INFO: 访问控制器:\app\Controller\submerController [] []
[2018-03-25 22:51:20] Rookie-Framework.INFO: 访问方法:links_add [] []
[2018-03-25 22:51:21] Rookie-Framework.INFO: 访问控制器:\app\Controller\favicon.icoController [] []
[2018-03-25 22:51:21] Rookie-Framework.INFO: 访问方法:index [] []
[2018-03-25 22:51:21] Rookie-Framework.DEBUG: 找不到控制器favicon.ico;文件地址：/wwwroot/daohang/app/Controller/favicon.icoController.php文件是否存在:0 [] []
[2018-03-25 22:51:28] Rookie-Framework.INFO: 访问控制器:\app\Controller\submerController [] []
[2018-03-25 22:51:28] Rookie-Framework.INFO: 访问方法:links_add [] []
[2018-03-25 22:51:28] Rookie-Framework.INFO: 解析模板文件--/wwwroot/daohang/app/viewadmin.linksadd [] []
[2018-03-25 22:51:29] Rookie-Framework.INFO: 访问控制器:\app\Controller\favicon.icoController [] []
[2018-03-25 22:51:29] Rookie-Framework.INFO: 访问方法:index [] []
[2018-03-25 22:51:29] Rookie-Framework.DEBUG: 找不到控制器favicon.ico;文件地址：/wwwroot/daohang/app/Controller/favicon.icoController.php文件是否存在:0 [] []
[2018-03-25 22:52:09] Rookie-Framework.INFO: 访问控制器:\app\Controller\submerController [] []
[2018-03-25 22:52:09] Rookie-Framework.INFO: 访问方法:links_add [] []
[2018-03-25 22:52:09] Rookie-Framework.INFO: 解析模板文件--/wwwroot/daohang/app/viewadmin.linksadd [] []
[2018-03-25 22:52:09] Rookie-Framework.INFO: 访问控制器:\app\Controller\favicon.icoController [] []
[2018-03-25 22:52:09] Rookie-Framework.INFO: 访问方法:index [] []
[2018-03-25 22:52:09] Rookie-Framework.DEBUG: 找不到控制器favicon.ico;文件地址：/wwwroot/daohang/app/Controller/favicon.icoController.php文件是否存在:0 [] []
[2018-03-25 22:52:11] Rookie-Framework.INFO: 访问控制器:\app\Controller\submerController [] []
[2018-03-25 22:52:11] Rookie-Framework.INFO: 访问方法:links_add [] []
[2018-03-25 22:52:11] Rookie-Framework.INFO: 解析模板文件--/wwwroot/daohang/app/viewadmin.linksadd [] []
[2018-03-25 22:52:11] Rookie-Framework.INFO: 访问控制器:\app\Controller\favicon.icoController [] []
[2018-03-25 22:52:11] Rookie-Framework.INFO: 访问方法:index [] []
[2018-03-25 22:52:11] Rookie-Framework.DEBUG: 找不到控制器favicon.ico;文件地址：/wwwroot/daohang/app/Controller/favicon.icoController.php文件是否存在:0 [] []
[2018-03-25 22:52:32] Rookie-Framework.INFO: 访问控制器:\app\Controller\submerController [] []
[2018-03-25 22:52:32] Rookie-Framework.INFO: 访问方法:links_add [] []
[2018-03-25 22:52:32] Rookie-Framework.INFO: 访问控制器:\app\Controller\favicon.icoController [] []
[2018-03-25 22:52:32] Rookie-Framework.INFO: 访问方法:index [] []
[2018-03-25 22:52:32] Rookie-Framework.DEBUG: 找不到控制器favicon.ico;文件地址：/wwwroot/daohang/app/Controller/favicon.icoController.php文件是否存在:0 [] []
[2018-03-25 22:52:36] Rookie-Framework.INFO: 访问控制器:\app\Controller\submerController [] []
[2018-03-25 22:52:36] Rookie-Framework.INFO: 访问方法:links_add [] []
[2018-03-25 22:52:36] Rookie-Framework.INFO: 解析模板文件--/wwwroot/daohang/app/viewadmin.linksadd [] []
[2018-03-25 22:52:37] Rookie-Framework.INFO: 访问控制器:\app\Controller\favicon.icoController [] []
[2018-03-25 22:52:37] Rookie-Framework.INFO: 访问方法:index [] []
[2018-03-25 22:52:37] Rookie-Framework.DEBUG: 找不到控制器favicon.ico;文件地址：/wwwroot/daohang/app/Controller/favicon.icoController.php文件是否存在:0 [] []
[2018-03-25 22:53:27] Rookie-Framework.INFO: 访问控制器:\app\Controller\submerController [] []
[2018-03-25 22:53:27] Rookie-Framework.INFO: 访问方法:links_add [] []
[2018-03-25 22:53:28] Rookie-Framework.INFO: 解析模板文件--/wwwroot/daohang/app/viewadmin.linksadd [] []
[2018-03-25 22:53:28] Rookie-Framework.INFO: 访问控制器:\app\Controller\favicon.icoController [] []
[2018-03-25 22:53:28] Rookie-Framework.INFO: 访问方法:index [] []
[2018-03-25 22:53:28] Rookie-Framework.DEBUG: 找不到控制器favicon.ico;文件地址：/wwwroot/daohang/app/Controller/favicon.icoController.php文件是否存在:0 [] []
[2018-03-25 22:53:31] Rookie-Framework.INFO: 访问控制器:\app\Controller\submerController [] []
[2018-03-25 22:53:31] Rookie-Framework.INFO: 访问方法:links_add [] []
[2018-03-25 22:53:31] Rookie-Framework.INFO: 解析模板文件--/wwwroot/daohang/app/viewadmin.linksadd [] []
[2018-03-25 22:53:32] Rookie-Framework.INFO: 访问控制器:\app\Controller\favicon.icoController [] []
[2018-03-25 22:53:32] Rookie-Framework.INFO: 访问方法:index [] []
[2018-03-25 22:53:32] Rookie-Framework.DEBUG: 找不到控制器favicon.ico;文件地址：/wwwroot/daohang/app/Controller/favicon.icoController.php文件是否存在:0 [] []
[2018-03-25 22:54:00] Rookie-Framework.INFO: 访问控制器:\app\Controller\submerController [] []
[2018-03-25 22:54:00] Rookie-Framework.INFO: 访问方法:links_add [] []
[2018-03-25 22:54:00] Rookie-Framework.INFO: 解析模板文件--/wwwroot/daohang/app/viewadmin.linksadd [] []
[2018-03-25 22:54:01] Rookie-Framework.INFO: 访问控制器:\app\Controller\favicon.icoController [] []
[2018-03-25 22:54:01] Rookie-Framework.INFO: 访问方法:index [] []
[2018-03-25 22:54:01] Rookie-Framework.DEBUG: 找不到控制器favicon.ico;文件地址：/wwwroot/daohang/app/Controller/favicon.icoController.php文件是否存在:0 [] []
[2018-03-25 22:54:20] Rookie-Framework.INFO: 访问控制器:\app\Controller\submerController [] []
[2018-03-25 22:54:20] Rookie-Framework.INFO: 访问方法:links_add [] []
[2018-03-25 22:54:20] Rookie-Framework.INFO: 解析模板文件--/wwwroot/daohang/app/viewadmin.linksadd [] []
[2018-03-25 22:54:21] Rookie-Framework.INFO: 访问控制器:\app\Controller\favicon.icoController [] []
[2018-03-25 22:54:21] Rookie-Framework.INFO: 访问方法:index [] []
[2018-03-25 22:54:21] Rookie-Framework.DEBUG: 找不到控制器favicon.ico;文件地址：/wwwroot/daohang/app/Controller/favicon.icoController.php文件是否存在:0 [] []
[2018-03-25 22:54:29] Rookie-Framework.INFO: 访问控制器:\app\Controller\submerController [] []
[2018-03-25 22:54:29] Rookie-Framework.INFO: 访问方法:links_add [] []
[2018-03-25 22:54:30] Rookie-Framework.INFO: 访问控制器:\app\Controller\favicon.icoController [] []
[2018-03-25 22:54:30] Rookie-Framework.INFO: 访问方法:index [] []
[2018-03-25 22:54:30] Rookie-Framework.DEBUG: 找不到控制器favicon.ico;文件地址：/wwwroot/daohang/app/Controller/favicon.icoController.php文件是否存在:0 [] []
[2018-03-25 22:54:35] Rookie-Framework.INFO: 访问控制器:\app\Controller\submerController [] []
[2018-03-25 22:54:35] Rookie-Framework.INFO: 访问方法:links_add [] []
[2018-03-25 22:54:35] Rookie-Framework.INFO: 解析模板文件--/wwwroot/daohang/app/viewadmin.linksadd [] []
[2018-03-25 22:54:36] Rookie-Framework.INFO: 访问控制器:\app\Controller\favicon.icoController [] []
[2018-03-25 22:54:36] Rookie-Framework.INFO: 访问方法:index [] []
[2018-03-25 22:54:36] Rookie-Framework.DEBUG: 找不到控制器favicon.ico;文件地址：/wwwroot/daohang/app/Controller/favicon.icoController.php文件是否存在:0 [] []
[2018-03-25 22:55:59] Rookie-Framework.INFO: 访问控制器:\app\Controller\submerController [] []
[2018-03-25 22:56:00] Rookie-Framework.INFO: 访问方法:links [] []
[2018-03-25 22:56:00] Rookie-Framework.INFO: 解析模板文件--/wwwroot/daohang/app/viewadmin.link [] []
[2018-03-25 22:56:02] Rookie-Framework.INFO: 访问控制器:\app\Controller\submerController [] []
[2018-03-25 22:56:02] Rookie-Framework.INFO: 访问方法:links_add [] []
[2018-03-25 22:56:02] Rookie-Framework.INFO: 解析模板文件--/wwwroot/daohang/app/viewadmin.linksadd [] []
[2018-03-25 22:56:06] Rookie-Framework.INFO: 访问控制器:\app\Controller\submerController [] []
[2018-03-25 22:56:06] Rookie-Framework.INFO: 访问方法:links_add [] []
[2018-03-25 22:56:06] Rookie-Framework.INFO: 解析模板文件--/wwwroot/daohang/app/viewadmin.linksadd [] []
[2018-03-25 22:56:15] Rookie-Framework.INFO: 访问控制器:\app\Controller\submerController [] []
[2018-03-25 22:56:15] Rookie-Framework.INFO: 访问方法:links [] []
[2018-03-25 22:56:15] Rookie-Framework.INFO: 解析模板文件--/wwwroot/daohang/app/viewadmin.link [] []
[2018-03-25 22:56:23] Rookie-Framework.INFO: 访问控制器:\app\Controller\submerController [] []
[2018-03-25 22:56:23] Rookie-Framework.INFO: 访问方法:links_add [] []
[2018-03-25 22:56:23] Rookie-Framework.INFO: 解析模板文件--/wwwroot/daohang/app/viewadmin.linksadd [] []
[2018-03-25 22:56:34] Rookie-Framework.INFO: 访问控制器:\app\Controller\submerController [] []
[2018-03-25 22:56:34] Rookie-Framework.INFO: 访问方法:links_add [] []
[2018-03-25 22:56:34] Rookie-Framework.INFO: 解析模板文件--/wwwroot/daohang/app/viewadmin.linksadd [] []
[2018-03-25 22:56:35] Rookie-Framework.INFO: 访问控制器:\app\Controller\favicon.icoController [] []
[2018-03-25 22:56:35] Rookie-Framework.INFO: 访问方法:index [] []
[2018-03-25 22:56:35] Rookie-Framework.DEBUG: 找不到控制器favicon.ico;文件地址：/wwwroot/daohang/app/Controller/favicon.icoController.php文件是否存在:0 [] []
[2018-03-25 22:56:42] Rookie-Framework.INFO: 访问控制器:\app\Controller\submerController [] []
[2018-03-25 22:56:42] Rookie-Framework.INFO: 访问方法:links_add [] []
[2018-03-25 22:56:42] Rookie-Framework.INFO: 解析模板文件--/wwwroot/daohang/app/viewadmin.linksadd [] []
[2018-03-25 22:57:04] Rookie-Framework.INFO: 访问控制器:\app\Controller\submerController [] []
[2018-03-25 22:57:04] Rookie-Framework.INFO: 访问方法:links [] []
[2018-03-25 22:57:04] Rookie-Framework.INFO: 解析模板文件--/wwwroot/daohang/app/viewadmin.link [] []
[2018-03-25 22:57:13] Rookie-Framework.INFO: 访问控制器:\app\Controller\submerController [] []
[2018-03-25 22:57:13] Rookie-Framework.INFO: 访问方法:links [] []
[2018-03-25 22:57:13] Rookie-Framework.INFO: 解析模板文件--/wwwroot/daohang/app/viewadmin.link [] []
[2018-03-25 22:57:15] Rookie-Framework.INFO: 访问控制器:\app\Controller\submerController [] []
[2018-03-25 22:57:16] Rookie-Framework.INFO: 访问方法:links [] []
[2018-03-25 22:57:16] Rookie-Framework.INFO: 解析模板文件--/wwwroot/daohang/app/viewadmin.link [] []
[2018-03-25 22:57:33] Rookie-Framework.INFO: 访问控制器:\app\Controller\submerController [] []
[2018-03-25 22:57:33] Rookie-Framework.INFO: 访问方法:links [] []
[2018-03-25 22:57:43] Rookie-Framework.INFO: 访问控制器:\app\Controller\submerController [] []
[2018-03-25 22:57:43] Rookie-Framework.INFO: 访问方法:links [] []
[2018-03-25 22:57:43] Rookie-Framework.INFO: 解析模板文件--/wwwroot/daohang/app/viewadmin.link [] []
[2018-03-25 22:57:45] Rookie-Framework.INFO: 访问控制器:\app\Controller\submerController [] []
[2018-03-25 22:57:45] Rookie-Framework.INFO: 访问方法:links_add [] []
[2018-03-25 22:57:45] Rookie-Framework.INFO: 解析模板文件--/wwwroot/daohang/app/viewadmin.linksadd [] []
