[2018-03-25 18:18:06] Rookie-Framework.INFO: 访问控制器:\app\Controller\submerController [] []
[2018-03-25 18:18:06] Rookie-Framework.INFO: 访问方法:links_add [] []
[2018-03-25 18:18:06] Rookie-Framework.INFO: 解析模板文件--/wwwroot/daohang/app/viewadmin.linksadd [] []
[2018-03-25 18:18:06] Rookie-Framework.INFO: 访问控制器:\app\Controller\favicon.icoController [] []
[2018-03-25 18:18:06] Rookie-Framework.INFO: 访问方法:index [] []
[2018-03-25 18:18:06] Rookie-Framework.DEBUG: 找不到控制器favicon.ico [] []
[2018-03-25 18:18:18] Rookie-Framework.INFO: 访问控制器:\app\Controller\submerApiController [] []
[2018-03-25 18:18:18] Rookie-Framework.INFO: 访问方法:addSort [] []
[2018-03-25 18:18:55] Rookie-Framework.INFO: 访问控制器:\app\Controller\submerApiController [] []
[2018-03-25 18:18:55] Rookie-Framework.INFO: 访问方法:addSort [] []
[2018-03-25 18:19:14] Rookie-Framework.INFO: 访问控制器:\app\Controller\submerController [] []
[2018-03-25 18:19:14] Rookie-Framework.INFO: 访问方法:links_add [] []
[2018-03-25 18:19:14] Rookie-Framework.INFO: 解析模板文件--/wwwroot/daohang/app/viewadmin.linksadd [] []
[2018-03-25 18:19:15] Rookie-Framework.INFO: 访问控制器:\app\Controller\favicon.icoController [] []
[2018-03-25 18:19:15] Rookie-Framework.INFO: 访问方法:index [] []
[2018-03-25 18:19:15] Rookie-Framework.DEBUG: 找不到控制器favicon.ico [] []
[2018-03-25 18:19:55] Rookie-Framework.INFO: 访问控制器:\app\Controller\submerApiController [] []
[2018-03-25 18:19:55] Rookie-Framework.INFO: 访问方法:addSort [] []
[2018-03-25 18:20:17] Rookie-Framework.INFO: 访问控制器:\app\Controller\submerApiController [] []
[2018-03-25 18:20:17] Rookie-Framework.INFO: 访问方法:addSort [] []
[2018-03-25 18:20:19] Rookie-Framework.INFO: 访问控制器:\app\Controller\submerController [] []
[2018-03-25 18:20:19] Rookie-Framework.INFO: 访问方法:links_add [] []
[2018-03-25 18:20:19] Rookie-Framework.INFO: 解析模板文件--/wwwroot/daohang/app/viewadmin.linksadd [] []
[2018-03-25 18:20:20] Rookie-Framework.INFO: 访问控制器:\app\Controller\favicon.icoController [] []
[2018-03-25 18:20:20] Rookie-Framework.INFO: 访问方法:index [] []
[2018-03-25 18:20:20] Rookie-Framework.DEBUG: 找不到控制器favicon.ico [] []
[2018-03-25 18:20:50] Rookie-Framework.INFO: 访问控制器:\app\Controller\submerApiController [] []
[2018-03-25 18:20:50] Rookie-Framework.INFO: 访问方法:linksAdd [] []
[2018-03-25 18:21:50] Rookie-Framework.INFO: 访问控制器:\app\Controller\submerApiController [] []
[2018-03-25 18:21:50] Rookie-Framework.INFO: 访问方法:linksAdd [] []
[2018-03-25 18:22:18] Rookie-Framework.INFO: 访问控制器:\app\Controller\submerApiController [] []
[2018-03-25 18:22:18] Rookie-Framework.INFO: 访问方法:linksAdd [] []
[2018-03-25 18:23:24] Rookie-Framework.INFO: 访问控制器:\app\Controller\submerApiController [] []
[2018-03-25 18:23:24] Rookie-Framework.INFO: 访问方法:linksAdd [] []
[2018-03-25 18:23:51] Rookie-Framework.INFO: 访问控制器:\app\Controller\submerApiController [] []
[2018-03-25 18:23:51] Rookie-Framework.INFO: 访问方法:linksAdd [] []
[2018-03-25 18:23:51] Rookie-Framework.DEBUG: 找不到控制器submerApi [] []
[2018-03-25 18:25:42] Rookie-Framework.INFO: 访问控制器:\app\Controller\submerApiController [] []
[2018-03-25 18:25:42] Rookie-Framework.INFO: 访问方法:linksAdd [] []
[2018-03-25 18:26:10] Rookie-Framework.INFO: 访问控制器:\app\Controller\submerApiController [] []
[2018-03-25 18:26:10] Rookie-Framework.INFO: 访问方法:linksAdd [] []
[2018-03-25 18:26:10] Rookie-Framework.DEBUG: 找不到控制器submerApi;文件地址：/wwwroot/daohang/app/Controller/submerApiController.php [] []
[2018-03-25 18:26:32] Rookie-Framework.INFO: 访问控制器:\app\Controller\submerApiController [] []
[2018-03-25 18:26:32] Rookie-Framework.INFO: 访问方法:linksAdd [] []
[2018-03-25 18:27:05] Rookie-Framework.INFO: 访问控制器:\app\Controller\submerApiController [] []
[2018-03-25 18:27:05] Rookie-Framework.INFO: 访问方法:linksAdd [] []
[2018-03-25 18:27:37] Rookie-Framework.INFO: 访问控制器:\app\Controller\submerApiController [] []
[2018-03-25 18:27:37] Rookie-Framework.INFO: 访问方法:linksAdd [] []
[2018-03-25 18:28:01] Rookie-Framework.INFO: 访问控制器:\app\Controller\submerApiController [] []
[2018-03-25 18:28:01] Rookie-Framework.INFO: 访问方法:linksAdd [] []
[2018-03-25 18:28:01] Rookie-Framework.DEBUG: 找不到控制器submerApi;文件地址：/wwwroot/daohang/app/Controller/submerApiController.php [] []
[2018-03-25 18:28:05] Rookie-Framework.INFO: 访问控制器:\app\Controller\submerApiController [] []
[2018-03-25 18:28:05] Rookie-Framework.INFO: 访问方法:linksAdd [] []
[2018-03-25 18:28:05] Rookie-Framework.DEBUG: 找不到控制器submerApi;文件地址：/wwwroot/daohang/app/Controller/submerApiController.php [] []
[2018-03-25 18:28:08] Rookie-Framework.INFO: 访问控制器:\app\Controller\submerApiController [] []
[2018-03-25 18:28:08] Rookie-Framework.INFO: 访问方法:linksAdd [] []
[2018-03-25 18:28:31] Rookie-Framework.INFO: 访问控制器:\app\Controller\submerApiController [] []
[2018-03-25 18:28:31] Rookie-Framework.INFO: 访问方法:linksAdd [] []
[2018-03-25 18:28:31] Rookie-Framework.DEBUG: 找不到控制器submerApi;文件地址：/wwwroot/daohang/app/Controller/submerApiController.php [] []
[2018-03-25 18:28:34] Rookie-Framework.INFO: 访问控制器:\app\Controller\submerApiController [] []
[2018-03-25 18:28:34] Rookie-Framework.INFO: 访问方法:linksAdd [] []
[2018-03-25 18:28:34] Rookie-Framework.DEBUG: 找不到控制器submerApi;文件地址：/wwwroot/daohang/app/Controller/submerApiController.php [] []
[2018-03-25 18:28:36] Rookie-Framework.INFO: 访问控制器:\app\Controller\submerApiController [] []
[2018-03-25 18:28:36] Rookie-Framework.INFO: 访问方法:linksAdd [] []
[2018-03-25 18:28:36] Rookie-Framework.DEBUG: 找不到控制器submerApi;文件地址：/wwwroot/daohang/app/Controller/submerApiController.php [] []
[2018-03-25 18:28:36] Rookie-Framework.INFO: 访问控制器:\app\Controller\submerApiController [] []
[2018-03-25 18:28:36] Rookie-Framework.INFO: 访问方法:linksAdd [] []
[2018-03-25 18:28:36] Rookie-Framework.DEBUG: 找不到控制器submerApi;文件地址：/wwwroot/daohang/app/Controller/submerApiController.php [] []
[2018-03-25 18:28:37] Rookie-Framework.INFO: 访问控制器:\app\Controller\submerApiController [] []
[2018-03-25 18:28:37] Rookie-Framework.INFO: 访问方法:linksAdd [] []
[2018-03-25 18:28:37] Rookie-Framework.DEBUG: 找不到控制器submerApi;文件地址：/wwwroot/daohang/app/Controller/submerApiController.php [] []
[2018-03-25 18:28:38] Rookie-Framework.INFO: 访问控制器:\app\Controller\submerApiController [] []
[2018-03-25 18:28:38] Rookie-Framework.INFO: 访问方法:linksAdd [] []
[2018-03-25 18:29:37] Rookie-Framework.INFO: 访问控制器:\app\Controller\submerApiController [] []
[2018-03-25 18:29:37] Rookie-Framework.INFO: 访问方法:linksAdd [] []
[2018-03-25 18:29:54] Rookie-Framework.INFO: 访问控制器:\app\Controller\submerApiController [] []
[2018-03-25 18:29:54] Rookie-Framework.INFO: 访问方法:linksAdd [] []
[2018-03-25 18:29:54] Rookie-Framework.DEBUG: 找不到控制器submerApi;文件地址：/wwwroot/daohang/app/Controller/submerApiController.php [] []
[2018-03-25 18:29:57] Rookie-Framework.INFO: 访问控制器:\app\Controller\submerApiController [] []
[2018-03-25 18:29:57] Rookie-Framework.INFO: 访问方法:linksAdd [] []
[2018-03-25 18:29:57] Rookie-Framework.DEBUG: 找不到控制器submerApi;文件地址：/wwwroot/daohang/app/Controller/submerApiController.php [] []
[2018-03-25 18:29:58] Rookie-Framework.INFO: 访问控制器:\app\Controller\submerApiController [] []
[2018-03-25 18:29:58] Rookie-Framework.INFO: 访问方法:linksAdd [] []
[2018-03-25 18:29:58] Rookie-Framework.DEBUG: 找不到控制器submerApi;文件地址：/wwwroot/daohang/app/Controller/submerApiController.php [] []
[2018-03-25 18:29:59] Rookie-Framework.INFO: 访问控制器:\app\Controller\submerApiController [] []
[2018-03-25 18:29:59] Rookie-Framework.INFO: 访问方法:linksAdd [] []
[2018-03-25 18:29:59] Rookie-Framework.DEBUG: 找不到控制器submerApi;文件地址：/wwwroot/daohang/app/Controller/submerApiController.php [] []
[2018-03-25 18:29:59] Rookie-Framework.INFO: 访问控制器:\app\Controller\submerApiController [] []
[2018-03-25 18:29:59] Rookie-Framework.INFO: 访问方法:linksAdd [] []
[2018-03-25 18:29:59] Rookie-Framework.DEBUG: 找不到控制器submerApi;文件地址：/wwwroot/daohang/app/Controller/submerApiController.php [] []
[2018-03-25 18:30:00] Rookie-Framework.INFO: 访问控制器:\app\Controller\submerApiController [] []
[2018-03-25 18:30:00] Rookie-Framework.INFO: 访问方法:linksAdd [] []
[2018-03-25 18:30:00] Rookie-Framework.DEBUG: 找不到控制器submerApi;文件地址：/wwwroot/daohang/app/Controller/submerApiController.php [] []
[2018-03-25 18:30:00] Rookie-Framework.INFO: 访问控制器:\app\Controller\submerApiController [] []
[2018-03-25 18:30:00] Rookie-Framework.INFO: 访问方法:linksAdd [] []
[2018-03-25 18:30:00] Rookie-Framework.DEBUG: 找不到控制器submerApi;文件地址：/wwwroot/daohang/app/Controller/submerApiController.php [] []
[2018-03-25 18:30:01] Rookie-Framework.INFO: 访问控制器:\app\Controller\submerApiController [] []
[2018-03-25 18:30:01] Rookie-Framework.INFO: 访问方法:linksAdd [] []
[2018-03-25 18:30:01] Rookie-Framework.DEBUG: 找不到控制器submerApi;文件地址：/wwwroot/daohang/app/Controller/submerApiController.php [] []
[2018-03-25 18:30:01] Rookie-Framework.INFO: 访问控制器:\app\Controller\submerApiController [] []
[2018-03-25 18:30:01] Rookie-Framework.INFO: 访问方法:linksAdd [] []
[2018-03-25 18:30:01] Rookie-Framework.DEBUG: 找不到控制器submerApi;文件地址：/wwwroot/daohang/app/Controller/submerApiController.php [] []
[2018-03-25 18:30:02] Rookie-Framework.INFO: 访问控制器:\app\Controller\submerApiController [] []
[2018-03-25 18:30:02] Rookie-Framework.INFO: 访问方法:linksAdd [] []
[2018-03-25 18:30:02] Rookie-Framework.DEBUG: 找不到控制器submerApi;文件地址：/wwwroot/daohang/app/Controller/submerApiController.php [] []
[2018-03-25 18:30:02] Rookie-Framework.INFO: 访问控制器:\app\Controller\submerApiController [] []
[2018-03-25 18:30:02] Rookie-Framework.INFO: 访问方法:linksAdd [] []
[2018-03-25 18:30:02] Rookie-Framework.DEBUG: 找不到控制器submerApi;文件地址：/wwwroot/daohang/app/Controller/submerApiController.php [] []
[2018-03-25 18:30:03] Rookie-Framework.INFO: 访问控制器:\app\Controller\submerApiController [] []
[2018-03-25 18:30:03] Rookie-Framework.INFO: 访问方法:linksAdd [] []
[2018-03-25 18:30:03] Rookie-Framework.DEBUG: 找不到控制器submerApi;文件地址：/wwwroot/daohang/app/Controller/submerApiController.php [] []
[2018-03-25 18:30:04] Rookie-Framework.INFO: 访问控制器:\app\Controller\submerApiController [] []
[2018-03-25 18:30:04] Rookie-Framework.INFO: 访问方法:linksAdd [] []
[2018-03-25 18:30:04] Rookie-Framework.DEBUG: 找不到控制器submerApi;文件地址：/wwwroot/daohang/app/Controller/submerApiController.php [] []
[2018-03-25 18:30:04] Rookie-Framework.INFO: 访问控制器:\app\Controller\submerApiController [] []
[2018-03-25 18:30:04] Rookie-Framework.INFO: 访问方法:linksAdd [] []
[2018-03-25 18:30:04] Rookie-Framework.DEBUG: 找不到控制器submerApi;文件地址：/wwwroot/daohang/app/Controller/submerApiController.php [] []
[2018-03-25 18:30:05] Rookie-Framework.INFO: 访问控制器:\app\Controller\submerApiController [] []
[2018-03-25 18:30:05] Rookie-Framework.INFO: 访问方法:linksAdd [] []
[2018-03-25 18:30:05] Rookie-Framework.DEBUG: 找不到控制器submerApi;文件地址：/wwwroot/daohang/app/Controller/submerApiController.php [] []
[2018-03-25 18:30:05] Rookie-Framework.INFO: 访问控制器:\app\Controller\submerApiController [] []
[2018-03-25 18:30:05] Rookie-Framework.INFO: 访问方法:linksAdd [] []
[2018-03-25 18:30:05] Rookie-Framework.DEBUG: 找不到控制器submerApi;文件地址：/wwwroot/daohang/app/Controller/submerApiController.php [] []
[2018-03-25 18:30:05] Rookie-Framework.INFO: 访问控制器:\app\Controller\submerApiController [] []
[2018-03-25 18:30:05] Rookie-Framework.INFO: 访问方法:linksAdd [] []
[2018-03-25 18:30:05] Rookie-Framework.DEBUG: 找不到控制器submerApi;文件地址：/wwwroot/daohang/app/Controller/submerApiController.php [] []
[2018-03-25 18:30:06] Rookie-Framework.INFO: 访问控制器:\app\Controller\submerApiController [] []
[2018-03-25 18:30:06] Rookie-Framework.INFO: 访问方法:linksAdd [] []
[2018-03-25 18:30:06] Rookie-Framework.DEBUG: 找不到控制器submerApi;文件地址：/wwwroot/daohang/app/Controller/submerApiController.php [] []
[2018-03-25 18:30:06] Rookie-Framework.INFO: 访问控制器:\app\Controller\submerApiController [] []
[2018-03-25 18:30:06] Rookie-Framework.INFO: 访问方法:linksAdd [] []
[2018-03-25 18:30:06] Rookie-Framework.DEBUG: 找不到控制器submerApi;文件地址：/wwwroot/daohang/app/Controller/submerApiController.php [] []
[2018-03-25 18:30:06] Rookie-Framework.INFO: 访问控制器:\app\Controller\submerApiController [] []
[2018-03-25 18:30:06] Rookie-Framework.INFO: 访问方法:linksAdd [] []
[2018-03-25 18:30:06] Rookie-Framework.DEBUG: 找不到控制器submerApi;文件地址：/wwwroot/daohang/app/Controller/submerApiController.php [] []
[2018-03-25 18:30:06] Rookie-Framework.INFO: 访问控制器:\app\Controller\submerApiController [] []
[2018-03-25 18:30:06] Rookie-Framework.INFO: 访问方法:linksAdd [] []
[2018-03-25 18:30:06] Rookie-Framework.DEBUG: 找不到控制器submerApi;文件地址：/wwwroot/daohang/app/Controller/submerApiController.php [] []
[2018-03-25 18:30:06] Rookie-Framework.INFO: 访问控制器:\app\Controller\submerApiController [] []
[2018-03-25 18:30:06] Rookie-Framework.INFO: 访问方法:linksAdd [] []
[2018-03-25 18:30:06] Rookie-Framework.DEBUG: 找不到控制器submerApi;文件地址：/wwwroot/daohang/app/Controller/submerApiController.php [] []
[2018-03-25 18:30:07] Rookie-Framework.INFO: 访问控制器:\app\Controller\submerApiController [] []
[2018-03-25 18:30:07] Rookie-Framework.INFO: 访问方法:linksAdd [] []
[2018-03-25 18:30:07] Rookie-Framework.DEBUG: 找不到控制器submerApi;文件地址：/wwwroot/daohang/app/Controller/submerApiController.php [] []
[2018-03-25 18:30:07] Rookie-Framework.INFO: 访问控制器:\app\Controller\submerApiController [] []
[2018-03-25 18:30:07] Rookie-Framework.INFO: 访问方法:linksAdd [] []
[2018-03-25 18:30:07] Rookie-Framework.DEBUG: 找不到控制器submerApi;文件地址：/wwwroot/daohang/app/Controller/submerApiController.php [] []
[2018-03-25 18:32:05] Rookie-Framework.INFO: 访问控制器:\app\Controller\submerApiController [] []
[2018-03-25 18:32:05] Rookie-Framework.INFO: 访问方法:linksAdd [] []
[2018-03-25 18:32:36] Rookie-Framework.INFO: 访问控制器:\app\Controller\submerApiController [] []
[2018-03-25 18:32:36] Rookie-Framework.INFO: 访问方法:linksAdd [] []
[2018-03-25 18:32:47] Rookie-Framework.INFO: 访问控制器:\app\Controller\submerApiController [] []
[2018-03-25 18:32:47] Rookie-Framework.INFO: 访问方法:linksAdd [] []
[2018-03-25 18:33:28] Rookie-Framework.INFO: 访问控制器:\app\Controller\submerApiController [] []
[2018-03-25 18:33:28] Rookie-Framework.INFO: 访问方法:linksAdd [] []
[2018-03-25 18:34:32] Rookie-Framework.INFO: 访问控制器:\app\Controller\submerApiController [] []
[2018-03-25 18:34:32] Rookie-Framework.INFO: 访问方法:linksAdd [] []
[2018-03-25 18:34:54] Rookie-Framework.INFO: 访问控制器:\app\Controller\submerApiController [] []
[2018-03-25 18:34:54] Rookie-Framework.INFO: 访问方法:linksAdd [] []
[2018-03-25 18:34:54] Rookie-Framework.DEBUG: 找不到控制器submerApi;文件地址：/wwwroot/daohang/app/Controller/submerApiController.php [] []
[2018-03-25 18:36:45] Rookie-Framework.INFO: 访问控制器:\app\Controller\submerApiController [] []
[2018-03-25 18:36:45] Rookie-Framework.INFO: 访问方法:linksAdd [] []
[2018-03-25 18:37:35] Rookie-Framework.INFO: 访问控制器:\app\Controller\submerApiController [] []
[2018-03-25 18:37:35] Rookie-Framework.INFO: 访问方法:linksAdd [] []
[2018-03-25 18:37:46] Rookie-Framework.INFO: 访问控制器:\app\Controller\submerApiController [] []
[2018-03-25 18:37:46] Rookie-Framework.INFO: 访问方法:linksAdd [] []
[2018-03-25 18:37:46] Rookie-Framework.DEBUG: 找不到控制器submerApi;文件地址：/wwwroot/daohang/app/Controller/submerApiController.php文件是否存在: [] []
[2018-03-25 18:38:31] Rookie-Framework.INFO: 访问控制器:\app\Controller\submerApiController [] []
[2018-03-25 18:38:31] Rookie-Framework.INFO: 访问方法:linksAdd [] []
[2018-03-25 18:38:46] Rookie-Framework.INFO: 访问控制器:\app\Controller\submerApiController [] []
[2018-03-25 18:38:46] Rookie-Framework.INFO: 访问方法:linksAdd [] []
[2018-03-25 18:38:46] Rookie-Framework.DEBUG: 1 [] []
[2018-03-25 18:41:50] Rookie-Framework.INFO: 访问控制器:\app\Controller\submerApiController [] []
[2018-03-25 18:41:50] Rookie-Framework.INFO: 访问方法:linksAdd [] []
[2018-03-25 18:42:03] Rookie-Framework.INFO: 访问控制器:\app\Controller\submerApiController [] []
[2018-03-25 18:42:03] Rookie-Framework.INFO: 访问方法:linksAdd [] []
[2018-03-25 18:42:03] Rookie-Framework.DEBUG: 找不到控制器submerApi;文件地址：/wwwroot/daohang/app/Controller/submerApiController.php文件是否存在:0 [] []
[2018-03-25 18:43:15] Rookie-Framework.INFO: 访问控制器:\app\Controller\submerController [] []
[2018-03-25 18:43:15] Rookie-Framework.INFO: 访问方法:links_add [] []
[2018-03-25 18:43:15] Rookie-Framework.INFO: 解析模板文件--/wwwroot/daohang/app/viewadmin.linksadd [] []
[2018-03-25 18:43:16] Rookie-Framework.INFO: 访问控制器:\app\Controller\favicon.icoController [] []
[2018-03-25 18:43:16] Rookie-Framework.INFO: 访问方法:index [] []
[2018-03-25 18:43:16] Rookie-Framework.DEBUG: 找不到控制器favicon.ico;文件地址：/wwwroot/daohang/app/Controller/favicon.icoController.php文件是否存在:0 [] []
[2018-03-25 18:43:35] Rookie-Framework.INFO: 访问控制器:\app\Controller\submerController [] []
[2018-03-25 18:43:35] Rookie-Framework.INFO: 访问方法:links_add [] []
[2018-03-25 18:43:35] Rookie-Framework.INFO: 解析模板文件--/wwwroot/daohang/app/viewadmin.linksadd [] []
[2018-03-25 18:43:35] Rookie-Framework.INFO: 访问控制器:\app\Controller\favicon.icoController [] []
[2018-03-25 18:43:35] Rookie-Framework.INFO: 访问方法:index [] []
[2018-03-25 18:43:35] Rookie-Framework.DEBUG: 找不到控制器favicon.ico;文件地址：/wwwroot/daohang/app/Controller/favicon.icoController.php文件是否存在:0 [] []
[2018-03-25 18:43:42] Rookie-Framework.INFO: 访问控制器:\app\Controller\submerController [] []
[2018-03-25 18:43:42] Rookie-Framework.INFO: 访问方法:links_add [] []
[2018-03-25 18:43:42] Rookie-Framework.INFO: 解析模板文件--/wwwroot/daohang/app/viewadmin.linksadd [] []
[2018-03-25 18:43:43] Rookie-Framework.INFO: 访问控制器:\app\Controller\favicon.icoController [] []
[2018-03-25 18:43:43] Rookie-Framework.INFO: 访问方法:index [] []
[2018-03-25 18:43:43] Rookie-Framework.DEBUG: 找不到控制器favicon.ico;文件地址：/wwwroot/daohang/app/Controller/favicon.icoController.php文件是否存在:0 [] []
[2018-03-25 18:44:39] Rookie-Framework.INFO: 访问控制器:\app\Controller\submerController [] []
[2018-03-25 18:44:39] Rookie-Framework.INFO: 访问方法:links_add [] []
[2018-03-25 18:44:39] Rookie-Framework.INFO: 解析模板文件--/wwwroot/daohang/app/viewadmin.linksadd [] []
[2018-03-25 18:44:40] Rookie-Framework.INFO: 访问控制器:\app\Controller\favicon.icoController [] []
[2018-03-25 18:44:40] Rookie-Framework.INFO: 访问方法:index [] []
[2018-03-25 18:44:40] Rookie-Framework.DEBUG: 找不到控制器favicon.ico;文件地址：/wwwroot/daohang/app/Controller/favicon.icoController.php文件是否存在:0 [] []
[2018-03-25 18:44:47] Rookie-Framework.INFO: 访问控制器:\app\Controller\submerController [] []
[2018-03-25 18:44:47] Rookie-Framework.INFO: 访问方法:links_add [] []
[2018-03-25 18:44:47] Rookie-Framework.INFO: 解析模板文件--/wwwroot/daohang/app/viewadmin.linksadd [] []
[2018-03-25 18:44:48] Rookie-Framework.INFO: 访问控制器:\app\Controller\favicon.icoController [] []
[2018-03-25 18:44:48] Rookie-Framework.INFO: 访问方法:index [] []
[2018-03-25 18:44:48] Rookie-Framework.DEBUG: 找不到控制器favicon.ico;文件地址：/wwwroot/daohang/app/Controller/favicon.icoController.php文件是否存在:0 [] []
[2018-03-25 18:44:51] Rookie-Framework.INFO: 访问控制器:\app\Controller\submerController [] []
[2018-03-25 18:44:51] Rookie-Framework.INFO: 访问方法:links_add [] []
[2018-03-25 18:44:51] Rookie-Framework.INFO: 解析模板文件--/wwwroot/daohang/app/viewadmin.linksadd [] []
[2018-03-25 18:44:51] Rookie-Framework.INFO: 访问控制器:\app\Controller\favicon.icoController [] []
[2018-03-25 18:44:51] Rookie-Framework.INFO: 访问方法:index [] []
[2018-03-25 18:44:51] Rookie-Framework.DEBUG: 找不到控制器favicon.ico;文件地址：/wwwroot/daohang/app/Controller/favicon.icoController.php文件是否存在:0 [] []
[2018-03-25 18:45:12] Rookie-Framework.INFO: 访问控制器:\app\Controller\submerController [] []
[2018-03-25 18:45:12] Rookie-Framework.INFO: 访问方法:links_add [] []
[2018-03-25 18:45:12] Rookie-Framework.INFO: 解析模板文件--/wwwroot/daohang/app/viewadmin.linksadd [] []
[2018-03-25 18:45:13] Rookie-Framework.INFO: 访问控制器:\app\Controller\favicon.icoController [] []
[2018-03-25 18:45:13] Rookie-Framework.INFO: 访问方法:index [] []
[2018-03-25 18:45:13] Rookie-Framework.DEBUG: 找不到控制器favicon.ico;文件地址：/wwwroot/daohang/app/Controller/favicon.icoController.php文件是否存在:0 [] []
[2018-03-25 18:46:16] Rookie-Framework.INFO: 访问控制器:\app\Controller\submerApiController [] []
[2018-03-25 18:46:16] Rookie-Framework.INFO: 访问方法:linksAdd [] []
[2018-03-25 18:46:57] Rookie-Framework.INFO: 访问控制器:\app\Controller\submerApiController [] []
[2018-03-25 18:46:57] Rookie-Framework.INFO: 访问方法:linksAdd [] []
[2018-03-25 18:46:57] Rookie-Framework.DEBUG: 找不到控制器submerApi;文件地址：/wwwroot/daohang/app/Controller/submerApiController.php文件是否存在:0 [] []
[2018-03-25 18:47:25] Rookie-Framework.INFO: 访问控制器:\app\Controller\submerApiController [] []
[2018-03-25 18:47:25] Rookie-Framework.INFO: 访问方法:linksAdd [] []
[2018-03-25 18:47:41] Rookie-Framework.INFO: 访问控制器:\app\Controller\submerApiController [] []
[2018-03-25 18:47:41] Rookie-Framework.INFO: 访问方法:linksAdd [] []
[2018-03-25 18:47:41] Rookie-Framework.DEBUG: 找不到控制器submerApi;文件地址：/wwwroot/daohang/app/Controller/submerApiController.php文件是否存在:0 [] []
[2018-03-25 18:47:45] Rookie-Framework.INFO: 访问控制器:\app\Controller\submerApiController [] []
[2018-03-25 18:47:45] Rookie-Framework.INFO: 访问方法:linksAdd [] []
[2018-03-25 18:47:45] Rookie-Framework.DEBUG: 找不到控制器submerApi;文件地址：/wwwroot/daohang/app/Controller/submerApiController.php文件是否存在:0 [] []
[2018-03-25 18:47:47] Rookie-Framework.INFO: 访问控制器:\app\Controller\submerApiController [] []
[2018-03-25 18:47:47] Rookie-Framework.INFO: 访问方法:linksAdd [] []
[2018-03-25 18:47:47] Rookie-Framework.DEBUG: 找不到控制器submerApi;文件地址：/wwwroot/daohang/app/Controller/submerApiController.php文件是否存在:0 [] []
[2018-03-25 18:47:48] Rookie-Framework.INFO: 访问控制器:\app\Controller\submerApiController [] []
[2018-03-25 18:47:48] Rookie-Framework.INFO: 访问方法:linksAdd [] []
[2018-03-25 18:47:48] Rookie-Framework.DEBUG: 找不到控制器submerApi;文件地址：/wwwroot/daohang/app/Controller/submerApiController.php文件是否存在:0 [] []
[2018-03-25 18:47:50] Rookie-Framework.INFO: 访问控制器:\app\Controller\submerApiController [] []
[2018-03-25 18:47:50] Rookie-Framework.INFO: 访问方法:linksAdd [] []
[2018-03-25 18:47:50] Rookie-Framework.DEBUG: 找不到控制器submerApi;文件地址：/wwwroot/daohang/app/Controller/submerApiController.php文件是否存在:0 [] []
[2018-03-25 18:47:52] Rookie-Framework.INFO: 访问控制器:\app\Controller\submerApiController [] []
[2018-03-25 18:47:52] Rookie-Framework.INFO: 访问方法:linksAdd [] []
[2018-03-25 18:47:52] Rookie-Framework.DEBUG: 找不到控制器submerApi;文件地址：/wwwroot/daohang/app/Controller/submerApiController.php文件是否存在:0 [] []
[2018-03-25 18:47:53] Rookie-Framework.INFO: 访问控制器:\app\Controller\submerApiController [] []
[2018-03-25 18:47:53] Rookie-Framework.INFO: 访问方法:linksAdd [] []
[2018-03-25 18:47:53] Rookie-Framework.DEBUG: 找不到控制器submerApi;文件地址：/wwwroot/daohang/app/Controller/submerApiController.php文件是否存在:0 [] []
[2018-03-25 18:50:40] Rookie-Framework.INFO: 访问控制器:\app\Controller\submerApiController [] []
[2018-03-25 18:50:40] Rookie-Framework.INFO: 访问方法:linksAdd [] []
[2018-03-25 18:51:15] Rookie-Framework.INFO: 访问控制器:\app\Controller\submerApiController [] []
[2018-03-25 18:51:15] Rookie-Framework.INFO: 访问方法:linksAdd [] []
[2018-03-25 18:52:35] Rookie-Framework.INFO: 访问控制器:\app\Controller\submerApiController [] []
[2018-03-25 18:52:35] Rookie-Framework.INFO: 访问方法:linksAdd [] []
[2018-03-25 18:52:56] Rookie-Framework.INFO: 访问控制器:\app\Controller\submerApiController [] []
[2018-03-25 18:52:56] Rookie-Framework.INFO: 访问方法:linksAdd [] []
[2018-03-25 18:52:56] Rookie-Framework.DEBUG: 找不到控制器submerApi;文件地址：/wwwroot/daohang/app/Controller/submerApiController.php文件是否存在:0 [] []
[2018-03-25 18:53:03] Rookie-Framework.INFO: 访问控制器:\app\Controller\submerApiController [] []
[2018-03-25 18:53:03] Rookie-Framework.INFO: 访问方法:linksAdd [] []
[2018-03-25 18:53:03] Rookie-Framework.DEBUG: 找不到控制器submerApi;文件地址：/wwwroot/daohang/app/Controller/submerApiController.php文件是否存在:0 [] []
[2018-03-25 18:53:10] Rookie-Framework.INFO: 访问控制器:\app\Controller\submerApiController [] []
[2018-03-25 18:53:10] Rookie-Framework.INFO: 访问方法:linksAdd [] []
[2018-03-25 18:53:43] Rookie-Framework.INFO: 访问控制器:\app\Controller\submerApiController [] []
[2018-03-25 18:53:43] Rookie-Framework.INFO: 访问方法:linksAdd [] []
[2018-03-25 18:54:27] Rookie-Framework.INFO: 访问控制器:\app\Controller\submerApiController [] []
[2018-03-25 18:54:27] Rookie-Framework.INFO: 访问方法:linksAdd [] []
[2018-03-25 18:54:39] Rookie-Framework.INFO: 访问控制器:\app\Controller\submerApiController [] []
[2018-03-25 18:54:39] Rookie-Framework.INFO: 访问方法:linksAdd [] []
[2018-03-25 18:54:39] Rookie-Framework.DEBUG: 找不到控制器submerApi;文件地址：/wwwroot/daohang/app/Controller/submerApiController.php文件是否存在:0 [] []
[2018-03-25 18:54:51] Rookie-Framework.INFO: 访问控制器:\app\Controller\submerApiController [] []
[2018-03-25 18:54:51] Rookie-Framework.INFO: 访问方法:linksAdd [] []
[2018-03-25 18:54:51] Rookie-Framework.DEBUG: 找不到控制器submerApi;文件地址：/wwwroot/daohang/app/Controller/submerApiController.php文件是否存在:0 [] []
[2018-03-25 18:54:53] Rookie-Framework.INFO: 访问控制器:\app\Controller\submerApiController [] []
[2018-03-25 18:54:53] Rookie-Framework.INFO: 访问方法:linksAdd [] []
[2018-03-25 18:54:53] Rookie-Framework.DEBUG: 找不到控制器submerApi;文件地址：/wwwroot/daohang/app/Controller/submerApiController.php文件是否存在:0 [] []
[2018-03-25 18:54:55] Rookie-Framework.INFO: 访问控制器:\app\Controller\submerApiController [] []
[2018-03-25 18:54:55] Rookie-Framework.INFO: 访问方法:linksAdd [] []
[2018-03-25 18:54:55] Rookie-Framework.DEBUG: 找不到控制器submerApi;文件地址：/wwwroot/daohang/app/Controller/submerApiController.php文件是否存在:0 [] []
[2018-03-25 18:54:57] Rookie-Framework.INFO: 访问控制器:\app\Controller\submerApiController [] []
[2018-03-25 18:54:57] Rookie-Framework.INFO: 访问方法:linksAdd [] []
[2018-03-25 18:54:57] Rookie-Framework.DEBUG: 找不到控制器submerApi;文件地址：/wwwroot/daohang/app/Controller/submerApiController.php文件是否存在:0 [] []
[2018-03-25 18:55:02] Rookie-Framework.INFO: 访问控制器:\app\Controller\submerApiController [] []
[2018-03-25 18:55:02] Rookie-Framework.INFO: 访问方法:linksAdd [] []
[2018-03-25 18:55:33] Rookie-Framework.INFO: 访问控制器:\app\Controller\submerApiController [] []
[2018-03-25 18:55:33] Rookie-Framework.INFO: 访问方法:linksAdd [] []
[2018-03-25 18:55:52] Rookie-Framework.INFO: 访问控制器:\app\Controller\submerApiController [] []
[2018-03-25 18:55:52] Rookie-Framework.INFO: 访问方法:linksAdd [] []
[2018-03-25 18:56:25] Rookie-Framework.INFO: 访问控制器:\app\Controller\submerApiController [] []
[2018-03-25 18:56:25] Rookie-Framework.INFO: 访问方法:linksAdd [] []
[2018-03-25 18:57:05] Rookie-Framework.INFO: 访问控制器:\app\Controller\submerApiController [] []
[2018-03-25 18:57:05] Rookie-Framework.INFO: 访问方法:linksAdd [] []
[2018-03-25 18:57:27] Rookie-Framework.INFO: 访问控制器:\app\Controller\submerApiController [] []
[2018-03-25 18:57:27] Rookie-Framework.INFO: 访问方法:linksAdd [] []
[2018-03-25 18:57:27] Rookie-Framework.DEBUG: 找不到控制器submerApi;文件地址：/wwwroot/daohang/app/Controller/submerApiController.php文件是否存在:0 [] []
[2018-03-25 18:57:40] Rookie-Framework.INFO: 访问控制器:\app\Controller\submerApiController [] []
[2018-03-25 18:57:40] Rookie-Framework.INFO: 访问方法:linksAdd [] []
[2018-03-25 18:57:47] Rookie-Framework.INFO: 访问控制器:\app\Controller\submerApiController [] []
[2018-03-25 18:57:47] Rookie-Framework.INFO: 访问方法:linksAdd [] []
