[2018-03-25 17:04:58] Rookie-Framework.INFO: 访问控制器:\app\Controller\submerController [] []
[2018-03-25 17:04:58] Rookie-Framework.INFO: 访问方法:links_sort [] []
[2018-03-25 17:04:58] Rookie-Framework.INFO: 解析模板文件--/wwwroot/daohang/app/viewadmin.linksort [] []
[2018-03-25 17:05:00] Rookie-Framework.INFO: 访问控制器:\app\Controller\submerController [] []
[2018-03-25 17:05:00] Rookie-Framework.INFO: 访问方法:link_sort_add [] []
[2018-03-25 17:05:00] Rookie-Framework.INFO: 解析模板文件--/wwwroot/daohang/app/viewadmin.linksortadd [] []
[2018-03-25 17:05:10] Rookie-Framework.INFO: 访问控制器:\app\Controller\submerApiController [] []
[2018-03-25 17:05:10] Rookie-Framework.INFO: 访问方法:addSort [] []
[2018-03-25 17:05:11] Rookie-Framework.INFO: 访问控制器:\app\Controller\submerController [] []
[2018-03-25 17:05:11] Rookie-Framework.INFO: 访问方法:link_sort_add?title=%E6%BF%80%E6%83%85%E5%B0%8F%E8%AF%B4&code=book&sorting=1&id= [] []
[2018-03-25 17:05:11] Rookie-Framework.INFO: 解析模板文件--/wwwroot/daohang/app/viewadmin.linksortadd [] []
[2018-03-25 17:05:14] Rookie-Framework.INFO: 访问控制器:\app\Controller\submerController [] []
[2018-03-25 17:05:14] Rookie-Framework.INFO: 访问方法:links_sort [] []
[2018-03-25 17:05:14] Rookie-Framework.INFO: 解析模板文件--/wwwroot/daohang/app/viewadmin.linksort [] []
[2018-03-25 17:05:15] Rookie-Framework.INFO: 访问控制器:\app\Controller\submerController [] []
[2018-03-25 17:05:15] Rookie-Framework.INFO: 访问方法:link_sort_add [] []
[2018-03-25 17:05:15] Rookie-Framework.INFO: 解析模板文件--/wwwroot/daohang/app/viewadmin.linksortadd [] []
[2018-03-25 17:05:23] Rookie-Framework.INFO: 访问控制器:\app\Controller\submerController [] []
[2018-03-25 17:05:23] Rookie-Framework.INFO: 访问方法:link_sort_add?title=%E5%9C%A8%E7%BA%BF%E8%A7%86%E9%A2%91&code=video&sorting=2&id= [] []
[2018-03-25 17:05:23] Rookie-Framework.INFO: 解析模板文件--/wwwroot/daohang/app/viewadmin.linksortadd [] []
[2018-03-25 17:05:23] Rookie-Framework.INFO: 访问控制器:\app\Controller\submerApiController [] []
[2018-03-25 17:05:23] Rookie-Framework.INFO: 访问方法:addSort [] []
[2018-03-25 17:05:26] Rookie-Framework.INFO: 访问控制器:\app\Controller\submerController [] []
[2018-03-25 17:05:26] Rookie-Framework.INFO: 访问方法:links_sort [] []
[2018-03-25 17:05:26] Rookie-Framework.INFO: 解析模板文件--/wwwroot/daohang/app/viewadmin.linksort [] []
[2018-03-25 17:08:32] Rookie-Framework.INFO: 访问控制器:\app\Controller\submerController [] []
[2018-03-25 17:08:32] Rookie-Framework.INFO: 访问方法:links [] []
[2018-03-25 17:08:32] Rookie-Framework.INFO: 解析模板文件--/wwwroot/daohang/app/viewadmin.link [] []
[2018-03-25 17:14:30] Rookie-Framework.INFO: 访问控制器:\app\Controller\submerController [] []
[2018-03-25 17:14:30] Rookie-Framework.INFO: 访问方法:index [] []
[2018-03-25 17:14:30] Rookie-Framework.INFO: 解析模板文件--/wwwroot/daohang/app/viewadmin.index [] []
[2018-03-25 17:14:31] Rookie-Framework.INFO: 访问控制器:\app\Controller\submerController [] []
[2018-03-25 17:14:31] Rookie-Framework.INFO: 访问方法:welcome.html [] []
[2018-03-25 17:14:31] Rookie-Framework.INFO: 访问控制器:\app\Controller\favicon.icoController [] []
[2018-03-25 17:14:31] Rookie-Framework.INFO: 访问方法:index [] []
[2018-03-25 17:14:31] Rookie-Framework.DEBUG: 找不到控制器favicon.ico [] []
[2018-03-25 17:15:36] Rookie-Framework.INFO: 访问控制器:\app\Controller\submerController [] []
[2018-03-25 17:15:36] Rookie-Framework.INFO: 访问方法:index [] []
[2018-03-25 17:15:36] Rookie-Framework.INFO: 解析模板文件--/wwwroot/daohang/app/viewadmin.index [] []
[2018-03-25 17:15:37] Rookie-Framework.INFO: 访问控制器:\app\Controller\submerController [] []
[2018-03-25 17:15:37] Rookie-Framework.INFO: 访问方法:welcome.html [] []
[2018-03-25 17:15:37] Rookie-Framework.INFO: 访问控制器:\app\Controller\favicon.icoController [] []
[2018-03-25 17:15:37] Rookie-Framework.INFO: 访问方法:index [] []
[2018-03-25 17:15:37] Rookie-Framework.DEBUG: 找不到控制器favicon.ico [] []
[2018-03-25 17:15:45] Rookie-Framework.INFO: 访问控制器:\app\Controller\submerController [] []
[2018-03-25 17:15:45] Rookie-Framework.INFO: 访问方法:links [] []
[2018-03-25 17:15:46] Rookie-Framework.INFO: 解析模板文件--/wwwroot/daohang/app/viewadmin.link [] []
[2018-03-25 17:15:47] Rookie-Framework.INFO: 访问控制器:\app\Controller\submerController [] []
[2018-03-25 17:15:47] Rookie-Framework.INFO: 访问方法:links [] []
[2018-03-25 17:15:47] Rookie-Framework.INFO: 解析模板文件--/wwwroot/daohang/app/viewadmin.link [] []
[2018-03-25 17:28:59] Rookie-Framework.INFO: 访问控制器:\app\Controller\submerController [] []
[2018-03-25 17:28:59] Rookie-Framework.INFO: 访问方法:links [] []
[2018-03-25 17:29:24] Rookie-Framework.INFO: 访问控制器:\app\Controller\submerController [] []
[2018-03-25 17:29:24] Rookie-Framework.INFO: 访问方法:links [] []
[2018-03-25 17:29:50] Rookie-Framework.INFO: 访问控制器:\app\Controller\submerController [] []
[2018-03-25 17:29:50] Rookie-Framework.INFO: 访问方法:links [] []
[2018-03-25 17:29:50] Rookie-Framework.INFO: 解析模板文件--/wwwroot/daohang/app/viewadmin.link [] []
[2018-03-25 17:29:54] Rookie-Framework.INFO: 访问控制器:\app\Controller\submerController [] []
[2018-03-25 17:29:54] Rookie-Framework.INFO: 访问方法:links [] []
[2018-03-25 17:29:54] Rookie-Framework.INFO: 解析模板文件--/wwwroot/daohang/app/viewadmin.link [] []
[2018-03-25 17:31:19] Rookie-Framework.INFO: 访问控制器:\app\Controller\submerController [] []
[2018-03-25 17:31:19] Rookie-Framework.INFO: 访问方法:links [] []
[2018-03-25 17:31:19] Rookie-Framework.INFO: 解析模板文件--/wwwroot/daohang/app/viewadmin.link [] []
[2018-03-25 17:31:21] Rookie-Framework.INFO: 访问控制器:\app\Controller\submerController [] []
[2018-03-25 17:31:21] Rookie-Framework.INFO: 访问方法:links [] []
[2018-03-25 17:31:21] Rookie-Framework.INFO: 解析模板文件--/wwwroot/daohang/app/viewadmin.link [] []
[2018-03-25 17:31:43] Rookie-Framework.INFO: 访问控制器:\app\Controller\submerController [] []
[2018-03-25 17:31:43] Rookie-Framework.INFO: 访问方法:links [] []
[2018-03-25 17:31:46] Rookie-Framework.INFO: 访问控制器:\app\Controller\submerController [] []
[2018-03-25 17:31:46] Rookie-Framework.INFO: 访问方法:links [] []
[2018-03-25 17:31:50] Rookie-Framework.INFO: 访问控制器:\app\Controller\submerController [] []
[2018-03-25 17:31:50] Rookie-Framework.INFO: 访问方法:links [] []
[2018-03-25 17:32:21] Rookie-Framework.INFO: 访问控制器:\app\Controller\submerController [] []
[2018-03-25 17:32:21] Rookie-Framework.INFO: 访问方法:links [] []
[2018-03-25 17:32:21] Rookie-Framework.INFO: 解析模板文件--/wwwroot/daohang/app/viewadmin.link [] []
[2018-03-25 17:32:22] Rookie-Framework.INFO: 访问控制器:\app\Controller\submerController [] []
[2018-03-25 17:32:22] Rookie-Framework.INFO: 访问方法:links [] []
[2018-03-25 17:32:22] Rookie-Framework.INFO: 解析模板文件--/wwwroot/daohang/app/viewadmin.link [] []
[2018-03-25 17:48:48] Rookie-Framework.INFO: 访问控制器:\app\Controller\submerController [] []
[2018-03-25 17:48:48] Rookie-Framework.INFO: 访问方法:links [] []
[2018-03-25 17:48:48] Rookie-Framework.INFO: 解析模板文件--/wwwroot/daohang/app/viewadmin.link [] []
[2018-03-25 17:49:32] Rookie-Framework.INFO: 访问控制器:\app\Controller\submerController [] []
[2018-03-25 17:49:32] Rookie-Framework.INFO: 访问方法:links_sort [] []
[2018-03-25 17:49:32] Rookie-Framework.INFO: 解析模板文件--/wwwroot/daohang/app/viewadmin.linksort [] []
[2018-03-25 17:49:35] Rookie-Framework.INFO: 访问控制器:\app\Controller\submerController [] []
[2018-03-25 17:49:35] Rookie-Framework.INFO: 访问方法:links_add [] []
[2018-03-25 17:49:36] Rookie-Framework.INFO: 解析模板文件--/wwwroot/daohang/app/viewadmin.linksadd [] []
[2018-03-25 17:49:36] Rookie-Framework.INFO: 访问控制器:\app\Controller\favicon.icoController [] []
[2018-03-25 17:49:36] Rookie-Framework.INFO: 访问方法:index [] []
[2018-03-25 17:49:36] Rookie-Framework.DEBUG: 找不到控制器favicon.ico [] []
[2018-03-25 17:49:38] Rookie-Framework.INFO: 访问控制器:\app\Controller\submerController [] []
[2018-03-25 17:49:38] Rookie-Framework.INFO: 访问方法:links_add [] []
[2018-03-25 17:49:39] Rookie-Framework.INFO: 访问控制器:\app\Controller\favicon.icoController [] []
[2018-03-25 17:49:39] Rookie-Framework.INFO: 访问方法:index [] []
[2018-03-25 17:49:39] Rookie-Framework.DEBUG: 找不到控制器favicon.ico [] []
[2018-03-25 17:49:41] Rookie-Framework.INFO: 访问控制器:\app\Controller\submerController [] []
[2018-03-25 17:49:41] Rookie-Framework.INFO: 访问方法:links_add [] []
[2018-03-25 17:49:41] Rookie-Framework.INFO: 解析模板文件--/wwwroot/daohang/app/viewadmin.linksadd [] []
[2018-03-25 17:49:42] Rookie-Framework.INFO: 访问控制器:\app\Controller\favicon.icoController [] []
[2018-03-25 17:49:42] Rookie-Framework.INFO: 访问方法:index [] []
[2018-03-25 17:49:42] Rookie-Framework.DEBUG: 找不到控制器favicon.ico [] []
[2018-03-25 17:50:48] Rookie-Framework.INFO: 访问控制器:\app\Controller\submerController [] []
[2018-03-25 17:50:48] Rookie-Framework.INFO: 访问方法:links_add [] []
[2018-03-25 17:50:48] Rookie-Framework.INFO: 解析模板文件--/wwwroot/daohang/app/viewadmin.linksadd [] []
[2018-03-25 17:50:48] Rookie-Framework.INFO: 访问控制器:\app\Controller\favicon.icoController [] []
[2018-03-25 17:50:48] Rookie-Framework.INFO: 访问方法:index [] []
[2018-03-25 17:50:48] Rookie-Framework.DEBUG: 找不到控制器favicon.ico [] []
[2018-03-25 17:51:38] Rookie-Framework.INFO: 访问控制器:\app\Controller\submerController [] []
[2018-03-25 17:51:38] Rookie-Framework.INFO: 访问方法:links_add [] []
[2018-03-25 17:51:38] Rookie-Framework.INFO: 解析模板文件--/wwwroot/daohang/app/viewadmin.linksadd [] []
[2018-03-25 17:51:39] Rookie-Framework.INFO: 访问控制器:\app\Controller\favicon.icoController [] []
[2018-03-25 17:51:39] Rookie-Framework.INFO: 访问方法:index [] []
[2018-03-25 17:51:39] Rookie-Framework.DEBUG: 找不到控制器favicon.ico [] []
[2018-03-25 17:52:02] Rookie-Framework.INFO: 访问控制器:\app\Controller\submerController [] []
[2018-03-25 17:52:02] Rookie-Framework.INFO: 访问方法:links_add [] []
[2018-03-25 17:52:02] Rookie-Framework.INFO: 解析模板文件--/wwwroot/daohang/app/viewadmin.linksadd [] []
[2018-03-25 17:52:03] Rookie-Framework.INFO: 访问控制器:\app\Controller\favicon.icoController [] []
[2018-03-25 17:52:03] Rookie-Framework.INFO: 访问方法:index [] []
[2018-03-25 17:52:03] Rookie-Framework.DEBUG: 找不到控制器favicon.ico [] []
[2018-03-25 17:52:38] Rookie-Framework.INFO: 访问控制器:\app\Controller\submerController [] []
[2018-03-25 17:52:38] Rookie-Framework.INFO: 访问方法:links_add [] []
[2018-03-25 17:52:38] Rookie-Framework.INFO: 解析模板文件--/wwwroot/daohang/app/viewadmin.linksadd [] []
[2018-03-25 17:52:39] Rookie-Framework.INFO: 访问控制器:\app\Controller\favicon.icoController [] []
[2018-03-25 17:52:39] Rookie-Framework.INFO: 访问方法:index [] []
[2018-03-25 17:52:39] Rookie-Framework.DEBUG: 找不到控制器favicon.ico [] []
[2018-03-25 17:52:41] Rookie-Framework.INFO: 访问控制器:\app\Controller\submerController [] []
[2018-03-25 17:52:41] Rookie-Framework.INFO: 访问方法:links_add [] []
[2018-03-25 17:52:41] Rookie-Framework.INFO: 解析模板文件--/wwwroot/daohang/app/viewadmin.linksadd [] []
[2018-03-25 17:52:41] Rookie-Framework.INFO: 访问控制器:\app\Controller\favicon.icoController [] []
[2018-03-25 17:52:41] Rookie-Framework.INFO: 访问方法:index [] []
[2018-03-25 17:52:41] Rookie-Framework.DEBUG: 找不到控制器favicon.ico [] []
[2018-03-25 17:52:43] Rookie-Framework.INFO: 访问控制器:\app\Controller\submerController [] []
[2018-03-25 17:52:43] Rookie-Framework.INFO: 访问方法:links_add [] []
[2018-03-25 17:52:43] Rookie-Framework.INFO: 解析模板文件--/wwwroot/daohang/app/viewadmin.linksadd [] []
[2018-03-25 17:52:43] Rookie-Framework.INFO: 访问控制器:\app\Controller\favicon.icoController [] []
[2018-03-25 17:52:43] Rookie-Framework.INFO: 访问方法:index [] []
[2018-03-25 17:52:43] Rookie-Framework.DEBUG: 找不到控制器favicon.ico [] []
[2018-03-25 17:52:45] Rookie-Framework.INFO: 访问控制器:\app\Controller\submerController [] []
[2018-03-25 17:52:45] Rookie-Framework.INFO: 访问方法:links_add [] []
[2018-03-25 17:52:45] Rookie-Framework.INFO: 解析模板文件--/wwwroot/daohang/app/viewadmin.linksadd [] []
[2018-03-25 17:52:46] Rookie-Framework.INFO: 访问控制器:\app\Controller\favicon.icoController [] []
[2018-03-25 17:52:46] Rookie-Framework.INFO: 访问方法:index [] []
[2018-03-25 17:52:46] Rookie-Framework.DEBUG: 找不到控制器favicon.ico [] []
[2018-03-25 17:52:47] Rookie-Framework.INFO: 访问控制器:\app\Controller\submerController [] []
[2018-03-25 17:52:47] Rookie-Framework.INFO: 访问方法:links_add [] []
[2018-03-25 17:52:48] Rookie-Framework.INFO: 解析模板文件--/wwwroot/daohang/app/viewadmin.linksadd [] []
[2018-03-25 17:52:48] Rookie-Framework.INFO: 访问控制器:\app\Controller\favicon.icoController [] []
[2018-03-25 17:52:48] Rookie-Framework.INFO: 访问方法:index [] []
[2018-03-25 17:52:48] Rookie-Framework.DEBUG: 找不到控制器favicon.ico [] []
[2018-03-25 17:53:02] Rookie-Framework.INFO: 访问控制器:\app\Controller\submerController [] []
[2018-03-25 17:53:02] Rookie-Framework.INFO: 访问方法:links_add [] []
[2018-03-25 17:53:02] Rookie-Framework.INFO: 解析模板文件--/wwwroot/daohang/app/viewadmin.linksadd [] []
[2018-03-25 17:53:02] Rookie-Framework.INFO: 访问控制器:\app\Controller\favicon.icoController [] []
[2018-03-25 17:53:02] Rookie-Framework.INFO: 访问方法:index [] []
[2018-03-25 17:53:02] Rookie-Framework.DEBUG: 找不到控制器favicon.ico [] []
[2018-03-25 17:53:48] Rookie-Framework.INFO: 访问控制器:\app\Controller\submerController [] []
[2018-03-25 17:53:48] Rookie-Framework.INFO: 访问方法:links_add [] []
[2018-03-25 17:53:48] Rookie-Framework.INFO: 解析模板文件--/wwwroot/daohang/app/viewadmin.linksadd [] []
[2018-03-25 17:53:49] Rookie-Framework.INFO: 访问控制器:\app\Controller\favicon.icoController [] []
[2018-03-25 17:53:49] Rookie-Framework.INFO: 访问方法:index [] []
[2018-03-25 17:53:49] Rookie-Framework.DEBUG: 找不到控制器favicon.ico [] []
[2018-03-25 17:54:10] Rookie-Framework.INFO: 访问控制器:\app\Controller\submerController [] []
[2018-03-25 17:54:10] Rookie-Framework.INFO: 访问方法:links_add [] []
[2018-03-25 17:54:10] Rookie-Framework.INFO: 解析模板文件--/wwwroot/daohang/app/viewadmin.linksadd [] []
[2018-03-25 17:54:11] Rookie-Framework.INFO: 访问控制器:\app\Controller\favicon.icoController [] []
[2018-03-25 17:54:11] Rookie-Framework.INFO: 访问方法:index [] []
[2018-03-25 17:54:11] Rookie-Framework.DEBUG: 找不到控制器favicon.ico [] []
[2018-03-25 17:54:56] Rookie-Framework.INFO: 访问控制器:\app\Controller\submerController [] []
[2018-03-25 17:54:56] Rookie-Framework.INFO: 访问方法:links_add [] []
[2018-03-25 17:54:56] Rookie-Framework.INFO: 解析模板文件--/wwwroot/daohang/app/viewadmin.linksadd [] []
[2018-03-25 17:54:57] Rookie-Framework.INFO: 访问控制器:\app\Controller\favicon.icoController [] []
[2018-03-25 17:54:57] Rookie-Framework.INFO: 访问方法:index [] []
[2018-03-25 17:54:57] Rookie-Framework.DEBUG: 找不到控制器favicon.ico [] []
[2018-03-25 17:55:34] Rookie-Framework.INFO: 访问控制器:\app\Controller\submerController [] []
[2018-03-25 17:55:34] Rookie-Framework.INFO: 访问方法:links_add [] []
[2018-03-25 17:55:34] Rookie-Framework.INFO: 解析模板文件--/wwwroot/daohang/app/viewadmin.linksadd [] []
[2018-03-25 17:55:35] Rookie-Framework.INFO: 访问控制器:\app\Controller\favicon.icoController [] []
[2018-03-25 17:55:35] Rookie-Framework.INFO: 访问方法:index [] []
[2018-03-25 17:55:35] Rookie-Framework.DEBUG: 找不到控制器favicon.ico [] []
[2018-03-25 17:58:30] Rookie-Framework.INFO: 访问控制器:\app\Controller\submerController [] []
[2018-03-25 17:58:30] Rookie-Framework.INFO: 访问方法:links_add [] []
[2018-03-25 17:58:30] Rookie-Framework.INFO: 解析模板文件--/wwwroot/daohang/app/viewadmin.linksadd [] []
[2018-03-25 17:58:30] Rookie-Framework.INFO: 访问控制器:\app\Controller\favicon.icoController [] []
[2018-03-25 17:58:30] Rookie-Framework.INFO: 访问方法:index [] []
[2018-03-25 17:58:30] Rookie-Framework.DEBUG: 找不到控制器favicon.ico [] []
[2018-03-25 17:58:33] Rookie-Framework.INFO: 访问控制器:\app\Controller\submerController [] []
[2018-03-25 17:58:33] Rookie-Framework.INFO: 访问方法:links_add [] []
[2018-03-25 17:58:33] Rookie-Framework.INFO: 解析模板文件--/wwwroot/daohang/app/viewadmin.linksadd [] []
[2018-03-25 17:58:33] Rookie-Framework.INFO: 访问控制器:\app\Controller\favicon.icoController [] []
[2018-03-25 17:58:33] Rookie-Framework.INFO: 访问方法:index [] []
[2018-03-25 17:58:33] Rookie-Framework.DEBUG: 找不到控制器favicon.ico [] []
