[2018-03-25 23:01:57] Rookie-Framework.INFO: 访问控制器:\app\Controller\submerController [] []
[2018-03-25 23:01:57] Rookie-Framework.INFO: 访问方法:links_add [] []
[2018-03-25 23:01:57] Rookie-Framework.INFO: 解析模板文件--/wwwroot/daohang/app/viewadmin.linksadd [] []
[2018-03-25 23:02:01] Rookie-Framework.INFO: 访问控制器:\app\Controller\submerApiController [] []
[2018-03-25 23:02:01] Rookie-Framework.INFO: 访问方法:linksAdd [] []
[2018-03-25 23:02:02] Rookie-Framework.INFO: 访问控制器:\app\Controller\submerController [] []
[2018-03-25 23:02:02] Rookie-Framework.INFO: 访问方法:links_add [] []
[2018-03-25 23:02:02] Rookie-Framework.INFO: 解析模板文件--/wwwroot/daohang/app/viewadmin.linksadd [] []
[2018-03-25 23:02:04] Rookie-Framework.INFO: 访问控制器:\app\Controller\submerController [] []
[2018-03-25 23:02:04] Rookie-Framework.INFO: 访问方法:links [] []
[2018-03-25 23:02:04] Rookie-Framework.INFO: 解析模板文件--/wwwroot/daohang/app/viewadmin.link [] []
[2018-03-25 23:02:18] Rookie-Framework.INFO: 访问控制器:\app\Controller\submerController [] []
[2018-03-25 23:02:18] Rookie-Framework.INFO: 访问方法:links_add [] []
[2018-03-25 23:02:18] Rookie-Framework.INFO: 解析模板文件--/wwwroot/daohang/app/viewadmin.linksadd [] []
[2018-03-25 23:02:24] Rookie-Framework.INFO: 访问控制器:\app\Controller\submerApiController [] []
[2018-03-25 23:02:24] Rookie-Framework.INFO: 访问方法:linksAdd [] []
[2018-03-25 23:02:24] Rookie-Framework.INFO: 访问控制器:\app\Controller\submerController [] []
[2018-03-25 23:02:24] Rookie-Framework.INFO: 访问方法:links_add [] []
[2018-03-25 23:02:24] Rookie-Framework.INFO: 解析模板文件--/wwwroot/daohang/app/viewadmin.linksadd [] []
[2018-03-25 23:02:27] Rookie-Framework.INFO: 访问控制器:\app\Controller\submerController [] []
[2018-03-25 23:02:27] Rookie-Framework.INFO: 访问方法:links [] []
[2018-03-25 23:02:27] Rookie-Framework.INFO: 解析模板文件--/wwwroot/daohang/app/viewadmin.link [] []
[2018-03-25 23:02:29] Rookie-Framework.INFO: 访问控制器:\app\Controller\submerController [] []
[2018-03-25 23:02:29] Rookie-Framework.INFO: 访问方法:links [] []
[2018-03-25 23:02:29] Rookie-Framework.INFO: 解析模板文件--/wwwroot/daohang/app/viewadmin.link [] []
[2018-03-25 23:02:44] Rookie-Framework.INFO: 访问控制器:\app\Controller\submerController [] []
[2018-03-25 23:02:44] Rookie-Framework.INFO: 访问方法:links_add [] []
[2018-03-25 23:02:44] Rookie-Framework.INFO: 解析模板文件--/wwwroot/daohang/app/viewadmin.linksadd [] []
[2018-03-25 23:03:01] Rookie-Framework.INFO: 访问控制器:\app\Controller\submerController [] []
[2018-03-25 23:03:01] Rookie-Framework.INFO: 访问方法:links_add [] []
[2018-03-25 23:03:01] Rookie-Framework.INFO: 解析模板文件--/wwwroot/daohang/app/viewadmin.linksadd [] []
[2018-03-25 23:03:01] Rookie-Framework.INFO: 访问控制器:\app\Controller\submerApiController [] []
[2018-03-25 23:03:01] Rookie-Framework.INFO: 访问方法:linksAdd [] []
[2018-03-25 23:03:50] Rookie-Framework.INFO: 访问控制器:\app\Controller\submerController [] []
[2018-03-25 23:03:50] Rookie-Framework.INFO: 访问方法:links_add [] []
[2018-03-25 23:03:50] Rookie-Framework.INFO: 解析模板文件--/wwwroot/daohang/app/viewadmin.linksadd [] []
[2018-03-25 23:03:51] Rookie-Framework.INFO: 访问控制器:\app\Controller\favicon.icoController [] []
[2018-03-25 23:03:51] Rookie-Framework.INFO: 访问方法:index [] []
[2018-03-25 23:03:51] Rookie-Framework.DEBUG: 找不到控制器favicon.ico;文件地址：/wwwroot/daohang/app/Controller/favicon.icoController.php文件是否存在:0 [] []
[2018-03-25 23:03:52] Rookie-Framework.INFO: 访问控制器:\app\Controller\submerController [] []
[2018-03-25 23:03:52] Rookie-Framework.INFO: 访问方法:links_add [] []
[2018-03-25 23:03:52] Rookie-Framework.INFO: 解析模板文件--/wwwroot/daohang/app/viewadmin.linksadd [] []
[2018-03-25 23:03:53] Rookie-Framework.INFO: 访问控制器:\app\Controller\favicon.icoController [] []
[2018-03-25 23:03:53] Rookie-Framework.INFO: 访问方法:index [] []
[2018-03-25 23:03:53] Rookie-Framework.DEBUG: 找不到控制器favicon.ico;文件地址：/wwwroot/daohang/app/Controller/favicon.icoController.php文件是否存在:0 [] []
[2018-03-25 23:03:59] Rookie-Framework.INFO: 访问控制器:\app\Controller\submerApiController [] []
[2018-03-25 23:03:59] Rookie-Framework.INFO: 访问方法:linksAdd [] []
[2018-03-25 23:03:59] Rookie-Framework.INFO: 访问控制器:\app\Controller\submerController [] []
[2018-03-25 23:03:59] Rookie-Framework.INFO: 访问方法:links_add [] []
[2018-03-25 23:03:59] Rookie-Framework.INFO: 解析模板文件--/wwwroot/daohang/app/viewadmin.linksadd [] []
[2018-03-25 23:04:00] Rookie-Framework.INFO: 访问控制器:\app\Controller\favicon.icoController [] []
[2018-03-25 23:04:00] Rookie-Framework.INFO: 访问方法:index [] []
[2018-03-25 23:04:00] Rookie-Framework.DEBUG: 找不到控制器favicon.ico;文件地址：/wwwroot/daohang/app/Controller/favicon.icoController.php文件是否存在:0 [] []
[2018-03-25 23:04:55] Rookie-Framework.INFO: 访问控制器:\app\Controller\submerController [] []
[2018-03-25 23:04:55] Rookie-Framework.INFO: 访问方法:links_add [] []
[2018-03-25 23:04:55] Rookie-Framework.INFO: 解析模板文件--/wwwroot/daohang/app/viewadmin.linksadd [] []
[2018-03-25 23:04:55] Rookie-Framework.INFO: 访问控制器:\app\Controller\favicon.icoController [] []
[2018-03-25 23:04:55] Rookie-Framework.INFO: 访问方法:index [] []
[2018-03-25 23:04:55] Rookie-Framework.DEBUG: 找不到控制器favicon.ico;文件地址：/wwwroot/daohang/app/Controller/favicon.icoController.php文件是否存在:0 [] []
[2018-03-25 23:05:03] Rookie-Framework.INFO: 访问控制器:\app\Controller\submerApiController [] []
[2018-03-25 23:05:03] Rookie-Framework.INFO: 访问方法:linksAdd [] []
[2018-03-25 23:07:02] Rookie-Framework.INFO: 访问控制器:\app\Controller\submerApiController [] []
[2018-03-25 23:07:02] Rookie-Framework.INFO: 访问方法:linksAdd [] []
[2018-03-25 23:07:36] Rookie-Framework.INFO: 访问控制器:\app\Controller\submerApiController [] []
[2018-03-25 23:07:36] Rookie-Framework.INFO: 访问方法:linksAdd [] []
[2018-03-25 23:07:51] Rookie-Framework.INFO: 访问控制器:\app\Controller\submerController [] []
[2018-03-25 23:07:51] Rookie-Framework.INFO: 访问方法:links [] []
[2018-03-25 23:07:51] Rookie-Framework.INFO: 解析模板文件--/wwwroot/daohang/app/viewadmin.link [] []
[2018-03-25 23:07:54] Rookie-Framework.INFO: 访问控制器:\app\Controller\submerController [] []
[2018-03-25 23:07:54] Rookie-Framework.INFO: 访问方法:links_add [] []
[2018-03-25 23:07:54] Rookie-Framework.INFO: 解析模板文件--/wwwroot/daohang/app/viewadmin.linksadd [] []
[2018-03-25 23:08:00] Rookie-Framework.INFO: 访问控制器:\app\Controller\submerApiController [] []
[2018-03-25 23:08:00] Rookie-Framework.INFO: 访问方法:linksAdd [] []
[2018-03-25 23:08:04] Rookie-Framework.INFO: 访问控制器:\app\Controller\submerController [] []
[2018-03-25 23:08:04] Rookie-Framework.INFO: 访问方法:links [] []
[2018-03-25 23:08:04] Rookie-Framework.INFO: 解析模板文件--/wwwroot/daohang/app/viewadmin.link [] []
[2018-03-25 23:08:14] Rookie-Framework.INFO: 访问控制器:\app\Controller\submerController [] []
[2018-03-25 23:08:14] Rookie-Framework.INFO: 访问方法:links_add [] []
[2018-03-25 23:08:15] Rookie-Framework.INFO: 解析模板文件--/wwwroot/daohang/app/viewadmin.linksadd [] []
[2018-03-25 23:08:22] Rookie-Framework.INFO: 访问控制器:\app\Controller\submerApiController [] []
[2018-03-25 23:08:22] Rookie-Framework.INFO: 访问方法:linksAdd [] []
[2018-03-25 23:08:25] Rookie-Framework.INFO: 访问控制器:\app\Controller\submerController [] []
[2018-03-25 23:08:25] Rookie-Framework.INFO: 访问方法:links [] []
[2018-03-25 23:08:25] Rookie-Framework.INFO: 解析模板文件--/wwwroot/daohang/app/viewadmin.link [] []
[2018-03-25 23:09:24] Rookie-Framework.INFO: 访问控制器:\app\Controller\submerController [] []
[2018-03-25 23:09:24] Rookie-Framework.INFO: 访问方法:links_add [] []
[2018-03-25 23:09:24] Rookie-Framework.INFO: 解析模板文件--/wwwroot/daohang/app/viewadmin.linksadd [] []
[2018-03-25 23:09:31] Rookie-Framework.INFO: 访问控制器:\app\Controller\submerApiController [] []
[2018-03-25 23:09:31] Rookie-Framework.INFO: 访问方法:linksAdd [] []
[2018-03-25 23:09:37] Rookie-Framework.INFO: 访问控制器:\app\Controller\submerApiController [] []
[2018-03-25 23:09:37] Rookie-Framework.INFO: 访问方法:linksAdd [] []
[2018-03-25 23:09:44] Rookie-Framework.INFO: 访问控制器:\app\Controller\submerController [] []
[2018-03-25 23:09:44] Rookie-Framework.INFO: 访问方法:links_add [] []
[2018-03-25 23:09:44] Rookie-Framework.INFO: 解析模板文件--/wwwroot/daohang/app/viewadmin.linksadd [] []
[2018-03-25 23:09:49] Rookie-Framework.INFO: 访问控制器:\app\Controller\submerApiController [] []
[2018-03-25 23:09:49] Rookie-Framework.INFO: 访问方法:linksAdd [] []
[2018-03-25 23:10:13] Rookie-Framework.INFO: 访问控制器:\app\Controller\submerController [] []
[2018-03-25 23:10:13] Rookie-Framework.INFO: 访问方法:links [] []
[2018-03-25 23:10:13] Rookie-Framework.INFO: 解析模板文件--/wwwroot/daohang/app/viewadmin.link [] []
[2018-03-25 23:10:15] Rookie-Framework.INFO: 访问控制器:\app\Controller\submerController [] []
[2018-03-25 23:10:15] Rookie-Framework.INFO: 访问方法:links_add [] []
[2018-03-25 23:10:16] Rookie-Framework.INFO: 解析模板文件--/wwwroot/daohang/app/viewadmin.linksadd [] []
[2018-03-25 23:10:21] Rookie-Framework.INFO: 访问控制器:\app\Controller\submerController [] []
[2018-03-25 23:10:21] Rookie-Framework.INFO: 访问方法:links [] []
[2018-03-25 23:10:21] Rookie-Framework.INFO: 解析模板文件--/wwwroot/daohang/app/viewadmin.link [] []
[2018-03-25 23:10:23] Rookie-Framework.INFO: 访问控制器:\app\Controller\submerController [] []
[2018-03-25 23:10:23] Rookie-Framework.INFO: 访问方法:links_add [] []
[2018-03-25 23:10:23] Rookie-Framework.INFO: 解析模板文件--/wwwroot/daohang/app/viewadmin.linksadd [] []
[2018-03-25 23:10:28] Rookie-Framework.INFO: 访问控制器:\app\Controller\submerController [] []
[2018-03-25 23:10:28] Rookie-Framework.INFO: 访问方法:links_add [] []
[2018-03-25 23:10:29] Rookie-Framework.INFO: 解析模板文件--/wwwroot/daohang/app/viewadmin.linksadd [] []
[2018-03-25 23:10:29] Rookie-Framework.INFO: 访问控制器:\app\Controller\favicon.icoController [] []
[2018-03-25 23:10:29] Rookie-Framework.INFO: 访问方法:index [] []
[2018-03-25 23:10:29] Rookie-Framework.DEBUG: 找不到控制器favicon.ico;文件地址：/wwwroot/daohang/app/Controller/favicon.icoController.php文件是否存在:0 [] []
[2018-03-25 23:10:30] Rookie-Framework.INFO: 访问控制器:\app\Controller\submerController [] []
[2018-03-25 23:10:30] Rookie-Framework.INFO: 访问方法:links_add [] []
[2018-03-25 23:10:30] Rookie-Framework.INFO: 解析模板文件--/wwwroot/daohang/app/viewadmin.linksadd [] []
[2018-03-25 23:10:31] Rookie-Framework.INFO: 访问控制器:\app\Controller\favicon.icoController [] []
[2018-03-25 23:10:31] Rookie-Framework.INFO: 访问方法:index [] []
[2018-03-25 23:10:31] Rookie-Framework.DEBUG: 找不到控制器favicon.ico;文件地址：/wwwroot/daohang/app/Controller/favicon.icoController.php文件是否存在:0 [] []
[2018-03-25 23:10:34] Rookie-Framework.INFO: 访问控制器:\app\Controller\submerController [] []
[2018-03-25 23:10:34] Rookie-Framework.INFO: 访问方法:links_add [] []
[2018-03-25 23:10:34] Rookie-Framework.INFO: 解析模板文件--/wwwroot/daohang/app/viewadmin.linksadd [] []
[2018-03-25 23:10:35] Rookie-Framework.INFO: 访问控制器:\app\Controller\favicon.icoController [] []
[2018-03-25 23:10:35] Rookie-Framework.INFO: 访问方法:index [] []
[2018-03-25 23:10:35] Rookie-Framework.DEBUG: 找不到控制器favicon.ico;文件地址：/wwwroot/daohang/app/Controller/favicon.icoController.php文件是否存在:0 [] []
[2018-03-25 23:10:39] Rookie-Framework.INFO: 访问控制器:\app\Controller\submerController [] []
[2018-03-25 23:10:39] Rookie-Framework.INFO: 访问方法:links [] []
[2018-03-25 23:10:40] Rookie-Framework.INFO: 解析模板文件--/wwwroot/daohang/app/viewadmin.link [] []
[2018-03-25 23:10:41] Rookie-Framework.INFO: 访问控制器:\app\Controller\submerController [] []
[2018-03-25 23:10:41] Rookie-Framework.INFO: 访问方法:links_add [] []
[2018-03-25 23:10:41] Rookie-Framework.INFO: 解析模板文件--/wwwroot/daohang/app/viewadmin.linksadd [] []
[2018-03-25 23:10:44] Rookie-Framework.INFO: 访问控制器:\app\Controller\submerController [] []
[2018-03-25 23:10:44] Rookie-Framework.INFO: 访问方法:links_add [] []
[2018-03-25 23:10:44] Rookie-Framework.INFO: 解析模板文件--/wwwroot/daohang/app/viewadmin.linksadd [] []
[2018-03-25 23:10:49] Rookie-Framework.INFO: 访问控制器:\app\Controller\submerApiController [] []
[2018-03-25 23:10:49] Rookie-Framework.INFO: 访问方法:linksAdd [] []
[2018-03-25 23:23:15] Rookie-Framework.INFO: 访问控制器:\app\Controller\submerController [] []
[2018-03-25 23:23:15] Rookie-Framework.INFO: 访问方法:links [] []
[2018-03-25 23:23:15] Rookie-Framework.INFO: 解析模板文件--/wwwroot/daohang/app/viewadmin.link [] []
[2018-03-25 23:23:17] Rookie-Framework.INFO: 访问控制器:\app\Controller\submerController [] []
[2018-03-25 23:23:17] Rookie-Framework.INFO: 访问方法:links [] []
[2018-03-25 23:23:17] Rookie-Framework.INFO: 解析模板文件--/wwwroot/daohang/app/viewadmin.link [] []
[2018-03-25 23:23:21] Rookie-Framework.INFO: 访问控制器:\app\Controller\submerApiController [] []
[2018-03-25 23:23:21] Rookie-Framework.INFO: 访问方法:delLinks [] []
[2018-03-25 23:23:23] Rookie-Framework.INFO: 访问控制器:\app\Controller\submerController [] []
[2018-03-25 23:23:23] Rookie-Framework.INFO: 访问方法:links [] []
[2018-03-25 23:23:23] Rookie-Framework.INFO: 解析模板文件--/wwwroot/daohang/app/viewadmin.link [] []
[2018-03-25 23:23:27] Rookie-Framework.INFO: 访问控制器:\app\Controller\submerApiController [] []
[2018-03-25 23:23:27] Rookie-Framework.INFO: 访问方法:delLinks [] []
[2018-03-25 23:23:29] Rookie-Framework.INFO: 访问控制器:\app\Controller\submerController [] []
[2018-03-25 23:23:29] Rookie-Framework.INFO: 访问方法:links [] []
[2018-03-25 23:23:29] Rookie-Framework.INFO: 解析模板文件--/wwwroot/daohang/app/viewadmin.link [] []
[2018-03-25 23:28:51] Rookie-Framework.INFO: 访问控制器:\app\Controller\submerController [] []
[2018-03-25 23:28:51] Rookie-Framework.INFO: 访问方法:links [] []
[2018-03-25 23:28:51] Rookie-Framework.INFO: 解析模板文件--/wwwroot/daohang/app/viewadmin.link [] []
[2018-03-25 23:29:01] Rookie-Framework.INFO: 访问控制器:\app\Controller\submerApiController [] []
[2018-03-25 23:29:01] Rookie-Framework.INFO: 访问方法:delLinks [] []
[2018-03-25 23:29:03] Rookie-Framework.INFO: 访问控制器:\app\Controller\submerController [] []
[2018-03-25 23:29:03] Rookie-Framework.INFO: 访问方法:links [] []
[2018-03-25 23:29:03] Rookie-Framework.INFO: 解析模板文件--/wwwroot/daohang/app/viewadmin.link [] []
[2018-03-25 23:32:24] Rookie-Framework.INFO: 访问控制器:\app\Controller\submerController [] []
[2018-03-25 23:32:24] Rookie-Framework.INFO: 访问方法:links [] []
[2018-03-25 23:34:26] Rookie-Framework.INFO: 访问控制器:\app\Controller\submerController [] []
[2018-03-25 23:34:26] Rookie-Framework.INFO: 访问方法:links [] []
[2018-03-25 23:34:26] Rookie-Framework.INFO: 解析模板文件--/wwwroot/daohang/app/viewadmin.link [] []
[2018-03-25 23:34:28] Rookie-Framework.INFO: 访问控制器:\app\Controller\submerController [] []
[2018-03-25 23:34:28] Rookie-Framework.INFO: 访问方法:links [] []
[2018-03-25 23:34:29] Rookie-Framework.INFO: 解析模板文件--/wwwroot/daohang/app/viewadmin.link [] []
[2018-03-25 23:35:41] Rookie-Framework.INFO: 访问控制器:\app\Controller\submerController [] []
[2018-03-25 23:35:41] Rookie-Framework.INFO: 访问方法:links [] []
[2018-03-25 23:35:41] Rookie-Framework.INFO: 解析模板文件--/wwwroot/daohang/app/viewadmin.link [] []
[2018-03-25 23:36:04] Rookie-Framework.INFO: 访问控制器:\app\Controller\submerController [] []
[2018-03-25 23:36:04] Rookie-Framework.INFO: 访问方法:links [] []
[2018-03-25 23:36:04] Rookie-Framework.INFO: 解析模板文件--/wwwroot/daohang/app/viewadmin.link [] []
[2018-03-25 23:38:52] Rookie-Framework.INFO: 访问控制器:\app\Controller\submerController [] []
[2018-03-25 23:38:52] Rookie-Framework.INFO: 访问方法:index [] []
[2018-03-25 23:38:52] Rookie-Framework.INFO: 解析模板文件--/wwwroot/daohang/app/viewadmin.index [] []
[2018-03-25 23:38:53] Rookie-Framework.INFO: 访问控制器:\app\Controller\submerController [] []
[2018-03-25 23:38:53] Rookie-Framework.INFO: 访问方法:welcome.html [] []
[2018-03-25 23:38:53] Rookie-Framework.INFO: 访问控制器:\app\Controller\favicon.icoController [] []
[2018-03-25 23:38:53] Rookie-Framework.INFO: 访问方法:index [] []
[2018-03-25 23:38:53] Rookie-Framework.DEBUG: 找不到控制器favicon.ico;文件地址：/wwwroot/daohang/app/Controller/favicon.icoController.php文件是否存在:0 [] []
[2018-03-25 23:38:56] Rookie-Framework.INFO: 访问控制器:\app\Controller\submerController [] []
[2018-03-25 23:38:56] Rookie-Framework.INFO: 访问方法:links [] []
[2018-03-25 23:38:57] Rookie-Framework.INFO: 解析模板文件--/wwwroot/daohang/app/viewadmin.link [] []
[2018-03-25 23:38:57] Rookie-Framework.INFO: 访问控制器:\app\Controller\submerController [] []
[2018-03-25 23:38:57] Rookie-Framework.INFO: 访问方法:links [] []
[2018-03-25 23:38:57] Rookie-Framework.INFO: 解析模板文件--/wwwroot/daohang/app/viewadmin.link [] []
[2018-03-25 23:38:58] Rookie-Framework.INFO: 访问控制器:\app\Controller\submerController [] []
[2018-03-25 23:38:58] Rookie-Framework.INFO: 访问方法:links_sort [] []
[2018-03-25 23:38:58] Rookie-Framework.INFO: 解析模板文件--/wwwroot/daohang/app/viewadmin.linksort [] []
[2018-03-25 23:41:43] Rookie-Framework.INFO: 访问控制器:\app\Controller\submerController [] []
[2018-03-25 23:41:43] Rookie-Framework.INFO: 访问方法:links [] []
[2018-03-25 23:41:43] Rookie-Framework.INFO: 解析模板文件--/wwwroot/daohang/app/viewadmin.link [] []
[2018-03-25 23:41:48] Rookie-Framework.INFO: 访问控制器:\app\Controller\submerApiController [] []
[2018-03-25 23:41:48] Rookie-Framework.INFO: 访问方法:delLinks [] []
[2018-03-25 23:41:49] Rookie-Framework.INFO: 访问控制器:\app\Controller\submerController [] []
[2018-03-25 23:41:49] Rookie-Framework.INFO: 访问方法:links [] []
[2018-03-25 23:41:49] Rookie-Framework.INFO: 解析模板文件--/wwwroot/daohang/app/viewadmin.link [] []
[2018-03-25 23:41:53] Rookie-Framework.INFO: 访问控制器:\app\Controller\submerApiController [] []
[2018-03-25 23:41:53] Rookie-Framework.INFO: 访问方法:delLinks [] []
[2018-03-25 23:41:55] Rookie-Framework.INFO: 访问控制器:\app\Controller\submerController [] []
[2018-03-25 23:41:55] Rookie-Framework.INFO: 访问方法:links_add [] []
[2018-03-25 23:41:56] Rookie-Framework.INFO: 解析模板文件--/wwwroot/daohang/app/viewadmin.linksadd [] []
[2018-03-25 23:42:05] Rookie-Framework.INFO: 访问控制器:\app\Controller\submerApiController [] []
[2018-03-25 23:42:05] Rookie-Framework.INFO: 访问方法:linksAdd [] []
[2018-03-25 23:42:08] Rookie-Framework.INFO: 访问控制器:\app\Controller\submerApiController [] []
[2018-03-25 23:42:08] Rookie-Framework.INFO: 访问方法:linksAdd [] []
[2018-03-25 23:42:19] Rookie-Framework.INFO: 访问控制器:\app\Controller\submerApiController [] []
[2018-03-25 23:42:19] Rookie-Framework.INFO: 访问方法:linksAdd [] []
[2018-03-25 23:46:32] Rookie-Framework.INFO: 访问控制器:\app\Controller\submerApiController [] []
[2018-03-25 23:46:32] Rookie-Framework.INFO: 访问方法:linksAdd [] []
[2018-03-25 23:46:37] Rookie-Framework.INFO: 访问控制器:\app\Controller\submerController [] []
[2018-03-25 23:46:37] Rookie-Framework.INFO: 访问方法:links [] []
[2018-03-25 23:46:37] Rookie-Framework.INFO: 解析模板文件--/wwwroot/daohang/app/viewadmin.link [] []
[2018-03-25 23:47:13] Rookie-Framework.INFO: 访问控制器:\app\Controller\submerController [] []
[2018-03-25 23:47:13] Rookie-Framework.INFO: 访问方法:links [] []
[2018-03-25 23:47:13] Rookie-Framework.INFO: 解析模板文件--/wwwroot/daohang/app/viewadmin.link [] []
[2018-03-25 23:47:44] Rookie-Framework.INFO: 访问控制器:\app\Controller\submerController [] []
[2018-03-25 23:47:44] Rookie-Framework.INFO: 访问方法:links [] []
[2018-03-25 23:47:44] Rookie-Framework.INFO: 解析模板文件--/wwwroot/daohang/app/viewadmin.link [] []
[2018-03-25 23:47:47] Rookie-Framework.INFO: 访问控制器:\app\Controller\submerApiController [] []
[2018-03-25 23:47:47] Rookie-Framework.INFO: 访问方法:delLinks [] []
[2018-03-25 23:50:58] Rookie-Framework.INFO: 访问控制器:\app\Controller\submerController [] []
[2018-03-25 23:50:58] Rookie-Framework.INFO: 访问方法:links_add [] []
[2018-03-25 23:50:58] Rookie-Framework.INFO: 解析模板文件--/wwwroot/daohang/app/viewadmin.linksadd [] []
[2018-03-25 23:51:05] Rookie-Framework.INFO: 访问控制器:\app\Controller\submerApiController [] []
[2018-03-25 23:51:05] Rookie-Framework.INFO: 访问方法:linksAdd [] []
[2018-03-25 23:55:41] Rookie-Framework.INFO: 访问控制器:\app\Controller\submerController [] []
[2018-03-25 23:55:41] Rookie-Framework.INFO: 访问方法:links [] []
[2018-03-25 23:55:41] Rookie-Framework.INFO: 解析模板文件--/wwwroot/daohang/app/viewadmin.link [] []
[2018-03-25 23:55:45] Rookie-Framework.INFO: 访问控制器:\app\Controller\submerApiController [] []
[2018-03-25 23:55:45] Rookie-Framework.INFO: 访问方法:delLinks [] []
[2018-03-25 23:55:46] Rookie-Framework.INFO: 访问控制器:\app\Controller\submerController [] []
[2018-03-25 23:55:46] Rookie-Framework.INFO: 访问方法:links_add [] []
[2018-03-25 23:55:46] Rookie-Framework.INFO: 解析模板文件--/wwwroot/daohang/app/viewadmin.linksadd [] []
[2018-03-25 23:55:53] Rookie-Framework.INFO: 访问控制器:\app\Controller\submerApiController [] []
[2018-03-25 23:55:53] Rookie-Framework.INFO: 访问方法:linksAdd [] []
[2018-03-25 23:56:31] Rookie-Framework.INFO: 访问控制器:\app\Controller\submerController [] []
[2018-03-25 23:56:31] Rookie-Framework.INFO: 访问方法:links [] []
[2018-03-25 23:56:31] Rookie-Framework.INFO: 解析模板文件--/wwwroot/daohang/app/viewadmin.link [] []
[2018-03-25 23:56:36] Rookie-Framework.INFO: 访问控制器:\app\Controller\submerController [] []
[2018-03-25 23:56:36] Rookie-Framework.INFO: 访问方法:links [] []
[2018-03-25 23:56:36] Rookie-Framework.INFO: 解析模板文件--/wwwroot/daohang/app/viewadmin.link [] []
[2018-03-25 23:56:54] Rookie-Framework.INFO: 访问控制器:\app\Controller\submerController [] []
[2018-03-25 23:56:54] Rookie-Framework.INFO: 访问方法:links [] []
[2018-03-25 23:56:56] Rookie-Framework.INFO: 访问控制器:\app\Controller\submerController [] []
[2018-03-25 23:56:56] Rookie-Framework.INFO: 访问方法:links [] []
[2018-03-25 23:57:09] Rookie-Framework.INFO: 访问控制器:\app\Controller\submerController [] []
[2018-03-25 23:57:09] Rookie-Framework.INFO: 访问方法:links [] []
[2018-03-25 23:57:09] Rookie-Framework.INFO: 解析模板文件--/wwwroot/daohang/app/viewadmin.link [] []
