[2018-03-28 15:00:14] Rookie-Framework.INFO: 访问控制器:\app\Controller\ApiController [] []
[2018-03-28 15:00:14] Rookie-Framework.INFO: 访问方法:autoSoturce [] []
[2018-03-28 15:00:23] Rookie-Framework.INFO: 访问控制器:\app\Controller\ApiController [] []
[2018-03-28 15:00:23] Rookie-Framework.INFO: 访问方法:autoSoturce [] []
[2018-03-28 15:00:34] Rookie-Framework.INFO: 访问控制器:\app\Controller\ApiController [] []
[2018-03-28 15:00:34] Rookie-Framework.INFO: 访问方法:autoSoturce [] []
[2018-03-28 15:00:49] Rookie-Framework.INFO: 访问控制器:\app\Controller\ApiController [] []
[2018-03-28 15:00:49] Rookie-Framework.INFO: 访问方法:autoSoturce [] []
[2018-03-28 15:01:21] Rookie-Framework.INFO: 访问控制器:\app\Controller\ApiController [] []
[2018-03-28 15:01:21] Rookie-Framework.INFO: 访问方法:autoSoturce [] []
[2018-03-28 15:03:30] Rookie-Framework.INFO: 访问控制器:\app\Controller\ApiController [] []
[2018-03-28 15:03:30] Rookie-Framework.INFO: 访问方法:autoSoturce [] []
[2018-03-28 15:03:37] Rookie-Framework.INFO: 访问控制器:\app\Controller\ApiController [] []
[2018-03-28 15:03:37] Rookie-Framework.INFO: 访问方法:autoSoturce [] []
[2018-03-28 15:16:02] Rookie-Framework.INFO: 访问控制器:\app\Controller\indexController [] []
[2018-03-28 15:16:02] Rookie-Framework.INFO: 访问方法:createindex [] []
[2018-03-28 15:16:02] Rookie-Framework.INFO: 解析模板文件--/wwwroot/daohang/app/viewindex.index [] []
[2018-03-28 15:16:12] Rookie-Framework.INFO: 访问控制器:\app\Controller\indexController [] []
[2018-03-28 15:16:12] Rookie-Framework.INFO: 访问方法:createindex [] []
[2018-03-28 15:16:12] Rookie-Framework.INFO: 解析模板文件--/wwwroot/daohang/app/viewindex.index [] []
[2018-03-28 15:16:49] Rookie-Framework.INFO: 访问控制器:\app\Controller\indexController [] []
[2018-03-28 15:16:49] Rookie-Framework.INFO: 访问方法:createindex [] []
[2018-03-28 15:16:49] Rookie-Framework.INFO: 解析模板文件--/wwwroot/daohang/app/viewindex.index [] []
[2018-03-28 15:16:56] Rookie-Framework.INFO: 访问控制器:\app\Controller\sign.htmlController [] []
[2018-03-28 15:16:56] Rookie-Framework.INFO: 访问方法:index [] []
[2018-03-28 15:16:56] Rookie-Framework.DEBUG: 找不到控制器sign.html;文件地址：/wwwroot/daohang/app/Controller/sign.htmlController.php文件是否存在:0 [] []
