[2018-03-28 18:39:30] Rookie-Framework.INFO: 访问控制器:\app\Controller\ApiController [] []
[2018-03-28 18:39:30] Rookie-Framework.INFO: 访问方法:autoUpateDaySource [] []
[2018-03-28 18:39:31] Rookie-Framework.INFO: 访问控制器:\app\Controller\favicon.icoController [] []
[2018-03-28 18:39:31] Rookie-Framework.INFO: 访问方法:index [] []
[2018-03-28 18:39:31] Rookie-Framework.DEBUG: 找不到控制器favicon.ico;文件地址：/wwwroot/daohang/app/Controller/favicon.icoController.php文件是否存在:0 [] []
[2018-03-28 18:48:15] Rookie-Framework.INFO: 访问控制器:\app\Controller\submerController [] []
[2018-03-28 18:48:15] Rookie-Framework.INFO: 访问方法:index [] []
[2018-03-28 18:48:15] Rookie-Framework.INFO: 解析模板文件--/wwwroot/daohang/app/viewadmin.index [] []
[2018-03-28 18:48:16] Rookie-Framework.INFO: 访问控制器:\app\Controller\submerController [] []
[2018-03-28 18:48:16] Rookie-Framework.INFO: 访问方法:index [] []
[2018-03-28 18:48:16] Rookie-Framework.INFO: 解析模板文件--/wwwroot/daohang/app/viewadmin.index [] []
[2018-03-28 18:48:16] Rookie-Framework.INFO: 访问控制器:\app\Controller\submerController [] []
[2018-03-28 18:48:17] Rookie-Framework.INFO: 访问方法:welcome [] []
[2018-03-28 18:48:17] Rookie-Framework.INFO: 解析模板文件--/wwwroot/daohang/app/viewadmin.welcome [] []
[2018-03-28 18:48:17] Rookie-Framework.INFO: 访问控制器:\app\Controller\favicon.icoController [] []
[2018-03-28 18:48:17] Rookie-Framework.INFO: 访问方法:index [] []
[2018-03-28 18:48:17] Rookie-Framework.DEBUG: 找不到控制器favicon.ico;文件地址：/wwwroot/daohang/app/Controller/favicon.icoController.php文件是否存在:0 [] []
[2018-03-28 18:48:20] Rookie-Framework.INFO: 访问控制器:\app\Controller\submerController [] []
[2018-03-28 18:48:20] Rookie-Framework.INFO: 访问方法:links_sort [] []
[2018-03-28 18:48:20] Rookie-Framework.INFO: 解析模板文件--/wwwroot/daohang/app/viewadmin.linksort [] []
[2018-03-28 18:48:22] Rookie-Framework.INFO: 访问控制器:\app\Controller\submerController [] []
[2018-03-28 18:48:22] Rookie-Framework.INFO: 访问方法:link_sort_add [] []
[2018-03-28 18:48:22] Rookie-Framework.INFO: 解析模板文件--/wwwroot/daohang/app/viewadmin.linksortadd [] []
[2018-03-28 18:48:27] Rookie-Framework.INFO: 访问控制器:\app\Controller\submerApiController [] []
[2018-03-28 18:48:27] Rookie-Framework.INFO: 访问方法:addSort [] []
[2018-03-28 18:48:30] Rookie-Framework.INFO: 访问控制器:\app\Controller\submerController [] []
[2018-03-28 18:48:30] Rookie-Framework.INFO: 访问方法:index [] []
[2018-03-28 18:48:30] Rookie-Framework.INFO: 解析模板文件--/wwwroot/daohang/app/viewadmin.index [] []
[2018-03-28 18:48:30] Rookie-Framework.INFO: 访问控制器:\app\Controller\submerController [] []
[2018-03-28 18:48:30] Rookie-Framework.INFO: 访问方法:welcome [] []
[2018-03-28 18:48:30] Rookie-Framework.INFO: 解析模板文件--/wwwroot/daohang/app/viewadmin.welcome [] []
[2018-03-28 18:48:31] Rookie-Framework.INFO: 访问控制器:\app\Controller\favicon.icoController [] []
[2018-03-28 18:48:31] Rookie-Framework.INFO: 访问方法:index [] []
[2018-03-28 18:48:31] Rookie-Framework.DEBUG: 找不到控制器favicon.ico;文件地址：/wwwroot/daohang/app/Controller/favicon.icoController.php文件是否存在:0 [] []
[2018-03-28 18:48:33] Rookie-Framework.INFO: 访问控制器:\app\Controller\submerController [] []
[2018-03-28 18:48:33] Rookie-Framework.INFO: 访问方法:links [] []
[2018-03-28 18:48:33] Rookie-Framework.INFO: 解析模板文件--/wwwroot/daohang/app/viewadmin.link [] []
[2018-03-28 18:48:34] Rookie-Framework.INFO: 访问控制器:\app\Controller\submerController [] []
[2018-03-28 18:48:34] Rookie-Framework.INFO: 访问方法:links_add [] []
[2018-03-28 18:48:34] Rookie-Framework.INFO: 解析模板文件--/wwwroot/daohang/app/viewadmin.linksadd [] []
[2018-03-28 18:49:03] Rookie-Framework.INFO: 访问控制器:\app\Controller\submerApiController [] []
[2018-03-28 18:49:03] Rookie-Framework.INFO: 访问方法:linksAdd [] []
