[2018-03-28 14:23:37] Rookie-Framework.INFO: 访问控制器:\app\Controller\favicon.icoController [] []
[2018-03-28 14:23:37] Rookie-Framework.INFO: 访问方法:index [] []
[2018-03-28 14:23:37] Rookie-Framework.DEBUG: 找不到控制器favicon.ico;文件地址：/wwwroot/daohang/app/Controller/favicon.icoController.php文件是否存在:0 [] []
[2018-03-28 14:27:23] Rookie-Framework.INFO: 访问控制器:\app\Controller\indexController [] []
[2018-03-28 14:27:23] Rookie-Framework.INFO: 访问方法:index [] []
[2018-03-28 14:36:38] Rookie-Framework.INFO: 访问控制器:\app\Controller\indexController [] []
[2018-03-28 14:36:38] Rookie-Framework.INFO: 访问方法:index [] []
[2018-03-28 14:37:48] Rookie-Framework.INFO: 访问控制器:\app\Controller\indexController [] []
[2018-03-28 14:37:48] Rookie-Framework.INFO: 访问方法:index [] []
[2018-03-28 14:38:47] Rookie-Framework.INFO: 访问控制器:\app\Controller\indexController [] []
[2018-03-28 14:38:47] Rookie-Framework.INFO: 访问方法:index [] []
[2018-03-28 14:40:29] Rookie-Framework.INFO: 访问控制器:\app\Controller\indexController [] []
[2018-03-28 14:40:29] Rookie-Framework.INFO: 访问方法:autoSource [] []
[2018-03-28 14:46:13] Rookie-Framework.INFO: 访问控制器:\app\Controller\ApiController [] []
[2018-03-28 14:46:13] Rookie-Framework.INFO: 访问方法:autoSource [] []
[2018-03-28 14:46:34] Rookie-Framework.INFO: 访问控制器:\app\Controller\ApiController [] []
[2018-03-28 14:46:34] Rookie-Framework.INFO: 访问方法:autoSoturce [] []
[2018-03-28 14:46:44] Rookie-Framework.INFO: 访问控制器:\app\Controller\ApiController [] []
[2018-03-28 14:46:44] Rookie-Framework.INFO: 访问方法:autoSoturce [] []
[2018-03-28 14:47:27] Rookie-Framework.INFO: 访问控制器:\app\Controller\ApiController [] []
[2018-03-28 14:47:27] Rookie-Framework.INFO: 访问方法:autoSoturce [] []
[2018-03-28 14:49:13] Rookie-Framework.INFO: 访问控制器:\app\Controller\ApiController [] []
[2018-03-28 14:49:13] Rookie-Framework.INFO: 访问方法:autoSoturce [] []
[2018-03-28 14:52:29] Rookie-Framework.INFO: 访问控制器:\app\Controller\ApiController [] []
[2018-03-28 14:52:29] Rookie-Framework.INFO: 访问方法:autoSoturce [] []
[2018-03-28 14:52:43] Rookie-Framework.INFO: 访问控制器:\app\Controller\ApiController [] []
[2018-03-28 14:52:43] Rookie-Framework.INFO: 访问方法:autoSoturce [] []
[2018-03-28 14:53:18] Rookie-Framework.INFO: 访问控制器:\app\Controller\ApiController [] []
[2018-03-28 14:53:18] Rookie-Framework.INFO: 访问方法:autoSoturce [] []
[2018-03-28 14:53:32] Rookie-Framework.INFO: 访问控制器:\app\Controller\ApiController [] []
[2018-03-28 14:53:32] Rookie-Framework.INFO: 访问方法:autoSoturce [] []
[2018-03-28 14:53:44] Rookie-Framework.INFO: 访问控制器:\app\Controller\ApiController [] []
[2018-03-28 14:53:44] Rookie-Framework.INFO: 访问方法:autoSoturce [] []
[2018-03-28 14:53:53] Rookie-Framework.INFO: 访问控制器:\app\Controller\ApiController [] []
[2018-03-28 14:53:53] Rookie-Framework.INFO: 访问方法:autoSoturce [] []
[2018-03-28 14:54:09] Rookie-Framework.INFO: 访问控制器:\app\Controller\ApiController [] []
[2018-03-28 14:54:09] Rookie-Framework.INFO: 访问方法:autoSoturce [] []
[2018-03-28 14:55:52] Rookie-Framework.INFO: 访问控制器:\app\Controller\ApiController [] []
[2018-03-28 14:55:52] Rookie-Framework.INFO: 访问方法:autoSoturce [] []
[2018-03-28 14:56:01] Rookie-Framework.INFO: 访问控制器:\app\Controller\ApiController [] []
[2018-03-28 14:56:01] Rookie-Framework.INFO: 访问方法:autoSoturce [] []
[2018-03-28 14:56:33] Rookie-Framework.INFO: 访问控制器:\app\Controller\ApiController [] []
[2018-03-28 14:56:33] Rookie-Framework.INFO: 访问方法:autoSoturce [] []
[2018-03-28 14:56:49] Rookie-Framework.INFO: 访问控制器:\app\Controller\ApiController [] []
[2018-03-28 14:56:49] Rookie-Framework.INFO: 访问方法:autoSoturce [] []
[2018-03-28 14:57:00] Rookie-Framework.INFO: 访问控制器:\app\Controller\ApiController [] []
[2018-03-28 14:57:00] Rookie-Framework.INFO: 访问方法:autoSoturce [] []
[2018-03-28 14:57:48] Rookie-Framework.INFO: 访问控制器:\app\Controller\ApiController [] []
[2018-03-28 14:57:48] Rookie-Framework.INFO: 访问方法:autoSoturce [] []
[2018-03-28 14:59:53] Rookie-Framework.INFO: 访问控制器:\app\Controller\ApiController [] []
[2018-03-28 14:59:53] Rookie-Framework.INFO: 访问方法:autoSoturce [] []
