[2018-03-28 17:02:19] Rookie-Framework.INFO: 访问控制器:\app\Controller\index.phpController [] []
[2018-03-28 17:02:19] Rookie-Framework.INFO: 访问方法:index [] []
[2018-03-28 17:02:19] Rookie-Framework.DEBUG: 找不到控制器index.php;文件地址：/wwwroot/daohang/app/Controller/index.phpController.php文件是否存在:0 [] []
[2018-03-28 17:14:07] Rookie-Framework.INFO: 访问控制器:\app\Controller\submerController [] []
[2018-03-28 17:14:07] Rookie-Framework.INFO: 访问方法:index [] []
[2018-03-28 17:14:07] Rookie-Framework.INFO: 解析模板文件--/wwwroot/daohang/app/viewadmin.index [] []
[2018-03-28 17:14:07] Rookie-Framework.INFO: 访问控制器:\app\Controller\submerController [] []
[2018-03-28 17:14:07] Rookie-Framework.INFO: 访问方法:welcome [] []
[2018-03-28 17:14:07] Rookie-Framework.INFO: 解析模板文件--/wwwroot/daohang/app/viewadmin.welcome [] []
[2018-03-28 17:31:55] Rookie-Framework.INFO: 访问控制器:\app\Controller\indexController [] []
[2018-03-28 17:31:55] Rookie-Framework.INFO: 访问方法:index [] []
[2018-03-28 17:33:34] Rookie-Framework.INFO: 访问控制器:\app\Controller\indexController [] []
[2018-03-28 17:33:34] Rookie-Framework.INFO: 访问方法:index [] []
[2018-03-28 17:33:41] Rookie-Framework.INFO: 访问控制器:\app\Controller\indexController [] []
[2018-03-28 17:33:41] Rookie-Framework.INFO: 访问方法:index [] []
[2018-03-28 17:38:09] Rookie-Framework.INFO: 访问控制器:\app\Controller\indexController [] []
[2018-03-28 17:38:09] Rookie-Framework.INFO: 访问方法:index [] []
[2018-03-28 17:38:09] Rookie-Framework.DEBUG: 路由找不到方法:index [] []
[2018-03-28 17:38:20] Rookie-Framework.INFO: 访问控制器:\app\Controller\indexController [] []
[2018-03-28 17:38:20] Rookie-Framework.INFO: 访问方法:index [] []
[2018-03-28 17:38:20] Rookie-Framework.DEBUG: 路由找不到方法:index [] []
