[2018-03-28 16:06:26] Rookie-Framework.INFO: 访问控制器:\app\Controller\submerController [] []
[2018-03-28 16:06:26] Rookie-Framework.INFO: 访问方法:index [] []
[2018-03-28 16:06:26] Rookie-Framework.INFO: 解析模板文件--/wwwroot/daohang/app/viewadmin.index [] []
[2018-03-28 16:06:27] Rookie-Framework.INFO: 访问控制器:\app\Controller\submerController [] []
[2018-03-28 16:06:27] Rookie-Framework.INFO: 访问方法:welcome [] []
[2018-03-28 16:06:27] Rookie-Framework.INFO: 解析模板文件--/wwwroot/daohang/app/viewadmin.welcome [] []
[2018-03-28 16:06:32] Rookie-Framework.INFO: 访问控制器:\app\Controller\submerController [] []
[2018-03-28 16:06:32] Rookie-Framework.INFO: 访问方法:links [] []
[2018-03-28 16:06:32] Rookie-Framework.INFO: 解析模板文件--/wwwroot/daohang/app/viewadmin.link [] []
[2018-03-28 16:06:33] Rookie-Framework.INFO: 访问控制器:\app\Controller\submerController [] []
[2018-03-28 16:06:33] Rookie-Framework.INFO: 访问方法:links_add [] []
[2018-03-28 16:06:34] Rookie-Framework.INFO: 解析模板文件--/wwwroot/daohang/app/viewadmin.linksadd [] []
[2018-03-28 16:06:45] Rookie-Framework.INFO: 访问控制器:\app\Controller\submerApiController [] []
[2018-03-28 16:06:45] Rookie-Framework.INFO: 访问方法:linksAdd [] []
[2018-03-28 16:07:16] Rookie-Framework.INFO: 访问控制器:\app\Controller\indexController [] []
[2018-03-28 16:07:16] Rookie-Framework.INFO: 访问方法:createindex [] []
[2018-03-28 16:08:52] Rookie-Framework.INFO: 访问控制器:\app\Controller\indexController [] []
[2018-03-28 16:08:52] Rookie-Framework.INFO: 访问方法:createindex [] []
[2018-03-28 16:08:52] Rookie-Framework.INFO: 解析模板文件--/wwwroot/daohang/app/viewindex.index [] []
[2018-03-28 16:09:31] Rookie-Framework.INFO: 访问控制器:\app\Controller\indexController [] []
[2018-03-28 16:09:31] Rookie-Framework.INFO: 访问方法:createindex [] []
[2018-03-28 16:09:31] Rookie-Framework.INFO: 解析模板文件--/wwwroot/daohang/app/viewindex.index [] []
[2018-03-28 16:09:35] Rookie-Framework.INFO: 访问控制器:\app\Controller\indexController [] []
[2018-03-28 16:09:35] Rookie-Framework.INFO: 访问方法:createindex [] []
[2018-03-28 16:09:35] Rookie-Framework.INFO: 解析模板文件--/wwwroot/daohang/app/viewindex.index [] []
[2018-03-28 16:11:15] Rookie-Framework.INFO: 访问控制器:\app\Controller\indexController [] []
[2018-03-28 16:11:15] Rookie-Framework.INFO: 访问方法:createindex [] []
[2018-03-28 16:11:15] Rookie-Framework.INFO: 解析模板文件--/wwwroot/daohang/app/viewindex.index [] []
[2018-03-28 16:24:20] Rookie-Framework.INFO: 访问控制器:\app\Controller\indexController [] []
[2018-03-28 16:24:20] Rookie-Framework.INFO: 访问方法:signIn [] []
[2018-03-28 16:24:20] Rookie-Framework.INFO: 解析模板文件--/wwwroot/daohang/app/viewindex.signin [] []
[2018-03-28 16:41:37] Rookie-Framework.INFO: 访问控制器:\app\Controller\submerController [] []
[2018-03-28 16:41:37] Rookie-Framework.INFO: 访问方法:links_sort [] []
[2018-03-28 16:41:37] Rookie-Framework.INFO: 解析模板文件--/wwwroot/daohang/app/viewadmin.linksort [] []
[2018-03-28 16:42:43] Rookie-Framework.INFO: 访问控制器:\app\Controller\submerController [] []
[2018-03-28 16:42:43] Rookie-Framework.INFO: 访问方法:index [] []
[2018-03-28 16:42:43] Rookie-Framework.INFO: 解析模板文件--/wwwroot/daohang/app/viewadmin.index [] []
[2018-03-28 16:42:44] Rookie-Framework.INFO: 访问控制器:\app\Controller\submerController [] []
[2018-03-28 16:42:44] Rookie-Framework.INFO: 访问方法:welcome [] []
[2018-03-28 16:42:44] Rookie-Framework.INFO: 解析模板文件--/wwwroot/daohang/app/viewadmin.welcome [] []
[2018-03-28 16:42:48] Rookie-Framework.INFO: 访问控制器:\app\Controller\submerController [] []
[2018-03-28 16:42:48] Rookie-Framework.INFO: 访问方法:links_sort [] []
[2018-03-28 16:42:48] Rookie-Framework.INFO: 解析模板文件--/wwwroot/daohang/app/viewadmin.linksort [] []
[2018-03-28 16:43:16] Rookie-Framework.INFO: 访问控制器:\app\Controller\submerController [] []
[2018-03-28 16:43:16] Rookie-Framework.INFO: 访问方法:links_sort [] []
[2018-03-28 16:43:16] Rookie-Framework.INFO: 解析模板文件--/wwwroot/daohang/app/viewadmin.linksort [] []
[2018-03-28 16:43:20] Rookie-Framework.INFO: 访问控制器:\app\Controller\submerController [] []
[2018-03-28 16:43:20] Rookie-Framework.INFO: 访问方法:links_sort [] []
[2018-03-28 16:43:20] Rookie-Framework.INFO: 解析模板文件--/wwwroot/daohang/app/viewadmin.linksort [] []
[2018-03-28 16:43:38] Rookie-Framework.INFO: 访问控制器:\app\Controller\submerController [] []
[2018-03-28 16:43:38] Rookie-Framework.INFO: 访问方法:link_sort [] []
[2018-03-28 16:43:54] Rookie-Framework.INFO: 访问控制器:\app\Controller\submerController [] []
[2018-03-28 16:43:54] Rookie-Framework.INFO: 访问方法:links_sort [] []
[2018-03-28 16:43:54] Rookie-Framework.INFO: 解析模板文件--/wwwroot/daohang/app/viewadmin.linksort [] []
[2018-03-28 16:44:16] Rookie-Framework.INFO: 访问控制器:\app\Controller\submerController [] []
[2018-03-28 16:44:16] Rookie-Framework.INFO: 访问方法:links_sort [] []
[2018-03-28 16:44:16] Rookie-Framework.INFO: 解析模板文件--/wwwroot/daohang/app/viewadmin.linksort [] []
[2018-03-28 16:44:18] Rookie-Framework.INFO: 访问控制器:\app\Controller\submerController [] []
[2018-03-28 16:44:18] Rookie-Framework.INFO: 访问方法:links_sort [] []
[2018-03-28 16:44:18] Rookie-Framework.INFO: 解析模板文件--/wwwroot/daohang/app/viewadmin.linksort [] []
[2018-03-28 16:44:19] Rookie-Framework.INFO: 访问控制器:\app\Controller\submerController [] []
[2018-03-28 16:44:19] Rookie-Framework.INFO: 访问方法:links_sort [] []
[2018-03-28 16:44:19] Rookie-Framework.INFO: 解析模板文件--/wwwroot/daohang/app/viewadmin.linksort [] []
[2018-03-28 16:44:23] Rookie-Framework.INFO: 访问控制器:\app\Controller\submerController [] []
[2018-03-28 16:44:23] Rookie-Framework.INFO: 访问方法:links_sort [] []
[2018-03-28 16:44:23] Rookie-Framework.INFO: 解析模板文件--/wwwroot/daohang/app/viewadmin.linksort [] []
[2018-03-28 16:44:24] Rookie-Framework.INFO: 访问控制器:\app\Controller\submerController [] []
[2018-03-28 16:44:24] Rookie-Framework.INFO: 访问方法:links_sort [] []
[2018-03-28 16:44:24] Rookie-Framework.INFO: 解析模板文件--/wwwroot/daohang/app/viewadmin.linksort [] []
[2018-03-28 16:44:25] Rookie-Framework.INFO: 访问控制器:\app\Controller\submerController [] []
[2018-03-28 16:44:25] Rookie-Framework.INFO: 访问方法:links_sort [] []
[2018-03-28 16:44:25] Rookie-Framework.INFO: 解析模板文件--/wwwroot/daohang/app/viewadmin.linksort [] []
[2018-03-28 16:44:26] Rookie-Framework.INFO: 访问控制器:\app\Controller\submerController [] []
[2018-03-28 16:44:26] Rookie-Framework.INFO: 访问方法:links_sort [] []
[2018-03-28 16:44:26] Rookie-Framework.INFO: 解析模板文件--/wwwroot/daohang/app/viewadmin.linksort [] []
[2018-03-28 16:44:27] Rookie-Framework.INFO: 访问控制器:\app\Controller\submerController [] []
[2018-03-28 16:44:27] Rookie-Framework.INFO: 访问方法:links_sort [] []
[2018-03-28 16:44:27] Rookie-Framework.INFO: 解析模板文件--/wwwroot/daohang/app/viewadmin.linksort [] []
[2018-03-28 16:44:43] Rookie-Framework.INFO: 访问控制器:\app\Controller\submerController [] []
[2018-03-28 16:44:43] Rookie-Framework.INFO: 访问方法:links_sort [] []
[2018-03-28 16:44:43] Rookie-Framework.INFO: 解析模板文件--/wwwroot/daohang/app/viewadmin.linksort [] []
[2018-03-28 16:44:53] Rookie-Framework.INFO: 访问控制器:\app\Controller\submerController [] []
[2018-03-28 16:44:53] Rookie-Framework.INFO: 访问方法:links_sort [] []
[2018-03-28 16:44:53] Rookie-Framework.INFO: 解析模板文件--/wwwroot/daohang/app/viewadmin.linksort [] []
[2018-03-28 16:45:24] Rookie-Framework.INFO: 访问控制器:\app\Controller\submerController [] []
[2018-03-28 16:45:24] Rookie-Framework.INFO: 访问方法:links_sort [] []
[2018-03-28 16:45:35] Rookie-Framework.INFO: 访问控制器:\app\Controller\submerController [] []
[2018-03-28 16:45:35] Rookie-Framework.INFO: 访问方法:links_sort [] []
[2018-03-28 16:45:35] Rookie-Framework.INFO: 解析模板文件--/wwwroot/daohang/app/viewadmin.linksort [] []
[2018-03-28 16:45:41] Rookie-Framework.INFO: 访问控制器:\app\Controller\submerApiController [] []
[2018-03-28 16:45:41] Rookie-Framework.INFO: 访问方法:delSort [] []
[2018-03-28 16:46:10] Rookie-Framework.INFO: 访问控制器:\app\Controller\submerController [] []
[2018-03-28 16:46:10] Rookie-Framework.INFO: 访问方法:links_sort [] []
[2018-03-28 16:46:10] Rookie-Framework.INFO: 解析模板文件--/wwwroot/daohang/app/viewadmin.linksort [] []
[2018-03-28 16:46:13] Rookie-Framework.INFO: 访问控制器:\app\Controller\submerApiController [] []
[2018-03-28 16:46:13] Rookie-Framework.INFO: 访问方法:delSort [] []
[2018-03-28 16:50:34] Rookie-Framework.INFO: 访问控制器:\app\Controller\submerController [] []
[2018-03-28 16:50:34] Rookie-Framework.INFO: 访问方法:links_sort [] []
[2018-03-28 16:50:34] Rookie-Framework.INFO: 解析模板文件--/wwwroot/daohang/app/viewadmin.linksort [] []
[2018-03-28 16:50:39] Rookie-Framework.INFO: 访问控制器:\app\Controller\submerApiController [] []
[2018-03-28 16:50:39] Rookie-Framework.INFO: 访问方法:delSort [] []
[2018-03-28 16:50:41] Rookie-Framework.INFO: 访问控制器:\app\Controller\submerController [] []
[2018-03-28 16:50:41] Rookie-Framework.INFO: 访问方法:links_sort [] []
[2018-03-28 16:50:41] Rookie-Framework.INFO: 解析模板文件--/wwwroot/daohang/app/viewadmin.linksort [] []
[2018-03-28 16:50:46] Rookie-Framework.INFO: 访问控制器:\app\Controller\submerController [] []
[2018-03-28 16:50:46] Rookie-Framework.INFO: 访问方法:index [] []
[2018-03-28 16:50:46] Rookie-Framework.INFO: 解析模板文件--/wwwroot/daohang/app/viewadmin.index [] []
[2018-03-28 16:50:47] Rookie-Framework.INFO: 访问控制器:\app\Controller\submerController [] []
[2018-03-28 16:50:47] Rookie-Framework.INFO: 访问方法:index [] []
[2018-03-28 16:50:47] Rookie-Framework.INFO: 解析模板文件--/wwwroot/daohang/app/viewadmin.index [] []
[2018-03-28 16:50:47] Rookie-Framework.INFO: 访问控制器:\app\Controller\submerController [] []
[2018-03-28 16:50:47] Rookie-Framework.INFO: 访问方法:welcome [] []
[2018-03-28 16:50:47] Rookie-Framework.INFO: 解析模板文件--/wwwroot/daohang/app/viewadmin.welcome [] []
[2018-03-28 16:50:51] Rookie-Framework.INFO: 访问控制器:\app\Controller\submerController [] []
[2018-03-28 16:50:51] Rookie-Framework.INFO: 访问方法:links_sort [] []
[2018-03-28 16:50:51] Rookie-Framework.INFO: 解析模板文件--/wwwroot/daohang/app/viewadmin.linksort [] []
