[2018-03-27 17:01:25] Rookie-Framework.INFO: 访问控制器:\app\Controller\indexController [] []
[2018-03-27 17:01:25] Rookie-Framework.INFO: 访问方法:subscribe [] []
[2018-03-27 17:01:25] Rookie-Framework.INFO: 解析模板文件--/wwwroot/daohang/app/viewindex.subscribe [] []
[2018-03-27 17:01:26] Rookie-Framework.INFO: 访问控制器:\app\Controller\favicon.icoController [] []
[2018-03-27 17:01:26] Rookie-Framework.INFO: 访问方法:index [] []
[2018-03-27 17:01:26] Rookie-Framework.DEBUG: 找不到控制器favicon.ico;文件地址：/wwwroot/daohang/app/Controller/favicon.icoController.php文件是否存在:0 [] []
[2018-03-27 17:01:27] Rookie-Framework.INFO: 访问控制器:\app\Controller\indexController [] []
[2018-03-27 17:01:27] Rookie-Framework.INFO: 访问方法:index [] []
[2018-03-27 17:01:28] Rookie-Framework.INFO: 访问控制器:\app\Controller\favicon.icoController [] []
[2018-03-27 17:01:28] Rookie-Framework.INFO: 访问方法:index [] []
[2018-03-27 17:01:28] Rookie-Framework.DEBUG: 找不到控制器favicon.ico;文件地址：/wwwroot/daohang/app/Controller/favicon.icoController.php文件是否存在:0 [] []
[2018-03-27 17:01:35] Rookie-Framework.INFO: 访问控制器:\app\Controller\indexController [] []
[2018-03-27 17:01:35] Rookie-Framework.INFO: 访问方法:index [] []
[2018-03-27 17:01:35] Rookie-Framework.INFO: 访问控制器:\app\Controller\favicon.icoController [] []
[2018-03-27 17:01:35] Rookie-Framework.INFO: 访问方法:index [] []
[2018-03-27 17:01:35] Rookie-Framework.DEBUG: 找不到控制器favicon.ico;文件地址：/wwwroot/daohang/app/Controller/favicon.icoController.php文件是否存在:0 [] []
[2018-03-27 17:02:05] Rookie-Framework.INFO: 访问控制器:\app\Controller\indexController [] []
[2018-03-27 17:02:05] Rookie-Framework.INFO: 访问方法:createindex [] []
[2018-03-27 17:02:05] Rookie-Framework.INFO: 解析模板文件--/wwwroot/daohang/app/viewindex.index [] []
[2018-03-27 17:02:06] Rookie-Framework.INFO: 访问控制器:\app\Controller\ApiController [] []
[2018-03-27 17:02:06] Rookie-Framework.INFO: 访问方法:getSource?time=2pm [] []
[2018-03-27 17:02:06] Rookie-Framework.INFO: 访问控制器:\app\Controller\favicon.icoController [] []
[2018-03-27 17:02:06] Rookie-Framework.INFO: 访问方法:index [] []
[2018-03-27 17:02:06] Rookie-Framework.DEBUG: 找不到控制器favicon.ico;文件地址：/wwwroot/daohang/app/Controller/favicon.icoController.php文件是否存在:0 [] []
[2018-03-27 17:02:30] Rookie-Framework.INFO: 访问控制器:\app\Controller\indexController [] []
[2018-03-27 17:02:30] Rookie-Framework.INFO: 访问方法:signIn [] []
[2018-03-27 17:02:30] Rookie-Framework.INFO: 解析模板文件--/wwwroot/daohang/app/viewindex.signin [] []
[2018-03-27 17:02:31] Rookie-Framework.INFO: 访问控制器:\app\Controller\favicon.icoController [] []
[2018-03-27 17:02:31] Rookie-Framework.INFO: 访问方法:index [] []
[2018-03-27 17:02:31] Rookie-Framework.DEBUG: 找不到控制器favicon.ico;文件地址：/wwwroot/daohang/app/Controller/favicon.icoController.php文件是否存在:0 [] []
[2018-03-27 17:02:33] Rookie-Framework.INFO: 访问控制器:\app\Controller\indexController [] []
[2018-03-27 17:02:33] Rookie-Framework.INFO: 访问方法:index [] []
[2018-03-27 17:02:34] Rookie-Framework.INFO: 访问控制器:\app\Controller\favicon.icoController [] []
[2018-03-27 17:02:34] Rookie-Framework.INFO: 访问方法:index [] []
[2018-03-27 17:02:34] Rookie-Framework.DEBUG: 找不到控制器favicon.ico;文件地址：/wwwroot/daohang/app/Controller/favicon.icoController.php文件是否存在:0 [] []
[2018-03-27 17:03:01] Rookie-Framework.INFO: 访问控制器:\app\Controller\indexController [] []
[2018-03-27 17:03:01] Rookie-Framework.INFO: 访问方法:signIn [] []
[2018-03-27 17:03:01] Rookie-Framework.INFO: 解析模板文件--/wwwroot/daohang/app/viewindex.signin [] []
[2018-03-27 17:03:02] Rookie-Framework.INFO: 访问控制器:\app\Controller\favicon.icoController [] []
[2018-03-27 17:03:02] Rookie-Framework.INFO: 访问方法:index [] []
[2018-03-27 17:03:02] Rookie-Framework.DEBUG: 找不到控制器favicon.ico;文件地址：/wwwroot/daohang/app/Controller/favicon.icoController.php文件是否存在:0 [] []
[2018-03-27 17:03:04] Rookie-Framework.INFO: 访问控制器:\app\Controller\indexController [] []
[2018-03-27 17:03:04] Rookie-Framework.INFO: 访问方法:signIn [] []
[2018-03-27 17:03:04] Rookie-Framework.INFO: 解析模板文件--/wwwroot/daohang/app/viewindex.signin [] []
[2018-03-27 17:03:05] Rookie-Framework.INFO: 访问控制器:\app\Controller\favicon.icoController [] []
[2018-03-27 17:03:05] Rookie-Framework.INFO: 访问方法:index [] []
[2018-03-27 17:03:05] Rookie-Framework.DEBUG: 找不到控制器favicon.ico;文件地址：/wwwroot/daohang/app/Controller/favicon.icoController.php文件是否存在:0 [] []
[2018-03-27 17:03:06] Rookie-Framework.INFO: 访问控制器:\app\Controller\indexController [] []
[2018-03-27 17:03:06] Rookie-Framework.INFO: 访问方法:signIn [] []
[2018-03-27 17:03:06] Rookie-Framework.INFO: 解析模板文件--/wwwroot/daohang/app/viewindex.signin [] []
[2018-03-27 17:03:07] Rookie-Framework.INFO: 访问控制器:\app\Controller\favicon.icoController [] []
[2018-03-27 17:03:07] Rookie-Framework.INFO: 访问方法:index [] []
[2018-03-27 17:03:07] Rookie-Framework.DEBUG: 找不到控制器favicon.ico;文件地址：/wwwroot/daohang/app/Controller/favicon.icoController.php文件是否存在:0 [] []
[2018-03-27 17:03:22] Rookie-Framework.INFO: 访问控制器:\app\Controller\indexController [] []
[2018-03-27 17:03:22] Rookie-Framework.INFO: 访问方法:createindex [] []
[2018-03-27 17:03:22] Rookie-Framework.INFO: 解析模板文件--/wwwroot/daohang/app/viewindex.index [] []
[2018-03-27 17:03:23] Rookie-Framework.INFO: 访问控制器:\app\Controller\ApiController [] []
[2018-03-27 17:03:23] Rookie-Framework.INFO: 访问方法:getSource?time=2pm [] []
[2018-03-27 17:03:23] Rookie-Framework.INFO: 访问控制器:\app\Controller\favicon.icoController [] []
[2018-03-27 17:03:23] Rookie-Framework.INFO: 访问方法:index [] []
[2018-03-27 17:03:23] Rookie-Framework.DEBUG: 找不到控制器favicon.ico;文件地址：/wwwroot/daohang/app/Controller/favicon.icoController.php文件是否存在:0 [] []
[2018-03-27 17:03:36] Rookie-Framework.INFO: 访问控制器:\app\Controller\indexController [] []
[2018-03-27 17:03:36] Rookie-Framework.INFO: 访问方法:signIn [] []
[2018-03-27 17:03:36] Rookie-Framework.INFO: 解析模板文件--/wwwroot/daohang/app/viewindex.signin [] []
[2018-03-27 17:03:36] Rookie-Framework.INFO: 访问控制器:\app\Controller\favicon.icoController [] []
[2018-03-27 17:03:36] Rookie-Framework.INFO: 访问方法:index [] []
[2018-03-27 17:03:36] Rookie-Framework.DEBUG: 找不到控制器favicon.ico;文件地址：/wwwroot/daohang/app/Controller/favicon.icoController.php文件是否存在:0 [] []
[2018-03-27 17:03:39] Rookie-Framework.INFO: 访问控制器:\app\Controller\indexController [] []
[2018-03-27 17:03:39] Rookie-Framework.INFO: 访问方法:signIn [] []
[2018-03-27 17:03:39] Rookie-Framework.INFO: 解析模板文件--/wwwroot/daohang/app/viewindex.signin [] []
[2018-03-27 17:03:40] Rookie-Framework.INFO: 访问控制器:\app\Controller\favicon.icoController [] []
[2018-03-27 17:03:40] Rookie-Framework.INFO: 访问方法:index [] []
[2018-03-27 17:03:40] Rookie-Framework.DEBUG: 找不到控制器favicon.ico;文件地址：/wwwroot/daohang/app/Controller/favicon.icoController.php文件是否存在:0 [] []
[2018-03-27 17:03:42] Rookie-Framework.INFO: 访问控制器:\app\Controller\indexController [] []
[2018-03-27 17:03:42] Rookie-Framework.INFO: 访问方法:createindex [] []
[2018-03-27 17:03:42] Rookie-Framework.INFO: 解析模板文件--/wwwroot/daohang/app/viewindex.index [] []
[2018-03-27 17:03:43] Rookie-Framework.INFO: 访问控制器:\app\Controller\ApiController [] []
[2018-03-27 17:03:43] Rookie-Framework.INFO: 访问方法:getSource?time=2pm [] []
[2018-03-27 17:03:43] Rookie-Framework.INFO: 访问控制器:\app\Controller\favicon.icoController [] []
[2018-03-27 17:03:43] Rookie-Framework.INFO: 访问方法:index [] []
[2018-03-27 17:03:43] Rookie-Framework.DEBUG: 找不到控制器favicon.ico;文件地址：/wwwroot/daohang/app/Controller/favicon.icoController.php文件是否存在:0 [] []
[2018-03-27 17:05:02] Rookie-Framework.INFO: 访问控制器:\app\Controller\indexController [] []
[2018-03-27 17:05:02] Rookie-Framework.INFO: 访问方法:signIn [] []
[2018-03-27 17:05:02] Rookie-Framework.INFO: 解析模板文件--/wwwroot/daohang/app/viewindex.signin [] []
[2018-03-27 17:05:03] Rookie-Framework.INFO: 访问控制器:\app\Controller\favicon.icoController [] []
[2018-03-27 17:05:03] Rookie-Framework.INFO: 访问方法:index [] []
[2018-03-27 17:05:03] Rookie-Framework.DEBUG: 找不到控制器favicon.ico;文件地址：/wwwroot/daohang/app/Controller/favicon.icoController.php文件是否存在:0 [] []
[2018-03-27 17:05:04] Rookie-Framework.INFO: 访问控制器:\app\Controller\indexController [] []
[2018-03-27 17:05:04] Rookie-Framework.INFO: 访问方法:signIn [] []
[2018-03-27 17:05:04] Rookie-Framework.INFO: 解析模板文件--/wwwroot/daohang/app/viewindex.signin [] []
[2018-03-27 17:05:05] Rookie-Framework.INFO: 访问控制器:\app\Controller\favicon.icoController [] []
[2018-03-27 17:05:05] Rookie-Framework.INFO: 访问方法:index [] []
[2018-03-27 17:05:05] Rookie-Framework.DEBUG: 找不到控制器favicon.ico;文件地址：/wwwroot/daohang/app/Controller/favicon.icoController.php文件是否存在:0 [] []
[2018-03-27 17:05:06] Rookie-Framework.INFO: 访问控制器:\app\Controller\indexController [] []
[2018-03-27 17:05:06] Rookie-Framework.INFO: 访问方法:createindex [] []
[2018-03-27 17:05:07] Rookie-Framework.INFO: 访问控制器:\app\Controller\favicon.icoController [] []
[2018-03-27 17:05:07] Rookie-Framework.INFO: 访问方法:index [] []
[2018-03-27 17:05:07] Rookie-Framework.DEBUG: 找不到控制器favicon.ico;文件地址：/wwwroot/daohang/app/Controller/favicon.icoController.php文件是否存在:0 [] []
[2018-03-27 17:05:51] Rookie-Framework.INFO: 访问控制器:\app\Controller\indexController [] []
[2018-03-27 17:05:51] Rookie-Framework.INFO: 访问方法:signIn [] []
[2018-03-27 17:05:51] Rookie-Framework.INFO: 解析模板文件--/wwwroot/daohang/app/viewindex.signin [] []
[2018-03-27 17:05:51] Rookie-Framework.INFO: 访问控制器:\app\Controller\favicon.icoController [] []
[2018-03-27 17:05:51] Rookie-Framework.INFO: 访问方法:index [] []
[2018-03-27 17:05:51] Rookie-Framework.DEBUG: 找不到控制器favicon.ico;文件地址：/wwwroot/daohang/app/Controller/favicon.icoController.php文件是否存在:0 [] []
[2018-03-27 17:05:54] Rookie-Framework.INFO: 访问控制器:\app\Controller\indexController [] []
[2018-03-27 17:05:54] Rookie-Framework.INFO: 访问方法:signIn [] []
[2018-03-27 17:05:54] Rookie-Framework.INFO: 解析模板文件--/wwwroot/daohang/app/viewindex.signin [] []
[2018-03-27 17:05:55] Rookie-Framework.INFO: 访问控制器:\app\Controller\favicon.icoController [] []
[2018-03-27 17:05:55] Rookie-Framework.INFO: 访问方法:index [] []
[2018-03-27 17:05:55] Rookie-Framework.DEBUG: 找不到控制器favicon.ico;文件地址：/wwwroot/daohang/app/Controller/favicon.icoController.php文件是否存在:0 [] []
[2018-03-27 17:05:57] Rookie-Framework.INFO: 访问控制器:\app\Controller\indexController [] []
[2018-03-27 17:05:57] Rookie-Framework.INFO: 访问方法:createindex [] []
[2018-03-27 17:05:57] Rookie-Framework.INFO: 解析模板文件--/wwwroot/daohang/app/viewindex.index [] []
[2018-03-27 17:05:58] Rookie-Framework.INFO: 访问控制器:\app\Controller\ApiController [] []
[2018-03-27 17:05:58] Rookie-Framework.INFO: 访问方法:getSource?time=2pm [] []
[2018-03-27 17:05:58] Rookie-Framework.INFO: 访问控制器:\app\Controller\favicon.icoController [] []
[2018-03-27 17:05:58] Rookie-Framework.INFO: 访问方法:index [] []
[2018-03-27 17:05:58] Rookie-Framework.DEBUG: 找不到控制器favicon.ico;文件地址：/wwwroot/daohang/app/Controller/favicon.icoController.php文件是否存在:0 [] []
[2018-03-27 17:08:09] Rookie-Framework.INFO: 访问控制器:\app\Controller\indexController [] []
[2018-03-27 17:08:09] Rookie-Framework.INFO: 访问方法:index [] []
[2018-03-27 17:08:09] Rookie-Framework.INFO: 解析模板文件--/wwwroot/daohang/app/viewindex.index [] []
[2018-03-27 17:08:09] Rookie-Framework.INFO: 访问控制器:\app\Controller\ApiController [] []
[2018-03-27 17:08:09] Rookie-Framework.INFO: 访问方法:getSource?time=2pm [] []
[2018-03-27 17:08:09] Rookie-Framework.INFO: 访问控制器:\app\Controller\favicon.icoController [] []
[2018-03-27 17:08:09] Rookie-Framework.INFO: 访问方法:index [] []
[2018-03-27 17:08:09] Rookie-Framework.DEBUG: 找不到控制器favicon.ico;文件地址：/wwwroot/daohang/app/Controller/favicon.icoController.php文件是否存在:0 [] []
[2018-03-27 17:08:26] Rookie-Framework.INFO: 访问控制器:\app\Controller\indexController [] []
[2018-03-27 17:08:26] Rookie-Framework.INFO: 访问方法:index [] []
[2018-03-27 17:08:26] Rookie-Framework.INFO: 解析模板文件--/wwwroot/daohang/app/viewindex.index [] []
[2018-03-27 17:08:27] Rookie-Framework.INFO: 访问控制器:\app\Controller\ApiController [] []
[2018-03-27 17:08:27] Rookie-Framework.INFO: 访问方法:getSource?time=2pm [] []
[2018-03-27 17:08:27] Rookie-Framework.INFO: 访问控制器:\app\Controller\favicon.icoController [] []
[2018-03-27 17:08:27] Rookie-Framework.INFO: 访问方法:index [] []
[2018-03-27 17:08:27] Rookie-Framework.DEBUG: 找不到控制器favicon.ico;文件地址：/wwwroot/daohang/app/Controller/favicon.icoController.php文件是否存在:0 [] []
[2018-03-27 17:08:37] Rookie-Framework.INFO: 访问控制器:\app\Controller\indexController [] []
[2018-03-27 17:08:37] Rookie-Framework.INFO: 访问方法:index [] []
[2018-03-27 17:08:37] Rookie-Framework.INFO: 解析模板文件--/wwwroot/daohang/app/viewindex.index [] []
[2018-03-27 17:08:37] Rookie-Framework.INFO: 访问控制器:\app\Controller\ApiController [] []
[2018-03-27 17:08:37] Rookie-Framework.INFO: 访问方法:getSource?time=2pm [] []
[2018-03-27 17:08:37] Rookie-Framework.INFO: 访问控制器:\app\Controller\favicon.icoController [] []
[2018-03-27 17:08:37] Rookie-Framework.INFO: 访问方法:index [] []
[2018-03-27 17:08:37] Rookie-Framework.DEBUG: 找不到控制器favicon.ico;文件地址：/wwwroot/daohang/app/Controller/favicon.icoController.php文件是否存在:0 [] []
[2018-03-27 17:11:52] Rookie-Framework.INFO: 访问控制器:\app\Controller\indexController [] []
[2018-03-27 17:11:52] Rookie-Framework.INFO: 访问方法:index [] []
[2018-03-27 17:11:52] Rookie-Framework.INFO: 解析模板文件--/wwwroot/daohang/app/viewindex.index [] []
[2018-03-27 17:11:52] Rookie-Framework.INFO: 访问控制器:\app\Controller\favicon.icoController [] []
[2018-03-27 17:11:52] Rookie-Framework.INFO: 访问方法:index [] []
[2018-03-27 17:11:52] Rookie-Framework.DEBUG: 找不到控制器favicon.ico;文件地址：/wwwroot/daohang/app/Controller/favicon.icoController.php文件是否存在:0 [] []
[2018-03-27 17:11:55] Rookie-Framework.INFO: 访问控制器:\app\Controller\indexController [] []
[2018-03-27 17:11:55] Rookie-Framework.INFO: 访问方法:signIn [] []
[2018-03-27 17:11:55] Rookie-Framework.INFO: 解析模板文件--/wwwroot/daohang/app/viewindex.signin [] []
[2018-03-27 17:11:56] Rookie-Framework.INFO: 访问控制器:\app\Controller\favicon.icoController [] []
[2018-03-27 17:11:56] Rookie-Framework.INFO: 访问方法:index [] []
[2018-03-27 17:11:56] Rookie-Framework.DEBUG: 找不到控制器favicon.ico;文件地址：/wwwroot/daohang/app/Controller/favicon.icoController.php文件是否存在:0 [] []
[2018-03-27 17:12:00] Rookie-Framework.INFO: 访问控制器:\app\Controller\indexController [] []
[2018-03-27 17:12:00] Rookie-Framework.INFO: 访问方法:updateUrl [] []
[2018-03-27 17:12:00] Rookie-Framework.INFO: 解析模板文件--/wwwroot/daohang/app/viewindex.updateurl [] []
[2018-03-27 17:12:00] Rookie-Framework.INFO: 访问控制器:\app\Controller\favicon.icoController [] []
[2018-03-27 17:12:00] Rookie-Framework.INFO: 访问方法:index [] []
[2018-03-27 17:12:00] Rookie-Framework.DEBUG: 找不到控制器favicon.ico;文件地址：/wwwroot/daohang/app/Controller/favicon.icoController.php文件是否存在:0 [] []
[2018-03-27 17:12:03] Rookie-Framework.INFO: 访问控制器:\app\Controller\indexController [] []
[2018-03-27 17:12:03] Rookie-Framework.INFO: 访问方法:subscribe [] []
[2018-03-27 17:12:03] Rookie-Framework.INFO: 解析模板文件--/wwwroot/daohang/app/viewindex.subscribe [] []
[2018-03-27 17:12:03] Rookie-Framework.INFO: 访问控制器:\app\Controller\favicon.icoController [] []
[2018-03-27 17:12:03] Rookie-Framework.INFO: 访问方法:index [] []
[2018-03-27 17:12:03] Rookie-Framework.DEBUG: 找不到控制器favicon.ico;文件地址：/wwwroot/daohang/app/Controller/favicon.icoController.php文件是否存在:0 [] []
[2018-03-27 17:12:20] Rookie-Framework.INFO: 访问控制器:\app\Controller\indexController [] []
[2018-03-27 17:12:20] Rookie-Framework.INFO: 访问方法:index [] []
[2018-03-27 17:12:20] Rookie-Framework.INFO: 解析模板文件--/wwwroot/daohang/app/viewindex.index [] []
[2018-03-27 17:12:21] Rookie-Framework.INFO: 访问控制器:\app\Controller\favicon.icoController [] []
[2018-03-27 17:12:21] Rookie-Framework.INFO: 访问方法:index [] []
[2018-03-27 17:12:21] Rookie-Framework.DEBUG: 找不到控制器favicon.ico;文件地址：/wwwroot/daohang/app/Controller/favicon.icoController.php文件是否存在:0 [] []
[2018-03-27 17:12:23] Rookie-Framework.INFO: 访问控制器:\app\Controller\indexController [] []
[2018-03-27 17:12:23] Rookie-Framework.INFO: 访问方法:index [] []
[2018-03-27 17:12:23] Rookie-Framework.INFO: 解析模板文件--/wwwroot/daohang/app/viewindex.index [] []
[2018-03-27 17:12:23] Rookie-Framework.INFO: 访问控制器:\app\Controller\favicon.icoController [] []
[2018-03-27 17:12:23] Rookie-Framework.INFO: 访问方法:index [] []
[2018-03-27 17:12:23] Rookie-Framework.DEBUG: 找不到控制器favicon.ico;文件地址：/wwwroot/daohang/app/Controller/favicon.icoController.php文件是否存在:0 [] []
[2018-03-27 17:12:24] Rookie-Framework.INFO: 访问控制器:\app\Controller\indexController [] []
[2018-03-27 17:12:24] Rookie-Framework.INFO: 访问方法:index [] []
[2018-03-27 17:12:24] Rookie-Framework.INFO: 解析模板文件--/wwwroot/daohang/app/viewindex.index [] []
[2018-03-27 17:12:25] Rookie-Framework.INFO: 访问控制器:\app\Controller\favicon.icoController [] []
[2018-03-27 17:12:25] Rookie-Framework.INFO: 访问方法:index [] []
[2018-03-27 17:12:25] Rookie-Framework.DEBUG: 找不到控制器favicon.ico;文件地址：/wwwroot/daohang/app/Controller/favicon.icoController.php文件是否存在:0 [] []
[2018-03-27 17:12:26] Rookie-Framework.INFO: 访问控制器:\app\Controller\indexController [] []
[2018-03-27 17:12:26] Rookie-Framework.INFO: 访问方法:index [] []
[2018-03-27 17:12:26] Rookie-Framework.INFO: 解析模板文件--/wwwroot/daohang/app/viewindex.index [] []
[2018-03-27 17:12:26] Rookie-Framework.INFO: 访问控制器:\app\Controller\favicon.icoController [] []
[2018-03-27 17:12:26] Rookie-Framework.INFO: 访问方法:index [] []
[2018-03-27 17:12:26] Rookie-Framework.DEBUG: 找不到控制器favicon.ico;文件地址：/wwwroot/daohang/app/Controller/favicon.icoController.php文件是否存在:0 [] []
[2018-03-27 17:12:27] Rookie-Framework.INFO: 访问控制器:\app\Controller\indexController [] []
[2018-03-27 17:12:27] Rookie-Framework.INFO: 访问方法:index [] []
[2018-03-27 17:12:27] Rookie-Framework.INFO: 解析模板文件--/wwwroot/daohang/app/viewindex.index [] []
[2018-03-27 17:12:28] Rookie-Framework.INFO: 访问控制器:\app\Controller\favicon.icoController [] []
[2018-03-27 17:12:28] Rookie-Framework.INFO: 访问方法:index [] []
[2018-03-27 17:12:28] Rookie-Framework.DEBUG: 找不到控制器favicon.ico;文件地址：/wwwroot/daohang/app/Controller/favicon.icoController.php文件是否存在:0 [] []
[2018-03-27 17:12:28] Rookie-Framework.INFO: 访问控制器:\app\Controller\indexController [] []
[2018-03-27 17:12:28] Rookie-Framework.INFO: 访问方法:index [] []
[2018-03-27 17:12:28] Rookie-Framework.INFO: 解析模板文件--/wwwroot/daohang/app/viewindex.index [] []
[2018-03-27 17:12:29] Rookie-Framework.INFO: 访问控制器:\app\Controller\favicon.icoController [] []
[2018-03-27 17:12:29] Rookie-Framework.INFO: 访问方法:index [] []
[2018-03-27 17:12:29] Rookie-Framework.DEBUG: 找不到控制器favicon.ico;文件地址：/wwwroot/daohang/app/Controller/favicon.icoController.php文件是否存在:0 [] []
[2018-03-27 17:12:29] Rookie-Framework.INFO: 访问控制器:\app\Controller\indexController [] []
[2018-03-27 17:12:30] Rookie-Framework.INFO: 访问方法:index [] []
[2018-03-27 17:12:30] Rookie-Framework.INFO: 解析模板文件--/wwwroot/daohang/app/viewindex.index [] []
[2018-03-27 17:12:30] Rookie-Framework.INFO: 访问控制器:\app\Controller\favicon.icoController [] []
[2018-03-27 17:12:30] Rookie-Framework.INFO: 访问方法:index [] []
[2018-03-27 17:12:30] Rookie-Framework.DEBUG: 找不到控制器favicon.ico;文件地址：/wwwroot/daohang/app/Controller/favicon.icoController.php文件是否存在:0 [] []
[2018-03-27 17:12:31] Rookie-Framework.INFO: 访问控制器:\app\Controller\indexController [] []
[2018-03-27 17:12:31] Rookie-Framework.INFO: 访问方法:index [] []
[2018-03-27 17:12:31] Rookie-Framework.INFO: 解析模板文件--/wwwroot/daohang/app/viewindex.index [] []
[2018-03-27 17:12:32] Rookie-Framework.INFO: 访问控制器:\app\Controller\favicon.icoController [] []
[2018-03-27 17:12:32] Rookie-Framework.INFO: 访问方法:index [] []
[2018-03-27 17:12:32] Rookie-Framework.DEBUG: 找不到控制器favicon.ico;文件地址：/wwwroot/daohang/app/Controller/favicon.icoController.php文件是否存在:0 [] []
[2018-03-27 17:12:33] Rookie-Framework.INFO: 访问控制器:\app\Controller\indexController [] []
[2018-03-27 17:12:33] Rookie-Framework.INFO: 访问方法:index [] []
[2018-03-27 17:12:33] Rookie-Framework.INFO: 解析模板文件--/wwwroot/daohang/app/viewindex.index [] []
[2018-03-27 17:12:34] Rookie-Framework.INFO: 访问控制器:\app\Controller\indexController [] []
[2018-03-27 17:12:34] Rookie-Framework.INFO: 访问方法:index [] []
[2018-03-27 17:12:34] Rookie-Framework.INFO: 解析模板文件--/wwwroot/daohang/app/viewindex.index [] []
[2018-03-27 17:12:34] Rookie-Framework.INFO: 访问控制器:\app\Controller\favicon.icoController [] []
[2018-03-27 17:12:34] Rookie-Framework.INFO: 访问方法:index [] []
[2018-03-27 17:12:34] Rookie-Framework.DEBUG: 找不到控制器favicon.ico;文件地址：/wwwroot/daohang/app/Controller/favicon.icoController.php文件是否存在:0 [] []
[2018-03-27 17:13:07] Rookie-Framework.INFO: 访问控制器:\app\Controller\indexController [] []
[2018-03-27 17:13:07] Rookie-Framework.INFO: 访问方法:index [] []
[2018-03-27 17:13:07] Rookie-Framework.INFO: 解析模板文件--/wwwroot/daohang/app/viewindex.index [] []
[2018-03-27 17:13:08] Rookie-Framework.INFO: 访问控制器:\app\Controller\favicon.icoController [] []
[2018-03-27 17:13:08] Rookie-Framework.INFO: 访问方法:index [] []
[2018-03-27 17:13:08] Rookie-Framework.DEBUG: 找不到控制器favicon.ico;文件地址：/wwwroot/daohang/app/Controller/favicon.icoController.php文件是否存在:0 [] []
[2018-03-27 17:13:09] Rookie-Framework.INFO: 访问控制器:\app\Controller\favicon.icoController [] []
[2018-03-27 17:13:09] Rookie-Framework.INFO: 访问方法:index [] []
[2018-03-27 17:13:09] Rookie-Framework.DEBUG: 找不到控制器favicon.ico;文件地址：/wwwroot/daohang/app/Controller/favicon.icoController.php文件是否存在:0 [] []
[2018-03-27 17:13:10] Rookie-Framework.INFO: 访问控制器:\app\Controller\favicon.icoController [] []
[2018-03-27 17:13:10] Rookie-Framework.INFO: 访问方法:index [] []
[2018-03-27 17:13:10] Rookie-Framework.DEBUG: 找不到控制器favicon.ico;文件地址：/wwwroot/daohang/app/Controller/favicon.icoController.php文件是否存在:0 [] []
[2018-03-27 17:13:10] Rookie-Framework.INFO: 访问控制器:\app\Controller\favicon.icoController [] []
[2018-03-27 17:13:10] Rookie-Framework.INFO: 访问方法:index [] []
[2018-03-27 17:13:10] Rookie-Framework.DEBUG: 找不到控制器favicon.ico;文件地址：/wwwroot/daohang/app/Controller/favicon.icoController.php文件是否存在:0 [] []
[2018-03-27 17:13:11] Rookie-Framework.INFO: 访问控制器:\app\Controller\indexController [] []
[2018-03-27 17:13:11] Rookie-Framework.INFO: 访问方法:updateUrl [] []
[2018-03-27 17:13:12] Rookie-Framework.INFO: 解析模板文件--/wwwroot/daohang/app/viewindex.updateurl [] []
[2018-03-27 17:13:12] Rookie-Framework.INFO: 访问控制器:\app\Controller\favicon.icoController [] []
[2018-03-27 17:13:12] Rookie-Framework.INFO: 访问方法:index [] []
[2018-03-27 17:13:12] Rookie-Framework.DEBUG: 找不到控制器favicon.ico;文件地址：/wwwroot/daohang/app/Controller/favicon.icoController.php文件是否存在:0 [] []
[2018-03-27 17:13:13] Rookie-Framework.INFO: 访问控制器:\app\Controller\indexController [] []
[2018-03-27 17:13:13] Rookie-Framework.INFO: 访问方法:index [] []
[2018-03-27 17:13:13] Rookie-Framework.INFO: 解析模板文件--/wwwroot/daohang/app/viewindex.index [] []
[2018-03-27 17:13:13] Rookie-Framework.INFO: 访问控制器:\app\Controller\favicon.icoController [] []
[2018-03-27 17:13:13] Rookie-Framework.INFO: 访问方法:index [] []
[2018-03-27 17:13:13] Rookie-Framework.DEBUG: 找不到控制器favicon.ico;文件地址：/wwwroot/daohang/app/Controller/favicon.icoController.php文件是否存在:0 [] []
[2018-03-27 17:13:15] Rookie-Framework.INFO: 访问控制器:\app\Controller\favicon.icoController [] []
[2018-03-27 17:13:15] Rookie-Framework.INFO: 访问方法:index [] []
[2018-03-27 17:13:15] Rookie-Framework.DEBUG: 找不到控制器favicon.ico;文件地址：/wwwroot/daohang/app/Controller/favicon.icoController.php文件是否存在:0 [] []
[2018-03-27 17:13:16] Rookie-Framework.INFO: 访问控制器:\app\Controller\favicon.icoController [] []
[2018-03-27 17:13:16] Rookie-Framework.INFO: 访问方法:index [] []
[2018-03-27 17:13:16] Rookie-Framework.DEBUG: 找不到控制器favicon.ico;文件地址：/wwwroot/daohang/app/Controller/favicon.icoController.php文件是否存在:0 [] []
[2018-03-27 17:13:16] Rookie-Framework.INFO: 访问控制器:\app\Controller\favicon.icoController [] []
[2018-03-27 17:13:16] Rookie-Framework.INFO: 访问方法:index [] []
[2018-03-27 17:13:16] Rookie-Framework.DEBUG: 找不到控制器favicon.ico;文件地址：/wwwroot/daohang/app/Controller/favicon.icoController.php文件是否存在:0 [] []
[2018-03-27 17:13:18] Rookie-Framework.INFO: 访问控制器:\app\Controller\indexController [] []
[2018-03-27 17:13:18] Rookie-Framework.INFO: 访问方法:subscribe [] []
[2018-03-27 17:13:18] Rookie-Framework.INFO: 解析模板文件--/wwwroot/daohang/app/viewindex.subscribe [] []
[2018-03-27 17:13:18] Rookie-Framework.INFO: 访问控制器:\app\Controller\favicon.icoController [] []
[2018-03-27 17:13:18] Rookie-Framework.INFO: 访问方法:index [] []
[2018-03-27 17:13:18] Rookie-Framework.DEBUG: 找不到控制器favicon.ico;文件地址：/wwwroot/daohang/app/Controller/favicon.icoController.php文件是否存在:0 [] []
[2018-03-27 17:24:06] Rookie-Framework.INFO: 访问控制器:\app\Controller\indexController [] []
[2018-03-27 17:24:06] Rookie-Framework.INFO: 访问方法:index [] []
[2018-03-27 17:24:07] Rookie-Framework.INFO: 访问控制器:\app\Controller\favicon.icoController [] []
[2018-03-27 17:24:07] Rookie-Framework.INFO: 访问方法:index [] []
[2018-03-27 17:24:07] Rookie-Framework.DEBUG: 找不到控制器favicon.ico;文件地址：/wwwroot/daohang/app/Controller/favicon.icoController.php文件是否存在:0 [] []
[2018-03-27 17:25:19] Rookie-Framework.INFO: 访问控制器:\app\Controller\indexController [] []
[2018-03-27 17:25:19] Rookie-Framework.INFO: 访问方法:index [] []
[2018-03-27 17:25:20] Rookie-Framework.INFO: 访问控制器:\app\Controller\favicon.icoController [] []
[2018-03-27 17:25:20] Rookie-Framework.INFO: 访问方法:index [] []
[2018-03-27 17:25:20] Rookie-Framework.DEBUG: 找不到控制器favicon.ico;文件地址：/wwwroot/daohang/app/Controller/favicon.icoController.php文件是否存在:0 [] []
[2018-03-27 17:26:16] Rookie-Framework.INFO: 访问控制器:\app\Controller\indexController [] []
[2018-03-27 17:26:16] Rookie-Framework.INFO: 访问方法:index [] []
[2018-03-27 17:26:16] Rookie-Framework.INFO: 访问控制器:\app\Controller\favicon.icoController [] []
[2018-03-27 17:26:16] Rookie-Framework.INFO: 访问方法:index [] []
[2018-03-27 17:26:16] Rookie-Framework.DEBUG: 找不到控制器favicon.ico;文件地址：/wwwroot/daohang/app/Controller/favicon.icoController.php文件是否存在:0 [] []
[2018-03-27 17:26:43] Rookie-Framework.INFO: 访问控制器:\app\Controller\indexController [] []
[2018-03-27 17:26:43] Rookie-Framework.INFO: 访问方法:index [] []
[2018-03-27 17:26:43] Rookie-Framework.INFO: 访问控制器:\app\Controller\favicon.icoController [] []
[2018-03-27 17:26:43] Rookie-Framework.INFO: 访问方法:index [] []
[2018-03-27 17:26:43] Rookie-Framework.DEBUG: 找不到控制器favicon.ico;文件地址：/wwwroot/daohang/app/Controller/favicon.icoController.php文件是否存在:0 [] []
[2018-03-27 17:27:03] Rookie-Framework.INFO: 访问控制器:\app\Controller\indexController [] []
[2018-03-27 17:27:03] Rookie-Framework.INFO: 访问方法:index [] []
[2018-03-27 17:27:03] Rookie-Framework.INFO: 访问控制器:\app\Controller\favicon.icoController [] []
[2018-03-27 17:27:03] Rookie-Framework.INFO: 访问方法:index [] []
[2018-03-27 17:27:03] Rookie-Framework.DEBUG: 找不到控制器favicon.ico;文件地址：/wwwroot/daohang/app/Controller/favicon.icoController.php文件是否存在:0 [] []
[2018-03-27 17:28:25] Rookie-Framework.INFO: 访问控制器:\app\Controller\indexController [] []
[2018-03-27 17:28:25] Rookie-Framework.INFO: 访问方法:index [] []
[2018-03-27 17:28:26] Rookie-Framework.INFO: 访问控制器:\app\Controller\favicon.icoController [] []
[2018-03-27 17:28:26] Rookie-Framework.INFO: 访问方法:index [] []
[2018-03-27 17:28:26] Rookie-Framework.DEBUG: 找不到控制器favicon.ico;文件地址：/wwwroot/daohang/app/Controller/favicon.icoController.php文件是否存在:0 [] []
[2018-03-27 17:29:08] Rookie-Framework.INFO: 访问控制器:\app\Controller\indexController [] []
[2018-03-27 17:29:08] Rookie-Framework.INFO: 访问方法:index [] []
[2018-03-27 17:29:09] Rookie-Framework.INFO: 访问控制器:\app\Controller\favicon.icoController [] []
[2018-03-27 17:29:09] Rookie-Framework.INFO: 访问方法:index [] []
[2018-03-27 17:29:09] Rookie-Framework.DEBUG: 找不到控制器favicon.ico;文件地址：/wwwroot/daohang/app/Controller/favicon.icoController.php文件是否存在:0 [] []
[2018-03-27 17:30:19] Rookie-Framework.INFO: 访问控制器:\app\Controller\indexController [] []
[2018-03-27 17:30:19] Rookie-Framework.INFO: 访问方法:index [] []
[2018-03-27 17:30:19] Rookie-Framework.INFO: 访问控制器:\app\Controller\favicon.icoController [] []
[2018-03-27 17:30:19] Rookie-Framework.INFO: 访问方法:index [] []
[2018-03-27 17:30:19] Rookie-Framework.DEBUG: 找不到控制器favicon.ico;文件地址：/wwwroot/daohang/app/Controller/favicon.icoController.php文件是否存在:0 [] []
[2018-03-27 17:30:21] Rookie-Framework.INFO: 访问控制器:\app\Controller\indexController [] []
[2018-03-27 17:30:21] Rookie-Framework.INFO: 访问方法:index [] []
[2018-03-27 17:30:21] Rookie-Framework.INFO: 访问控制器:\app\Controller\favicon.icoController [] []
[2018-03-27 17:30:21] Rookie-Framework.INFO: 访问方法:index [] []
[2018-03-27 17:30:21] Rookie-Framework.DEBUG: 找不到控制器favicon.ico;文件地址：/wwwroot/daohang/app/Controller/favicon.icoController.php文件是否存在:0 [] []
[2018-03-27 17:30:58] Rookie-Framework.INFO: 访问控制器:\app\Controller\indexController [] []
[2018-03-27 17:30:58] Rookie-Framework.INFO: 访问方法:index [] []
[2018-03-27 17:30:58] Rookie-Framework.INFO: 访问控制器:\app\Controller\favicon.icoController [] []
[2018-03-27 17:30:58] Rookie-Framework.INFO: 访问方法:index [] []
[2018-03-27 17:30:58] Rookie-Framework.DEBUG: 找不到控制器favicon.ico;文件地址：/wwwroot/daohang/app/Controller/favicon.icoController.php文件是否存在:0 [] []
[2018-03-27 17:31:25] Rookie-Framework.INFO: 访问控制器:\app\Controller\indexController [] []
[2018-03-27 17:31:25] Rookie-Framework.INFO: 访问方法:index [] []
[2018-03-27 17:31:25] Rookie-Framework.INFO: 访问控制器:\app\Controller\favicon.icoController [] []
[2018-03-27 17:31:25] Rookie-Framework.INFO: 访问方法:index [] []
[2018-03-27 17:31:25] Rookie-Framework.DEBUG: 找不到控制器favicon.ico;文件地址：/wwwroot/daohang/app/Controller/favicon.icoController.php文件是否存在:0 [] []
[2018-03-27 17:32:35] Rookie-Framework.INFO: 访问控制器:\app\Controller\indexController [] []
[2018-03-27 17:32:35] Rookie-Framework.INFO: 访问方法:index [] []
[2018-03-27 17:32:36] Rookie-Framework.INFO: 访问控制器:\app\Controller\favicon.icoController [] []
[2018-03-27 17:32:36] Rookie-Framework.INFO: 访问方法:index [] []
[2018-03-27 17:32:36] Rookie-Framework.DEBUG: 找不到控制器favicon.ico;文件地址：/wwwroot/daohang/app/Controller/favicon.icoController.php文件是否存在:0 [] []
[2018-03-27 17:32:55] Rookie-Framework.INFO: 访问控制器:\app\Controller\indexController [] []
[2018-03-27 17:32:55] Rookie-Framework.INFO: 访问方法:index [] []
[2018-03-27 17:32:56] Rookie-Framework.INFO: 访问控制器:\app\Controller\favicon.icoController [] []
[2018-03-27 17:32:56] Rookie-Framework.INFO: 访问方法:index [] []
[2018-03-27 17:32:56] Rookie-Framework.DEBUG: 找不到控制器favicon.ico;文件地址：/wwwroot/daohang/app/Controller/favicon.icoController.php文件是否存在:0 [] []
[2018-03-27 17:33:43] Rookie-Framework.INFO: 访问控制器:\app\Controller\indexController [] []
[2018-03-27 17:33:43] Rookie-Framework.INFO: 访问方法:index [] []
[2018-03-27 17:33:44] Rookie-Framework.INFO: 访问控制器:\app\Controller\favicon.icoController [] []
[2018-03-27 17:33:44] Rookie-Framework.INFO: 访问方法:index [] []
[2018-03-27 17:33:44] Rookie-Framework.DEBUG: 找不到控制器favicon.ico;文件地址：/wwwroot/daohang/app/Controller/favicon.icoController.php文件是否存在:0 [] []
[2018-03-27 17:34:51] Rookie-Framework.INFO: 访问控制器:\app\Controller\indexController [] []
[2018-03-27 17:34:51] Rookie-Framework.INFO: 访问方法:index [] []
[2018-03-27 17:34:52] Rookie-Framework.INFO: 访问控制器:\app\Controller\favicon.icoController [] []
[2018-03-27 17:34:52] Rookie-Framework.INFO: 访问方法:index [] []
[2018-03-27 17:34:52] Rookie-Framework.DEBUG: 找不到控制器favicon.ico;文件地址：/wwwroot/daohang/app/Controller/favicon.icoController.php文件是否存在:0 [] []
[2018-03-27 17:34:53] Rookie-Framework.INFO: 访问控制器:\app\Controller\indexController [] []
[2018-03-27 17:34:53] Rookie-Framework.INFO: 访问方法:index [] []
[2018-03-27 17:34:54] Rookie-Framework.INFO: 访问控制器:\app\Controller\favicon.icoController [] []
[2018-03-27 17:34:54] Rookie-Framework.INFO: 访问方法:index [] []
[2018-03-27 17:34:54] Rookie-Framework.DEBUG: 找不到控制器favicon.ico;文件地址：/wwwroot/daohang/app/Controller/favicon.icoController.php文件是否存在:0 [] []
[2018-03-27 17:35:35] Rookie-Framework.INFO: 访问控制器:\app\Controller\indexController [] []
[2018-03-27 17:35:35] Rookie-Framework.INFO: 访问方法:index [] []
[2018-03-27 17:35:35] Rookie-Framework.INFO: 访问控制器:\app\Controller\favicon.icoController [] []
[2018-03-27 17:35:35] Rookie-Framework.INFO: 访问方法:index [] []
[2018-03-27 17:35:35] Rookie-Framework.DEBUG: 找不到控制器favicon.ico;文件地址：/wwwroot/daohang/app/Controller/favicon.icoController.php文件是否存在:0 [] []
[2018-03-27 17:35:36] Rookie-Framework.INFO: 访问控制器:\app\Controller\indexController [] []
[2018-03-27 17:35:36] Rookie-Framework.INFO: 访问方法:index [] []
[2018-03-27 17:35:36] Rookie-Framework.INFO: 访问控制器:\app\Controller\favicon.icoController [] []
[2018-03-27 17:35:36] Rookie-Framework.INFO: 访问方法:index [] []
[2018-03-27 17:35:36] Rookie-Framework.DEBUG: 找不到控制器favicon.ico;文件地址：/wwwroot/daohang/app/Controller/favicon.icoController.php文件是否存在:0 [] []
[2018-03-27 17:36:03] Rookie-Framework.INFO: 访问控制器:\app\Controller\indexController [] []
[2018-03-27 17:36:03] Rookie-Framework.INFO: 访问方法:index [] []
[2018-03-27 17:36:04] Rookie-Framework.INFO: 访问控制器:\app\Controller\favicon.icoController [] []
[2018-03-27 17:36:04] Rookie-Framework.INFO: 访问方法:index [] []
[2018-03-27 17:36:04] Rookie-Framework.DEBUG: 找不到控制器favicon.ico;文件地址：/wwwroot/daohang/app/Controller/favicon.icoController.php文件是否存在:0 [] []
[2018-03-27 17:36:27] Rookie-Framework.INFO: 访问控制器:\app\Controller\indexController [] []
[2018-03-27 17:36:27] Rookie-Framework.INFO: 访问方法:index [] []
[2018-03-27 17:36:28] Rookie-Framework.INFO: 访问控制器:\app\Controller\favicon.icoController [] []
[2018-03-27 17:36:28] Rookie-Framework.INFO: 访问方法:index [] []
[2018-03-27 17:36:28] Rookie-Framework.DEBUG: 找不到控制器favicon.ico;文件地址：/wwwroot/daohang/app/Controller/favicon.icoController.php文件是否存在:0 [] []
[2018-03-27 17:36:39] Rookie-Framework.INFO: 访问控制器:\app\Controller\indexController [] []
[2018-03-27 17:36:39] Rookie-Framework.INFO: 访问方法:index [] []
[2018-03-27 17:36:40] Rookie-Framework.INFO: 访问控制器:\app\Controller\favicon.icoController [] []
[2018-03-27 17:36:40] Rookie-Framework.INFO: 访问方法:index [] []
[2018-03-27 17:36:40] Rookie-Framework.DEBUG: 找不到控制器favicon.ico;文件地址：/wwwroot/daohang/app/Controller/favicon.icoController.php文件是否存在:0 [] []
[2018-03-27 17:36:42] Rookie-Framework.INFO: 访问控制器:\app\Controller\indexController [] []
[2018-03-27 17:36:42] Rookie-Framework.INFO: 访问方法:index [] []
[2018-03-27 17:36:43] Rookie-Framework.INFO: 访问控制器:\app\Controller\favicon.icoController [] []
[2018-03-27 17:36:43] Rookie-Framework.INFO: 访问方法:index [] []
[2018-03-27 17:36:43] Rookie-Framework.DEBUG: 找不到控制器favicon.ico;文件地址：/wwwroot/daohang/app/Controller/favicon.icoController.php文件是否存在:0 [] []
[2018-03-27 17:36:52] Rookie-Framework.INFO: 访问控制器:\app\Controller\indexController [] []
[2018-03-27 17:36:52] Rookie-Framework.INFO: 访问方法:index [] []
[2018-03-27 17:36:53] Rookie-Framework.INFO: 访问控制器:\app\Controller\favicon.icoController [] []
[2018-03-27 17:36:53] Rookie-Framework.INFO: 访问方法:index [] []
[2018-03-27 17:36:53] Rookie-Framework.DEBUG: 找不到控制器favicon.ico;文件地址：/wwwroot/daohang/app/Controller/favicon.icoController.php文件是否存在:0 [] []
[2018-03-27 17:36:53] Rookie-Framework.INFO: 访问控制器:\app\Controller\indexController [] []
[2018-03-27 17:36:53] Rookie-Framework.INFO: 访问方法:index [] []
[2018-03-27 17:36:54] Rookie-Framework.INFO: 访问控制器:\app\Controller\favicon.icoController [] []
[2018-03-27 17:36:54] Rookie-Framework.INFO: 访问方法:index [] []
[2018-03-27 17:36:54] Rookie-Framework.DEBUG: 找不到控制器favicon.ico;文件地址：/wwwroot/daohang/app/Controller/favicon.icoController.php文件是否存在:0 [] []
[2018-03-27 17:36:55] Rookie-Framework.INFO: 访问控制器:\app\Controller\indexController [] []
[2018-03-27 17:36:55] Rookie-Framework.INFO: 访问方法:index [] []
[2018-03-27 17:36:55] Rookie-Framework.INFO: 访问控制器:\app\Controller\favicon.icoController [] []
[2018-03-27 17:36:55] Rookie-Framework.INFO: 访问方法:index [] []
[2018-03-27 17:36:55] Rookie-Framework.DEBUG: 找不到控制器favicon.ico;文件地址：/wwwroot/daohang/app/Controller/favicon.icoController.php文件是否存在:0 [] []
[2018-03-27 17:36:56] Rookie-Framework.INFO: 访问控制器:\app\Controller\indexController [] []
[2018-03-27 17:36:56] Rookie-Framework.INFO: 访问方法:index [] []
[2018-03-27 17:36:57] Rookie-Framework.INFO: 访问控制器:\app\Controller\favicon.icoController [] []
[2018-03-27 17:36:57] Rookie-Framework.INFO: 访问方法:index [] []
[2018-03-27 17:36:57] Rookie-Framework.DEBUG: 找不到控制器favicon.ico;文件地址：/wwwroot/daohang/app/Controller/favicon.icoController.php文件是否存在:0 [] []
[2018-03-27 17:37:03] Rookie-Framework.INFO: 访问控制器:\app\Controller\indexController [] []
[2018-03-27 17:37:03] Rookie-Framework.INFO: 访问方法:index [] []
[2018-03-27 17:37:03] Rookie-Framework.INFO: 访问控制器:\app\Controller\favicon.icoController [] []
[2018-03-27 17:37:03] Rookie-Framework.INFO: 访问方法:index [] []
[2018-03-27 17:37:03] Rookie-Framework.DEBUG: 找不到控制器favicon.ico;文件地址：/wwwroot/daohang/app/Controller/favicon.icoController.php文件是否存在:0 [] []
[2018-03-27 17:37:33] Rookie-Framework.INFO: 访问控制器:\app\Controller\indexController [] []
[2018-03-27 17:37:33] Rookie-Framework.INFO: 访问方法:index [] []
[2018-03-27 17:37:34] Rookie-Framework.INFO: 访问控制器:\app\Controller\favicon.icoController [] []
[2018-03-27 17:37:34] Rookie-Framework.INFO: 访问方法:index [] []
[2018-03-27 17:37:34] Rookie-Framework.DEBUG: 找不到控制器favicon.ico;文件地址：/wwwroot/daohang/app/Controller/favicon.icoController.php文件是否存在:0 [] []
[2018-03-27 17:37:36] Rookie-Framework.INFO: 访问控制器:\app\Controller\indexController [] []
[2018-03-27 17:37:36] Rookie-Framework.INFO: 访问方法:index [] []
[2018-03-27 17:37:37] Rookie-Framework.INFO: 访问控制器:\app\Controller\favicon.icoController [] []
[2018-03-27 17:37:37] Rookie-Framework.INFO: 访问方法:index [] []
[2018-03-27 17:37:37] Rookie-Framework.DEBUG: 找不到控制器favicon.ico;文件地址：/wwwroot/daohang/app/Controller/favicon.icoController.php文件是否存在:0 [] []
[2018-03-27 17:37:39] Rookie-Framework.INFO: 访问控制器:\app\Controller\indexController [] []
[2018-03-27 17:37:39] Rookie-Framework.INFO: 访问方法:index [] []
[2018-03-27 17:37:39] Rookie-Framework.INFO: 访问控制器:\app\Controller\favicon.icoController [] []
[2018-03-27 17:37:39] Rookie-Framework.INFO: 访问方法:index [] []
[2018-03-27 17:37:39] Rookie-Framework.DEBUG: 找不到控制器favicon.ico;文件地址：/wwwroot/daohang/app/Controller/favicon.icoController.php文件是否存在:0 [] []
[2018-03-27 17:37:40] Rookie-Framework.INFO: 访问控制器:\app\Controller\indexController [] []
[2018-03-27 17:37:40] Rookie-Framework.INFO: 访问方法:index [] []
[2018-03-27 17:37:40] Rookie-Framework.INFO: 访问控制器:\app\Controller\favicon.icoController [] []
[2018-03-27 17:37:40] Rookie-Framework.INFO: 访问方法:index [] []
[2018-03-27 17:37:40] Rookie-Framework.DEBUG: 找不到控制器favicon.ico;文件地址：/wwwroot/daohang/app/Controller/favicon.icoController.php文件是否存在:0 [] []
[2018-03-27 17:37:41] Rookie-Framework.INFO: 访问控制器:\app\Controller\indexController [] []
[2018-03-27 17:37:41] Rookie-Framework.INFO: 访问方法:index [] []
[2018-03-27 17:37:42] Rookie-Framework.INFO: 访问控制器:\app\Controller\favicon.icoController [] []
[2018-03-27 17:37:42] Rookie-Framework.INFO: 访问方法:index [] []
[2018-03-27 17:37:42] Rookie-Framework.DEBUG: 找不到控制器favicon.ico;文件地址：/wwwroot/daohang/app/Controller/favicon.icoController.php文件是否存在:0 [] []
[2018-03-27 17:37:42] Rookie-Framework.INFO: 访问控制器:\app\Controller\indexController [] []
[2018-03-27 17:37:42] Rookie-Framework.INFO: 访问方法:index [] []
[2018-03-27 17:37:43] Rookie-Framework.INFO: 访问控制器:\app\Controller\favicon.icoController [] []
[2018-03-27 17:37:43] Rookie-Framework.INFO: 访问方法:index [] []
[2018-03-27 17:37:43] Rookie-Framework.DEBUG: 找不到控制器favicon.ico;文件地址：/wwwroot/daohang/app/Controller/favicon.icoController.php文件是否存在:0 [] []
[2018-03-27 17:39:38] Rookie-Framework.INFO: 访问控制器:\app\Controller\indexController [] []
[2018-03-27 17:39:38] Rookie-Framework.INFO: 访问方法:index [] []
[2018-03-27 17:39:38] Rookie-Framework.INFO: 访问控制器:\app\Controller\favicon.icoController [] []
[2018-03-27 17:39:38] Rookie-Framework.INFO: 访问方法:index [] []
[2018-03-27 17:39:38] Rookie-Framework.DEBUG: 找不到控制器favicon.ico;文件地址：/wwwroot/daohang/app/Controller/favicon.icoController.php文件是否存在:0 [] []
[2018-03-27 17:40:32] Rookie-Framework.INFO: 访问控制器:\app\Controller\indexController [] []
[2018-03-27 17:40:32] Rookie-Framework.INFO: 访问方法:index [] []
[2018-03-27 17:40:32] Rookie-Framework.INFO: 访问控制器:\app\Controller\favicon.icoController [] []
[2018-03-27 17:40:32] Rookie-Framework.INFO: 访问方法:index [] []
[2018-03-27 17:40:32] Rookie-Framework.DEBUG: 找不到控制器favicon.ico;文件地址：/wwwroot/daohang/app/Controller/favicon.icoController.php文件是否存在:0 [] []
[2018-03-27 17:40:57] Rookie-Framework.INFO: 访问控制器:\app\Controller\indexController [] []
[2018-03-27 17:40:57] Rookie-Framework.INFO: 访问方法:index [] []
[2018-03-27 17:40:57] Rookie-Framework.INFO: 访问控制器:\app\Controller\favicon.icoController [] []
[2018-03-27 17:40:57] Rookie-Framework.INFO: 访问方法:index [] []
[2018-03-27 17:40:57] Rookie-Framework.DEBUG: 找不到控制器favicon.ico;文件地址：/wwwroot/daohang/app/Controller/favicon.icoController.php文件是否存在:0 [] []
[2018-03-27 17:40:58] Rookie-Framework.INFO: 访问控制器:\app\Controller\indexController [] []
[2018-03-27 17:40:58] Rookie-Framework.INFO: 访问方法:index [] []
[2018-03-27 17:40:59] Rookie-Framework.INFO: 访问控制器:\app\Controller\favicon.icoController [] []
[2018-03-27 17:40:59] Rookie-Framework.INFO: 访问方法:index [] []
[2018-03-27 17:40:59] Rookie-Framework.DEBUG: 找不到控制器favicon.ico;文件地址：/wwwroot/daohang/app/Controller/favicon.icoController.php文件是否存在:0 [] []
[2018-03-27 17:41:00] Rookie-Framework.INFO: 访问控制器:\app\Controller\indexController [] []
[2018-03-27 17:41:00] Rookie-Framework.INFO: 访问方法:index [] []
[2018-03-27 17:41:00] Rookie-Framework.INFO: 访问控制器:\app\Controller\favicon.icoController [] []
[2018-03-27 17:41:00] Rookie-Framework.INFO: 访问方法:index [] []
[2018-03-27 17:41:00] Rookie-Framework.DEBUG: 找不到控制器favicon.ico;文件地址：/wwwroot/daohang/app/Controller/favicon.icoController.php文件是否存在:0 [] []
[2018-03-27 17:41:01] Rookie-Framework.INFO: 访问控制器:\app\Controller\indexController [] []
[2018-03-27 17:41:01] Rookie-Framework.INFO: 访问方法:index [] []
[2018-03-27 17:41:02] Rookie-Framework.INFO: 访问控制器:\app\Controller\favicon.icoController [] []
[2018-03-27 17:41:02] Rookie-Framework.INFO: 访问方法:index [] []
[2018-03-27 17:41:02] Rookie-Framework.DEBUG: 找不到控制器favicon.ico;文件地址：/wwwroot/daohang/app/Controller/favicon.icoController.php文件是否存在:0 [] []
[2018-03-27 17:41:02] Rookie-Framework.INFO: 访问控制器:\app\Controller\indexController [] []
[2018-03-27 17:41:02] Rookie-Framework.INFO: 访问方法:index [] []
[2018-03-27 17:41:03] Rookie-Framework.INFO: 访问控制器:\app\Controller\favicon.icoController [] []
[2018-03-27 17:41:03] Rookie-Framework.INFO: 访问方法:index [] []
[2018-03-27 17:41:03] Rookie-Framework.DEBUG: 找不到控制器favicon.ico;文件地址：/wwwroot/daohang/app/Controller/favicon.icoController.php文件是否存在:0 [] []
[2018-03-27 17:41:03] Rookie-Framework.INFO: 访问控制器:\app\Controller\indexController [] []
[2018-03-27 17:41:03] Rookie-Framework.INFO: 访问方法:index [] []
[2018-03-27 17:41:04] Rookie-Framework.INFO: 访问控制器:\app\Controller\favicon.icoController [] []
[2018-03-27 17:41:04] Rookie-Framework.INFO: 访问方法:index [] []
[2018-03-27 17:41:04] Rookie-Framework.DEBUG: 找不到控制器favicon.ico;文件地址：/wwwroot/daohang/app/Controller/favicon.icoController.php文件是否存在:0 [] []
[2018-03-27 17:44:33] Rookie-Framework.INFO: 访问控制器:\app\Controller\indexController [] []
[2018-03-27 17:44:33] Rookie-Framework.INFO: 访问方法:index [] []
[2018-03-27 17:44:34] Rookie-Framework.INFO: 访问控制器:\app\Controller\favicon.icoController [] []
[2018-03-27 17:44:34] Rookie-Framework.INFO: 访问方法:index [] []
[2018-03-27 17:44:34] Rookie-Framework.DEBUG: 找不到控制器favicon.ico;文件地址：/wwwroot/daohang/app/Controller/favicon.icoController.php文件是否存在:0 [] []
[2018-03-27 17:44:49] Rookie-Framework.INFO: 访问控制器:\app\Controller\indexController [] []
[2018-03-27 17:44:49] Rookie-Framework.INFO: 访问方法:index [] []
[2018-03-27 17:44:50] Rookie-Framework.INFO: 访问控制器:\app\Controller\favicon.icoController [] []
[2018-03-27 17:44:50] Rookie-Framework.INFO: 访问方法:index [] []
[2018-03-27 17:44:50] Rookie-Framework.DEBUG: 找不到控制器favicon.ico;文件地址：/wwwroot/daohang/app/Controller/favicon.icoController.php文件是否存在:0 [] []
[2018-03-27 17:44:51] Rookie-Framework.INFO: 访问控制器:\app\Controller\indexController [] []
[2018-03-27 17:44:51] Rookie-Framework.INFO: 访问方法:index [] []
[2018-03-27 17:44:52] Rookie-Framework.INFO: 访问控制器:\app\Controller\favicon.icoController [] []
[2018-03-27 17:44:52] Rookie-Framework.INFO: 访问方法:index [] []
[2018-03-27 17:44:52] Rookie-Framework.DEBUG: 找不到控制器favicon.ico;文件地址：/wwwroot/daohang/app/Controller/favicon.icoController.php文件是否存在:0 [] []
[2018-03-27 17:44:52] Rookie-Framework.INFO: 访问控制器:\app\Controller\indexController [] []
[2018-03-27 17:44:52] Rookie-Framework.INFO: 访问方法:index [] []
[2018-03-27 17:44:53] Rookie-Framework.INFO: 访问控制器:\app\Controller\favicon.icoController [] []
[2018-03-27 17:44:53] Rookie-Framework.INFO: 访问方法:index [] []
[2018-03-27 17:44:53] Rookie-Framework.DEBUG: 找不到控制器favicon.ico;文件地址：/wwwroot/daohang/app/Controller/favicon.icoController.php文件是否存在:0 [] []
[2018-03-27 17:44:53] Rookie-Framework.INFO: 访问控制器:\app\Controller\indexController [] []
[2018-03-27 17:44:53] Rookie-Framework.INFO: 访问方法:index [] []
[2018-03-27 17:44:54] Rookie-Framework.INFO: 访问控制器:\app\Controller\favicon.icoController [] []
[2018-03-27 17:44:54] Rookie-Framework.INFO: 访问方法:index [] []
[2018-03-27 17:44:54] Rookie-Framework.DEBUG: 找不到控制器favicon.ico;文件地址：/wwwroot/daohang/app/Controller/favicon.icoController.php文件是否存在:0 [] []
[2018-03-27 17:44:55] Rookie-Framework.INFO: 访问控制器:\app\Controller\indexController [] []
[2018-03-27 17:44:55] Rookie-Framework.INFO: 访问方法:index [] []
[2018-03-27 17:44:56] Rookie-Framework.INFO: 访问控制器:\app\Controller\favicon.icoController [] []
[2018-03-27 17:44:56] Rookie-Framework.INFO: 访问方法:index [] []
[2018-03-27 17:44:56] Rookie-Framework.DEBUG: 找不到控制器favicon.ico;文件地址：/wwwroot/daohang/app/Controller/favicon.icoController.php文件是否存在:0 [] []
[2018-03-27 17:44:59] Rookie-Framework.INFO: 访问控制器:\app\Controller\indexController [] []
[2018-03-27 17:44:59] Rookie-Framework.INFO: 访问方法:index [] []
[2018-03-27 17:45:00] Rookie-Framework.INFO: 访问控制器:\app\Controller\favicon.icoController [] []
[2018-03-27 17:45:00] Rookie-Framework.INFO: 访问方法:index [] []
[2018-03-27 17:45:00] Rookie-Framework.DEBUG: 找不到控制器favicon.ico;文件地址：/wwwroot/daohang/app/Controller/favicon.icoController.php文件是否存在:0 [] []
[2018-03-27 17:45:01] Rookie-Framework.INFO: 访问控制器:\app\Controller\indexController [] []
[2018-03-27 17:45:01] Rookie-Framework.INFO: 访问方法:index [] []
[2018-03-27 17:45:01] Rookie-Framework.INFO: 访问控制器:\app\Controller\favicon.icoController [] []
[2018-03-27 17:45:01] Rookie-Framework.INFO: 访问方法:index [] []
[2018-03-27 17:45:01] Rookie-Framework.DEBUG: 找不到控制器favicon.ico;文件地址：/wwwroot/daohang/app/Controller/favicon.icoController.php文件是否存在:0 [] []
[2018-03-27 17:45:02] Rookie-Framework.INFO: 访问控制器:\app\Controller\indexController [] []
[2018-03-27 17:45:02] Rookie-Framework.INFO: 访问方法:index [] []
[2018-03-27 17:45:02] Rookie-Framework.INFO: 访问控制器:\app\Controller\favicon.icoController [] []
[2018-03-27 17:45:03] Rookie-Framework.INFO: 访问方法:index [] []
[2018-03-27 17:45:03] Rookie-Framework.DEBUG: 找不到控制器favicon.ico;文件地址：/wwwroot/daohang/app/Controller/favicon.icoController.php文件是否存在:0 [] []
[2018-03-27 17:45:11] Rookie-Framework.INFO: 访问控制器:\app\Controller\indexController [] []
[2018-03-27 17:45:11] Rookie-Framework.INFO: 访问方法:index [] []
[2018-03-27 17:45:11] Rookie-Framework.INFO: 访问控制器:\app\Controller\favicon.icoController [] []
[2018-03-27 17:45:11] Rookie-Framework.INFO: 访问方法:index [] []
[2018-03-27 17:45:11] Rookie-Framework.DEBUG: 找不到控制器favicon.ico;文件地址：/wwwroot/daohang/app/Controller/favicon.icoController.php文件是否存在:0 [] []
[2018-03-27 17:46:30] Rookie-Framework.INFO: 访问控制器:\app\Controller\indexController [] []
[2018-03-27 17:46:30] Rookie-Framework.INFO: 访问方法:index [] []
[2018-03-27 17:46:31] Rookie-Framework.INFO: 访问控制器:\app\Controller\favicon.icoController [] []
[2018-03-27 17:46:31] Rookie-Framework.INFO: 访问方法:index [] []
[2018-03-27 17:46:31] Rookie-Framework.DEBUG: 找不到控制器favicon.ico;文件地址：/wwwroot/daohang/app/Controller/favicon.icoController.php文件是否存在:0 [] []
[2018-03-27 17:50:13] Rookie-Framework.INFO: 访问控制器:\app\Controller\indexController [] []
[2018-03-27 17:50:13] Rookie-Framework.INFO: 访问方法:index [] []
[2018-03-27 17:50:13] Rookie-Framework.INFO: 访问控制器:\app\Controller\favicon.icoController [] []
[2018-03-27 17:50:13] Rookie-Framework.INFO: 访问方法:index [] []
[2018-03-27 17:50:13] Rookie-Framework.DEBUG: 找不到控制器favicon.ico;文件地址：/wwwroot/daohang/app/Controller/favicon.icoController.php文件是否存在:0 [] []
[2018-03-27 17:50:23] Rookie-Framework.INFO: 访问控制器:\app\Controller\indexController [] []
[2018-03-27 17:50:23] Rookie-Framework.INFO: 访问方法:index [] []
[2018-03-27 17:50:24] Rookie-Framework.INFO: 访问控制器:\app\Controller\favicon.icoController [] []
[2018-03-27 17:50:24] Rookie-Framework.INFO: 访问方法:index [] []
[2018-03-27 17:50:24] Rookie-Framework.DEBUG: 找不到控制器favicon.ico;文件地址：/wwwroot/daohang/app/Controller/favicon.icoController.php文件是否存在:0 [] []
[2018-03-27 17:50:32] Rookie-Framework.INFO: 访问控制器:\app\Controller\indexController [] []
[2018-03-27 17:50:32] Rookie-Framework.INFO: 访问方法:index [] []
[2018-03-27 17:50:32] Rookie-Framework.INFO: 访问控制器:\app\Controller\favicon.icoController [] []
[2018-03-27 17:50:32] Rookie-Framework.INFO: 访问方法:index [] []
[2018-03-27 17:50:32] Rookie-Framework.DEBUG: 找不到控制器favicon.ico;文件地址：/wwwroot/daohang/app/Controller/favicon.icoController.php文件是否存在:0 [] []
[2018-03-27 17:50:49] Rookie-Framework.INFO: 访问控制器:\app\Controller\indexController [] []
[2018-03-27 17:50:49] Rookie-Framework.INFO: 访问方法:index [] []
[2018-03-27 17:50:49] Rookie-Framework.INFO: 访问控制器:\app\Controller\favicon.icoController [] []
[2018-03-27 17:50:49] Rookie-Framework.INFO: 访问方法:index [] []
[2018-03-27 17:50:49] Rookie-Framework.DEBUG: 找不到控制器favicon.ico;文件地址：/wwwroot/daohang/app/Controller/favicon.icoController.php文件是否存在:0 [] []
[2018-03-27 17:58:22] Rookie-Framework.INFO: 访问控制器:\app\Controller\indexController [] []
[2018-03-27 17:58:22] Rookie-Framework.INFO: 访问方法:index [] []
[2018-03-27 17:58:23] Rookie-Framework.INFO: 访问控制器:\app\Controller\favicon.icoController [] []
[2018-03-27 17:58:23] Rookie-Framework.INFO: 访问方法:index [] []
[2018-03-27 17:58:23] Rookie-Framework.DEBUG: 找不到控制器favicon.ico;文件地址：/wwwroot/daohang/app/Controller/favicon.icoController.php文件是否存在:0 [] []
