[2018-03-27 14:08:23] Rookie-Framework.INFO: 访问控制器:\app\Controller\indexController [] []
[2018-03-27 14:08:23] Rookie-Framework.INFO: 访问方法:subscribe [] []
[2018-03-27 14:08:23] Rookie-Framework.INFO: 解析模板文件--/wwwroot/daohang/app/viewindex.subscribe [] []
[2018-03-27 14:08:24] Rookie-Framework.INFO: 访问控制器:\app\Controller\favicon.icoController [] []
[2018-03-27 14:08:24] Rookie-Framework.INFO: 访问方法:index [] []
[2018-03-27 14:08:24] Rookie-Framework.DEBUG: 找不到控制器favicon.ico;文件地址：/wwwroot/daohang/app/Controller/favicon.icoController.php文件是否存在:0 [] []
[2018-03-27 14:08:39] Rookie-Framework.INFO: 访问控制器:\app\Controller\ApiController [] []
[2018-03-27 14:08:39] Rookie-Framework.INFO: 访问方法:subscribe [] []
[2018-03-27 14:12:04] Rookie-Framework.INFO: 访问控制器:\app\Controller\ApiController [] []
[2018-03-27 14:12:04] Rookie-Framework.INFO: 访问方法:subscribe [] []
[2018-03-27 14:16:19] Rookie-Framework.INFO: 访问控制器:\app\Controller\ApiController [] []
[2018-03-27 14:16:19] Rookie-Framework.INFO: 访问方法:subscribe [] []
[2018-03-27 14:18:18] Rookie-Framework.INFO: 访问控制器:\app\Controller\ApiController [] []
[2018-03-27 14:18:18] Rookie-Framework.INFO: 访问方法:subscribe [] []
[2018-03-27 14:18:57] Rookie-Framework.INFO: 访问控制器:\app\Controller\ApiController [] []
[2018-03-27 14:18:57] Rookie-Framework.INFO: 访问方法:subscribe [] []
[2018-03-27 14:20:40] Rookie-Framework.INFO: 访问控制器:\app\Controller\ApiController [] []
[2018-03-27 14:20:40] Rookie-Framework.INFO: 访问方法:subscribe [] []
[2018-03-27 14:20:48] Rookie-Framework.INFO: 访问控制器:\app\Controller\ApiController [] []
[2018-03-27 14:20:48] Rookie-Framework.INFO: 访问方法:subscribe [] []
[2018-03-27 14:21:38] Rookie-Framework.INFO: 访问控制器:\app\Controller\ApiController [] []
[2018-03-27 14:21:38] Rookie-Framework.INFO: 访问方法:subscribe [] []
[2018-03-27 14:21:55] Rookie-Framework.INFO: 访问控制器:\app\Controller\ApiController [] []
[2018-03-27 14:21:55] Rookie-Framework.INFO: 访问方法:subscribe [] []
[2018-03-27 14:22:12] Rookie-Framework.INFO: 访问控制器:\app\Controller\ApiController [] []
[2018-03-27 14:22:12] Rookie-Framework.INFO: 访问方法:subscribe [] []
[2018-03-27 14:22:49] Rookie-Framework.INFO: 访问控制器:\app\Controller\ApiController [] []
[2018-03-27 14:22:49] Rookie-Framework.INFO: 访问方法:subscribe [] []
[2018-03-27 14:23:13] Rookie-Framework.INFO: 访问控制器:\app\Controller\ApiController [] []
[2018-03-27 14:23:13] Rookie-Framework.INFO: 访问方法:subscribe [] []
[2018-03-27 14:29:28] Rookie-Framework.INFO: 访问控制器:\app\Controller\ApiController [] []
[2018-03-27 14:29:28] Rookie-Framework.INFO: 访问方法:subscribe [] []
[2018-03-27 14:29:34] Rookie-Framework.INFO: 访问控制器:\app\Controller\ApiController [] []
[2018-03-27 14:29:34] Rookie-Framework.INFO: 访问方法:subscribe [] []
[2018-03-27 14:30:15] Rookie-Framework.INFO: 访问控制器:\app\Controller\ApiController [] []
[2018-03-27 14:30:15] Rookie-Framework.INFO: 访问方法:subscribe [] []
[2018-03-27 14:30:34] Rookie-Framework.INFO: 访问控制器:\app\Controller\ApiController [] []
[2018-03-27 14:30:34] Rookie-Framework.INFO: 访问方法:subscribe [] []
[2018-03-27 14:30:39] Rookie-Framework.INFO: 访问控制器:\app\Controller\ApiController [] []
[2018-03-27 14:30:39] Rookie-Framework.INFO: 访问方法:subscribe [] []
[2018-03-27 14:30:41] Rookie-Framework.INFO: 访问控制器:\app\Controller\ApiController [] []
[2018-03-27 14:30:41] Rookie-Framework.INFO: 访问方法:subscribe [] []
[2018-03-27 14:39:20] Rookie-Framework.INFO: 访问控制器:\app\Controller\indexController [] []
[2018-03-27 14:39:20] Rookie-Framework.INFO: 访问方法:updateUrl [] []
[2018-03-27 14:39:20] Rookie-Framework.INFO: 解析模板文件--/wwwroot/daohang/app/viewindex.updateurl [] []
[2018-03-27 14:39:21] Rookie-Framework.INFO: 访问控制器:\app\Controller\favicon.icoController [] []
[2018-03-27 14:39:21] Rookie-Framework.INFO: 访问方法:index [] []
[2018-03-27 14:39:21] Rookie-Framework.DEBUG: 找不到控制器favicon.ico;文件地址：/wwwroot/daohang/app/Controller/favicon.icoController.php文件是否存在:0 [] []
[2018-03-27 14:39:42] Rookie-Framework.INFO: 访问控制器:\app\Controller\indexController [] []
[2018-03-27 14:39:42] Rookie-Framework.INFO: 访问方法:updateUrl [] []
[2018-03-27 14:39:42] Rookie-Framework.INFO: 解析模板文件--/wwwroot/daohang/app/viewindex.updateurl [] []
[2018-03-27 14:39:42] Rookie-Framework.INFO: 访问控制器:\app\Controller\favicon.icoController [] []
[2018-03-27 14:39:42] Rookie-Framework.INFO: 访问方法:index [] []
[2018-03-27 14:39:42] Rookie-Framework.DEBUG: 找不到控制器favicon.ico;文件地址：/wwwroot/daohang/app/Controller/favicon.icoController.php文件是否存在:0 [] []
[2018-03-27 14:40:03] Rookie-Framework.INFO: 访问控制器:\app\Controller\indexController [] []
[2018-03-27 14:40:03] Rookie-Framework.INFO: 访问方法:updateUrl [] []
[2018-03-27 14:40:03] Rookie-Framework.INFO: 解析模板文件--/wwwroot/daohang/app/viewindex.updateurl [] []
[2018-03-27 14:40:03] Rookie-Framework.INFO: 访问控制器:\app\Controller\favicon.icoController [] []
[2018-03-27 14:40:03] Rookie-Framework.INFO: 访问方法:index [] []
[2018-03-27 14:40:03] Rookie-Framework.DEBUG: 找不到控制器favicon.ico;文件地址：/wwwroot/daohang/app/Controller/favicon.icoController.php文件是否存在:0 [] []
[2018-03-27 14:40:10] Rookie-Framework.INFO: 访问控制器:\app\Controller\indexController [] []
[2018-03-27 14:40:10] Rookie-Framework.INFO: 访问方法:updateUrl [] []
[2018-03-27 14:40:10] Rookie-Framework.INFO: 解析模板文件--/wwwroot/daohang/app/viewindex.updateurl [] []
[2018-03-27 14:40:10] Rookie-Framework.INFO: 访问控制器:\app\Controller\favicon.icoController [] []
[2018-03-27 14:40:10] Rookie-Framework.INFO: 访问方法:index [] []
[2018-03-27 14:40:10] Rookie-Framework.DEBUG: 找不到控制器favicon.ico;文件地址：/wwwroot/daohang/app/Controller/favicon.icoController.php文件是否存在:0 [] []
[2018-03-27 14:40:13] Rookie-Framework.INFO: 访问控制器:\app\Controller\indexController [] []
[2018-03-27 14:40:13] Rookie-Framework.INFO: 访问方法:updateUrl [] []
[2018-03-27 14:40:13] Rookie-Framework.INFO: 解析模板文件--/wwwroot/daohang/app/viewindex.updateurl [] []
[2018-03-27 14:40:13] Rookie-Framework.INFO: 访问控制器:\app\Controller\favicon.icoController [] []
[2018-03-27 14:40:13] Rookie-Framework.INFO: 访问方法:index [] []
[2018-03-27 14:40:13] Rookie-Framework.DEBUG: 找不到控制器favicon.ico;文件地址：/wwwroot/daohang/app/Controller/favicon.icoController.php文件是否存在:0 [] []
[2018-03-27 14:40:14] Rookie-Framework.INFO: 访问控制器:\app\Controller\indexController [] []
[2018-03-27 14:40:14] Rookie-Framework.INFO: 访问方法:updateUrl [] []
[2018-03-27 14:40:14] Rookie-Framework.INFO: 解析模板文件--/wwwroot/daohang/app/viewindex.updateurl [] []
[2018-03-27 14:40:14] Rookie-Framework.INFO: 访问控制器:\app\Controller\favicon.icoController [] []
[2018-03-27 14:40:14] Rookie-Framework.INFO: 访问方法:index [] []
[2018-03-27 14:40:14] Rookie-Framework.DEBUG: 找不到控制器favicon.ico;文件地址：/wwwroot/daohang/app/Controller/favicon.icoController.php文件是否存在:0 [] []
[2018-03-27 14:40:15] Rookie-Framework.INFO: 访问控制器:\app\Controller\indexController [] []
[2018-03-27 14:40:15] Rookie-Framework.INFO: 访问方法:updateUrl [] []
[2018-03-27 14:40:15] Rookie-Framework.INFO: 解析模板文件--/wwwroot/daohang/app/viewindex.updateurl [] []
[2018-03-27 14:40:16] Rookie-Framework.INFO: 访问控制器:\app\Controller\favicon.icoController [] []
[2018-03-27 14:40:16] Rookie-Framework.INFO: 访问方法:index [] []
[2018-03-27 14:40:16] Rookie-Framework.DEBUG: 找不到控制器favicon.ico;文件地址：/wwwroot/daohang/app/Controller/favicon.icoController.php文件是否存在:0 [] []
[2018-03-27 14:40:17] Rookie-Framework.INFO: 访问控制器:\app\Controller\indexController [] []
[2018-03-27 14:40:17] Rookie-Framework.INFO: 访问方法:updateUrl [] []
[2018-03-27 14:40:17] Rookie-Framework.INFO: 解析模板文件--/wwwroot/daohang/app/viewindex.updateurl [] []
[2018-03-27 14:40:17] Rookie-Framework.INFO: 访问控制器:\app\Controller\favicon.icoController [] []
[2018-03-27 14:40:17] Rookie-Framework.INFO: 访问方法:index [] []
[2018-03-27 14:40:17] Rookie-Framework.DEBUG: 找不到控制器favicon.ico;文件地址：/wwwroot/daohang/app/Controller/favicon.icoController.php文件是否存在:0 [] []
[2018-03-27 14:40:18] Rookie-Framework.INFO: 访问控制器:\app\Controller\indexController [] []
[2018-03-27 14:40:18] Rookie-Framework.INFO: 访问方法:updateUrl [] []
[2018-03-27 14:40:18] Rookie-Framework.INFO: 解析模板文件--/wwwroot/daohang/app/viewindex.updateurl [] []
[2018-03-27 14:40:18] Rookie-Framework.INFO: 访问控制器:\app\Controller\favicon.icoController [] []
[2018-03-27 14:40:18] Rookie-Framework.INFO: 访问方法:index [] []
[2018-03-27 14:40:18] Rookie-Framework.DEBUG: 找不到控制器favicon.ico;文件地址：/wwwroot/daohang/app/Controller/favicon.icoController.php文件是否存在:0 [] []
[2018-03-27 14:40:18] Rookie-Framework.INFO: 访问控制器:\app\Controller\indexController [] []
[2018-03-27 14:40:18] Rookie-Framework.INFO: 访问方法:updateUrl [] []
[2018-03-27 14:40:18] Rookie-Framework.INFO: 解析模板文件--/wwwroot/daohang/app/viewindex.updateurl [] []
[2018-03-27 14:40:19] Rookie-Framework.INFO: 访问控制器:\app\Controller\favicon.icoController [] []
[2018-03-27 14:40:19] Rookie-Framework.INFO: 访问方法:index [] []
[2018-03-27 14:40:19] Rookie-Framework.DEBUG: 找不到控制器favicon.ico;文件地址：/wwwroot/daohang/app/Controller/favicon.icoController.php文件是否存在:0 [] []
[2018-03-27 14:40:19] Rookie-Framework.INFO: 访问控制器:\app\Controller\indexController [] []
[2018-03-27 14:40:19] Rookie-Framework.INFO: 访问方法:updateUrl [] []
[2018-03-27 14:40:19] Rookie-Framework.INFO: 解析模板文件--/wwwroot/daohang/app/viewindex.updateurl [] []
[2018-03-27 14:40:19] Rookie-Framework.INFO: 访问控制器:\app\Controller\favicon.icoController [] []
[2018-03-27 14:40:19] Rookie-Framework.INFO: 访问方法:index [] []
[2018-03-27 14:40:19] Rookie-Framework.DEBUG: 找不到控制器favicon.ico;文件地址：/wwwroot/daohang/app/Controller/favicon.icoController.php文件是否存在:0 [] []
[2018-03-27 14:40:19] Rookie-Framework.INFO: 访问控制器:\app\Controller\indexController [] []
[2018-03-27 14:40:19] Rookie-Framework.INFO: 访问方法:updateUrl [] []
[2018-03-27 14:40:19] Rookie-Framework.INFO: 解析模板文件--/wwwroot/daohang/app/viewindex.updateurl [] []
[2018-03-27 14:40:20] Rookie-Framework.INFO: 访问控制器:\app\Controller\indexController [] []
[2018-03-27 14:40:20] Rookie-Framework.INFO: 访问方法:updateUrl [] []
[2018-03-27 14:40:20] Rookie-Framework.INFO: 解析模板文件--/wwwroot/daohang/app/viewindex.updateurl [] []
[2018-03-27 14:40:20] Rookie-Framework.INFO: 访问控制器:\app\Controller\indexController [] []
[2018-03-27 14:40:20] Rookie-Framework.INFO: 访问方法:updateUrl [] []
[2018-03-27 14:40:20] Rookie-Framework.INFO: 解析模板文件--/wwwroot/daohang/app/viewindex.updateurl [] []
[2018-03-27 14:40:20] Rookie-Framework.INFO: 访问控制器:\app\Controller\indexController [] []
[2018-03-27 14:40:20] Rookie-Framework.INFO: 访问方法:updateUrl [] []
[2018-03-27 14:40:20] Rookie-Framework.INFO: 解析模板文件--/wwwroot/daohang/app/viewindex.updateurl [] []
[2018-03-27 14:40:20] Rookie-Framework.INFO: 访问控制器:\app\Controller\indexController [] []
[2018-03-27 14:40:20] Rookie-Framework.INFO: 访问方法:updateUrl [] []
[2018-03-27 14:40:20] Rookie-Framework.INFO: 解析模板文件--/wwwroot/daohang/app/viewindex.updateurl [] []
[2018-03-27 14:40:21] Rookie-Framework.INFO: 访问控制器:\app\Controller\indexController [] []
[2018-03-27 14:40:21] Rookie-Framework.INFO: 访问方法:updateUrl [] []
[2018-03-27 14:40:21] Rookie-Framework.INFO: 解析模板文件--/wwwroot/daohang/app/viewindex.updateurl [] []
[2018-03-27 14:40:21] Rookie-Framework.INFO: 访问控制器:\app\Controller\indexController [] []
[2018-03-27 14:40:21] Rookie-Framework.INFO: 访问方法:updateUrl [] []
[2018-03-27 14:40:21] Rookie-Framework.INFO: 解析模板文件--/wwwroot/daohang/app/viewindex.updateurl [] []
[2018-03-27 14:40:21] Rookie-Framework.INFO: 访问控制器:\app\Controller\indexController [] []
[2018-03-27 14:40:21] Rookie-Framework.INFO: 访问方法:updateUrl [] []
[2018-03-27 14:40:21] Rookie-Framework.INFO: 解析模板文件--/wwwroot/daohang/app/viewindex.updateurl [] []
[2018-03-27 14:40:21] Rookie-Framework.INFO: 访问控制器:\app\Controller\indexController [] []
[2018-03-27 14:40:21] Rookie-Framework.INFO: 访问方法:updateUrl [] []
[2018-03-27 14:40:21] Rookie-Framework.INFO: 解析模板文件--/wwwroot/daohang/app/viewindex.updateurl [] []
[2018-03-27 14:40:22] Rookie-Framework.INFO: 访问控制器:\app\Controller\favicon.icoController [] []
[2018-03-27 14:40:22] Rookie-Framework.INFO: 访问方法:index [] []
[2018-03-27 14:40:22] Rookie-Framework.DEBUG: 找不到控制器favicon.ico;文件地址：/wwwroot/daohang/app/Controller/favicon.icoController.php文件是否存在:0 [] []
[2018-03-27 14:41:26] Rookie-Framework.INFO: 访问控制器:\app\Controller\indexController [] []
[2018-03-27 14:41:26] Rookie-Framework.INFO: 访问方法:updateUrl [] []
[2018-03-27 14:41:26] Rookie-Framework.INFO: 解析模板文件--/wwwroot/daohang/app/viewindex.updateurl [] []
[2018-03-27 14:41:26] Rookie-Framework.INFO: 访问控制器:\app\Controller\favicon.icoController [] []
[2018-03-27 14:41:26] Rookie-Framework.INFO: 访问方法:index [] []
[2018-03-27 14:41:26] Rookie-Framework.DEBUG: 找不到控制器favicon.ico;文件地址：/wwwroot/daohang/app/Controller/favicon.icoController.php文件是否存在:0 [] []
[2018-03-27 14:41:55] Rookie-Framework.INFO: 访问控制器:\app\Controller\indexController [] []
[2018-03-27 14:41:55] Rookie-Framework.INFO: 访问方法:updateUrl [] []
[2018-03-27 14:41:55] Rookie-Framework.INFO: 解析模板文件--/wwwroot/daohang/app/viewindex.updateurl [] []
[2018-03-27 14:41:55] Rookie-Framework.INFO: 访问控制器:\app\Controller\favicon.icoController [] []
[2018-03-27 14:41:55] Rookie-Framework.INFO: 访问方法:index [] []
[2018-03-27 14:41:55] Rookie-Framework.DEBUG: 找不到控制器favicon.ico;文件地址：/wwwroot/daohang/app/Controller/favicon.icoController.php文件是否存在:0 [] []
[2018-03-27 14:42:15] Rookie-Framework.INFO: 访问控制器:\app\Controller\indexController [] []
[2018-03-27 14:42:15] Rookie-Framework.INFO: 访问方法:updateUrl [] []
[2018-03-27 14:42:15] Rookie-Framework.INFO: 解析模板文件--/wwwroot/daohang/app/viewindex.updateurl [] []
[2018-03-27 14:42:16] Rookie-Framework.INFO: 访问控制器:\app\Controller\favicon.icoController [] []
[2018-03-27 14:42:16] Rookie-Framework.INFO: 访问方法:index [] []
[2018-03-27 14:42:16] Rookie-Framework.DEBUG: 找不到控制器favicon.ico;文件地址：/wwwroot/daohang/app/Controller/favicon.icoController.php文件是否存在:0 [] []
[2018-03-27 14:43:26] Rookie-Framework.INFO: 访问控制器:\app\Controller\indexController [] []
[2018-03-27 14:43:26] Rookie-Framework.INFO: 访问方法:updateUrl [] []
[2018-03-27 14:43:26] Rookie-Framework.INFO: 解析模板文件--/wwwroot/daohang/app/viewindex.updateurl [] []
[2018-03-27 14:43:27] Rookie-Framework.INFO: 访问控制器:\app\Controller\favicon.icoController [] []
[2018-03-27 14:43:27] Rookie-Framework.INFO: 访问方法:index [] []
[2018-03-27 14:43:27] Rookie-Framework.DEBUG: 找不到控制器favicon.ico;文件地址：/wwwroot/daohang/app/Controller/favicon.icoController.php文件是否存在:0 [] []
[2018-03-27 14:44:09] Rookie-Framework.INFO: 访问控制器:\app\Controller\indexController [] []
[2018-03-27 14:44:09] Rookie-Framework.INFO: 访问方法:updateUrl [] []
[2018-03-27 14:44:09] Rookie-Framework.INFO: 解析模板文件--/wwwroot/daohang/app/viewindex.updateurl [] []
[2018-03-27 14:44:09] Rookie-Framework.INFO: 访问控制器:\app\Controller\favicon.icoController [] []
[2018-03-27 14:44:09] Rookie-Framework.INFO: 访问方法:index [] []
[2018-03-27 14:44:09] Rookie-Framework.DEBUG: 找不到控制器favicon.ico;文件地址：/wwwroot/daohang/app/Controller/favicon.icoController.php文件是否存在:0 [] []
[2018-03-27 14:50:41] Rookie-Framework.INFO: 访问控制器:\app\Controller\ApiController [] []
[2018-03-27 14:50:41] Rookie-Framework.INFO: 访问方法:subscribe [] []
[2018-03-27 14:51:00] Rookie-Framework.INFO: 访问控制器:\app\Controller\indexController [] []
[2018-03-27 14:51:00] Rookie-Framework.INFO: 访问方法:updateUrl [] []
[2018-03-27 14:51:00] Rookie-Framework.INFO: 解析模板文件--/wwwroot/daohang/app/viewindex.updateurl [] []
[2018-03-27 14:51:01] Rookie-Framework.INFO: 访问控制器:\app\Controller\favicon.icoController [] []
[2018-03-27 14:51:01] Rookie-Framework.INFO: 访问方法:index [] []
[2018-03-27 14:51:01] Rookie-Framework.DEBUG: 找不到控制器favicon.ico;文件地址：/wwwroot/daohang/app/Controller/favicon.icoController.php文件是否存在:0 [] []
[2018-03-27 14:51:08] Rookie-Framework.INFO: 访问控制器:\app\Controller\ApiController [] []
[2018-03-27 14:51:08] Rookie-Framework.INFO: 访问方法:isEmailUrl [] []
[2018-03-27 14:55:54] Rookie-Framework.INFO: 访问控制器:\app\Controller\ApiController [] []
[2018-03-27 14:55:54] Rookie-Framework.INFO: 访问方法:isEmailUrl [] []
