[2018-03-27 23:02:07] Rookie-Framework.INFO: 访问控制器:\app\Controller\submerController [] []
[2018-03-27 23:02:07] Rookie-Framework.INFO: 访问方法:links [] []
[2018-03-27 23:02:07] Rookie-Framework.INFO: 解析模板文件--/wwwroot/daohang/app/viewadmin.link [] []
[2018-03-27 23:03:55] Rookie-Framework.INFO: 访问控制器:\app\Controller\submerController [] []
[2018-03-27 23:03:55] Rookie-Framework.INFO: 访问方法:links [] []
[2018-03-27 23:03:55] Rookie-Framework.INFO: 解析模板文件--/wwwroot/daohang/app/viewadmin.link [] []
[2018-03-27 23:04:09] Rookie-Framework.INFO: 访问控制器:\app\Controller\submerController [] []
[2018-03-27 23:04:09] Rookie-Framework.INFO: 访问方法:links [] []
[2018-03-27 23:04:09] Rookie-Framework.INFO: 解析模板文件--/wwwroot/daohang/app/viewadmin.link [] []
[2018-03-27 23:08:55] Rookie-Framework.INFO: 访问控制器:\app\Controller\ApiController [] []
[2018-03-27 23:08:55] Rookie-Framework.INFO: 访问方法:autoSoturce [] []
[2018-03-27 23:08:56] Rookie-Framework.INFO: 访问控制器:\app\Controller\favicon.icoController [] []
[2018-03-27 23:08:56] Rookie-Framework.INFO: 访问方法:index [] []
[2018-03-27 23:08:56] Rookie-Framework.DEBUG: 找不到控制器favicon.ico;文件地址：/wwwroot/daohang/app/Controller/favicon.icoController.php文件是否存在:0 [] []
[2018-03-27 23:09:25] Rookie-Framework.INFO: 访问控制器:\app\Controller\ApiController [] []
[2018-03-27 23:09:25] Rookie-Framework.INFO: 访问方法:autoSoturce [] []
[2018-03-27 23:09:25] Rookie-Framework.INFO: 访问控制器:\app\Controller\favicon.icoController [] []
[2018-03-27 23:09:25] Rookie-Framework.INFO: 访问方法:index [] []
[2018-03-27 23:09:25] Rookie-Framework.DEBUG: 找不到控制器favicon.ico;文件地址：/wwwroot/daohang/app/Controller/favicon.icoController.php文件是否存在:0 [] []
[2018-03-27 23:09:49] Rookie-Framework.INFO: 访问控制器:\app\Controller\ApiController [] []
[2018-03-27 23:09:49] Rookie-Framework.INFO: 访问方法:autoSoturce [] []
[2018-03-27 23:09:49] Rookie-Framework.INFO: 访问控制器:\app\Controller\favicon.icoController [] []
[2018-03-27 23:09:49] Rookie-Framework.INFO: 访问方法:index [] []
[2018-03-27 23:09:49] Rookie-Framework.DEBUG: 找不到控制器favicon.ico;文件地址：/wwwroot/daohang/app/Controller/favicon.icoController.php文件是否存在:0 [] []
[2018-03-27 23:10:49] Rookie-Framework.INFO: 访问控制器:\app\Controller\ApiController [] []
[2018-03-27 23:10:49] Rookie-Framework.INFO: 访问方法:autoSoturce [] []
[2018-03-27 23:10:49] Rookie-Framework.INFO: 访问控制器:\app\Controller\favicon.icoController [] []
[2018-03-27 23:10:49] Rookie-Framework.INFO: 访问方法:index [] []
[2018-03-27 23:10:49] Rookie-Framework.DEBUG: 找不到控制器favicon.ico;文件地址：/wwwroot/daohang/app/Controller/favicon.icoController.php文件是否存在:0 [] []
[2018-03-27 23:11:01] Rookie-Framework.INFO: 访问控制器:\app\Controller\ApiController [] []
[2018-03-27 23:11:01] Rookie-Framework.INFO: 访问方法:autoSoturce [] []
[2018-03-27 23:11:01] Rookie-Framework.INFO: 访问控制器:\app\Controller\favicon.icoController [] []
[2018-03-27 23:11:01] Rookie-Framework.INFO: 访问方法:index [] []
[2018-03-27 23:11:01] Rookie-Framework.DEBUG: 找不到控制器favicon.ico;文件地址：/wwwroot/daohang/app/Controller/favicon.icoController.php文件是否存在:0 [] []
[2018-03-27 23:11:19] Rookie-Framework.INFO: 访问控制器:\app\Controller\ApiController [] []
[2018-03-27 23:11:19] Rookie-Framework.INFO: 访问方法:autoSoturce [] []
[2018-03-27 23:11:20] Rookie-Framework.INFO: 访问控制器:\app\Controller\favicon.icoController [] []
[2018-03-27 23:11:20] Rookie-Framework.INFO: 访问方法:index [] []
[2018-03-27 23:11:20] Rookie-Framework.DEBUG: 找不到控制器favicon.ico;文件地址：/wwwroot/daohang/app/Controller/favicon.icoController.php文件是否存在:0 [] []
[2018-03-27 23:12:30] Rookie-Framework.INFO: 访问控制器:\app\Controller\ApiController [] []
[2018-03-27 23:12:30] Rookie-Framework.INFO: 访问方法:autoSoturce [] []
[2018-03-27 23:12:31] Rookie-Framework.INFO: 访问控制器:\app\Controller\favicon.icoController [] []
[2018-03-27 23:12:31] Rookie-Framework.INFO: 访问方法:index [] []
[2018-03-27 23:12:31] Rookie-Framework.DEBUG: 找不到控制器favicon.ico;文件地址：/wwwroot/daohang/app/Controller/favicon.icoController.php文件是否存在:0 [] []
[2018-03-27 23:12:50] Rookie-Framework.INFO: 访问控制器:\app\Controller\ApiController [] []
[2018-03-27 23:12:50] Rookie-Framework.INFO: 访问方法:autoSoturce [] []
[2018-03-27 23:12:50] Rookie-Framework.INFO: 访问控制器:\app\Controller\favicon.icoController [] []
[2018-03-27 23:12:50] Rookie-Framework.INFO: 访问方法:index [] []
[2018-03-27 23:12:50] Rookie-Framework.DEBUG: 找不到控制器favicon.ico;文件地址：/wwwroot/daohang/app/Controller/favicon.icoController.php文件是否存在:0 [] []
[2018-03-27 23:13:11] Rookie-Framework.INFO: 访问控制器:\app\Controller\ApiController [] []
[2018-03-27 23:13:11] Rookie-Framework.INFO: 访问方法:autoSoturce [] []
[2018-03-27 23:13:12] Rookie-Framework.INFO: 访问控制器:\app\Controller\favicon.icoController [] []
[2018-03-27 23:13:12] Rookie-Framework.INFO: 访问方法:index [] []
[2018-03-27 23:13:12] Rookie-Framework.DEBUG: 找不到控制器favicon.ico;文件地址：/wwwroot/daohang/app/Controller/favicon.icoController.php文件是否存在:0 [] []
[2018-03-27 23:14:05] Rookie-Framework.INFO: 访问控制器:\app\Controller\ApiController [] []
[2018-03-27 23:14:05] Rookie-Framework.INFO: 访问方法:autoSoturce [] []
[2018-03-27 23:14:06] Rookie-Framework.INFO: 访问控制器:\app\Controller\favicon.icoController [] []
[2018-03-27 23:14:06] Rookie-Framework.INFO: 访问方法:index [] []
[2018-03-27 23:14:06] Rookie-Framework.DEBUG: 找不到控制器favicon.ico;文件地址：/wwwroot/daohang/app/Controller/favicon.icoController.php文件是否存在:0 [] []
[2018-03-27 23:14:36] Rookie-Framework.INFO: 访问控制器:\app\Controller\ApiController [] []
[2018-03-27 23:14:36] Rookie-Framework.INFO: 访问方法:autoSoturce [] []
[2018-03-27 23:14:37] Rookie-Framework.INFO: 访问控制器:\app\Controller\favicon.icoController [] []
[2018-03-27 23:14:37] Rookie-Framework.INFO: 访问方法:index [] []
[2018-03-27 23:14:37] Rookie-Framework.DEBUG: 找不到控制器favicon.ico;文件地址：/wwwroot/daohang/app/Controller/favicon.icoController.php文件是否存在:0 [] []
[2018-03-27 23:15:11] Rookie-Framework.INFO: 访问控制器:\app\Controller\ApiController [] []
[2018-03-27 23:15:11] Rookie-Framework.INFO: 访问方法:autoSoturce [] []
[2018-03-27 23:15:11] Rookie-Framework.INFO: 访问控制器:\app\Controller\favicon.icoController [] []
[2018-03-27 23:15:11] Rookie-Framework.INFO: 访问方法:index [] []
[2018-03-27 23:15:11] Rookie-Framework.DEBUG: 找不到控制器favicon.ico;文件地址：/wwwroot/daohang/app/Controller/favicon.icoController.php文件是否存在:0 [] []
[2018-03-27 23:16:08] Rookie-Framework.INFO: 访问控制器:\app\Controller\ApiController [] []
[2018-03-27 23:16:08] Rookie-Framework.INFO: 访问方法:autoSoturce [] []
[2018-03-27 23:16:09] Rookie-Framework.INFO: 访问控制器:\app\Controller\favicon.icoController [] []
[2018-03-27 23:16:09] Rookie-Framework.INFO: 访问方法:index [] []
[2018-03-27 23:16:09] Rookie-Framework.DEBUG: 找不到控制器favicon.ico;文件地址：/wwwroot/daohang/app/Controller/favicon.icoController.php文件是否存在:0 [] []
[2018-03-27 23:16:22] Rookie-Framework.INFO: 访问控制器:\app\Controller\ApiController [] []
[2018-03-27 23:16:22] Rookie-Framework.INFO: 访问方法:autoSoturce [] []
[2018-03-27 23:16:22] Rookie-Framework.INFO: 访问控制器:\app\Controller\favicon.icoController [] []
[2018-03-27 23:16:22] Rookie-Framework.INFO: 访问方法:index [] []
[2018-03-27 23:16:22] Rookie-Framework.DEBUG: 找不到控制器favicon.ico;文件地址：/wwwroot/daohang/app/Controller/favicon.icoController.php文件是否存在:0 [] []
[2018-03-27 23:16:38] Rookie-Framework.INFO: 访问控制器:\app\Controller\ApiController [] []
[2018-03-27 23:16:38] Rookie-Framework.INFO: 访问方法:autoSoturce [] []
[2018-03-27 23:16:39] Rookie-Framework.INFO: 访问控制器:\app\Controller\favicon.icoController [] []
[2018-03-27 23:16:39] Rookie-Framework.INFO: 访问方法:index [] []
[2018-03-27 23:16:39] Rookie-Framework.DEBUG: 找不到控制器favicon.ico;文件地址：/wwwroot/daohang/app/Controller/favicon.icoController.php文件是否存在:0 [] []
[2018-03-27 23:25:22] Rookie-Framework.INFO: 访问控制器:\app\Controller\ApiController [] []
[2018-03-27 23:25:22] Rookie-Framework.INFO: 访问方法:autoSoturce [] []
[2018-03-27 23:25:23] Rookie-Framework.INFO: 访问控制器:\app\Controller\favicon.icoController [] []
[2018-03-27 23:25:23] Rookie-Framework.INFO: 访问方法:index [] []
[2018-03-27 23:25:23] Rookie-Framework.DEBUG: 找不到控制器favicon.ico;文件地址：/wwwroot/daohang/app/Controller/favicon.icoController.php文件是否存在:0 [] []
[2018-03-27 23:25:48] Rookie-Framework.INFO: 访问控制器:\app\Controller\ApiController [] []
[2018-03-27 23:25:48] Rookie-Framework.INFO: 访问方法:autoSoturce [] []
[2018-03-27 23:25:49] Rookie-Framework.INFO: 访问控制器:\app\Controller\favicon.icoController [] []
[2018-03-27 23:25:49] Rookie-Framework.INFO: 访问方法:index [] []
[2018-03-27 23:25:49] Rookie-Framework.DEBUG: 找不到控制器favicon.ico;文件地址：/wwwroot/daohang/app/Controller/favicon.icoController.php文件是否存在:0 [] []
[2018-03-27 23:26:07] Rookie-Framework.INFO: 访问控制器:\app\Controller\ApiController [] []
[2018-03-27 23:26:07] Rookie-Framework.INFO: 访问方法:autoSoturce [] []
[2018-03-27 23:26:07] Rookie-Framework.INFO: 访问控制器:\app\Controller\favicon.icoController [] []
[2018-03-27 23:26:07] Rookie-Framework.INFO: 访问方法:index [] []
[2018-03-27 23:26:07] Rookie-Framework.DEBUG: 找不到控制器favicon.ico;文件地址：/wwwroot/daohang/app/Controller/favicon.icoController.php文件是否存在:0 [] []
[2018-03-27 23:26:35] Rookie-Framework.INFO: 访问控制器:\app\Controller\ApiController [] []
[2018-03-27 23:26:35] Rookie-Framework.INFO: 访问方法:autoSoturce [] []
[2018-03-27 23:26:36] Rookie-Framework.INFO: 访问控制器:\app\Controller\favicon.icoController [] []
[2018-03-27 23:26:36] Rookie-Framework.INFO: 访问方法:index [] []
[2018-03-27 23:26:36] Rookie-Framework.DEBUG: 找不到控制器favicon.ico;文件地址：/wwwroot/daohang/app/Controller/favicon.icoController.php文件是否存在:0 [] []
[2018-03-27 23:26:49] Rookie-Framework.INFO: 访问控制器:\app\Controller\ApiController [] []
[2018-03-27 23:26:49] Rookie-Framework.INFO: 访问方法:autoSoturce [] []
[2018-03-27 23:26:49] Rookie-Framework.INFO: 访问控制器:\app\Controller\favicon.icoController [] []
[2018-03-27 23:26:49] Rookie-Framework.INFO: 访问方法:index [] []
[2018-03-27 23:26:49] Rookie-Framework.DEBUG: 找不到控制器favicon.ico;文件地址：/wwwroot/daohang/app/Controller/favicon.icoController.php文件是否存在:0 [] []
[2018-03-27 23:27:07] Rookie-Framework.INFO: 访问控制器:\app\Controller\ApiController [] []
[2018-03-27 23:27:07] Rookie-Framework.INFO: 访问方法:autoSoturce [] []
[2018-03-27 23:27:08] Rookie-Framework.INFO: 访问控制器:\app\Controller\favicon.icoController [] []
[2018-03-27 23:27:08] Rookie-Framework.INFO: 访问方法:index [] []
[2018-03-27 23:27:08] Rookie-Framework.DEBUG: 找不到控制器favicon.ico;文件地址：/wwwroot/daohang/app/Controller/favicon.icoController.php文件是否存在:0 [] []
[2018-03-27 23:27:41] Rookie-Framework.INFO: 访问控制器:\app\Controller\ApiController [] []
[2018-03-27 23:27:41] Rookie-Framework.INFO: 访问方法:autoSoturce [] []
[2018-03-27 23:27:41] Rookie-Framework.INFO: 访问控制器:\app\Controller\favicon.icoController [] []
[2018-03-27 23:27:41] Rookie-Framework.INFO: 访问方法:index [] []
[2018-03-27 23:27:41] Rookie-Framework.DEBUG: 找不到控制器favicon.ico;文件地址：/wwwroot/daohang/app/Controller/favicon.icoController.php文件是否存在:0 [] []
[2018-03-27 23:30:40] Rookie-Framework.INFO: 访问控制器:\app\Controller\ApiController [] []
[2018-03-27 23:30:40] Rookie-Framework.INFO: 访问方法:autoSoturce [] []
[2018-03-27 23:30:41] Rookie-Framework.INFO: 访问控制器:\app\Controller\favicon.icoController [] []
[2018-03-27 23:30:41] Rookie-Framework.INFO: 访问方法:index [] []
[2018-03-27 23:30:41] Rookie-Framework.DEBUG: 找不到控制器favicon.ico;文件地址：/wwwroot/daohang/app/Controller/favicon.icoController.php文件是否存在:0 [] []
[2018-03-27 23:31:44] Rookie-Framework.INFO: 访问控制器:\app\Controller\ApiController [] []
[2018-03-27 23:31:44] Rookie-Framework.INFO: 访问方法:autoSoturce [] []
[2018-03-27 23:31:44] Rookie-Framework.INFO: 访问控制器:\app\Controller\favicon.icoController [] []
[2018-03-27 23:31:44] Rookie-Framework.INFO: 访问方法:index [] []
[2018-03-27 23:31:44] Rookie-Framework.DEBUG: 找不到控制器favicon.ico;文件地址：/wwwroot/daohang/app/Controller/favicon.icoController.php文件是否存在:0 [] []
[2018-03-27 23:37:42] Rookie-Framework.INFO: 访问控制器:\app\Controller\ApiController [] []
[2018-03-27 23:37:42] Rookie-Framework.INFO: 访问方法:autoSoturce [] []
[2018-03-27 23:37:42] Rookie-Framework.INFO: 访问控制器:\app\Controller\favicon.icoController [] []
[2018-03-27 23:37:42] Rookie-Framework.INFO: 访问方法:index [] []
[2018-03-27 23:37:42] Rookie-Framework.DEBUG: 找不到控制器favicon.ico;文件地址：/wwwroot/daohang/app/Controller/favicon.icoController.php文件是否存在:0 [] []
[2018-03-27 23:38:12] Rookie-Framework.INFO: 访问控制器:\app\Controller\ApiController [] []
[2018-03-27 23:38:12] Rookie-Framework.INFO: 访问方法:autoSoturce [] []
[2018-03-27 23:38:12] Rookie-Framework.INFO: 访问控制器:\app\Controller\favicon.icoController [] []
[2018-03-27 23:38:12] Rookie-Framework.INFO: 访问方法:index [] []
[2018-03-27 23:38:12] Rookie-Framework.DEBUG: 找不到控制器favicon.ico;文件地址：/wwwroot/daohang/app/Controller/favicon.icoController.php文件是否存在:0 [] []
[2018-03-27 23:40:53] Rookie-Framework.INFO: 访问控制器:\app\Controller\ApiController [] []
[2018-03-27 23:40:53] Rookie-Framework.INFO: 访问方法:autoSoturce [] []
[2018-03-27 23:40:53] Rookie-Framework.INFO: 访问控制器:\app\Controller\favicon.icoController [] []
[2018-03-27 23:40:53] Rookie-Framework.INFO: 访问方法:index [] []
[2018-03-27 23:40:53] Rookie-Framework.DEBUG: 找不到控制器favicon.ico;文件地址：/wwwroot/daohang/app/Controller/favicon.icoController.php文件是否存在:0 [] []
[2018-03-27 23:41:03] Rookie-Framework.INFO: 访问控制器:\app\Controller\ApiController [] []
[2018-03-27 23:41:03] Rookie-Framework.INFO: 访问方法:autoSoturce [] []
[2018-03-27 23:41:03] Rookie-Framework.INFO: 访问控制器:\app\Controller\favicon.icoController [] []
[2018-03-27 23:41:03] Rookie-Framework.INFO: 访问方法:index [] []
[2018-03-27 23:41:03] Rookie-Framework.DEBUG: 找不到控制器favicon.ico;文件地址：/wwwroot/daohang/app/Controller/favicon.icoController.php文件是否存在:0 [] []
