[2018-03-27 18:02:42] Rookie-Framework.INFO: 访问控制器:\app\Controller\submerController [] []
[2018-03-27 18:02:42] Rookie-Framework.INFO: 访问方法:links_sort [] []
[2018-03-27 18:02:42] Rookie-Framework.INFO: 解析模板文件--/wwwroot/daohang/app/viewadmin.linksort [] []
[2018-03-27 18:03:01] Rookie-Framework.INFO: 访问控制器:\app\Controller\submerController [] []
[2018-03-27 18:03:01] Rookie-Framework.INFO: 访问方法:links [] []
[2018-03-27 18:03:01] Rookie-Framework.INFO: 解析模板文件--/wwwroot/daohang/app/viewadmin.link [] []
[2018-03-27 18:03:04] Rookie-Framework.INFO: 访问控制器:\app\Controller\submerController [] []
[2018-03-27 18:03:04] Rookie-Framework.INFO: 访问方法:links_add [] []
[2018-03-27 18:03:04] Rookie-Framework.INFO: 解析模板文件--/wwwroot/daohang/app/viewadmin.linksadd [] []
[2018-03-27 18:05:21] Rookie-Framework.INFO: 访问控制器:\app\Controller\indexController [] []
[2018-03-27 18:05:21] Rookie-Framework.INFO: 访问方法:index [] []
[2018-03-27 18:05:22] Rookie-Framework.INFO: 访问控制器:\app\Controller\favicon.icoController [] []
[2018-03-27 18:05:22] Rookie-Framework.INFO: 访问方法:index [] []
[2018-03-27 18:05:22] Rookie-Framework.DEBUG: 找不到控制器favicon.ico;文件地址：/wwwroot/daohang/app/Controller/favicon.icoController.php文件是否存在:0 [] []
[2018-03-27 18:05:52] Rookie-Framework.INFO: 访问控制器:\app\Controller\indexController [] []
[2018-03-27 18:05:52] Rookie-Framework.INFO: 访问方法:index [] []
[2018-03-27 18:05:53] Rookie-Framework.INFO: 访问控制器:\app\Controller\favicon.icoController [] []
[2018-03-27 18:05:53] Rookie-Framework.INFO: 访问方法:index [] []
[2018-03-27 18:05:53] Rookie-Framework.DEBUG: 找不到控制器favicon.ico;文件地址：/wwwroot/daohang/app/Controller/favicon.icoController.php文件是否存在:0 [] []
[2018-03-27 18:06:02] Rookie-Framework.INFO: 访问控制器:\app\Controller\indexController [] []
[2018-03-27 18:06:02] Rookie-Framework.INFO: 访问方法:index [] []
[2018-03-27 18:06:02] Rookie-Framework.INFO: 访问控制器:\app\Controller\favicon.icoController [] []
[2018-03-27 18:06:02] Rookie-Framework.INFO: 访问方法:index [] []
[2018-03-27 18:06:02] Rookie-Framework.DEBUG: 找不到控制器favicon.ico;文件地址：/wwwroot/daohang/app/Controller/favicon.icoController.php文件是否存在:0 [] []
[2018-03-27 18:11:01] Rookie-Framework.INFO: 访问控制器:\app\Controller\submerController [] []
[2018-03-27 18:11:01] Rookie-Framework.INFO: 访问方法:links [] []
[2018-03-27 18:11:01] Rookie-Framework.INFO: 解析模板文件--/wwwroot/daohang/app/viewadmin.link [] []
[2018-03-27 18:11:07] Rookie-Framework.INFO: 访问控制器:\app\Controller\submerController [] []
[2018-03-27 18:11:07] Rookie-Framework.INFO: 访问方法:links [] []
[2018-03-27 18:11:08] Rookie-Framework.INFO: 解析模板文件--/wwwroot/daohang/app/viewadmin.link [] []
[2018-03-27 18:11:09] Rookie-Framework.INFO: 访问控制器:\app\Controller\submerController [] []
[2018-03-27 18:11:09] Rookie-Framework.INFO: 访问方法:links [] []
[2018-03-27 18:11:09] Rookie-Framework.INFO: 解析模板文件--/wwwroot/daohang/app/viewadmin.link [] []
[2018-03-27 18:11:13] Rookie-Framework.INFO: 访问控制器:\app\Controller\submerController [] []
[2018-03-27 18:11:13] Rookie-Framework.INFO: 访问方法:links_add [] []
[2018-03-27 18:11:13] Rookie-Framework.INFO: 解析模板文件--/wwwroot/daohang/app/viewadmin.linksadd [] []
[2018-03-27 18:11:17] Rookie-Framework.INFO: 访问控制器:\app\Controller\submerApiController [] []
[2018-03-27 18:11:17] Rookie-Framework.INFO: 访问方法:linksAdd [] []
[2018-03-27 18:11:21] Rookie-Framework.INFO: 访问控制器:\app\Controller\submerController [] []
[2018-03-27 18:11:21] Rookie-Framework.INFO: 访问方法:links [] []
[2018-03-27 18:11:21] Rookie-Framework.INFO: 解析模板文件--/wwwroot/daohang/app/viewadmin.link [] []
[2018-03-27 18:11:24] Rookie-Framework.INFO: 访问控制器:\app\Controller\indexController [] []
[2018-03-27 18:11:24] Rookie-Framework.INFO: 访问方法:index [] []
[2018-03-27 18:11:25] Rookie-Framework.INFO: 访问控制器:\app\Controller\favicon.icoController [] []
[2018-03-27 18:11:25] Rookie-Framework.INFO: 访问方法:index [] []
[2018-03-27 18:11:25] Rookie-Framework.DEBUG: 找不到控制器favicon.ico;文件地址：/wwwroot/daohang/app/Controller/favicon.icoController.php文件是否存在:0 [] []
[2018-03-27 18:11:28] Rookie-Framework.INFO: 访问控制器:\app\Controller\submerController [] []
[2018-03-27 18:11:28] Rookie-Framework.INFO: 访问方法:links [] []
[2018-03-27 18:11:28] Rookie-Framework.INFO: 解析模板文件--/wwwroot/daohang/app/viewadmin.link [] []
[2018-03-27 18:11:30] Rookie-Framework.INFO: 访问控制器:\app\Controller\submerController [] []
[2018-03-27 18:11:30] Rookie-Framework.INFO: 访问方法:links [] []
[2018-03-27 18:11:30] Rookie-Framework.INFO: 解析模板文件--/wwwroot/daohang/app/viewadmin.link [] []
[2018-03-27 18:12:13] Rookie-Framework.INFO: 访问控制器:\app\Controller\submerController [] []
[2018-03-27 18:12:13] Rookie-Framework.INFO: 访问方法:links [] []
[2018-03-27 18:12:13] Rookie-Framework.INFO: 解析模板文件--/wwwroot/daohang/app/viewadmin.link [] []
[2018-03-27 18:12:15] Rookie-Framework.INFO: 访问控制器:\app\Controller\submerController [] []
[2018-03-27 18:12:15] Rookie-Framework.INFO: 访问方法:links [] []
[2018-03-27 18:12:15] Rookie-Framework.INFO: 解析模板文件--/wwwroot/daohang/app/viewadmin.link [] []
[2018-03-27 18:12:16] Rookie-Framework.INFO: 访问控制器:\app\Controller\submerController [] []
[2018-03-27 18:12:16] Rookie-Framework.INFO: 访问方法:links_add [] []
[2018-03-27 18:12:16] Rookie-Framework.INFO: 解析模板文件--/wwwroot/daohang/app/viewadmin.linksadd [] []
[2018-03-27 18:13:04] Rookie-Framework.INFO: 访问控制器:\app\Controller\indexController [] []
[2018-03-27 18:13:04] Rookie-Framework.INFO: 访问方法:index [] []
[2018-03-27 18:13:05] Rookie-Framework.INFO: 访问控制器:\app\Controller\favicon.icoController [] []
[2018-03-27 18:13:05] Rookie-Framework.INFO: 访问方法:index [] []
[2018-03-27 18:13:05] Rookie-Framework.DEBUG: 找不到控制器favicon.ico;文件地址：/wwwroot/daohang/app/Controller/favicon.icoController.php文件是否存在:0 [] []
[2018-03-27 18:13:25] Rookie-Framework.INFO: 访问控制器:\app\Controller\indexController [] []
[2018-03-27 18:13:25] Rookie-Framework.INFO: 访问方法:index [] []
[2018-03-27 18:13:26] Rookie-Framework.INFO: 访问控制器:\app\Controller\favicon.icoController [] []
[2018-03-27 18:13:26] Rookie-Framework.INFO: 访问方法:index [] []
[2018-03-27 18:13:26] Rookie-Framework.DEBUG: 找不到控制器favicon.ico;文件地址：/wwwroot/daohang/app/Controller/favicon.icoController.php文件是否存在:0 [] []
[2018-03-27 18:14:08] Rookie-Framework.INFO: 访问控制器:\app\Controller\indexController [] []
[2018-03-27 18:14:08] Rookie-Framework.INFO: 访问方法:index [] []
[2018-03-27 18:14:09] Rookie-Framework.INFO: 访问控制器:\app\Controller\favicon.icoController [] []
[2018-03-27 18:14:09] Rookie-Framework.INFO: 访问方法:index [] []
[2018-03-27 18:14:09] Rookie-Framework.DEBUG: 找不到控制器favicon.ico;文件地址：/wwwroot/daohang/app/Controller/favicon.icoController.php文件是否存在:0 [] []
[2018-03-27 18:14:14] Rookie-Framework.INFO: 访问控制器:\app\Controller\indexController [] []
[2018-03-27 18:14:14] Rookie-Framework.INFO: 访问方法:index [] []
[2018-03-27 18:14:15] Rookie-Framework.INFO: 访问控制器:\app\Controller\favicon.icoController [] []
[2018-03-27 18:14:15] Rookie-Framework.INFO: 访问方法:index [] []
[2018-03-27 18:14:15] Rookie-Framework.DEBUG: 找不到控制器favicon.ico;文件地址：/wwwroot/daohang/app/Controller/favicon.icoController.php文件是否存在:0 [] []
[2018-03-27 18:14:22] Rookie-Framework.INFO: 访问控制器:\app\Controller\submerController [] []
[2018-03-27 18:14:22] Rookie-Framework.INFO: 访问方法:links [] []
[2018-03-27 18:14:22] Rookie-Framework.INFO: 解析模板文件--/wwwroot/daohang/app/viewadmin.link [] []
[2018-03-27 18:14:31] Rookie-Framework.INFO: 访问控制器:\app\Controller\indexController [] []
[2018-03-27 18:14:31] Rookie-Framework.INFO: 访问方法:index [] []
[2018-03-27 18:14:31] Rookie-Framework.INFO: 访问控制器:\app\Controller\favicon.icoController [] []
[2018-03-27 18:14:31] Rookie-Framework.INFO: 访问方法:index [] []
[2018-03-27 18:14:31] Rookie-Framework.DEBUG: 找不到控制器favicon.ico;文件地址：/wwwroot/daohang/app/Controller/favicon.icoController.php文件是否存在:0 [] []
[2018-03-27 18:15:24] Rookie-Framework.INFO: 访问控制器:\app\Controller\indexController [] []
[2018-03-27 18:15:24] Rookie-Framework.INFO: 访问方法:index [] []
[2018-03-27 18:15:24] Rookie-Framework.INFO: 访问控制器:\app\Controller\favicon.icoController [] []
[2018-03-27 18:15:24] Rookie-Framework.INFO: 访问方法:index [] []
[2018-03-27 18:15:24] Rookie-Framework.DEBUG: 找不到控制器favicon.ico;文件地址：/wwwroot/daohang/app/Controller/favicon.icoController.php文件是否存在:0 [] []
[2018-03-27 18:15:33] Rookie-Framework.INFO: 访问控制器:\app\Controller\indexController [] []
[2018-03-27 18:15:33] Rookie-Framework.INFO: 访问方法:index [] []
[2018-03-27 18:15:34] Rookie-Framework.INFO: 访问控制器:\app\Controller\favicon.icoController [] []
[2018-03-27 18:15:34] Rookie-Framework.INFO: 访问方法:index [] []
[2018-03-27 18:15:34] Rookie-Framework.DEBUG: 找不到控制器favicon.ico;文件地址：/wwwroot/daohang/app/Controller/favicon.icoController.php文件是否存在:0 [] []
[2018-03-27 18:15:35] Rookie-Framework.INFO: 访问控制器:\app\Controller\indexController [] []
[2018-03-27 18:15:35] Rookie-Framework.INFO: 访问方法:index [] []
[2018-03-27 18:15:36] Rookie-Framework.INFO: 访问控制器:\app\Controller\favicon.icoController [] []
[2018-03-27 18:15:36] Rookie-Framework.INFO: 访问方法:index [] []
[2018-03-27 18:15:36] Rookie-Framework.DEBUG: 找不到控制器favicon.ico;文件地址：/wwwroot/daohang/app/Controller/favicon.icoController.php文件是否存在:0 [] []
[2018-03-27 18:15:40] Rookie-Framework.INFO: 访问控制器:\app\Controller\indexController [] []
[2018-03-27 18:15:40] Rookie-Framework.INFO: 访问方法:index [] []
[2018-03-27 18:15:40] Rookie-Framework.INFO: 访问控制器:\app\Controller\favicon.icoController [] []
[2018-03-27 18:15:40] Rookie-Framework.INFO: 访问方法:index [] []
[2018-03-27 18:15:40] Rookie-Framework.DEBUG: 找不到控制器favicon.ico;文件地址：/wwwroot/daohang/app/Controller/favicon.icoController.php文件是否存在:0 [] []
[2018-03-27 18:16:07] Rookie-Framework.INFO: 访问控制器:\app\Controller\indexController [] []
[2018-03-27 18:16:07] Rookie-Framework.INFO: 访问方法:index [] []
[2018-03-27 18:16:08] Rookie-Framework.INFO: 访问控制器:\app\Controller\favicon.icoController [] []
[2018-03-27 18:16:08] Rookie-Framework.INFO: 访问方法:index [] []
[2018-03-27 18:16:08] Rookie-Framework.DEBUG: 找不到控制器favicon.ico;文件地址：/wwwroot/daohang/app/Controller/favicon.icoController.php文件是否存在:0 [] []
[2018-03-27 18:16:29] Rookie-Framework.INFO: 访问控制器:\app\Controller\indexController [] []
[2018-03-27 18:16:29] Rookie-Framework.INFO: 访问方法:index [] []
[2018-03-27 18:16:29] Rookie-Framework.INFO: 访问控制器:\app\Controller\favicon.icoController [] []
[2018-03-27 18:16:29] Rookie-Framework.INFO: 访问方法:index [] []
[2018-03-27 18:16:29] Rookie-Framework.DEBUG: 找不到控制器favicon.ico;文件地址：/wwwroot/daohang/app/Controller/favicon.icoController.php文件是否存在:0 [] []
[2018-03-27 18:16:48] Rookie-Framework.INFO: 访问控制器:\app\Controller\indexController [] []
[2018-03-27 18:16:48] Rookie-Framework.INFO: 访问方法:index [] []
[2018-03-27 18:16:48] Rookie-Framework.INFO: 访问控制器:\app\Controller\favicon.icoController [] []
[2018-03-27 18:16:48] Rookie-Framework.INFO: 访问方法:index [] []
[2018-03-27 18:16:48] Rookie-Framework.DEBUG: 找不到控制器favicon.ico;文件地址：/wwwroot/daohang/app/Controller/favicon.icoController.php文件是否存在:0 [] []
[2018-03-27 18:17:13] Rookie-Framework.INFO: 访问控制器:\app\Controller\indexController [] []
[2018-03-27 18:17:13] Rookie-Framework.INFO: 访问方法:index [] []
[2018-03-27 18:17:13] Rookie-Framework.INFO: 访问控制器:\app\Controller\favicon.icoController [] []
[2018-03-27 18:17:13] Rookie-Framework.INFO: 访问方法:index [] []
[2018-03-27 18:17:13] Rookie-Framework.DEBUG: 找不到控制器favicon.ico;文件地址：/wwwroot/daohang/app/Controller/favicon.icoController.php文件是否存在:0 [] []
[2018-03-27 18:17:37] Rookie-Framework.INFO: 访问控制器:\app\Controller\indexController [] []
[2018-03-27 18:17:37] Rookie-Framework.INFO: 访问方法:index [] []
[2018-03-27 18:17:37] Rookie-Framework.INFO: 访问控制器:\app\Controller\favicon.icoController [] []
[2018-03-27 18:17:37] Rookie-Framework.INFO: 访问方法:index [] []
[2018-03-27 18:17:37] Rookie-Framework.DEBUG: 找不到控制器favicon.ico;文件地址：/wwwroot/daohang/app/Controller/favicon.icoController.php文件是否存在:0 [] []
[2018-03-27 18:18:03] Rookie-Framework.INFO: 访问控制器:\app\Controller\indexController [] []
[2018-03-27 18:18:03] Rookie-Framework.INFO: 访问方法:index [] []
[2018-03-27 18:18:04] Rookie-Framework.INFO: 访问控制器:\app\Controller\favicon.icoController [] []
[2018-03-27 18:18:04] Rookie-Framework.INFO: 访问方法:index [] []
[2018-03-27 18:18:04] Rookie-Framework.DEBUG: 找不到控制器favicon.ico;文件地址：/wwwroot/daohang/app/Controller/favicon.icoController.php文件是否存在:0 [] []
[2018-03-27 18:18:10] Rookie-Framework.INFO: 访问控制器:\app\Controller\indexController [] []
[2018-03-27 18:18:10] Rookie-Framework.INFO: 访问方法:index [] []
[2018-03-27 18:18:10] Rookie-Framework.INFO: 访问控制器:\app\Controller\favicon.icoController [] []
[2018-03-27 18:18:10] Rookie-Framework.INFO: 访问方法:index [] []
[2018-03-27 18:18:10] Rookie-Framework.DEBUG: 找不到控制器favicon.ico;文件地址：/wwwroot/daohang/app/Controller/favicon.icoController.php文件是否存在:0 [] []
[2018-03-27 18:18:28] Rookie-Framework.INFO: 访问控制器:\app\Controller\indexController [] []
[2018-03-27 18:18:28] Rookie-Framework.INFO: 访问方法:index [] []
[2018-03-27 18:18:29] Rookie-Framework.INFO: 访问控制器:\app\Controller\favicon.icoController [] []
[2018-03-27 18:18:29] Rookie-Framework.INFO: 访问方法:index [] []
[2018-03-27 18:18:29] Rookie-Framework.DEBUG: 找不到控制器favicon.ico;文件地址：/wwwroot/daohang/app/Controller/favicon.icoController.php文件是否存在:0 [] []
[2018-03-27 18:18:30] Rookie-Framework.INFO: 访问控制器:\app\Controller\indexController [] []
[2018-03-27 18:18:30] Rookie-Framework.INFO: 访问方法:index [] []
[2018-03-27 18:18:31] Rookie-Framework.INFO: 访问控制器:\app\Controller\favicon.icoController [] []
[2018-03-27 18:18:31] Rookie-Framework.INFO: 访问方法:index [] []
[2018-03-27 18:18:31] Rookie-Framework.DEBUG: 找不到控制器favicon.ico;文件地址：/wwwroot/daohang/app/Controller/favicon.icoController.php文件是否存在:0 [] []
[2018-03-27 18:18:35] Rookie-Framework.INFO: 访问控制器:\app\Controller\indexController [] []
[2018-03-27 18:18:35] Rookie-Framework.INFO: 访问方法:index [] []
[2018-03-27 18:18:36] Rookie-Framework.INFO: 访问控制器:\app\Controller\favicon.icoController [] []
[2018-03-27 18:18:36] Rookie-Framework.INFO: 访问方法:index [] []
[2018-03-27 18:18:36] Rookie-Framework.DEBUG: 找不到控制器favicon.ico;文件地址：/wwwroot/daohang/app/Controller/favicon.icoController.php文件是否存在:0 [] []
[2018-03-27 18:18:57] Rookie-Framework.INFO: 访问控制器:\app\Controller\indexController [] []
[2018-03-27 18:18:57] Rookie-Framework.INFO: 访问方法:index [] []
[2018-03-27 18:18:57] Rookie-Framework.INFO: 访问控制器:\app\Controller\favicon.icoController [] []
[2018-03-27 18:18:57] Rookie-Framework.INFO: 访问方法:index [] []
[2018-03-27 18:18:57] Rookie-Framework.DEBUG: 找不到控制器favicon.ico;文件地址：/wwwroot/daohang/app/Controller/favicon.icoController.php文件是否存在:0 [] []
[2018-03-27 18:19:04] Rookie-Framework.INFO: 访问控制器:\app\Controller\submerController [] []
[2018-03-27 18:19:04] Rookie-Framework.INFO: 访问方法:links [] []
[2018-03-27 18:19:04] Rookie-Framework.INFO: 解析模板文件--/wwwroot/daohang/app/viewadmin.link [] []
[2018-03-27 18:19:09] Rookie-Framework.INFO: 访问控制器:\app\Controller\indexController [] []
[2018-03-27 18:19:09] Rookie-Framework.INFO: 访问方法:index [] []
[2018-03-27 18:19:10] Rookie-Framework.INFO: 访问控制器:\app\Controller\favicon.icoController [] []
[2018-03-27 18:19:10] Rookie-Framework.INFO: 访问方法:index [] []
[2018-03-27 18:19:10] Rookie-Framework.DEBUG: 找不到控制器favicon.ico;文件地址：/wwwroot/daohang/app/Controller/favicon.icoController.php文件是否存在:0 [] []
[2018-03-27 18:21:43] Rookie-Framework.INFO: 访问控制器:\app\Controller\indexController [] []
[2018-03-27 18:21:43] Rookie-Framework.INFO: 访问方法:index [] []
[2018-03-27 18:21:43] Rookie-Framework.INFO: 访问控制器:\app\Controller\favicon.icoController [] []
[2018-03-27 18:21:43] Rookie-Framework.INFO: 访问方法:index [] []
[2018-03-27 18:21:43] Rookie-Framework.DEBUG: 找不到控制器favicon.ico;文件地址：/wwwroot/daohang/app/Controller/favicon.icoController.php文件是否存在:0 [] []
[2018-03-27 18:21:57] Rookie-Framework.INFO: 访问控制器:\app\Controller\indexController [] []
[2018-03-27 18:21:57] Rookie-Framework.INFO: 访问方法:index [] []
[2018-03-27 18:21:57] Rookie-Framework.INFO: 解析模板文件--/wwwroot/daohang/app/viewindex.index [] []
[2018-03-27 18:21:58] Rookie-Framework.INFO: 访问控制器:\app\Controller\favicon.icoController [] []
[2018-03-27 18:21:58] Rookie-Framework.INFO: 访问方法:index [] []
[2018-03-27 18:21:58] Rookie-Framework.DEBUG: 找不到控制器favicon.ico;文件地址：/wwwroot/daohang/app/Controller/favicon.icoController.php文件是否存在:0 [] []
[2018-03-27 18:23:22] Rookie-Framework.INFO: 访问控制器:\app\Controller\indexController [] []
[2018-03-27 18:23:22] Rookie-Framework.INFO: 访问方法:index [] []
[2018-03-27 18:23:22] Rookie-Framework.INFO: 解析模板文件--/wwwroot/daohang/app/viewindex.index [] []
[2018-03-27 18:23:23] Rookie-Framework.INFO: 访问控制器:\app\Controller\favicon.icoController [] []
[2018-03-27 18:23:23] Rookie-Framework.INFO: 访问方法:index [] []
[2018-03-27 18:23:23] Rookie-Framework.DEBUG: 找不到控制器favicon.ico;文件地址：/wwwroot/daohang/app/Controller/favicon.icoController.php文件是否存在:0 [] []
[2018-03-27 18:23:24] Rookie-Framework.INFO: 访问控制器:\app\Controller\indexController [] []
[2018-03-27 18:23:24] Rookie-Framework.INFO: 访问方法:updateUrl [] []
[2018-03-27 18:23:24] Rookie-Framework.INFO: 解析模板文件--/wwwroot/daohang/app/viewindex.updateurl [] []
[2018-03-27 18:23:25] Rookie-Framework.INFO: 访问控制器:\app\Controller\favicon.icoController [] []
[2018-03-27 18:23:25] Rookie-Framework.INFO: 访问方法:index [] []
[2018-03-27 18:23:25] Rookie-Framework.DEBUG: 找不到控制器favicon.ico;文件地址：/wwwroot/daohang/app/Controller/favicon.icoController.php文件是否存在:0 [] []
[2018-03-27 18:23:38] Rookie-Framework.INFO: 访问控制器:\app\Controller\indexController [] []
[2018-03-27 18:23:38] Rookie-Framework.INFO: 访问方法:updateUrl [] []
[2018-03-27 18:23:38] Rookie-Framework.INFO: 解析模板文件--/wwwroot/daohang/app/viewindex.updateurl [] []
[2018-03-27 18:23:38] Rookie-Framework.INFO: 访问控制器:\app\Controller\favicon.icoController [] []
[2018-03-27 18:23:38] Rookie-Framework.INFO: 访问方法:index [] []
[2018-03-27 18:23:38] Rookie-Framework.DEBUG: 找不到控制器favicon.ico;文件地址：/wwwroot/daohang/app/Controller/favicon.icoController.php文件是否存在:0 [] []
[2018-03-27 18:23:40] Rookie-Framework.INFO: 访问控制器:\app\Controller\indexController [] []
[2018-03-27 18:23:40] Rookie-Framework.INFO: 访问方法:updateUrl [] []
[2018-03-27 18:23:40] Rookie-Framework.INFO: 解析模板文件--/wwwroot/daohang/app/viewindex.updateurl [] []
[2018-03-27 18:23:41] Rookie-Framework.INFO: 访问控制器:\app\Controller\favicon.icoController [] []
[2018-03-27 18:23:41] Rookie-Framework.INFO: 访问方法:index [] []
[2018-03-27 18:23:41] Rookie-Framework.DEBUG: 找不到控制器favicon.ico;文件地址：/wwwroot/daohang/app/Controller/favicon.icoController.php文件是否存在:0 [] []
[2018-03-27 18:23:41] Rookie-Framework.INFO: 访问控制器:\app\Controller\indexController [] []
[2018-03-27 18:23:41] Rookie-Framework.INFO: 访问方法:updateUrl [] []
[2018-03-27 18:23:41] Rookie-Framework.INFO: 解析模板文件--/wwwroot/daohang/app/viewindex.updateurl [] []
[2018-03-27 18:23:42] Rookie-Framework.INFO: 访问控制器:\app\Controller\favicon.icoController [] []
[2018-03-27 18:23:42] Rookie-Framework.INFO: 访问方法:index [] []
[2018-03-27 18:23:42] Rookie-Framework.DEBUG: 找不到控制器favicon.ico;文件地址：/wwwroot/daohang/app/Controller/favicon.icoController.php文件是否存在:0 [] []
[2018-03-27 18:23:42] Rookie-Framework.INFO: 访问控制器:\app\Controller\indexController [] []
[2018-03-27 18:23:42] Rookie-Framework.INFO: 访问方法:updateUrl [] []
[2018-03-27 18:23:42] Rookie-Framework.INFO: 解析模板文件--/wwwroot/daohang/app/viewindex.updateurl [] []
[2018-03-27 18:23:43] Rookie-Framework.INFO: 访问控制器:\app\Controller\favicon.icoController [] []
[2018-03-27 18:23:43] Rookie-Framework.INFO: 访问方法:index [] []
[2018-03-27 18:23:43] Rookie-Framework.DEBUG: 找不到控制器favicon.ico;文件地址：/wwwroot/daohang/app/Controller/favicon.icoController.php文件是否存在:0 [] []
[2018-03-27 18:23:47] Rookie-Framework.INFO: 访问控制器:\app\Controller\indexController [] []
[2018-03-27 18:23:47] Rookie-Framework.INFO: 访问方法:updateUrl [] []
[2018-03-27 18:23:47] Rookie-Framework.INFO: 解析模板文件--/wwwroot/daohang/app/viewindex.updateurl [] []
[2018-03-27 18:23:48] Rookie-Framework.INFO: 访问控制器:\app\Controller\favicon.icoController [] []
[2018-03-27 18:23:48] Rookie-Framework.INFO: 访问方法:index [] []
[2018-03-27 18:23:48] Rookie-Framework.DEBUG: 找不到控制器favicon.ico;文件地址：/wwwroot/daohang/app/Controller/favicon.icoController.php文件是否存在:0 [] []
[2018-03-27 18:23:48] Rookie-Framework.INFO: 访问控制器:\app\Controller\indexController [] []
[2018-03-27 18:23:48] Rookie-Framework.INFO: 访问方法:updateUrl [] []
[2018-03-27 18:23:48] Rookie-Framework.INFO: 解析模板文件--/wwwroot/daohang/app/viewindex.updateurl [] []
[2018-03-27 18:23:49] Rookie-Framework.INFO: 访问控制器:\app\Controller\favicon.icoController [] []
[2018-03-27 18:23:49] Rookie-Framework.INFO: 访问方法:index [] []
[2018-03-27 18:23:49] Rookie-Framework.DEBUG: 找不到控制器favicon.ico;文件地址：/wwwroot/daohang/app/Controller/favicon.icoController.php文件是否存在:0 [] []
[2018-03-27 18:23:49] Rookie-Framework.INFO: 访问控制器:\app\Controller\indexController [] []
[2018-03-27 18:23:49] Rookie-Framework.INFO: 访问方法:updateUrl [] []
[2018-03-27 18:23:49] Rookie-Framework.INFO: 解析模板文件--/wwwroot/daohang/app/viewindex.updateurl [] []
[2018-03-27 18:23:50] Rookie-Framework.INFO: 访问控制器:\app\Controller\favicon.icoController [] []
[2018-03-27 18:23:50] Rookie-Framework.INFO: 访问方法:index [] []
[2018-03-27 18:23:50] Rookie-Framework.DEBUG: 找不到控制器favicon.ico;文件地址：/wwwroot/daohang/app/Controller/favicon.icoController.php文件是否存在:0 [] []
[2018-03-27 18:23:50] Rookie-Framework.INFO: 访问控制器:\app\Controller\indexController [] []
[2018-03-27 18:23:50] Rookie-Framework.INFO: 访问方法:updateUrl [] []
[2018-03-27 18:23:50] Rookie-Framework.INFO: 解析模板文件--/wwwroot/daohang/app/viewindex.updateurl [] []
[2018-03-27 18:23:51] Rookie-Framework.INFO: 访问控制器:\app\Controller\favicon.icoController [] []
[2018-03-27 18:23:51] Rookie-Framework.INFO: 访问方法:index [] []
[2018-03-27 18:23:51] Rookie-Framework.DEBUG: 找不到控制器favicon.ico;文件地址：/wwwroot/daohang/app/Controller/favicon.icoController.php文件是否存在:0 [] []
[2018-03-27 18:23:51] Rookie-Framework.INFO: 访问控制器:\app\Controller\indexController [] []
[2018-03-27 18:23:51] Rookie-Framework.INFO: 访问方法:updateUrl [] []
[2018-03-27 18:23:51] Rookie-Framework.INFO: 解析模板文件--/wwwroot/daohang/app/viewindex.updateurl [] []
[2018-03-27 18:23:52] Rookie-Framework.INFO: 访问控制器:\app\Controller\favicon.icoController [] []
[2018-03-27 18:23:52] Rookie-Framework.INFO: 访问方法:index [] []
[2018-03-27 18:23:52] Rookie-Framework.DEBUG: 找不到控制器favicon.ico;文件地址：/wwwroot/daohang/app/Controller/favicon.icoController.php文件是否存在:0 [] []
[2018-03-27 18:23:52] Rookie-Framework.INFO: 访问控制器:\app\Controller\indexController [] []
[2018-03-27 18:23:52] Rookie-Framework.INFO: 访问方法:updateUrl [] []
[2018-03-27 18:23:52] Rookie-Framework.INFO: 解析模板文件--/wwwroot/daohang/app/viewindex.updateurl [] []
[2018-03-27 18:23:53] Rookie-Framework.INFO: 访问控制器:\app\Controller\favicon.icoController [] []
[2018-03-27 18:23:53] Rookie-Framework.INFO: 访问方法:index [] []
[2018-03-27 18:23:53] Rookie-Framework.DEBUG: 找不到控制器favicon.ico;文件地址：/wwwroot/daohang/app/Controller/favicon.icoController.php文件是否存在:0 [] []
[2018-03-27 18:23:53] Rookie-Framework.INFO: 访问控制器:\app\Controller\indexController [] []
[2018-03-27 18:23:53] Rookie-Framework.INFO: 访问方法:updateUrl [] []
[2018-03-27 18:23:53] Rookie-Framework.INFO: 解析模板文件--/wwwroot/daohang/app/viewindex.updateurl [] []
[2018-03-27 18:23:54] Rookie-Framework.INFO: 访问控制器:\app\Controller\favicon.icoController [] []
[2018-03-27 18:23:54] Rookie-Framework.INFO: 访问方法:index [] []
[2018-03-27 18:23:54] Rookie-Framework.DEBUG: 找不到控制器favicon.ico;文件地址：/wwwroot/daohang/app/Controller/favicon.icoController.php文件是否存在:0 [] []
[2018-03-27 18:24:07] Rookie-Framework.INFO: 访问控制器:\app\Controller\indexController [] []
[2018-03-27 18:24:07] Rookie-Framework.INFO: 访问方法:index [] []
[2018-03-27 18:24:07] Rookie-Framework.INFO: 解析模板文件--/wwwroot/daohang/app/viewindex.index [] []
[2018-03-27 18:24:08] Rookie-Framework.INFO: 访问控制器:\app\Controller\favicon.icoController [] []
[2018-03-27 18:24:08] Rookie-Framework.INFO: 访问方法:index [] []
[2018-03-27 18:24:08] Rookie-Framework.DEBUG: 找不到控制器favicon.ico;文件地址：/wwwroot/daohang/app/Controller/favicon.icoController.php文件是否存在:0 [] []
[2018-03-27 18:24:18] Rookie-Framework.INFO: 访问控制器:\app\Controller\indexController [] []
[2018-03-27 18:24:18] Rookie-Framework.INFO: 访问方法:index [] []
[2018-03-27 18:24:18] Rookie-Framework.INFO: 解析模板文件--/wwwroot/daohang/app/viewindex.index [] []
[2018-03-27 18:24:19] Rookie-Framework.INFO: 访问控制器:\app\Controller\favicon.icoController [] []
[2018-03-27 18:24:19] Rookie-Framework.INFO: 访问方法:index [] []
[2018-03-27 18:24:19] Rookie-Framework.DEBUG: 找不到控制器favicon.ico;文件地址：/wwwroot/daohang/app/Controller/favicon.icoController.php文件是否存在:0 [] []
[2018-03-27 18:39:06] Rookie-Framework.INFO: 访问控制器:\app\Controller\indexController [] []
[2018-03-27 18:39:06] Rookie-Framework.INFO: 访问方法:index [] []
[2018-03-27 18:39:06] Rookie-Framework.INFO: 解析模板文件--/wwwroot/daohang/app/viewindex.index [] []
[2018-03-27 18:39:06] Rookie-Framework.INFO: 访问控制器:\app\Controller\ApiController [] []
[2018-03-27 18:39:06] Rookie-Framework.INFO: 访问方法:getSource [] []
[2018-03-27 18:39:06] Rookie-Framework.INFO: 访问控制器:\app\Controller\favicon.icoController [] []
[2018-03-27 18:39:06] Rookie-Framework.INFO: 访问方法:index [] []
[2018-03-27 18:39:06] Rookie-Framework.DEBUG: 找不到控制器favicon.ico;文件地址：/wwwroot/daohang/app/Controller/favicon.icoController.php文件是否存在:0 [] []
