[2018-03-27 16:00:53] Rookie-Framework.INFO: 访问控制器:\app\Controller\ApiController [] []
[2018-03-27 16:00:53] Rookie-Framework.INFO: 访问方法:isEmailUrl [] []
[2018-03-27 16:01:02] Rookie-Framework.INFO: 访问控制器:\app\Controller\ApiController [] []
[2018-03-27 16:01:02] Rookie-Framework.INFO: 访问方法:updateUrl [] []
[2018-03-27 16:01:47] Rookie-Framework.INFO: 访问控制器:\app\Controller\ApiController [] []
[2018-03-27 16:01:47] Rookie-Framework.INFO: 访问方法:updateUrl [] []
[2018-03-27 16:01:56] Rookie-Framework.INFO: 访问控制器:\app\Controller\ApiController [] []
[2018-03-27 16:01:56] Rookie-Framework.INFO: 访问方法:updateUrl [] []
[2018-03-27 16:09:10] Rookie-Framework.INFO: 访问控制器:\app\Controller\ApiController [] []
[2018-03-27 16:09:10] Rookie-Framework.INFO: 访问方法:updateUrl [] []
[2018-03-27 16:09:39] Rookie-Framework.INFO: 访问控制器:\app\Controller\indexController [] []
[2018-03-27 16:09:39] Rookie-Framework.INFO: 访问方法:updateUrl [] []
[2018-03-27 16:09:39] Rookie-Framework.INFO: 解析模板文件--/wwwroot/daohang/app/viewindex.updateurl [] []
[2018-03-27 16:09:40] Rookie-Framework.INFO: 访问控制器:\app\Controller\favicon.icoController [] []
[2018-03-27 16:09:40] Rookie-Framework.INFO: 访问方法:index [] []
[2018-03-27 16:09:40] Rookie-Framework.DEBUG: 找不到控制器favicon.ico;文件地址：/wwwroot/daohang/app/Controller/favicon.icoController.php文件是否存在:0 [] []
[2018-03-27 16:09:47] Rookie-Framework.INFO: 访问控制器:\app\Controller\ApiController [] []
[2018-03-27 16:09:47] Rookie-Framework.INFO: 访问方法:isEmailUrl [] []
[2018-03-27 16:09:55] Rookie-Framework.INFO: 访问控制器:\app\Controller\ApiController [] []
[2018-03-27 16:09:55] Rookie-Framework.INFO: 访问方法:updateUrl [] []
[2018-03-27 16:10:25] Rookie-Framework.INFO: 访问控制器:\app\Controller\indexController [] []
[2018-03-27 16:10:25] Rookie-Framework.INFO: 访问方法:updateUrl [] []
[2018-03-27 16:10:25] Rookie-Framework.INFO: 解析模板文件--/wwwroot/daohang/app/viewindex.updateurl [] []
[2018-03-27 16:10:26] Rookie-Framework.INFO: 访问控制器:\app\Controller\favicon.icoController [] []
[2018-03-27 16:10:26] Rookie-Framework.INFO: 访问方法:index [] []
[2018-03-27 16:10:26] Rookie-Framework.DEBUG: 找不到控制器favicon.ico;文件地址：/wwwroot/daohang/app/Controller/favicon.icoController.php文件是否存在:0 [] []
[2018-03-27 16:10:32] Rookie-Framework.INFO: 访问控制器:\app\Controller\ApiController [] []
[2018-03-27 16:10:32] Rookie-Framework.INFO: 访问方法:isEmailUrl [] []
[2018-03-27 16:11:34] Rookie-Framework.INFO: 访问控制器:\app\Controller\ApiController [] []
[2018-03-27 16:11:34] Rookie-Framework.INFO: 访问方法:isEmailUrl [] []
[2018-03-27 16:12:44] Rookie-Framework.INFO: 访问控制器:\app\Controller\ApiController [] []
[2018-03-27 16:12:44] Rookie-Framework.INFO: 访问方法:isEmailUrl [] []
[2018-03-27 16:12:56] Rookie-Framework.INFO: 访问控制器:\app\Controller\ApiController [] []
[2018-03-27 16:12:56] Rookie-Framework.INFO: 访问方法:updateUrl [] []
[2018-03-27 16:13:10] Rookie-Framework.INFO: 访问控制器:\app\Controller\ApiController [] []
[2018-03-27 16:13:10] Rookie-Framework.INFO: 访问方法:updateUrl [] []
[2018-03-27 16:14:14] Rookie-Framework.INFO: 访问控制器:\app\Controller\ApiController [] []
[2018-03-27 16:14:14] Rookie-Framework.INFO: 访问方法:updateUrl [] []
[2018-03-27 16:14:55] Rookie-Framework.INFO: 访问控制器:\app\Controller\ApiController [] []
[2018-03-27 16:14:55] Rookie-Framework.INFO: 访问方法:updateUrl [] []
[2018-03-27 16:15:02] Rookie-Framework.INFO: 访问控制器:\app\Controller\ApiController [] []
[2018-03-27 16:15:02] Rookie-Framework.INFO: 访问方法:updateUrl [] []
[2018-03-27 16:17:20] Rookie-Framework.INFO: 访问控制器:\app\Controller\indexController [] []
[2018-03-27 16:17:20] Rookie-Framework.INFO: 访问方法:updateUrl [] []
[2018-03-27 16:17:21] Rookie-Framework.INFO: 解析模板文件--/wwwroot/daohang/app/viewindex.updateurl [] []
[2018-03-27 16:17:21] Rookie-Framework.INFO: 访问控制器:\app\Controller\favicon.icoController [] []
[2018-03-27 16:17:21] Rookie-Framework.INFO: 访问方法:index [] []
[2018-03-27 16:17:21] Rookie-Framework.DEBUG: 找不到控制器favicon.ico;文件地址：/wwwroot/daohang/app/Controller/favicon.icoController.php文件是否存在:0 [] []
[2018-03-27 16:17:30] Rookie-Framework.INFO: 访问控制器:\app\Controller\ApiController [] []
[2018-03-27 16:17:30] Rookie-Framework.INFO: 访问方法:isEmailUrl [] []
[2018-03-27 16:17:34] Rookie-Framework.INFO: 访问控制器:\app\Controller\ApiController [] []
[2018-03-27 16:17:34] Rookie-Framework.INFO: 访问方法:updateUrl [] []
[2018-03-27 16:17:39] Rookie-Framework.INFO: 访问控制器:\app\Controller\ApiController [] []
[2018-03-27 16:17:39] Rookie-Framework.INFO: 访问方法:isEmailUrl [] []
[2018-03-27 16:18:13] Rookie-Framework.INFO: 访问控制器:\app\Controller\indexController [] []
[2018-03-27 16:18:13] Rookie-Framework.INFO: 访问方法:updateUrl [] []
[2018-03-27 16:18:13] Rookie-Framework.INFO: 解析模板文件--/wwwroot/daohang/app/viewindex.updateurl [] []
[2018-03-27 16:18:14] Rookie-Framework.INFO: 访问控制器:\app\Controller\favicon.icoController [] []
[2018-03-27 16:18:14] Rookie-Framework.INFO: 访问方法:index [] []
[2018-03-27 16:18:14] Rookie-Framework.DEBUG: 找不到控制器favicon.ico;文件地址：/wwwroot/daohang/app/Controller/favicon.icoController.php文件是否存在:0 [] []
[2018-03-27 16:18:19] Rookie-Framework.INFO: 访问控制器:\app\Controller\ApiController [] []
[2018-03-27 16:18:19] Rookie-Framework.INFO: 访问方法:isEmailUrl [] []
[2018-03-27 16:20:49] Rookie-Framework.INFO: 访问控制器:\app\Controller\indexController [] []
[2018-03-27 16:20:49] Rookie-Framework.INFO: 访问方法:adminLoginPage [] []
[2018-03-27 16:20:49] Rookie-Framework.INFO: 解析模板文件--/wwwroot/daohang/app/viewadmin.login [] []
[2018-03-27 16:20:50] Rookie-Framework.INFO: 访问控制器:\app\Controller\favicon.icoController [] []
[2018-03-27 16:20:50] Rookie-Framework.INFO: 访问方法:index [] []
[2018-03-27 16:20:50] Rookie-Framework.DEBUG: 找不到控制器favicon.ico;文件地址：/wwwroot/daohang/app/Controller/favicon.icoController.php文件是否存在:0 [] []
[2018-03-27 16:20:55] Rookie-Framework.INFO: 访问控制器:\app\Controller\indexController [] []
[2018-03-27 16:20:55] Rookie-Framework.INFO: 访问方法:pushLogin [] []
[2018-03-27 16:20:55] Rookie-Framework.INFO: 访问控制器:\app\Controller\submerController [] []
[2018-03-27 16:20:55] Rookie-Framework.INFO: 访问方法:index [] []
[2018-03-27 16:20:55] Rookie-Framework.INFO: 解析模板文件--/wwwroot/daohang/app/viewadmin.index [] []
[2018-03-27 16:20:55] Rookie-Framework.INFO: 访问控制器:\app\Controller\submerController [] []
[2018-03-27 16:20:55] Rookie-Framework.INFO: 访问方法:welcome [] []
[2018-03-27 16:20:55] Rookie-Framework.INFO: 解析模板文件--/wwwroot/daohang/app/viewadmin.welcome [] []
[2018-03-27 16:20:56] Rookie-Framework.INFO: 访问控制器:\app\Controller\favicon.icoController [] []
[2018-03-27 16:20:56] Rookie-Framework.INFO: 访问方法:index [] []
[2018-03-27 16:20:56] Rookie-Framework.DEBUG: 找不到控制器favicon.ico;文件地址：/wwwroot/daohang/app/Controller/favicon.icoController.php文件是否存在:0 [] []
[2018-03-27 16:23:03] Rookie-Framework.INFO: 访问控制器:\app\Controller\submerController [] []
[2018-03-27 16:23:03] Rookie-Framework.INFO: 访问方法:index [] []
[2018-03-27 16:23:03] Rookie-Framework.INFO: 解析模板文件--/wwwroot/daohang/app/viewadmin.index [] []
[2018-03-27 16:23:03] Rookie-Framework.INFO: 访问控制器:\app\Controller\submerController [] []
[2018-03-27 16:23:03] Rookie-Framework.INFO: 访问方法:welcome [] []
[2018-03-27 16:23:03] Rookie-Framework.INFO: 解析模板文件--/wwwroot/daohang/app/viewadmin.welcome [] []
[2018-03-27 16:23:04] Rookie-Framework.INFO: 访问控制器:\app\Controller\favicon.icoController [] []
[2018-03-27 16:23:04] Rookie-Framework.INFO: 访问方法:index [] []
[2018-03-27 16:23:04] Rookie-Framework.DEBUG: 找不到控制器favicon.ico;文件地址：/wwwroot/daohang/app/Controller/favicon.icoController.php文件是否存在:0 [] []
[2018-03-27 16:24:30] Rookie-Framework.INFO: 访问控制器:\app\Controller\submerApiController [] []
[2018-03-27 16:24:30] Rookie-Framework.INFO: 访问方法:createHtml [] []
[2018-03-27 16:24:31] Rookie-Framework.INFO: 访问控制器:\app\Controller\favicon.icoController [] []
[2018-03-27 16:24:31] Rookie-Framework.INFO: 访问方法:index [] []
[2018-03-27 16:24:31] Rookie-Framework.DEBUG: 找不到控制器favicon.ico;文件地址：/wwwroot/daohang/app/Controller/favicon.icoController.php文件是否存在:0 [] []
[2018-03-27 16:25:02] Rookie-Framework.INFO: 访问控制器:\app\Controller\submerApiController [] []
[2018-03-27 16:25:02] Rookie-Framework.INFO: 访问方法:createHtml [] []
[2018-03-27 16:25:03] Rookie-Framework.INFO: 访问控制器:\app\Controller\favicon.icoController [] []
[2018-03-27 16:25:03] Rookie-Framework.INFO: 访问方法:index [] []
[2018-03-27 16:25:03] Rookie-Framework.DEBUG: 找不到控制器favicon.ico;文件地址：/wwwroot/daohang/app/Controller/favicon.icoController.php文件是否存在:0 [] []
[2018-03-27 16:27:38] Rookie-Framework.INFO: 访问控制器:\app\Controller\submerApiController [] []
[2018-03-27 16:27:38] Rookie-Framework.INFO: 访问方法:createHtml [] []
[2018-03-27 16:27:38] Rookie-Framework.INFO: 访问控制器:\app\Controller\favicon.icoController [] []
[2018-03-27 16:27:38] Rookie-Framework.INFO: 访问方法:index [] []
[2018-03-27 16:27:38] Rookie-Framework.DEBUG: 找不到控制器favicon.ico;文件地址：/wwwroot/daohang/app/Controller/favicon.icoController.php文件是否存在:0 [] []
[2018-03-27 16:27:44] Rookie-Framework.INFO: 访问控制器:\app\Controller\indexController [] []
[2018-03-27 16:27:44] Rookie-Framework.INFO: 访问方法:createindex [] []
[2018-03-27 16:27:44] Rookie-Framework.INFO: 解析模板文件--/wwwroot/daohang/app/viewindex.index [] []
[2018-03-27 16:27:45] Rookie-Framework.INFO: 访问控制器:\app\Controller\favicon.icoController [] []
[2018-03-27 16:27:45] Rookie-Framework.INFO: 访问方法:index [] []
[2018-03-27 16:27:45] Rookie-Framework.DEBUG: 找不到控制器favicon.ico;文件地址：/wwwroot/daohang/app/Controller/favicon.icoController.php文件是否存在:0 [] []
[2018-03-27 16:30:03] Rookie-Framework.INFO: 访问控制器:\app\Controller\submerApiController [] []
[2018-03-27 16:30:03] Rookie-Framework.INFO: 访问方法:createHtml [] []
[2018-03-27 16:30:14] Rookie-Framework.INFO: 访问控制器:\app\Controller\favicon.icoController [] []
[2018-03-27 16:30:14] Rookie-Framework.INFO: 访问方法:index [] []
[2018-03-27 16:30:14] Rookie-Framework.DEBUG: 找不到控制器favicon.ico;文件地址：/wwwroot/daohang/app/Controller/favicon.icoController.php文件是否存在:0 [] []
[2018-03-27 16:31:39] Rookie-Framework.INFO: 访问控制器:\app\Controller\submerApiController [] []
[2018-03-27 16:31:39] Rookie-Framework.INFO: 访问方法:createHtml [] []
[2018-03-27 16:31:49] Rookie-Framework.INFO: 访问控制器:\app\Controller\favicon.icoController [] []
[2018-03-27 16:31:49] Rookie-Framework.INFO: 访问方法:index [] []
[2018-03-27 16:31:49] Rookie-Framework.DEBUG: 找不到控制器favicon.ico;文件地址：/wwwroot/daohang/app/Controller/favicon.icoController.php文件是否存在:0 [] []
[2018-03-27 16:32:07] Rookie-Framework.INFO: 访问控制器:\app\Controller\submerApiController [] []
[2018-03-27 16:32:07] Rookie-Framework.INFO: 访问方法:createHtml [] []
[2018-03-27 16:32:17] Rookie-Framework.INFO: 访问控制器:\app\Controller\favicon.icoController [] []
[2018-03-27 16:32:17] Rookie-Framework.INFO: 访问方法:index [] []
[2018-03-27 16:32:17] Rookie-Framework.DEBUG: 找不到控制器favicon.ico;文件地址：/wwwroot/daohang/app/Controller/favicon.icoController.php文件是否存在:0 [] []
[2018-03-27 16:48:15] Rookie-Framework.INFO: 访问控制器:\app\Controller\submerController [] []
[2018-03-27 16:48:15] Rookie-Framework.INFO: 访问方法:index [] []
[2018-03-27 16:48:15] Rookie-Framework.INFO: 解析模板文件--/wwwroot/daohang/app/viewadmin.index [] []
[2018-03-27 16:48:15] Rookie-Framework.INFO: 访问控制器:\app\Controller\submerController [] []
[2018-03-27 16:48:15] Rookie-Framework.INFO: 访问方法:welcome [] []
[2018-03-27 16:48:15] Rookie-Framework.INFO: 解析模板文件--/wwwroot/daohang/app/viewadmin.welcome [] []
[2018-03-27 16:48:16] Rookie-Framework.INFO: 访问控制器:\app\Controller\favicon.icoController [] []
[2018-03-27 16:48:16] Rookie-Framework.INFO: 访问方法:index [] []
[2018-03-27 16:48:16] Rookie-Framework.DEBUG: 找不到控制器favicon.ico;文件地址：/wwwroot/daohang/app/Controller/favicon.icoController.php文件是否存在:0 [] []
[2018-03-27 16:48:17] Rookie-Framework.INFO: 访问控制器:\app\Controller\submerApiController [] []
[2018-03-27 16:48:17] Rookie-Framework.INFO: 访问方法:createHtml?name=John&time=2pm [] []
[2018-03-27 16:49:50] Rookie-Framework.INFO: 访问控制器:\app\Controller\submerController [] []
[2018-03-27 16:49:50] Rookie-Framework.INFO: 访问方法:index [] []
[2018-03-27 16:49:50] Rookie-Framework.INFO: 解析模板文件--/wwwroot/daohang/app/viewadmin.index [] []
[2018-03-27 16:49:50] Rookie-Framework.INFO: 访问控制器:\app\Controller\submerController [] []
[2018-03-27 16:49:50] Rookie-Framework.INFO: 访问方法:welcome [] []
[2018-03-27 16:49:50] Rookie-Framework.INFO: 解析模板文件--/wwwroot/daohang/app/viewadmin.welcome [] []
[2018-03-27 16:49:51] Rookie-Framework.INFO: 访问控制器:\app\Controller\favicon.icoController [] []
[2018-03-27 16:49:51] Rookie-Framework.INFO: 访问方法:index [] []
[2018-03-27 16:49:51] Rookie-Framework.DEBUG: 找不到控制器favicon.ico;文件地址：/wwwroot/daohang/app/Controller/favicon.icoController.php文件是否存在:0 [] []
[2018-03-27 16:49:53] Rookie-Framework.INFO: 访问控制器:\app\Controller\submerApiController [] []
[2018-03-27 16:49:53] Rookie-Framework.INFO: 访问方法:createHtml?name=John&time=2pm [] []
