[2018-03-27 15:01:25] Rookie-Framework.INFO: 访问控制器:\app\Controller\ApiController [] []
[2018-03-27 15:01:25] Rookie-Framework.INFO: 访问方法:isEmailUrl [] []
[2018-03-27 15:06:11] Rookie-Framework.INFO: 访问控制器:\app\Controller\indexController [] []
[2018-03-27 15:06:11] Rookie-Framework.INFO: 访问方法:updateUrl [] []
[2018-03-27 15:06:11] Rookie-Framework.INFO: 解析模板文件--/wwwroot/daohang/app/viewindex.updateurl [] []
[2018-03-27 15:06:12] Rookie-Framework.INFO: 访问控制器:\app\Controller\favicon.icoController [] []
[2018-03-27 15:06:12] Rookie-Framework.INFO: 访问方法:index [] []
[2018-03-27 15:06:12] Rookie-Framework.DEBUG: 找不到控制器favicon.ico;文件地址：/wwwroot/daohang/app/Controller/favicon.icoController.php文件是否存在:0 [] []
[2018-03-27 15:06:18] Rookie-Framework.INFO: 访问控制器:\app\Controller\ApiController [] []
[2018-03-27 15:06:18] Rookie-Framework.INFO: 访问方法:isEmailUrl [] []
[2018-03-27 15:07:35] Rookie-Framework.INFO: 访问控制器:\app\Controller\indexController [] []
[2018-03-27 15:07:35] Rookie-Framework.INFO: 访问方法:updateUrl [] []
[2018-03-27 15:07:35] Rookie-Framework.INFO: 解析模板文件--/wwwroot/daohang/app/viewindex.updateurl [] []
[2018-03-27 15:07:36] Rookie-Framework.INFO: 访问控制器:\app\Controller\favicon.icoController [] []
[2018-03-27 15:07:36] Rookie-Framework.INFO: 访问方法:index [] []
[2018-03-27 15:07:36] Rookie-Framework.DEBUG: 找不到控制器favicon.ico;文件地址：/wwwroot/daohang/app/Controller/favicon.icoController.php文件是否存在:0 [] []
[2018-03-27 15:07:44] Rookie-Framework.INFO: 访问控制器:\app\Controller\ApiController [] []
[2018-03-27 15:07:44] Rookie-Framework.INFO: 访问方法:isEmailUrl [] []
[2018-03-27 15:08:06] Rookie-Framework.INFO: 访问控制器:\app\Controller\indexController [] []
[2018-03-27 15:08:06] Rookie-Framework.INFO: 访问方法:updateUrl [] []
[2018-03-27 15:08:06] Rookie-Framework.INFO: 解析模板文件--/wwwroot/daohang/app/viewindex.updateurl [] []
[2018-03-27 15:08:07] Rookie-Framework.INFO: 访问控制器:\app\Controller\favicon.icoController [] []
[2018-03-27 15:08:07] Rookie-Framework.INFO: 访问方法:index [] []
[2018-03-27 15:08:07] Rookie-Framework.DEBUG: 找不到控制器favicon.ico;文件地址：/wwwroot/daohang/app/Controller/favicon.icoController.php文件是否存在:0 [] []
[2018-03-27 15:08:12] Rookie-Framework.INFO: 访问控制器:\app\Controller\ApiController [] []
[2018-03-27 15:08:12] Rookie-Framework.INFO: 访问方法:isEmailUrl [] []
[2018-03-27 15:08:34] Rookie-Framework.INFO: 访问控制器:\app\Controller\indexController [] []
[2018-03-27 15:08:34] Rookie-Framework.INFO: 访问方法:updateUrl [] []
[2018-03-27 15:08:34] Rookie-Framework.INFO: 解析模板文件--/wwwroot/daohang/app/viewindex.updateurl [] []
[2018-03-27 15:08:35] Rookie-Framework.INFO: 访问控制器:\app\Controller\favicon.icoController [] []
[2018-03-27 15:08:35] Rookie-Framework.INFO: 访问方法:index [] []
[2018-03-27 15:08:35] Rookie-Framework.DEBUG: 找不到控制器favicon.ico;文件地址：/wwwroot/daohang/app/Controller/favicon.icoController.php文件是否存在:0 [] []
[2018-03-27 15:08:37] Rookie-Framework.INFO: 访问控制器:\app\Controller\indexController [] []
[2018-03-27 15:08:37] Rookie-Framework.INFO: 访问方法:updateUrl [] []
[2018-03-27 15:08:37] Rookie-Framework.INFO: 解析模板文件--/wwwroot/daohang/app/viewindex.updateurl [] []
[2018-03-27 15:08:37] Rookie-Framework.INFO: 访问控制器:\app\Controller\indexController [] []
[2018-03-27 15:08:37] Rookie-Framework.INFO: 访问方法:updateUrl [] []
[2018-03-27 15:08:37] Rookie-Framework.INFO: 解析模板文件--/wwwroot/daohang/app/viewindex.updateurl [] []
[2018-03-27 15:08:38] Rookie-Framework.INFO: 访问控制器:\app\Controller\favicon.icoController [] []
[2018-03-27 15:08:38] Rookie-Framework.INFO: 访问方法:index [] []
[2018-03-27 15:08:38] Rookie-Framework.DEBUG: 找不到控制器favicon.ico;文件地址：/wwwroot/daohang/app/Controller/favicon.icoController.php文件是否存在:0 [] []
[2018-03-27 15:08:45] Rookie-Framework.INFO: 访问控制器:\app\Controller\ApiController [] []
[2018-03-27 15:08:45] Rookie-Framework.INFO: 访问方法:isEmailUrl [] []
[2018-03-27 15:08:48] Rookie-Framework.INFO: 访问控制器:\app\Controller\ApiController [] []
[2018-03-27 15:08:48] Rookie-Framework.INFO: 访问方法:isEmailUrl [] []
[2018-03-27 15:43:43] Rookie-Framework.INFO: 访问控制器:\app\Controller\indexController [] []
[2018-03-27 15:43:43] Rookie-Framework.INFO: 访问方法:updateUrl [] []
[2018-03-27 15:43:43] Rookie-Framework.INFO: 解析模板文件--/wwwroot/daohang/app/viewindex.updateurl [] []
[2018-03-27 15:43:43] Rookie-Framework.INFO: 访问控制器:\app\Controller\favicon.icoController [] []
[2018-03-27 15:43:43] Rookie-Framework.INFO: 访问方法:index [] []
[2018-03-27 15:43:43] Rookie-Framework.DEBUG: 找不到控制器favicon.ico;文件地址：/wwwroot/daohang/app/Controller/favicon.icoController.php文件是否存在:0 [] []
[2018-03-27 15:43:55] Rookie-Framework.INFO: 访问控制器:\app\Controller\indexController [] []
[2018-03-27 15:43:55] Rookie-Framework.INFO: 访问方法:updateUrl [] []
[2018-03-27 15:43:55] Rookie-Framework.INFO: 解析模板文件--/wwwroot/daohang/app/viewindex.updateurl [] []
[2018-03-27 15:43:55] Rookie-Framework.INFO: 访问控制器:\app\Controller\favicon.icoController [] []
[2018-03-27 15:43:55] Rookie-Framework.INFO: 访问方法:index [] []
[2018-03-27 15:43:55] Rookie-Framework.DEBUG: 找不到控制器favicon.ico;文件地址：/wwwroot/daohang/app/Controller/favicon.icoController.php文件是否存在:0 [] []
[2018-03-27 15:43:57] Rookie-Framework.INFO: 访问控制器:\app\Controller\indexController [] []
[2018-03-27 15:43:57] Rookie-Framework.INFO: 访问方法:updateUrl [] []
[2018-03-27 15:43:57] Rookie-Framework.INFO: 解析模板文件--/wwwroot/daohang/app/viewindex.updateurl [] []
[2018-03-27 15:43:58] Rookie-Framework.INFO: 访问控制器:\app\Controller\favicon.icoController [] []
[2018-03-27 15:43:58] Rookie-Framework.INFO: 访问方法:index [] []
[2018-03-27 15:43:58] Rookie-Framework.DEBUG: 找不到控制器favicon.ico;文件地址：/wwwroot/daohang/app/Controller/favicon.icoController.php文件是否存在:0 [] []
[2018-03-27 15:43:59] Rookie-Framework.INFO: 访问控制器:\app\Controller\indexController [] []
[2018-03-27 15:43:59] Rookie-Framework.INFO: 访问方法:updateUrl [] []
[2018-03-27 15:43:59] Rookie-Framework.INFO: 解析模板文件--/wwwroot/daohang/app/viewindex.updateurl [] []
[2018-03-27 15:44:00] Rookie-Framework.INFO: 访问控制器:\app\Controller\favicon.icoController [] []
[2018-03-27 15:44:00] Rookie-Framework.INFO: 访问方法:index [] []
[2018-03-27 15:44:00] Rookie-Framework.DEBUG: 找不到控制器favicon.ico;文件地址：/wwwroot/daohang/app/Controller/favicon.icoController.php文件是否存在:0 [] []
[2018-03-27 15:44:01] Rookie-Framework.INFO: 访问控制器:\app\Controller\indexController [] []
[2018-03-27 15:44:01] Rookie-Framework.INFO: 访问方法:updateUrl [] []
[2018-03-27 15:44:01] Rookie-Framework.INFO: 解析模板文件--/wwwroot/daohang/app/viewindex.updateurl [] []
[2018-03-27 15:44:02] Rookie-Framework.INFO: 访问控制器:\app\Controller\favicon.icoController [] []
[2018-03-27 15:44:02] Rookie-Framework.INFO: 访问方法:index [] []
[2018-03-27 15:44:02] Rookie-Framework.DEBUG: 找不到控制器favicon.ico;文件地址：/wwwroot/daohang/app/Controller/favicon.icoController.php文件是否存在:0 [] []
[2018-03-27 15:44:03] Rookie-Framework.INFO: 访问控制器:\app\Controller\indexController [] []
[2018-03-27 15:44:03] Rookie-Framework.INFO: 访问方法:updateUrl [] []
[2018-03-27 15:44:03] Rookie-Framework.INFO: 解析模板文件--/wwwroot/daohang/app/viewindex.updateurl [] []
[2018-03-27 15:44:03] Rookie-Framework.INFO: 访问控制器:\app\Controller\favicon.icoController [] []
[2018-03-27 15:44:03] Rookie-Framework.INFO: 访问方法:index [] []
[2018-03-27 15:44:03] Rookie-Framework.DEBUG: 找不到控制器favicon.ico;文件地址：/wwwroot/daohang/app/Controller/favicon.icoController.php文件是否存在:0 [] []
[2018-03-27 15:44:04] Rookie-Framework.INFO: 访问控制器:\app\Controller\indexController [] []
[2018-03-27 15:44:04] Rookie-Framework.INFO: 访问方法:updateUrl [] []
[2018-03-27 15:44:04] Rookie-Framework.INFO: 解析模板文件--/wwwroot/daohang/app/viewindex.updateurl [] []
[2018-03-27 15:44:04] Rookie-Framework.INFO: 访问控制器:\app\Controller\favicon.icoController [] []
[2018-03-27 15:44:04] Rookie-Framework.INFO: 访问方法:index [] []
[2018-03-27 15:44:04] Rookie-Framework.DEBUG: 找不到控制器favicon.ico;文件地址：/wwwroot/daohang/app/Controller/favicon.icoController.php文件是否存在:0 [] []
[2018-03-27 15:44:05] Rookie-Framework.INFO: 访问控制器:\app\Controller\indexController [] []
[2018-03-27 15:44:05] Rookie-Framework.INFO: 访问方法:updateUrl [] []
[2018-03-27 15:44:05] Rookie-Framework.INFO: 解析模板文件--/wwwroot/daohang/app/viewindex.updateurl [] []
[2018-03-27 15:44:06] Rookie-Framework.INFO: 访问控制器:\app\Controller\favicon.icoController [] []
[2018-03-27 15:44:06] Rookie-Framework.INFO: 访问方法:index [] []
[2018-03-27 15:44:06] Rookie-Framework.DEBUG: 找不到控制器favicon.ico;文件地址：/wwwroot/daohang/app/Controller/favicon.icoController.php文件是否存在:0 [] []
[2018-03-27 15:44:06] Rookie-Framework.INFO: 访问控制器:\app\Controller\indexController [] []
[2018-03-27 15:44:06] Rookie-Framework.INFO: 访问方法:updateUrl [] []
[2018-03-27 15:44:06] Rookie-Framework.INFO: 解析模板文件--/wwwroot/daohang/app/viewindex.updateurl [] []
[2018-03-27 15:44:06] Rookie-Framework.INFO: 访问控制器:\app\Controller\favicon.icoController [] []
[2018-03-27 15:44:06] Rookie-Framework.INFO: 访问方法:index [] []
[2018-03-27 15:44:06] Rookie-Framework.DEBUG: 找不到控制器favicon.ico;文件地址：/wwwroot/daohang/app/Controller/favicon.icoController.php文件是否存在:0 [] []
[2018-03-27 15:44:07] Rookie-Framework.INFO: 访问控制器:\app\Controller\indexController [] []
[2018-03-27 15:44:07] Rookie-Framework.INFO: 访问方法:updateUrl [] []
[2018-03-27 15:44:07] Rookie-Framework.INFO: 解析模板文件--/wwwroot/daohang/app/viewindex.updateurl [] []
[2018-03-27 15:44:08] Rookie-Framework.INFO: 访问控制器:\app\Controller\favicon.icoController [] []
[2018-03-27 15:44:08] Rookie-Framework.INFO: 访问方法:index [] []
[2018-03-27 15:44:08] Rookie-Framework.DEBUG: 找不到控制器favicon.ico;文件地址：/wwwroot/daohang/app/Controller/favicon.icoController.php文件是否存在:0 [] []
[2018-03-27 15:44:10] Rookie-Framework.INFO: 访问控制器:\app\Controller\indexController [] []
[2018-03-27 15:44:10] Rookie-Framework.INFO: 访问方法:updateUrl [] []
[2018-03-27 15:44:10] Rookie-Framework.INFO: 解析模板文件--/wwwroot/daohang/app/viewindex.updateurl [] []
[2018-03-27 15:44:11] Rookie-Framework.INFO: 访问控制器:\app\Controller\favicon.icoController [] []
[2018-03-27 15:44:11] Rookie-Framework.INFO: 访问方法:index [] []
[2018-03-27 15:44:11] Rookie-Framework.DEBUG: 找不到控制器favicon.ico;文件地址：/wwwroot/daohang/app/Controller/favicon.icoController.php文件是否存在:0 [] []
[2018-03-27 15:44:22] Rookie-Framework.INFO: 访问控制器:\app\Controller\indexController [] []
[2018-03-27 15:44:22] Rookie-Framework.INFO: 访问方法:updateUrl [] []
[2018-03-27 15:44:22] Rookie-Framework.INFO: 解析模板文件--/wwwroot/daohang/app/viewindex.updateurl [] []
[2018-03-27 15:44:23] Rookie-Framework.INFO: 访问控制器:\app\Controller\favicon.icoController [] []
[2018-03-27 15:44:23] Rookie-Framework.INFO: 访问方法:index [] []
[2018-03-27 15:44:23] Rookie-Framework.DEBUG: 找不到控制器favicon.ico;文件地址：/wwwroot/daohang/app/Controller/favicon.icoController.php文件是否存在:0 [] []
[2018-03-27 15:44:23] Rookie-Framework.INFO: 访问控制器:\app\Controller\indexController [] []
[2018-03-27 15:44:23] Rookie-Framework.INFO: 访问方法:updateUrl [] []
[2018-03-27 15:44:23] Rookie-Framework.INFO: 解析模板文件--/wwwroot/daohang/app/viewindex.updateurl [] []
[2018-03-27 15:44:23] Rookie-Framework.INFO: 访问控制器:\app\Controller\indexController [] []
[2018-03-27 15:44:23] Rookie-Framework.INFO: 访问方法:updateUrl [] []
[2018-03-27 15:44:23] Rookie-Framework.INFO: 解析模板文件--/wwwroot/daohang/app/viewindex.updateurl [] []
[2018-03-27 15:44:24] Rookie-Framework.INFO: 访问控制器:\app\Controller\favicon.icoController [] []
[2018-03-27 15:44:24] Rookie-Framework.INFO: 访问方法:index [] []
[2018-03-27 15:44:24] Rookie-Framework.DEBUG: 找不到控制器favicon.ico;文件地址：/wwwroot/daohang/app/Controller/favicon.icoController.php文件是否存在:0 [] []
[2018-03-27 15:44:29] Rookie-Framework.INFO: 访问控制器:\app\Controller\ApiController [] []
[2018-03-27 15:44:29] Rookie-Framework.INFO: 访问方法:isEmailUrl [] []
[2018-03-27 15:45:05] Rookie-Framework.INFO: 访问控制器:\app\Controller\indexController [] []
[2018-03-27 15:45:05] Rookie-Framework.INFO: 访问方法:updateUrl [] []
[2018-03-27 15:45:05] Rookie-Framework.INFO: 解析模板文件--/wwwroot/daohang/app/viewindex.updateurl [] []
[2018-03-27 15:45:06] Rookie-Framework.INFO: 访问控制器:\app\Controller\favicon.icoController [] []
[2018-03-27 15:45:06] Rookie-Framework.INFO: 访问方法:index [] []
[2018-03-27 15:45:06] Rookie-Framework.DEBUG: 找不到控制器favicon.ico;文件地址：/wwwroot/daohang/app/Controller/favicon.icoController.php文件是否存在:0 [] []
[2018-03-27 15:45:11] Rookie-Framework.INFO: 访问控制器:\app\Controller\ApiController [] []
[2018-03-27 15:45:11] Rookie-Framework.INFO: 访问方法:isEmailUrl [] []
